# JRE version: OpenJDK Runtime Environment (17.0.10) (build 17.0.10+0--11572160)
# Java VM: OpenJDK 64-Bit Server VM (17.0.10+0--11572160, mixed mode, tiered, compressed oops, compressed class ptrs, g1 gc, windows-amd64)
GC Precious Log:
 CPUs: 16 total, 16 available
 Memory: 14188M
 Large Page Support: Disabled
 NUMA Support: Disabled
 Compressed Oops: Enabled (32-bit)
 Heap Region Size: 1M
 Heap Min Capacity: 8M
 Heap Initial Capacity: 222M
 Heap Max Capacity: 2G
 Pre-touch: Disabled
 Parallel Workers: 13
 Concurrent Workers: 3
 Concurrent Refinement Workers: 13
 Periodic GC: Disabled
Heap:
 garbage-first heap   total 183296K, used 103292K [0x0000000080000000, 0x0000000100000000)
  region size 1024K, 24 young (24576K), 7 survivors (7168K)
 Metaspace       used 94472K, committed 95168K, reserved 1179648K
  class space    used 13247K, committed 13568K, reserved 1048576K
GC Heap History (20 events):
Event: 14.351 GC heap before
{Heap before GC invocations=32 (full 0):
 garbage-first heap   total 152576K, used 113690K [0x0000000080000000, 0x0000000100000000)
  region size 1024K, 46 young (47104K), 6 survivors (6144K)
 Metaspace       used 70450K, committed 71168K, reserved 1114112K
  class space    used 9600K, committed 9920K, reserved 1048576K
}
Event: 14.356 GC heap after
{Heap after GC invocations=33 (full 0):
 garbage-first heap   total 152576K, used 71895K [0x0000000080000000, 0x0000000100000000)
  region size 1024K, 3 young (3072K), 3 survivors (3072K)
 Metaspace       used 70450K, committed 71168K, reserved 1114112K
  class space    used 9600K, committed 9920K, reserved 1048576K
}
Event: 14.685 GC heap before
{Heap before GC invocations=33 (full 0):
 garbage-first heap   total 152576K, used 89303K [0x0000000080000000, 0x0000000100000000)
  region size 1024K, 21 young (21504K), 3 survivors (3072K)
 Metaspace       used 71738K, committed 72384K, reserved 1114112K
  class space    used 9772K, committed 10048K, reserved 1048576K
}
Event: 14.688 GC heap after
{Heap after GC invocations=34 (full 0):
 garbage-first heap   total 152576K, used 72181K [0x0000000080000000, 0x0000000100000000)
  region size 1024K, 4 young (4096K), 4 survivors (4096K)
 Metaspace       used 71738K, committed 72384K, reserved 1114112K
  class space    used 9772K, committed 10048K, reserved 1048576K
}
Event: 15.484 GC heap before
{Heap before GC invocations=35 (full 0):
 garbage-first heap   total 152576K, used 117237K [0x0000000080000000, 0x0000000100000000)
  region size 1024K, 48 young (49152K), 4 survivors (4096K)
 Metaspace       used 75946K, committed 76544K, reserved 1179648K
  class space    used 10355K, committed 10624K, reserved 1048576K
}
Event: 15.492 GC heap after
{Heap after GC invocations=36 (full 0):
 garbage-first heap   total 152576K, used 76010K [0x0000000080000000, 0x0000000100000000)
  region size 1024K, 6 young (6144K), 6 survivors (6144K)
 Metaspace       used 75946K, committed 76544K, reserved 1179648K
  class space    used 10355K, committed 10624K, reserved 1048576K
}
Event: 15.501 GC heap before
{Heap before GC invocations=36 (full 0):
 garbage-first heap   total 152576K, used 77034K [0x0000000080000000, 0x0000000100000000)
  region size 1024K, 7 young (7168K), 6 survivors (6144K)
 Metaspace       used 75946K, committed 76544K, reserved 1179648K
  class space    used 10355K, committed 10624K, reserved 1048576K
}
Event: 15.506 GC heap after
{Heap after GC invocations=37 (full 0):
 garbage-first heap   total 152576K, used 76069K [0x0000000080000000, 0x0000000100000000)
  region size 1024K, 1 young (1024K), 1 survivors (1024K)
 Metaspace       used 75946K, committed 76544K, reserved 1179648K
  class space    used 10355K, committed 10624K, reserved 1048576K
}
Event: 16.240 GC heap before
{Heap before GC invocations=37 (full 0):
 garbage-first heap   total 152576K, used 119077K [0x0000000080000000, 0x0000000100000000)
  region size 1024K, 43 young (44032K), 1 survivors (1024K)
 Metaspace       used 78358K, committed 78976K, reserved 1179648K
  class space    used 10714K, committed 11008K, reserved 1048576K
}
Event: 16.244 GC heap after
{Heap after GC invocations=38 (full 0):
 garbage-first heap   total 152576K, used 78622K [0x0000000080000000, 0x0000000100000000)
  region size 1024K, 4 young (4096K), 4 survivors (4096K)
 Metaspace       used 78358K, committed 78976K, reserved 1179648K
  class space    used 10714K, committed 11008K, reserved 1048576K
}
Event: 17.072 GC heap before
{Heap before GC invocations=39 (full 0):
 garbage-first heap   total 152576K, used 120606K [0x0000000080000000, 0x0000000100000000)
  region size 1024K, 45 young (46080K), 4 survivors (4096K)
 Metaspace       used 81290K, committed 81920K, reserved 1179648K
  class space    used 11288K, committed 11584K, reserved 1048576K
}
Event: 17.076 GC heap after
{Heap after GC invocations=40 (full 0):
 garbage-first heap   total 152576K, used 79717K [0x0000000080000000, 0x0000000100000000)
  region size 1024K, 2 young (2048K), 2 survivors (2048K)
 Metaspace       used 81290K, committed 81920K, reserved 1179648K
  class space    used 11288K, committed 11584K, reserved 1048576K
}
Event: 17.181 GC heap before
{Heap before GC invocations=40 (full 0):
 garbage-first heap   total 152576K, used 84837K [0x0000000080000000, 0x0000000100000000)
  region size 1024K, 7 young (7168K), 2 survivors (2048K)
 Metaspace       used 81654K, committed 82304K, reserved 1179648K
  class space    used 11352K, committed 11648K, reserved 1048576K
}
Event: 17.184 GC heap after
{Heap after GC invocations=41 (full 0):
 garbage-first heap   total 152576K, used 78700K [0x0000000080000000, 0x0000000100000000)
  region size 1024K, 1 young (1024K), 1 survivors (1024K)
 Metaspace       used 81654K, committed 82304K, reserved 1179648K
  class space    used 11352K, committed 11648K, reserved 1048576K
}
Event: 18.026 GC heap before
{Heap before GC invocations=41 (full 0):
 garbage-first heap   total 152576K, used 122732K [0x0000000080000000, 0x0000000100000000)
  region size 1024K, 44 young (45056K), 1 survivors (1024K)
 Metaspace       used 84964K, committed 85568K, reserved 1179648K
  class space    used 11819K, committed 12096K, reserved 1048576K
}
Event: 18.030 GC heap after
{Heap after GC invocations=42 (full 0):
 garbage-first heap   total 152576K, used 81302K [0x0000000080000000, 0x0000000100000000)
  region size 1024K, 4 young (4096K), 4 survivors (4096K)
 Metaspace       used 84964K, committed 85568K, reserved 1179648K
  class space    used 11819K, committed 12096K, reserved 1048576K
}
Event: 18.835 GC heap before
{Heap before GC invocations=42 (full 0):
 garbage-first heap   total 152576K, used 124310K [0x0000000080000000, 0x0000000100000000)
  region size 1024K, 46 young (47104K), 4 survivors (4096K)
 Metaspace       used 88115K, committed 88832K, reserved 1179648K
  class space    used 12280K, committed 12608K, reserved 1048576K
}
Event: 18.840 GC heap after
{Heap after GC invocations=43 (full 0):
 garbage-first heap   total 183296K, used 83845K [0x0000000080000000, 0x0000000100000000)
  region size 1024K, 6 young (6144K), 6 survivors (6144K)
 Metaspace       used 88115K, committed 88832K, reserved 1179648K
  class space    used 12280K, committed 12608K, reserved 1048576K
}
Event: 20.108 GC heap before
{Heap before GC invocations=43 (full 0):
 garbage-first heap   total 183296K, used 145285K [0x0000000080000000, 0x0000000100000000)
  region size 1024K, 66 young (67584K), 6 survivors (6144K)
 Metaspace       used 92886K, committed 93632K, reserved 1179648K
  class space    used 12965K, committed 13312K, reserved 1048576K
}
Event: 20.115 GC heap after
{Heap after GC invocations=44 (full 0):
 garbage-first heap   total 183296K, used 87932K [0x0000000080000000, 0x0000000100000000)
  region size 1024K, 7 young (7168K), 7 survivors (7168K)
 Metaspace       used 92886K, committed 93632K, reserved 1179648K
  class space    used 12965K, committed 13312K, reserved 1048576K
}

