# JRE version: OpenJDK Runtime Environment (17.0.10) (build 17.0.10+0--11572160)
# Java VM: OpenJDK 64-Bit Server VM (17.0.10+0--11572160, mixed mode, tiered, compressed oops, compressed class ptrs, g1 gc, windows-amd64)
GC Precious Log:
 CPUs: 16 total, 16 available
 Memory: 14188M
 Large Page Support: Disabled
 NUMA Support: Disabled
 Compressed Oops: Enabled (32-bit)
 Heap Region Size: 1M
 Heap Min Capacity: 8M
 Heap Initial Capacity: 222M
 Heap Max Capacity: 2G
 Pre-touch: Disabled
 Parallel Workers: 13
 Concurrent Workers: 3
 Concurrent Refinement Workers: 13
 Periodic GC: Disabled
Heap:
 garbage-first heap   total 278528K, used 112622K [0x0000000080000000, 0x0000000100000000)
  region size 1024K, 30 young (30720K), 6 survivors (6144K)
 Metaspace       used 98792K, committed 99584K, reserved 1179648K
  class space    used 13692K, committed 14080K, reserved 1048576K
GC Heap History (20 events):
Event: 7.287 GC heap before
{Heap before GC invocations=27 (full 0):
 garbage-first heap   total 162816K, used 63277K [0x0000000080000000, 0x0000000100000000)
  region size 1024K, 8 young (8192K), 7 survivors (7168K)
 Metaspace       used 73505K, committed 74048K, reserved 1114112K
  class space    used 10102K, committed 10368K, reserved 1048576K
}
Event: 7.289 GC heap after
{Heap after GC invocations=28 (full 0):
 garbage-first heap   total 162816K, used 62717K [0x0000000080000000, 0x0000000100000000)
  region size 1024K, 1 young (1024K), 1 survivors (1024K)
 Metaspace       used 73505K, committed 74048K, reserved 1114112K
  class space    used 10102K, committed 10368K, reserved 1048576K
}
Event: 7.778 GC heap before
{Heap before GC invocations=28 (full 0):
 garbage-first heap   total 162816K, used 128253K [0x0000000080000000, 0x0000000100000000)
  region size 1024K, 65 young (66560K), 1 survivors (1024K)
 Metaspace       used 77746K, committed 78400K, reserved 1179648K
  class space    used 10681K, committed 11008K, reserved 1048576K
}
Event: 7.780 GC heap after
{Heap after GC invocations=29 (full 0):
 garbage-first heap   total 162816K, used 65979K [0x0000000080000000, 0x0000000100000000)
  region size 1024K, 5 young (5120K), 5 survivors (5120K)
 Metaspace       used 77746K, committed 78400K, reserved 1179648K
  class space    used 10681K, committed 11008K, reserved 1048576K
}
Event: 8.343 GC heap before
{Heap before GC invocations=29 (full 0):
 garbage-first heap   total 162816K, used 128443K [0x0000000080000000, 0x0000000100000000)
  region size 1024K, 66 young (67584K), 5 survivors (5120K)
 Metaspace       used 82195K, committed 82880K, reserved 1179648K
  class space    used 11498K, committed 11840K, reserved 1048576K
}
Event: 8.346 GC heap after
{Heap after GC invocations=30 (full 0):
 garbage-first heap   total 162816K, used 68277K [0x0000000080000000, 0x0000000100000000)
  region size 1024K, 7 young (7168K), 7 survivors (7168K)
 Metaspace       used 82195K, committed 82880K, reserved 1179648K
  class space    used 11498K, committed 11840K, reserved 1048576K
}
Event: 8.978 GC heap before
{Heap before GC invocations=30 (full 0):
 garbage-first heap   total 162816K, used 131765K [0x0000000080000000, 0x0000000100000000)
  region size 1024K, 69 young (70656K), 7 survivors (7168K)
 Metaspace       used 86936K, committed 87616K, reserved 1179648K
  class space    used 12154K, committed 12480K, reserved 1048576K
}
Event: 8.982 GC heap after
{Heap after GC invocations=31 (full 0):
 garbage-first heap   total 162816K, used 72335K [0x0000000080000000, 0x0000000100000000)
  region size 1024K, 7 young (7168K), 7 survivors (7168K)
 Metaspace       used 86936K, committed 87616K, reserved 1179648K
  class space    used 12154K, committed 12480K, reserved 1048576K
}
Event: 9.535 GC heap before
{Heap before GC invocations=31 (full 0):
 garbage-first heap   total 162816K, used 132751K [0x0000000080000000, 0x0000000100000000)
  region size 1024K, 66 young (67584K), 7 survivors (7168K)
 Metaspace       used 91935K, committed 92672K, reserved 1179648K
  class space    used 12880K, committed 13248K, reserved 1048576K
}
Event: 9.539 GC heap after
{Heap after GC invocations=32 (full 0):
 garbage-first heap   total 162816K, used 75828K [0x0000000080000000, 0x0000000100000000)
  region size 1024K, 8 young (8192K), 8 survivors (8192K)
 Metaspace       used 91935K, committed 92672K, reserved 1179648K
  class space    used 12880K, committed 13248K, reserved 1048576K
}
Event: 10.016 GC heap before
{Heap before GC invocations=32 (full 0):
 garbage-first heap   total 162816K, used 134196K [0x0000000080000000, 0x0000000100000000)
  region size 1024K, 65 young (66560K), 8 survivors (8192K)
 Metaspace       used 94586K, committed 95424K, reserved 1179648K
  class space    used 13307K, committed 13696K, reserved 1048576K
}
Event: 10.024 GC heap after
{Heap after GC invocations=33 (full 0):
 garbage-first heap   total 162816K, used 81920K [0x0000000080000000, 0x0000000100000000)
  region size 1024K, 9 young (9216K), 9 survivors (9216K)
 Metaspace       used 94586K, committed 95424K, reserved 1179648K
  class space    used 13307K, committed 13696K, reserved 1048576K
}
Event: 10.161 GC heap before
{Heap before GC invocations=33 (full 0):
 garbage-first heap   total 162816K, used 133120K [0x0000000080000000, 0x0000000100000000)
  region size 1024K, 59 young (60416K), 9 survivors (9216K)
 Metaspace       used 94710K, committed 95488K, reserved 1179648K
  class space    used 13307K, committed 13696K, reserved 1048576K
}
Event: 10.166 GC heap after
{Heap after GC invocations=34 (full 0):
 garbage-first heap   total 162816K, used 84361K [0x0000000080000000, 0x0000000100000000)
  region size 1024K, 4 young (4096K), 4 survivors (4096K)
 Metaspace       used 94710K, committed 95488K, reserved 1179648K
  class space    used 13307K, committed 13696K, reserved 1048576K
}
Event: 10.456 GC heap before
{Heap before GC invocations=34 (full 0):
 garbage-first heap   total 162816K, used 132489K [0x0000000080000000, 0x0000000100000000)
  region size 1024K, 52 young (53248K), 4 survivors (4096K)
 Metaspace       used 95247K, committed 96064K, reserved 1179648K
  class space    used 13383K, committed 13760K, reserved 1048576K
}
Event: 10.459 GC heap after
{Heap after GC invocations=35 (full 0):
 garbage-first heap   total 162816K, used 85837K [0x0000000080000000, 0x0000000100000000)
  region size 1024K, 6 young (6144K), 6 survivors (6144K)
 Metaspace       used 95247K, committed 96064K, reserved 1179648K
  class space    used 13383K, committed 13760K, reserved 1048576K
}
Event: 10.638 GC heap before
{Heap before GC invocations=35 (full 0):
 garbage-first heap   total 162816K, used 131917K [0x0000000080000000, 0x0000000100000000)
  region size 1024K, 52 young (53248K), 6 survivors (6144K)
 Metaspace       used 95448K, committed 96192K, reserved 1179648K
  class space    used 13403K, committed 13760K, reserved 1048576K
}
Event: 10.641 GC heap after
{Heap after GC invocations=36 (full 0):
 garbage-first heap   total 162816K, used 87490K [0x0000000080000000, 0x0000000100000000)
  region size 1024K, 4 young (4096K), 4 survivors (4096K)
 Metaspace       used 95448K, committed 96192K, reserved 1179648K
  class space    used 13403K, committed 13760K, reserved 1048576K
}
Event: 10.879 GC heap before
{Heap before GC invocations=36 (full 0):
 garbage-first heap   total 162816K, used 137666K [0x0000000080000000, 0x0000000100000000)
  region size 1024K, 49 young (50176K), 4 survivors (4096K)
 Metaspace       used 97447K, committed 98304K, reserved 1179648K
  class space    used 13553K, committed 13952K, reserved 1048576K
}
Event: 10.883 GC heap after
{Heap after GC invocations=37 (full 0):
 garbage-first heap   total 278528K, used 89070K [0x0000000080000000, 0x0000000100000000)
  region size 1024K, 6 young (6144K), 6 survivors (6144K)
 Metaspace       used 97447K, committed 98304K, reserved 1179648K
  class space    used 13553K, committed 13952K, reserved 1048576K
}

