# JRE version: OpenJDK Runtime Environment (17.0.10) (build 17.0.10+0--11572160)
# Java VM: OpenJDK 64-Bit Server VM (17.0.10+0--11572160, mixed mode, tiered, compressed oops, compressed class ptrs, g1 gc, windows-amd64)
GC Precious Log:
 CPUs: 16 total, 16 available
 Memory: 14188M
 Large Page Support: Disabled
 NUMA Support: Disabled
 Compressed Oops: Enabled (32-bit)
 Heap Region Size: 1M
 Heap Min Capacity: 8M
 Heap Initial Capacity: 222M
 Heap Max Capacity: 2G
 Pre-touch: Disabled
 Parallel Workers: 13
 Concurrent Workers: 3
 Concurrent Refinement Workers: 13
 Periodic GC: Disabled
Heap:
 garbage-first heap   total 215040K, used 138526K [0x0000000080000000, 0x0000000100000000)
  region size 1024K, 3 young (3072K), 3 survivors (3072K)
 Metaspace       used 103846K, committed 104576K, reserved 1179648K
  class space    used 14411K, committed 14784K, reserved 1048576K
GC Heap History (20 events):
Event: 12.466 GC heap before
{Heap before GC invocations=22 (full 0):
 garbage-first heap   total 180224K, used 143677K [0x0000000080000000, 0x0000000100000000)
  region size 1024K, 71 young (72704K), 10 survivors (10240K)
 Metaspace       used 94850K, committed 95552K, reserved 1179648K
  class space    used 13303K, committed 13632K, reserved 1048576K
}
Event: 12.472 GC heap after
{Heap after GC invocations=23 (full 0):
 garbage-first heap   total 180224K, used 85006K [0x0000000080000000, 0x0000000100000000)
  region size 1024K, 5 young (5120K), 5 survivors (5120K)
 Metaspace       used 94850K, committed 95552K, reserved 1179648K
  class space    used 13303K, committed 13632K, reserved 1048576K
}
Event: 12.914 GC heap before
{Heap before GC invocations=23 (full 0):
 garbage-first heap   total 180224K, used 145422K [0x0000000080000000, 0x0000000100000000)
  region size 1024K, 65 young (66560K), 5 survivors (5120K)
 Metaspace       used 95512K, committed 96256K, reserved 1179648K
  class space    used 13401K, committed 13760K, reserved 1048576K
}
Event: 12.918 GC heap after
{Heap after GC invocations=24 (full 0):
 garbage-first heap   total 180224K, used 86677K [0x0000000080000000, 0x0000000100000000)
  region size 1024K, 7 young (7168K), 7 survivors (7168K)
 Metaspace       used 95512K, committed 96256K, reserved 1179648K
  class space    used 13401K, committed 13760K, reserved 1048576K
}
Event: 13.162 GC heap before
{Heap before GC invocations=24 (full 0):
 garbage-first heap   total 180224K, used 145045K [0x0000000080000000, 0x0000000100000000)
  region size 1024K, 65 young (66560K), 7 survivors (7168K)
 Metaspace       used 95766K, committed 96512K, reserved 1179648K
  class space    used 13432K, committed 13760K, reserved 1048576K
}
Event: 13.166 GC heap after
{Heap after GC invocations=25 (full 0):
 garbage-first heap   total 180224K, used 89032K [0x0000000080000000, 0x0000000100000000)
  region size 1024K, 7 young (7168K), 7 survivors (7168K)
 Metaspace       used 95766K, committed 96512K, reserved 1179648K
  class space    used 13432K, committed 13760K, reserved 1048576K
}
Event: 13.169 GC heap before
{Heap before GC invocations=25 (full 0):
 garbage-first heap   total 180224K, used 89032K [0x0000000080000000, 0x0000000100000000)
  region size 1024K, 9 young (9216K), 7 survivors (7168K)
 Metaspace       used 95775K, committed 96512K, reserved 1179648K
  class space    used 13432K, committed 13760K, reserved 1048576K
}
Event: 13.172 GC heap after
{Heap after GC invocations=26 (full 0):
 garbage-first heap   total 180224K, used 89930K [0x0000000080000000, 0x0000000100000000)
  region size 1024K, 6 young (6144K), 6 survivors (6144K)
 Metaspace       used 95775K, committed 96512K, reserved 1179648K
  class space    used 13432K, committed 13760K, reserved 1048576K
}
Event: 13.887 GC heap before
{Heap before GC invocations=27 (full 0):
 garbage-first heap   total 180224K, used 153418K [0x0000000080000000, 0x0000000100000000)
  region size 1024K, 64 young (65536K), 6 survivors (6144K)
 Metaspace       used 99403K, committed 100096K, reserved 1179648K
  class space    used 13781K, committed 14144K, reserved 1048576K
}
Event: 13.892 GC heap after
{Heap after GC invocations=28 (full 0):
 garbage-first heap   total 180224K, used 92456K [0x0000000080000000, 0x0000000100000000)
  region size 1024K, 6 young (6144K), 6 survivors (6144K)
 Metaspace       used 99403K, committed 100096K, reserved 1179648K
  class space    used 13781K, committed 14144K, reserved 1048576K
}
Event: 13.895 GC heap before
{Heap before GC invocations=28 (full 0):
 garbage-first heap   total 180224K, used 94504K [0x0000000080000000, 0x0000000100000000)
  region size 1024K, 8 young (8192K), 6 survivors (6144K)
 Metaspace       used 99404K, committed 100096K, reserved 1179648K
  class space    used 13781K, committed 14144K, reserved 1048576K
}
Event: 13.899 GC heap after
{Heap after GC invocations=29 (full 0):
 garbage-first heap   total 180224K, used 91289K [0x0000000080000000, 0x0000000100000000)
  region size 1024K, 1 young (1024K), 1 survivors (1024K)
 Metaspace       used 99404K, committed 100096K, reserved 1179648K
  class space    used 13781K, committed 14144K, reserved 1048576K
}
Event: 14.043 GC heap before
{Heap before GC invocations=29 (full 0):
 garbage-first heap   total 180224K, used 146585K [0x0000000080000000, 0x0000000100000000)
  region size 1024K, 56 young (57344K), 1 survivors (1024K)
 Metaspace       used 99517K, committed 100288K, reserved 1179648K
  class space    used 13795K, committed 14144K, reserved 1048576K
}
Event: 14.046 GC heap after
{Heap after GC invocations=30 (full 0):
 garbage-first heap   total 180224K, used 94138K [0x0000000080000000, 0x0000000100000000)
  region size 1024K, 4 young (4096K), 4 survivors (4096K)
 Metaspace       used 99517K, committed 100288K, reserved 1179648K
  class space    used 13795K, committed 14144K, reserved 1048576K
}
Event: 14.246 GC heap before
{Heap before GC invocations=31 (full 0):
 garbage-first heap   total 198656K, used 147386K [0x0000000080000000, 0x0000000100000000)
  region size 1024K, 57 young (58368K), 4 survivors (4096K)
 Metaspace       used 99897K, committed 100672K, reserved 1179648K
  class space    used 13841K, committed 14208K, reserved 1048576K
}
Event: 14.250 GC heap after
{Heap after GC invocations=32 (full 0):
 garbage-first heap   total 198656K, used 95775K [0x0000000080000000, 0x0000000100000000)
  region size 1024K, 6 young (6144K), 6 survivors (6144K)
 Metaspace       used 99897K, committed 100672K, reserved 1179648K
  class space    used 13841K, committed 14208K, reserved 1048576K
}
Event: 14.260 GC heap before
{Heap before GC invocations=32 (full 0):
 garbage-first heap   total 198656K, used 97823K [0x0000000080000000, 0x0000000100000000)
  region size 1024K, 9 young (9216K), 6 survivors (6144K)
 Metaspace       used 99930K, committed 100672K, reserved 1179648K
  class space    used 13844K, committed 14208K, reserved 1048576K
}
Event: 14.264 GC heap after
{Heap after GC invocations=33 (full 0):
 garbage-first heap   total 198656K, used 94852K [0x0000000080000000, 0x0000000100000000)
  region size 1024K, 2 young (2048K), 2 survivors (2048K)
 Metaspace       used 99930K, committed 100672K, reserved 1179648K
  class space    used 13844K, committed 14208K, reserved 1048576K
}
Event: 14.468 GC heap before
{Heap before GC invocations=33 (full 0):
 garbage-first heap   total 198656K, used 159364K [0x0000000080000000, 0x0000000100000000)
  region size 1024K, 53 young (54272K), 2 survivors (2048K)
 Metaspace       used 100608K, committed 101376K, reserved 1179648K
  class space    used 13932K, committed 14272K, reserved 1048576K
}
Event: 14.472 GC heap after
{Heap after GC invocations=34 (full 0):
 garbage-first heap   total 198656K, used 120139K [0x0000000080000000, 0x0000000100000000)
  region size 1024K, 9 young (9216K), 9 survivors (9216K)
 Metaspace       used 100608K, committed 101376K, reserved 1179648K
  class space    used 13932K, committed 14272K, reserved 1048576K
}

