# JRE version: OpenJDK Runtime Environment (17.0.10) (build 17.0.10+0--11572160)
# Java VM: OpenJDK 64-Bit Server VM (17.0.10+0--11572160, mixed mode, tiered, compressed oops, compressed class ptrs, g1 gc, windows-amd64)
GC Precious Log:
 CPUs: 16 total, 16 available
 Memory: 14188M
 Large Page Support: Disabled
 NUMA Support: Disabled
 Compressed Oops: Enabled (32-bit)
 Heap Region Size: 1M
 Heap Min Capacity: 8M
 Heap Initial Capacity: 222M
 Heap Max Capacity: 2G
 Pre-touch: Disabled
 Parallel Workers: 13
 Concurrent Workers: 3
 Concurrent Refinement Workers: 13
 Periodic GC: Disabled
Heap:
 garbage-first heap   total 321536K, used 256000K [0x0000000080000000, 0x0000000100000000)
  region size 1024K, 65 young (66560K), 10 survivors (10240K)
 Metaspace       used 119836K, committed 120640K, reserved 1179648K
  class space    used 17178K, committed 17536K, reserved 1048576K
GC Heap History (20 events):
Event: 15.627 GC heap before
{Heap before GC invocations=33 (full 0):
 garbage-first heap   total 267264K, used 228649K [0x0000000080000000, 0x0000000100000000)
  region size 1024K, 94 young (96256K), 15 survivors (15360K)
 Metaspace       used 103081K, committed 103872K, reserved 1179648K
  class space    used 14192K, committed 14592K, reserved 1048576K
}
Event: 15.637 GC heap after
{Heap after GC invocations=34 (full 0):
 garbage-first heap   total 267264K, used 125468K [0x0000000080000000, 0x0000000100000000)
  region size 1024K, 9 young (9216K), 9 survivors (9216K)
 Metaspace       used 103081K, committed 103872K, reserved 1179648K
  class space    used 14192K, committed 14592K, reserved 1048576K
}
Event: 16.177 GC heap before
{Heap before GC invocations=34 (full 0):
 garbage-first heap   total 267264K, used 202268K [0x0000000080000000, 0x0000000100000000)
  region size 1024K, 85 young (87040K), 9 survivors (9216K)
 Metaspace       used 104602K, committed 105472K, reserved 1179648K
  class space    used 14376K, committed 14784K, reserved 1048576K
}
Event: 16.183 GC heap after
{Heap after GC invocations=35 (full 0):
 garbage-first heap   total 267264K, used 130089K [0x0000000080000000, 0x0000000100000000)
  region size 1024K, 8 young (8192K), 8 survivors (8192K)
 Metaspace       used 104602K, committed 105472K, reserved 1179648K
  class space    used 14376K, committed 14784K, reserved 1048576K
}
Event: 16.901 GC heap before
{Heap before GC invocations=35 (full 0):
 garbage-first heap   total 267264K, used 205865K [0x0000000080000000, 0x0000000100000000)
  region size 1024K, 83 young (84992K), 8 survivors (8192K)
 Metaspace       used 106508K, committed 107264K, reserved 1179648K
  class space    used 14577K, committed 14912K, reserved 1048576K
}
Event: 16.907 GC heap after
{Heap after GC invocations=36 (full 0):
 garbage-first heap   total 267264K, used 134024K [0x0000000080000000, 0x0000000100000000)
  region size 1024K, 7 young (7168K), 7 survivors (7168K)
 Metaspace       used 106508K, committed 107264K, reserved 1179648K
  class space    used 14577K, committed 14912K, reserved 1048576K
}
Event: 17.139 GC heap before
{Heap before GC invocations=36 (full 0):
 garbage-first heap   total 267264K, used 208776K [0x0000000080000000, 0x0000000100000000)
  region size 1024K, 81 young (82944K), 7 survivors (7168K)
 Metaspace       used 106701K, committed 107520K, reserved 1179648K
  class space    used 14607K, committed 14976K, reserved 1048576K
}
Event: 17.144 GC heap after
{Heap after GC invocations=37 (full 0):
 garbage-first heap   total 267264K, used 136833K [0x0000000080000000, 0x0000000100000000)
  region size 1024K, 5 young (5120K), 5 survivors (5120K)
 Metaspace       used 106701K, committed 107520K, reserved 1179648K
  class space    used 14607K, committed 14976K, reserved 1048576K
}
Event: 17.348 GC heap before
{Heap before GC invocations=37 (full 0):
 garbage-first heap   total 267264K, used 212609K [0x0000000080000000, 0x0000000100000000)
  region size 1024K, 80 young (81920K), 5 survivors (5120K)
 Metaspace       used 107927K, committed 108736K, reserved 1179648K
  class space    used 14838K, committed 15232K, reserved 1048576K
}
Event: 17.354 GC heap after
{Heap after GC invocations=38 (full 0):
 garbage-first heap   total 267264K, used 148494K [0x0000000080000000, 0x0000000100000000)
  region size 1024K, 10 young (10240K), 10 survivors (10240K)
 Metaspace       used 107927K, committed 108736K, reserved 1179648K
  class space    used 14838K, committed 15232K, reserved 1048576K
}
Event: 17.929 GC heap before
{Heap before GC invocations=38 (full 0):
 garbage-first heap   total 267264K, used 211982K [0x0000000080000000, 0x0000000100000000)
  region size 1024K, 73 young (74752K), 10 survivors (10240K)
 Metaspace       used 112314K, committed 113152K, reserved 1179648K
  class space    used 15616K, committed 16000K, reserved 1048576K
}
Event: 17.937 GC heap after
{Heap after GC invocations=39 (full 0):
 garbage-first heap   total 267264K, used 156972K [0x0000000080000000, 0x0000000100000000)
  region size 1024K, 8 young (8192K), 8 survivors (8192K)
 Metaspace       used 112314K, committed 113152K, reserved 1179648K
  class space    used 15616K, committed 16000K, reserved 1048576K
}
Event: 18.157 GC heap before
{Heap before GC invocations=39 (full 0):
 garbage-first heap   total 267264K, used 214316K [0x0000000080000000, 0x0000000100000000)
  region size 1024K, 65 young (66560K), 8 survivors (8192K)
 Metaspace       used 113171K, committed 113920K, reserved 1179648K
  class space    used 15715K, committed 16064K, reserved 1048576K
}
Event: 18.171 GC heap after
{Heap after GC invocations=40 (full 0):
 garbage-first heap   total 267264K, used 168892K [0x0000000080000000, 0x0000000100000000)
  region size 1024K, 9 young (9216K), 9 survivors (9216K)
 Metaspace       used 113171K, committed 113920K, reserved 1179648K
  class space    used 15715K, committed 16064K, reserved 1048576K
}
Event: 18.337 GC heap before
{Heap before GC invocations=40 (full 0):
 garbage-first heap   total 267264K, used 217020K [0x0000000080000000, 0x0000000100000000)
  region size 1024K, 56 young (57344K), 9 survivors (9216K)
 Metaspace       used 114311K, committed 115072K, reserved 1179648K
  class space    used 15990K, committed 16320K, reserved 1048576K
}
Event: 18.348 GC heap after
{Heap after GC invocations=41 (full 0):
 garbage-first heap   total 321536K, used 178157K [0x0000000080000000, 0x0000000100000000)
  region size 1024K, 7 young (7168K), 7 survivors (7168K)
 Metaspace       used 114311K, committed 115072K, reserved 1179648K
  class space    used 15990K, committed 16320K, reserved 1048576K
}
Event: 18.618 GC heap before
{Heap before GC invocations=41 (full 0):
 garbage-first heap   total 321536K, used 252909K [0x0000000080000000, 0x0000000100000000)
  region size 1024K, 81 young (82944K), 7 survivors (7168K)
 Metaspace       used 116921K, committed 117696K, reserved 1179648K
  class space    used 16405K, committed 16768K, reserved 1048576K
}
Event: 18.629 GC heap after
{Heap after GC invocations=42 (full 0):
 garbage-first heap   total 321536K, used 190619K [0x0000000080000000, 0x0000000100000000)
  region size 1024K, 11 young (11264K), 11 survivors (11264K)
 Metaspace       used 116921K, committed 117696K, reserved 1179648K
  class space    used 16405K, committed 16768K, reserved 1048576K
}
Event: 18.721 GC heap before
{Heap before GC invocations=42 (full 0):
 garbage-first heap   total 321536K, used 258203K [0x0000000080000000, 0x0000000100000000)
  region size 1024K, 77 young (78848K), 11 survivors (11264K)
 Metaspace       used 117442K, committed 118208K, reserved 1179648K
  class space    used 16474K, committed 16832K, reserved 1048576K
}
Event: 18.733 GC heap after
{Heap after GC invocations=43 (full 0):
 garbage-first heap   total 321536K, used 201728K [0x0000000080000000, 0x0000000100000000)
  region size 1024K, 10 young (10240K), 10 survivors (10240K)
 Metaspace       used 117442K, committed 118208K, reserved 1179648K
  class space    used 16474K, committed 16832K, reserved 1048576K
}

