# JRE version: OpenJDK Runtime Environment (17.0.10) (build 17.0.10+0--11572160)
# Java VM: OpenJDK 64-Bit Server VM (17.0.10+0--11572160, mixed mode, tiered, compressed oops, compressed class ptrs, g1 gc, windows-amd64)
GC Precious Log:
 CPUs: 16 total, 16 available
 Memory: 14188M
 Large Page Support: Disabled
 NUMA Support: Disabled
 Compressed Oops: Enabled (32-bit)
 Heap Region Size: 1M
 Heap Min Capacity: 8M
 Heap Initial Capacity: 222M
 Heap Max Capacity: 2G
 Pre-touch: Disabled
 Parallel Workers: 13
 Concurrent Workers: 3
 Concurrent Refinement Workers: 13
 Periodic GC: Disabled
Heap:
 garbage-first heap   total 326656K, used 196599K [0x0000000080000000, 0x0000000100000000)
  region size 1024K, 27 young (27648K), 15 survivors (15360K)
 Metaspace       used 114867K, committed 115712K, reserved 1179648K
  class space    used 15569K, committed 16000K, reserved 1048576K
GC Heap History (20 events):
Event: 14.536 GC heap before
{Heap before GC invocations=32 (full 0):
 garbage-first heap   total 149504K, used 121626K [0x0000000080000000, 0x0000000100000000)
  region size 1024K, 39 young (39936K), 4 survivors (4096K)
 Metaspace       used 95855K, committed 96512K, reserved 1179648K
  class space    used 13506K, committed 13824K, reserved 1048576K
}
Event: 14.539 GC heap after
{Heap after GC invocations=33 (full 0):
 garbage-first heap   total 149504K, used 88367K [0x0000000080000000, 0x0000000100000000)
  region size 1024K, 4 young (4096K), 4 survivors (4096K)
 Metaspace       used 95855K, committed 96512K, reserved 1179648K
  class space    used 13506K, committed 13824K, reserved 1048576K
}
Event: 15.090 GC heap before
{Heap before GC invocations=33 (full 0):
 garbage-first heap   total 149504K, used 127279K [0x0000000080000000, 0x0000000100000000)
  region size 1024K, 38 young (38912K), 4 survivors (4096K)
 Metaspace       used 98648K, committed 99392K, reserved 1179648K
  class space    used 13718K, committed 14080K, reserved 1048576K
}
Event: 15.094 GC heap after
{Heap after GC invocations=34 (full 0):
 garbage-first heap   total 149504K, used 91143K [0x0000000080000000, 0x0000000100000000)
  region size 1024K, 3 young (3072K), 3 survivors (3072K)
 Metaspace       used 98648K, committed 99392K, reserved 1179648K
  class space    used 13718K, committed 14080K, reserved 1048576K
}
Event: 15.442 GC heap before
{Heap before GC invocations=34 (full 0):
 garbage-first heap   total 149504K, used 122887K [0x0000000080000000, 0x0000000100000000)
  region size 1024K, 35 young (35840K), 3 survivors (3072K)
 Metaspace       used 98827K, committed 99584K, reserved 1179648K
  class space    used 13718K, committed 14080K, reserved 1048576K
}
Event: 15.446 GC heap after
{Heap after GC invocations=35 (full 0):
 garbage-first heap   total 149504K, used 99102K [0x0000000080000000, 0x0000000100000000)
  region size 1024K, 5 young (5120K), 5 survivors (5120K)
 Metaspace       used 98827K, committed 99584K, reserved 1179648K
  class space    used 13718K, committed 14080K, reserved 1048576K
}
Event: 15.603 GC heap before
{Heap before GC invocations=35 (full 0):
 garbage-first heap   total 149504K, used 130846K [0x0000000080000000, 0x0000000100000000)
  region size 1024K, 27 young (27648K), 5 survivors (5120K)
 Metaspace       used 98842K, committed 99584K, reserved 1179648K
  class space    used 13718K, committed 14080K, reserved 1048576K
}
Event: 15.611 GC heap after
{Heap after GC invocations=36 (full 0):
 garbage-first heap   total 326656K, used 114305K [0x0000000080000000, 0x0000000100000000)
  region size 1024K, 4 young (4096K), 4 survivors (4096K)
 Metaspace       used 98842K, committed 99584K, reserved 1179648K
  class space    used 13718K, committed 14080K, reserved 1048576K
}
Event: 17.247 GC heap before
{Heap before GC invocations=36 (full 0):
 garbage-first heap   total 326656K, used 268929K [0x0000000080000000, 0x0000000100000000)
  region size 1024K, 119 young (121856K), 4 survivors (4096K)
 Metaspace       used 101974K, committed 102784K, reserved 1179648K
  class space    used 14081K, committed 14464K, reserved 1048576K
}
Event: 17.257 GC heap after
{Heap after GC invocations=37 (full 0):
 garbage-first heap   total 326656K, used 129897K [0x0000000080000000, 0x0000000100000000)
  region size 1024K, 15 young (15360K), 15 survivors (15360K)
 Metaspace       used 101974K, committed 102784K, reserved 1179648K
  class space    used 14081K, committed 14464K, reserved 1048576K
}
Event: 17.731 GC heap before
{Heap before GC invocations=37 (full 0):
 garbage-first heap   total 326656K, used 238441K [0x0000000080000000, 0x0000000100000000)
  region size 1024K, 122 young (124928K), 15 survivors (15360K)
 Metaspace       used 105669K, committed 106368K, reserved 1179648K
  class space    used 14454K, committed 14784K, reserved 1048576K
}
Event: 17.744 GC heap after
{Heap after GC invocations=38 (full 0):
 garbage-first heap   total 326656K, used 144453K [0x0000000080000000, 0x0000000100000000)
  region size 1024K, 14 young (14336K), 14 survivors (14336K)
 Metaspace       used 105669K, committed 106368K, reserved 1179648K
  class space    used 14454K, committed 14784K, reserved 1048576K
}
Event: 17.981 GC heap before
{Heap before GC invocations=38 (full 0):
 garbage-first heap   total 326656K, used 246853K [0x0000000080000000, 0x0000000100000000)
  region size 1024K, 115 young (117760K), 14 survivors (14336K)
 Metaspace       used 107204K, committed 108032K, reserved 1179648K
  class space    used 14608K, committed 15040K, reserved 1048576K
}
Event: 17.986 GC heap after
{Heap after GC invocations=39 (full 0):
 garbage-first heap   total 326656K, used 145124K [0x0000000080000000, 0x0000000100000000)
  region size 1024K, 8 young (8192K), 8 survivors (8192K)
 Metaspace       used 107204K, committed 108032K, reserved 1179648K
  class space    used 14608K, committed 15040K, reserved 1048576K
}
Event: 18.712 GC heap before
{Heap before GC invocations=39 (full 0):
 garbage-first heap   total 326656K, used 251620K [0x0000000080000000, 0x0000000100000000)
  region size 1024K, 113 young (115712K), 8 survivors (8192K)
 Metaspace       used 109070K, committed 109888K, reserved 1179648K
  class space    used 14818K, committed 15232K, reserved 1048576K
}
Event: 18.718 GC heap after
{Heap after GC invocations=40 (full 0):
 garbage-first heap   total 326656K, used 143902K [0x0000000080000000, 0x0000000100000000)
  region size 1024K, 7 young (7168K), 7 survivors (7168K)
 Metaspace       used 109070K, committed 109888K, reserved 1179648K
  class space    used 14818K, committed 15232K, reserved 1048576K
}
Event: 19.541 GC heap before
{Heap before GC invocations=40 (full 0):
 garbage-first heap   total 326656K, used 255518K [0x0000000080000000, 0x0000000100000000)
  region size 1024K, 117 young (119808K), 7 survivors (7168K)
 Metaspace       used 110536K, committed 111360K, reserved 1179648K
  class space    used 15013K, committed 15424K, reserved 1048576K
}
Event: 19.549 GC heap after
{Heap after GC invocations=41 (full 0):
 garbage-first heap   total 326656K, used 150904K [0x0000000080000000, 0x0000000100000000)
  region size 1024K, 14 young (14336K), 14 survivors (14336K)
 Metaspace       used 110536K, committed 111360K, reserved 1179648K
  class space    used 15013K, committed 15424K, reserved 1048576K
}
Event: 19.872 GC heap before
{Heap before GC invocations=41 (full 0):
 garbage-first heap   total 326656K, used 258424K [0x0000000080000000, 0x0000000100000000)
  region size 1024K, 120 young (122880K), 14 survivors (14336K)
 Metaspace       used 111014K, committed 111808K, reserved 1179648K
  class space    used 15064K, committed 15488K, reserved 1048576K
}
Event: 19.880 GC heap after
{Heap after GC invocations=42 (full 0):
 garbage-first heap   total 326656K, used 154534K [0x0000000080000000, 0x0000000100000000)
  region size 1024K, 7 young (7168K), 7 survivors (7168K)
 Metaspace       used 111014K, committed 111808K, reserved 1179648K
  class space    used 15064K, committed 15488K, reserved 1048576K
}

