# JRE version: OpenJDK Runtime Environment (17.0.10) (build 17.0.10+0--11572160)
# Java VM: OpenJDK 64-Bit Server VM (17.0.10+0--11572160, mixed mode, tiered, compressed oops, compressed class ptrs, g1 gc, windows-amd64)
GC Precious Log:
 CPUs: 16 total, 16 available
 Memory: 14188M
 Large Page Support: Disabled
 NUMA Support: Disabled
 Compressed Oops: Enabled (32-bit)
 Heap Region Size: 1M
 Heap Min Capacity: 8M
 Heap Initial Capacity: 222M
 Heap Max Capacity: 2G
 Pre-touch: Disabled
 Parallel Workers: 13
 Concurrent Workers: 3
 Concurrent Refinement Workers: 13
 Periodic GC: Disabled
Heap:
 garbage-first heap   total 258048K, used 215346K [0x0000000080000000, 0x0000000100000000)
  region size 1024K, 7 young (7168K), 2 survivors (2048K)
 Metaspace       used 124562K, committed 125632K, reserved 1179648K
  class space    used 17070K, committed 17600K, reserved 1048576K
GC Heap History (20 events):
Event: 152.298 GC heap before
{Heap before GC invocations=73 (full 0):
 garbage-first heap   total 258048K, used 217832K [0x0000000080000000, 0x0000000100000000)
  region size 1024K, 59 young (60416K), 8 survivors (8192K)
 Metaspace       used 118485K, committed 119552K, reserved 1179648K
  class space    used 16294K, committed 16832K, reserved 1048576K
}
Event: 152.305 GC heap after
{Heap after GC invocations=74 (full 0):
 garbage-first heap   total 258048K, used 172066K [0x0000000080000000, 0x0000000100000000)
  region size 1024K, 7 young (7168K), 7 survivors (7168K)
 Metaspace       used 118485K, committed 119552K, reserved 1179648K
  class space    used 16294K, committed 16832K, reserved 1048576K
}
Event: 203.635 GC heap before
{Heap before GC invocations=74 (full 0):
 garbage-first heap   total 258048K, used 215074K [0x0000000080000000, 0x0000000100000000)
  region size 1024K, 50 young (51200K), 7 survivors (7168K)
 Metaspace       used 118718K, committed 119744K, reserved 1179648K
  class space    used 16306K, committed 16832K, reserved 1048576K
}
Event: 203.639 GC heap after
{Heap after GC invocations=75 (full 0):
 garbage-first heap   total 258048K, used 175724K [0x0000000080000000, 0x0000000100000000)
  region size 1024K, 4 young (4096K), 4 survivors (4096K)
 Metaspace       used 118718K, committed 119744K, reserved 1179648K
  class space    used 16306K, committed 16832K, reserved 1048576K
}
Event: 204.009 GC heap before
{Heap before GC invocations=75 (full 0):
 garbage-first heap   total 258048K, used 224876K [0x0000000080000000, 0x0000000100000000)
  region size 1024K, 45 young (46080K), 4 survivors (4096K)
 Metaspace       used 119084K, committed 120192K, reserved 1179648K
  class space    used 16309K, committed 16832K, reserved 1048576K
}
Event: 204.013 GC heap after
{Heap after GC invocations=76 (full 0):
 garbage-first heap   total 258048K, used 180738K [0x0000000080000000, 0x0000000100000000)
  region size 1024K, 6 young (6144K), 6 survivors (6144K)
 Metaspace       used 119084K, committed 120192K, reserved 1179648K
  class space    used 16309K, committed 16832K, reserved 1048576K
}
Event: 204.295 GC heap before
{Heap before GC invocations=76 (full 0):
 garbage-first heap   total 258048K, used 215554K [0x0000000080000000, 0x0000000100000000)
  region size 1024K, 41 young (41984K), 6 survivors (6144K)
 Metaspace       used 119302K, committed 120320K, reserved 1179648K
  class space    used 16316K, committed 16832K, reserved 1048576K
}
Event: 204.299 GC heap after
{Heap after GC invocations=77 (full 0):
 garbage-first heap   total 258048K, used 184526K [0x0000000080000000, 0x0000000100000000)
  region size 1024K, 4 young (4096K), 4 survivors (4096K)
 Metaspace       used 119302K, committed 120320K, reserved 1179648K
  class space    used 16316K, committed 16832K, reserved 1048576K
}
Event: 782.820 GC heap before
{Heap before GC invocations=77 (full 0):
 garbage-first heap   total 258048K, used 218318K [0x0000000080000000, 0x0000000100000000)
  region size 1024K, 37 young (37888K), 4 survivors (4096K)
 Metaspace       used 119409K, committed 120448K, reserved 1179648K
  class space    used 16320K, committed 16832K, reserved 1048576K
}
Event: 782.823 GC heap after
{Heap after GC invocations=78 (full 0):
 garbage-first heap   total 258048K, used 185411K [0x0000000080000000, 0x0000000100000000)
  region size 1024K, 1 young (1024K), 1 survivors (1024K)
 Metaspace       used 119409K, committed 120448K, reserved 1179648K
  class space    used 16320K, committed 16832K, reserved 1048576K
}
Event: 783.112 GC heap before
{Heap before GC invocations=78 (full 0):
 garbage-first heap   total 258048K, used 219203K [0x0000000080000000, 0x0000000100000000)
  region size 1024K, 35 young (35840K), 1 survivors (1024K)
 Metaspace       used 120185K, committed 121280K, reserved 1179648K
  class space    used 16430K, committed 16960K, reserved 1048576K
}
Event: 783.115 GC heap after
{Heap after GC invocations=79 (full 0):
 garbage-first heap   total 258048K, used 189507K [0x0000000080000000, 0x0000000100000000)
  region size 1024K, 5 young (5120K), 5 survivors (5120K)
 Metaspace       used 120185K, committed 121280K, reserved 1179648K
  class space    used 16430K, committed 16960K, reserved 1048576K
}
Event: 783.387 GC heap before
{Heap before GC invocations=79 (full 0):
 garbage-first heap   total 258048K, used 220227K [0x0000000080000000, 0x0000000100000000)
  region size 1024K, 35 young (35840K), 5 survivors (5120K)
 Metaspace       used 121574K, committed 122624K, reserved 1179648K
  class space    used 16632K, committed 17152K, reserved 1048576K
}
Event: 783.390 GC heap after
{Heap after GC invocations=80 (full 0):
 garbage-first heap   total 258048K, used 192464K [0x0000000080000000, 0x0000000100000000)
  region size 1024K, 3 young (3072K), 3 survivors (3072K)
 Metaspace       used 121574K, committed 122624K, reserved 1179648K
  class space    used 16632K, committed 17152K, reserved 1048576K
}
Event: 783.608 GC heap before
{Heap before GC invocations=80 (full 0):
 garbage-first heap   total 258048K, used 221136K [0x0000000080000000, 0x0000000100000000)
  region size 1024K, 32 young (32768K), 3 survivors (3072K)
 Metaspace       used 122527K, committed 123584K, reserved 1179648K
  class space    used 16812K, committed 17344K, reserved 1048576K
}
Event: 783.613 GC heap after
{Heap after GC invocations=81 (full 0):
 garbage-first heap   total 258048K, used 196608K [0x0000000080000000, 0x0000000100000000)
  region size 1024K, 4 young (4096K), 4 survivors (4096K)
 Metaspace       used 122527K, committed 123584K, reserved 1179648K
  class space    used 16812K, committed 17344K, reserved 1048576K
}
Event: 783.935 GC heap before
{Heap before GC invocations=81 (full 0):
 garbage-first heap   total 258048K, used 223232K [0x0000000080000000, 0x0000000100000000)
  region size 1024K, 29 young (29696K), 4 survivors (4096K)
 Metaspace       used 123608K, committed 124736K, reserved 1179648K
  class space    used 16954K, committed 17536K, reserved 1048576K
}
Event: 783.940 GC heap after
{Heap after GC invocations=82 (full 0):
 garbage-first heap   total 258048K, used 206818K [0x0000000080000000, 0x0000000100000000)
  region size 1024K, 4 young (4096K), 4 survivors (4096K)
 Metaspace       used 123608K, committed 124736K, reserved 1179648K
  class space    used 16954K, committed 17536K, reserved 1048576K
}
Event: 784.138 GC heap before
{Heap before GC invocations=82 (full 0):
 garbage-first heap   total 258048K, used 219106K [0x0000000080000000, 0x0000000100000000)
  region size 1024K, 16 young (16384K), 4 survivors (4096K)
 Metaspace       used 124476K, committed 125568K, reserved 1179648K
  class space    used 17060K, committed 17600K, reserved 1048576K
}
Event: 784.142 GC heap after
{Heap after GC invocations=83 (full 0):
 garbage-first heap   total 258048K, used 211250K [0x0000000080000000, 0x0000000100000000)
  region size 1024K, 2 young (2048K), 2 survivors (2048K)
 Metaspace       used 124476K, committed 125568K, reserved 1179648K
  class space    used 17060K, committed 17600K, reserved 1048576K
}

