# JRE version: OpenJDK Runtime Environment (17.0.10) (build 17.0.10+0--11572160)
# Java VM: OpenJDK 64-Bit Server VM (17.0.10+0--11572160, mixed mode, tiered, compressed oops, compressed class ptrs, g1 gc, windows-amd64)
GC Precious Log:
 CPUs: 16 total, 16 available
 Memory: 14188M
 Large Page Support: Disabled
 NUMA Support: Disabled
 Compressed Oops: Enabled (32-bit)
 Heap Region Size: 1M
 Heap Min Capacity: 8M
 Heap Initial Capacity: 222M
 Heap Max Capacity: 2G
 Pre-touch: Disabled
 Parallel Workers: 13
 Concurrent Workers: 3
 Concurrent Refinement Workers: 13
 Periodic GC: Disabled
Heap:
 garbage-first heap   total 171008K, used 69321K [0x0000000080000000, 0x0000000100000000)
  region size 1024K, 43 young (44032K), 2 survivors (2048K)
 Metaspace       used 47261K, committed 47680K, reserved 1114112K
  class space    used 6455K, committed 6656K, reserved 1048576K
GC Heap History (20 events):
Event: 1.017 GC heap before
{Heap before GC invocations=1 (full 0):
 garbage-first heap   total 227328K, used 39120K [0x0000000080000000, 0x0000000100000000)
  region size 1024K, 31 young (31744K), 3 survivors (3072K)
 Metaspace       used 11511K, committed 11712K, reserved 1114112K
  class space    used 1197K, committed 1280K, reserved 1048576K
}
Event: 1.020 GC heap after
{Heap after GC invocations=2 (full 0):
 garbage-first heap   total 227328K, used 11246K [0x0000000080000000, 0x0000000100000000)
  region size 1024K, 1 young (1024K), 1 survivors (1024K)
 Metaspace       used 11511K, committed 11712K, reserved 1114112K
  class space    used 1197K, committed 1280K, reserved 1048576K
}
Event: 1.907 GC heap before
{Heap before GC invocations=2 (full 0):
 garbage-first heap   total 227328K, used 62446K [0x0000000080000000, 0x0000000100000000)
  region size 1024K, 51 young (52224K), 1 survivors (1024K)
 Metaspace       used 21293K, committed 21504K, reserved 1114112K
  class space    used 2496K, committed 2624K, reserved 1048576K
}
Event: 1.911 GC heap after
{Heap after GC invocations=3 (full 0):
 garbage-first heap   total 227328K, used 19257K [0x0000000080000000, 0x0000000100000000)
  region size 1024K, 9 young (9216K), 9 survivors (9216K)
 Metaspace       used 21293K, committed 21504K, reserved 1114112K
  class space    used 2496K, committed 2624K, reserved 1048576K
}
Event: 2.366 GC heap before
{Heap before GC invocations=4 (full 0):
 garbage-first heap   total 71680K, used 52025K [0x0000000080000000, 0x0000000100000000)
  region size 1024K, 42 young (43008K), 9 survivors (9216K)
 Metaspace       used 26249K, committed 26496K, reserved 1114112K
  class space    used 3343K, committed 3456K, reserved 1048576K
}
Event: 2.370 GC heap after
{Heap after GC invocations=5 (full 0):
 garbage-first heap   total 71680K, used 20283K [0x0000000080000000, 0x0000000100000000)
  region size 1024K, 2 young (2048K), 2 survivors (2048K)
 Metaspace       used 26249K, committed 26496K, reserved 1114112K
  class space    used 3343K, committed 3456K, reserved 1048576K
}
Event: 2.388 GC heap before
{Heap before GC invocations=5 (full 0):
 garbage-first heap   total 71680K, used 21307K [0x0000000080000000, 0x0000000100000000)
  region size 1024K, 3 young (3072K), 2 survivors (2048K)
 Metaspace       used 26370K, committed 26624K, reserved 1114112K
  class space    used 3368K, committed 3456K, reserved 1048576K
}
Event: 2.390 GC heap after
{Heap after GC invocations=6 (full 0):
 garbage-first heap   total 71680K, used 20700K [0x0000000080000000, 0x0000000100000000)
  region size 1024K, 1 young (1024K), 1 survivors (1024K)
 Metaspace       used 26370K, committed 26624K, reserved 1114112K
  class space    used 3368K, committed 3456K, reserved 1048576K
}
Event: 2.842 GC heap before
{Heap before GC invocations=6 (full 0):
 garbage-first heap   total 71680K, used 50396K [0x0000000080000000, 0x0000000100000000)
  region size 1024K, 30 young (30720K), 1 survivors (1024K)
 Metaspace       used 30447K, committed 30784K, reserved 1114112K
  class space    used 4066K, committed 4224K, reserved 1048576K
}
Event: 2.845 GC heap after
{Heap after GC invocations=7 (full 0):
 garbage-first heap   total 71680K, used 22255K [0x0000000080000000, 0x0000000100000000)
  region size 1024K, 2 young (2048K), 2 survivors (2048K)
 Metaspace       used 30447K, committed 30784K, reserved 1114112K
  class space    used 4066K, committed 4224K, reserved 1048576K
}
Event: 3.230 GC heap before
{Heap before GC invocations=7 (full 0):
 garbage-first heap   total 71680K, used 52975K [0x0000000080000000, 0x0000000100000000)
  region size 1024K, 32 young (32768K), 2 survivors (2048K)
 Metaspace       used 34279K, committed 34624K, reserved 1114112K
  class space    used 4676K, committed 4864K, reserved 1048576K
}
Event: 3.232 GC heap after
{Heap after GC invocations=8 (full 0):
 garbage-first heap   total 71680K, used 23560K [0x0000000080000000, 0x0000000100000000)
  region size 1024K, 4 young (4096K), 4 survivors (4096K)
 Metaspace       used 34279K, committed 34624K, reserved 1114112K
  class space    used 4676K, committed 4864K, reserved 1048576K
}
Event: 3.325 GC heap before
{Heap before GC invocations=8 (full 0):
 garbage-first heap   total 71680K, used 30728K [0x0000000080000000, 0x0000000100000000)
  region size 1024K, 12 young (12288K), 4 survivors (4096K)
 Metaspace       used 35695K, committed 35968K, reserved 1114112K
  class space    used 4855K, committed 4992K, reserved 1048576K
}
Event: 3.327 GC heap after
{Heap after GC invocations=9 (full 0):
 garbage-first heap   total 71680K, used 23842K [0x0000000080000000, 0x0000000100000000)
  region size 1024K, 2 young (2048K), 2 survivors (2048K)
 Metaspace       used 35695K, committed 35968K, reserved 1114112K
  class space    used 4855K, committed 4992K, reserved 1048576K
}
Event: 3.740 GC heap before
{Heap before GC invocations=10 (full 0):
 garbage-first heap   total 71680K, used 54562K [0x0000000080000000, 0x0000000100000000)
  region size 1024K, 33 young (33792K), 2 survivors (2048K)
 Metaspace       used 41000K, committed 41280K, reserved 1114112K
  class space    used 5418K, committed 5568K, reserved 1048576K
}
Event: 3.744 GC heap after
{Heap after GC invocations=11 (full 0):
 garbage-first heap   total 71680K, used 28120K [0x0000000080000000, 0x0000000100000000)
  region size 1024K, 5 young (5120K), 5 survivors (5120K)
 Metaspace       used 41000K, committed 41280K, reserved 1114112K
  class space    used 5418K, committed 5568K, reserved 1048576K
}
Event: 3.746 GC heap before
{Heap before GC invocations=11 (full 0):
 garbage-first heap   total 71680K, used 29144K [0x0000000080000000, 0x0000000100000000)
  region size 1024K, 6 young (6144K), 5 survivors (5120K)
 Metaspace       used 41000K, committed 41280K, reserved 1114112K
  class space    used 5418K, committed 5568K, reserved 1048576K
}
Event: 3.749 GC heap after
{Heap after GC invocations=12 (full 0):
 garbage-first heap   total 71680K, used 28496K [0x0000000080000000, 0x0000000100000000)
  region size 1024K, 1 young (1024K), 1 survivors (1024K)
 Metaspace       used 41000K, committed 41280K, reserved 1114112K
  class space    used 5418K, committed 5568K, reserved 1048576K
}
Event: 4.017 GC heap before
{Heap before GC invocations=12 (full 0):
 garbage-first heap   total 71680K, used 54096K [0x0000000080000000, 0x0000000100000000)
  region size 1024K, 27 young (27648K), 1 survivors (1024K)
 Metaspace       used 42327K, committed 42688K, reserved 1114112K
  class space    used 5612K, committed 5760K, reserved 1048576K
}
Event: 4.019 GC heap after
{Heap after GC invocations=13 (full 0):
 garbage-first heap   total 171008K, used 29385K [0x0000000080000000, 0x0000000100000000)
  region size 1024K, 2 young (2048K), 2 survivors (2048K)
 Metaspace       used 42327K, committed 42688K, reserved 1114112K
  class space    used 5612K, committed 5760K, reserved 1048576K
}

