# JRE version: OpenJDK Runtime Environment (17.0.10) (build 17.0.10+0--11572160)
# Java VM: OpenJDK 64-Bit Server VM (17.0.10+0--11572160, mixed mode, tiered, compressed oops, compressed class ptrs, g1 gc, windows-amd64)
GC Precious Log:
 CPUs: 16 total, 16 available
 Memory: 14188M
 Large Page Support: Disabled
 NUMA Support: Disabled
 Compressed Oops: Enabled (32-bit)
 Heap Region Size: 1M
 Heap Min Capacity: 8M
 Heap Initial Capacity: 222M
 Heap Max Capacity: 2G
 Pre-touch: Disabled
 Parallel Workers: 13
 Concurrent Workers: 3
 Concurrent Refinement Workers: 13
 Periodic GC: Disabled
Heap:
 garbage-first heap   total 336896K, used 239083K [0x0000000080000000, 0x0000000100000000)
  region size 1024K, 54 young (55296K), 3 survivors (3072K)
 Metaspace       used 161498K, committed 162496K, reserved 1245184K
  class space    used 21156K, committed 21632K, reserved 1048576K
GC Heap History (20 events):
Event: 146.486 GC heap before
{Heap before GC invocations=46 (full 0):
 garbage-first heap   total 234496K, used 193275K [0x0000000080000000, 0x0000000100000000)
  region size 1024K, 57 young (58368K), 2 survivors (2048K)
 Metaspace       used 128728K, committed 129664K, reserved 1179648K
  class space    used 17683K, committed 18112K, reserved 1048576K
}
Event: 146.489 GC heap after
{Heap after GC invocations=47 (full 0):
 garbage-first heap   total 234496K, used 139507K [0x0000000080000000, 0x0000000100000000)
  region size 1024K, 4 young (4096K), 4 survivors (4096K)
 Metaspace       used 128728K, committed 129664K, reserved 1179648K
  class space    used 17683K, committed 18112K, reserved 1048576K
}
Event: 147.072 GC heap before
{Heap before GC invocations=47 (full 0):
 garbage-first heap   total 234496K, used 194803K [0x0000000080000000, 0x0000000100000000)
  region size 1024K, 58 young (59392K), 4 survivors (4096K)
 Metaspace       used 132949K, committed 133888K, reserved 1179648K
  class space    used 18127K, committed 18560K, reserved 1048576K
}
Event: 147.076 GC heap after
{Heap after GC invocations=48 (full 0):
 garbage-first heap   total 234496K, used 143743K [0x0000000080000000, 0x0000000100000000)
  region size 1024K, 8 young (8192K), 8 survivors (8192K)
 Metaspace       used 132949K, committed 133888K, reserved 1179648K
  class space    used 18127K, committed 18560K, reserved 1048576K
}
Event: 147.681 GC heap before
{Heap before GC invocations=48 (full 0):
 garbage-first heap   total 234496K, used 195967K [0x0000000080000000, 0x0000000100000000)
  region size 1024K, 59 young (60416K), 8 survivors (8192K)
 Metaspace       used 139010K, committed 139968K, reserved 1179648K
  class space    used 18827K, committed 19264K, reserved 1048576K
}
Event: 147.685 GC heap after
{Heap after GC invocations=49 (full 0):
 garbage-first heap   total 234496K, used 146640K [0x0000000080000000, 0x0000000100000000)
  region size 1024K, 4 young (4096K), 4 survivors (4096K)
 Metaspace       used 139010K, committed 139968K, reserved 1179648K
  class space    used 18827K, committed 19264K, reserved 1048576K
}
Event: 148.190 GC heap before
{Heap before GC invocations=49 (full 0):
 garbage-first heap   total 234496K, used 196816K [0x0000000080000000, 0x0000000100000000)
  region size 1024K, 53 young (54272K), 4 survivors (4096K)
 Metaspace       used 146821K, committed 147712K, reserved 1179648K
  class space    used 19581K, committed 19968K, reserved 1048576K
}
Event: 148.192 GC heap after
{Heap after GC invocations=50 (full 0):
 garbage-first heap   total 234496K, used 147489K [0x0000000080000000, 0x0000000100000000)
  region size 1024K, 4 young (4096K), 4 survivors (4096K)
 Metaspace       used 146821K, committed 147712K, reserved 1179648K
  class space    used 19581K, committed 19968K, reserved 1048576K
}
Event: 149.325 GC heap before
{Heap before GC invocations=50 (full 0):
 garbage-first heap   total 234496K, used 198689K [0x0000000080000000, 0x0000000100000000)
  region size 1024K, 55 young (56320K), 4 survivors (4096K)
 Metaspace       used 157240K, committed 158208K, reserved 1245184K
  class space    used 20800K, committed 21248K, reserved 1048576K
}
Event: 149.329 GC heap after
{Heap after GC invocations=51 (full 0):
 garbage-first heap   total 234496K, used 150723K [0x0000000080000000, 0x0000000100000000)
  region size 1024K, 5 young (5120K), 5 survivors (5120K)
 Metaspace       used 157240K, committed 158208K, reserved 1245184K
  class space    used 20800K, committed 21248K, reserved 1048576K
}
Event: 150.890 GC heap before
{Heap before GC invocations=51 (full 0):
 garbage-first heap   total 234496K, used 198851K [0x0000000080000000, 0x0000000100000000)
  region size 1024K, 53 young (54272K), 5 survivors (5120K)
 Metaspace       used 159757K, committed 160704K, reserved 1245184K
  class space    used 21029K, committed 21440K, reserved 1048576K
}
Event: 150.894 GC heap after
{Heap after GC invocations=52 (full 0):
 garbage-first heap   total 234496K, used 156196K [0x0000000080000000, 0x0000000100000000)
  region size 1024K, 6 young (6144K), 6 survivors (6144K)
 Metaspace       used 159757K, committed 160704K, reserved 1245184K
  class space    used 21029K, committed 21440K, reserved 1048576K
}
Event: 151.151 GC heap before
{Heap before GC invocations=52 (full 0):
 garbage-first heap   total 234496K, used 201252K [0x0000000080000000, 0x0000000100000000)
  region size 1024K, 48 young (49152K), 6 survivors (6144K)
 Metaspace       used 160898K, committed 161792K, reserved 1245184K
  class space    used 21153K, committed 21568K, reserved 1048576K
}
Event: 151.156 GC heap after
{Heap after GC invocations=53 (full 0):
 garbage-first heap   total 234496K, used 165784K [0x0000000080000000, 0x0000000100000000)
  region size 1024K, 6 young (6144K), 6 survivors (6144K)
 Metaspace       used 160898K, committed 161792K, reserved 1245184K
  class space    used 21153K, committed 21568K, reserved 1048576K
}
Event: 151.244 GC heap before
{Heap before GC invocations=53 (full 0):
 garbage-first heap   total 234496K, used 201624K [0x0000000080000000, 0x0000000100000000)
  region size 1024K, 37 young (37888K), 6 survivors (6144K)
 Metaspace       used 160899K, committed 161792K, reserved 1245184K
  class space    used 21153K, committed 21568K, reserved 1048576K
}
Event: 151.250 GC heap after
{Heap after GC invocations=54 (full 0):
 garbage-first heap   total 234496K, used 172861K [0x0000000080000000, 0x0000000100000000)
  region size 1024K, 5 young (5120K), 5 survivors (5120K)
 Metaspace       used 160899K, committed 161792K, reserved 1245184K
  class space    used 21153K, committed 21568K, reserved 1048576K
}
Event: 151.349 GC heap before
{Heap before GC invocations=54 (full 0):
 garbage-first heap   total 234496K, used 202557K [0x0000000080000000, 0x0000000100000000)
  region size 1024K, 28 young (28672K), 5 survivors (5120K)
 Metaspace       used 160995K, committed 161920K, reserved 1245184K
  class space    used 21153K, committed 21568K, reserved 1048576K
}
Event: 151.353 GC heap after
{Heap after GC invocations=55 (full 0):
 garbage-first heap   total 234496K, used 185131K [0x0000000080000000, 0x0000000100000000)
  region size 1024K, 4 young (4096K), 4 survivors (4096K)
 Metaspace       used 160995K, committed 161920K, reserved 1245184K
  class space    used 21153K, committed 21568K, reserved 1048576K
}
Event: 151.442 GC heap before
{Heap before GC invocations=55 (full 0):
 garbage-first heap   total 234496K, used 201515K [0x0000000080000000, 0x0000000100000000)
  region size 1024K, 19 young (19456K), 4 survivors (4096K)
 Metaspace       used 161100K, committed 162112K, reserved 1245184K
  class space    used 21154K, committed 21632K, reserved 1048576K
}
Event: 151.448 GC heap after
{Heap after GC invocations=56 (full 0):
 garbage-first heap   total 336896K, used 188907K [0x0000000080000000, 0x0000000100000000)
  region size 1024K, 3 young (3072K), 3 survivors (3072K)
 Metaspace       used 161100K, committed 162112K, reserved 1245184K
  class space    used 21154K, committed 21632K, reserved 1048576K
}

