# JRE version: OpenJDK Runtime Environment (17.0.10) (build 17.0.10+0--11572160)
# Java VM: OpenJDK 64-Bit Server VM (17.0.10+0--11572160, mixed mode, tiered, compressed oops, compressed class ptrs, g1 gc, windows-amd64)
GC Precious Log:
 CPUs: 16 total, 16 available
 Memory: 14188M
 Large Page Support: Disabled
 NUMA Support: Disabled
 Compressed Oops: Enabled (32-bit)
 Heap Region Size: 1M
 Heap Min Capacity: 8M
 Heap Initial Capacity: 222M
 Heap Max Capacity: 2G
 Pre-touch: Disabled
 Parallel Workers: 13
 Concurrent Workers: 3
 Concurrent Refinement Workers: 13
 Periodic GC: Disabled
Heap:
 garbage-first heap   total 199680K, used 139235K [0x0000000080000000, 0x0000000100000000)
  region size 1024K, 43 young (44032K), 3 survivors (3072K)
 Metaspace       used 98347K, committed 99072K, reserved 1179648K
  class space    used 13671K, committed 14016K, reserved 1048576K
GC Heap History (20 events):
Event: 6.925 GC heap before
{Heap before GC invocations=30 (full 0):
 garbage-first heap   total 121856K, used 70782K [0x0000000080000000, 0x0000000100000000)
  region size 1024K, 14 young (14336K), 3 survivors (3072K)
 Metaspace       used 67090K, committed 67648K, reserved 1114112K
  class space    used 9200K, committed 9472K, reserved 1048576K
}
Event: 6.927 GC heap after
{Heap after GC invocations=31 (full 0):
 garbage-first heap   total 121856K, used 58562K [0x0000000080000000, 0x0000000100000000)
  region size 1024K, 3 young (3072K), 3 survivors (3072K)
 Metaspace       used 67090K, committed 67648K, reserved 1114112K
  class space    used 9200K, committed 9472K, reserved 1048576K
}
Event: 7.164 GC heap before
{Heap before GC invocations=32 (full 0):
 garbage-first heap   total 121856K, used 87234K [0x0000000080000000, 0x0000000100000000)
  region size 1024K, 30 young (30720K), 3 survivors (3072K)
 Metaspace       used 69109K, committed 69760K, reserved 1114112K
  class space    used 9478K, committed 9792K, reserved 1048576K
}
Event: 7.166 GC heap after
{Heap after GC invocations=33 (full 0):
 garbage-first heap   total 121856K, used 61054K [0x0000000080000000, 0x0000000100000000)
  region size 1024K, 2 young (2048K), 2 survivors (2048K)
 Metaspace       used 69109K, committed 69760K, reserved 1114112K
  class space    used 9478K, committed 9792K, reserved 1048576K
}
Event: 7.397 GC heap before
{Heap before GC invocations=33 (full 0):
 garbage-first heap   total 121856K, used 89726K [0x0000000080000000, 0x0000000100000000)
  region size 1024K, 30 young (30720K), 2 survivors (2048K)
 Metaspace       used 71165K, committed 71744K, reserved 1114112K
  class space    used 9748K, committed 10048K, reserved 1048576K
}
Event: 7.399 GC heap after
{Heap after GC invocations=34 (full 0):
 garbage-first heap   total 121856K, used 62268K [0x0000000080000000, 0x0000000100000000)
  region size 1024K, 3 young (3072K), 3 survivors (3072K)
 Metaspace       used 71165K, committed 71744K, reserved 1114112K
  class space    used 9748K, committed 10048K, reserved 1048576K
}
Event: 7.665 GC heap before
{Heap before GC invocations=35 (full 0):
 garbage-first heap   total 121856K, used 92988K [0x0000000080000000, 0x0000000100000000)
  region size 1024K, 33 young (33792K), 3 survivors (3072K)
 Metaspace       used 75067K, committed 75648K, reserved 1114112K
  class space    used 10288K, committed 10560K, reserved 1048576K
}
Event: 7.668 GC heap after
{Heap after GC invocations=36 (full 0):
 garbage-first heap   total 199680K, used 63474K [0x0000000080000000, 0x0000000100000000)
  region size 1024K, 3 young (3072K), 3 survivors (3072K)
 Metaspace       used 75067K, committed 75648K, reserved 1114112K
  class space    used 10288K, committed 10560K, reserved 1048576K
}
Event: 8.283 GC heap before
{Heap before GC invocations=36 (full 0):
 garbage-first heap   total 199680K, used 143346K [0x0000000080000000, 0x0000000100000000)
  region size 1024K, 80 young (81920K), 3 survivors (3072K)
 Metaspace       used 79479K, committed 80064K, reserved 1179648K
  class space    used 10975K, committed 11264K, reserved 1048576K
}
Event: 8.287 GC heap after
{Heap after GC invocations=37 (full 0):
 garbage-first heap   total 199680K, used 68119K [0x0000000080000000, 0x0000000100000000)
  region size 1024K, 8 young (8192K), 8 survivors (8192K)
 Metaspace       used 79479K, committed 80064K, reserved 1179648K
  class space    used 10975K, committed 11264K, reserved 1048576K
}
Event: 8.982 GC heap before
{Heap before GC invocations=37 (full 0):
 garbage-first heap   total 199680K, used 144919K [0x0000000080000000, 0x0000000100000000)
  region size 1024K, 83 young (84992K), 8 survivors (8192K)
 Metaspace       used 85429K, committed 86080K, reserved 1179648K
  class space    used 11916K, committed 12224K, reserved 1048576K
}
Event: 8.987 GC heap after
{Heap after GC invocations=38 (full 0):
 garbage-first heap   total 199680K, used 72327K [0x0000000080000000, 0x0000000100000000)
  region size 1024K, 9 young (9216K), 9 survivors (9216K)
 Metaspace       used 85429K, committed 86080K, reserved 1179648K
  class space    used 11916K, committed 12224K, reserved 1048576K
}
Event: 9.712 GC heap before
{Heap before GC invocations=38 (full 0):
 garbage-first heap   total 199680K, used 151175K [0x0000000080000000, 0x0000000100000000)
  region size 1024K, 86 young (88064K), 9 survivors (9216K)
 Metaspace       used 91758K, committed 92480K, reserved 1179648K
  class space    used 12842K, committed 13184K, reserved 1048576K
}
Event: 9.718 GC heap after
{Heap after GC invocations=39 (full 0):
 garbage-first heap   total 199680K, used 76938K [0x0000000080000000, 0x0000000100000000)
  region size 1024K, 9 young (9216K), 9 survivors (9216K)
 Metaspace       used 91758K, committed 92480K, reserved 1179648K
  class space    used 12842K, committed 13184K, reserved 1048576K
}
Event: 10.218 GC heap before
{Heap before GC invocations=39 (full 0):
 garbage-first heap   total 199680K, used 153738K [0x0000000080000000, 0x0000000100000000)
  region size 1024K, 85 young (87040K), 9 survivors (9216K)
 Metaspace       used 94594K, committed 95296K, reserved 1179648K
  class space    used 13312K, committed 13632K, reserved 1048576K
}
Event: 10.225 GC heap after
{Heap after GC invocations=40 (full 0):
 garbage-first heap   total 199680K, used 83422K [0x0000000080000000, 0x0000000100000000)
  region size 1024K, 11 young (11264K), 11 survivors (11264K)
 Metaspace       used 94594K, committed 95296K, reserved 1179648K
  class space    used 13312K, committed 13632K, reserved 1048576K
}
Event: 10.907 GC heap before
{Heap before GC invocations=40 (full 0):
 garbage-first heap   total 199680K, used 161246K [0x0000000080000000, 0x0000000100000000)
  region size 1024K, 83 young (84992K), 11 survivors (11264K)
 Metaspace       used 97923K, committed 98688K, reserved 1179648K
  class space    used 13631K, committed 14016K, reserved 1048576K
}
Event: 10.914 GC heap after
{Heap after GC invocations=41 (full 0):
 garbage-first heap   total 199680K, used 92366K [0x0000000080000000, 0x0000000100000000)
  region size 1024K, 11 young (11264K), 11 survivors (11264K)
 Metaspace       used 97923K, committed 98688K, reserved 1179648K
  class space    used 13631K, committed 14016K, reserved 1048576K
}
Event: 10.963 GC heap before
{Heap before GC invocations=41 (full 0):
 garbage-first heap   total 199680K, used 104654K [0x0000000080000000, 0x0000000100000000)
  region size 1024K, 18 young (18432K), 11 survivors (11264K)
 Metaspace       used 97969K, committed 98752K, reserved 1179648K
  class space    used 13631K, committed 14016K, reserved 1048576K
}
Event: 10.967 GC heap after
{Heap after GC invocations=42 (full 0):
 garbage-first heap   total 199680K, used 98275K [0x0000000080000000, 0x0000000100000000)
  region size 1024K, 3 young (3072K), 3 survivors (3072K)
 Metaspace       used 97969K, committed 98752K, reserved 1179648K
  class space    used 13631K, committed 14016K, reserved 1048576K
}

