# JRE version: OpenJDK Runtime Environment (17.0.10) (build 17.0.10+0--11572160)
# Java VM: OpenJDK 64-Bit Server VM (17.0.10+0--11572160, mixed mode, tiered, compressed oops, compressed class ptrs, g1 gc, windows-amd64)
GC Precious Log:
 CPUs: 16 total, 16 available
 Memory: 14188M
 Large Page Support: Disabled
 NUMA Support: Disabled
 Compressed Oops: Enabled (32-bit)
 Heap Region Size: 1M
 Heap Min Capacity: 8M
 Heap Initial Capacity: 222M
 Heap Max Capacity: 2G
 Pre-touch: Disabled
 Parallel Workers: 13
 Concurrent Workers: 3
 Concurrent Refinement Workers: 13
 Periodic GC: Disabled
Heap:
 garbage-first heap   total 336896K, used 263789K [0x0000000080000000, 0x0000000100000000)
  region size 1024K, 5 young (5120K), 5 survivors (5120K)
 Metaspace       used 127221K, committed 128256K, reserved 1179648K
  class space    used 17492K, committed 17984K, reserved 1048576K
GC Heap History (20 events):
Event: 12.553 GC heap after
{Heap after GC invocations=45 (full 0):
 garbage-first heap   total 325632K, used 87546K [0x0000000080000000, 0x0000000100000000)
  region size 1024K, 7 young (7168K), 7 survivors (7168K)
 Metaspace       used 103610K, committed 104320K, reserved 1179648K
  class space    used 14319K, committed 14656K, reserved 1048576K
}
Event: 13.975 GC heap before
{Heap before GC invocations=45 (full 0):
 garbage-first heap   total 325632K, used 264698K [0x0000000080000000, 0x0000000100000000)
  region size 1024K, 181 young (185344K), 7 survivors (7168K)
 Metaspace       used 109306K, committed 110144K, reserved 1179648K
  class space    used 15040K, committed 15488K, reserved 1048576K
}
Event: 13.985 GC heap after
{Heap after GC invocations=46 (full 0):
 garbage-first heap   total 325632K, used 95725K [0x0000000080000000, 0x0000000100000000)
  region size 1024K, 15 young (15360K), 15 survivors (15360K)
 Metaspace       used 109306K, committed 110144K, reserved 1179648K
  class space    used 15040K, committed 15488K, reserved 1048576K
}
Event: 16.485 GC heap before
{Heap before GC invocations=46 (full 0):
 garbage-first heap   total 325632K, used 285165K [0x0000000080000000, 0x0000000100000000)
  region size 1024K, 180 young (184320K), 15 survivors (15360K)
 Metaspace       used 112259K, committed 113088K, reserved 1179648K
  class space    used 15399K, committed 15808K, reserved 1048576K
}
Event: 16.496 GC heap after
{Heap after GC invocations=47 (full 0):
 garbage-first heap   total 325632K, used 126074K [0x0000000080000000, 0x0000000100000000)
  region size 1024K, 19 young (19456K), 19 survivors (19456K)
 Metaspace       used 112259K, committed 113088K, reserved 1179648K
  class space    used 15399K, committed 15808K, reserved 1048576K
}
Event: 130.771 GC heap before
{Heap before GC invocations=47 (full 0):
 garbage-first heap   total 325632K, used 291962K [0x0000000080000000, 0x0000000100000000)
  region size 1024K, 157 young (160768K), 19 survivors (19456K)
 Metaspace       used 114144K, committed 115008K, reserved 1179648K
  class space    used 15590K, committed 16000K, reserved 1048576K
}
Event: 130.790 GC heap after
{Heap after GC invocations=48 (full 0):
 garbage-first heap   total 336896K, used 129310K [0x0000000080000000, 0x0000000100000000)
  region size 1024K, 20 young (20480K), 20 survivors (20480K)
 Metaspace       used 114144K, committed 115008K, reserved 1179648K
  class space    used 15590K, committed 16000K, reserved 1048576K
}
Event: 131.823 GC heap before
{Heap before GC invocations=48 (full 0):
 garbage-first heap   total 336896K, used 284958K [0x0000000080000000, 0x0000000100000000)
  region size 1024K, 148 young (151552K), 20 survivors (20480K)
 Metaspace       used 116259K, committed 117184K, reserved 1179648K
  class space    used 15769K, committed 16192K, reserved 1048576K
}
Event: 131.841 GC heap after
{Heap after GC invocations=49 (full 0):
 garbage-first heap   total 336896K, used 150773K [0x0000000080000000, 0x0000000100000000)
  region size 1024K, 19 young (19456K), 19 survivors (19456K)
 Metaspace       used 116259K, committed 117184K, reserved 1179648K
  class space    used 15769K, committed 16192K, reserved 1048576K
}
Event: 132.164 GC heap before
{Heap before GC invocations=49 (full 0):
 garbage-first heap   total 336896K, used 259317K [0x0000000080000000, 0x0000000100000000)
  region size 1024K, 126 young (129024K), 19 survivors (19456K)
 Metaspace       used 117759K, committed 118592K, reserved 1179648K
  class space    used 15903K, committed 16320K, reserved 1048576K
}
Event: 132.174 GC heap after
{Heap after GC invocations=50 (full 0):
 garbage-first heap   total 336896K, used 155322K [0x0000000080000000, 0x0000000100000000)
  region size 1024K, 10 young (10240K), 10 survivors (10240K)
 Metaspace       used 117759K, committed 118592K, reserved 1179648K
  class space    used 15903K, committed 16320K, reserved 1048576K
}
Event: 133.172 GC heap before
{Heap before GC invocations=50 (full 0):
 garbage-first heap   total 336896K, used 275130K [0x0000000080000000, 0x0000000100000000)
  region size 1024K, 117 young (119808K), 10 survivors (10240K)
 Metaspace       used 121316K, committed 122368K, reserved 1179648K
  class space    used 16376K, committed 16896K, reserved 1048576K
}
Event: 133.181 GC heap after
{Heap after GC invocations=51 (full 0):
 garbage-first heap   total 336896K, used 173800K [0x0000000080000000, 0x0000000100000000)
  region size 1024K, 13 young (13312K), 13 survivors (13312K)
 Metaspace       used 121316K, committed 122368K, reserved 1179648K
  class space    used 16376K, committed 16896K, reserved 1048576K
}
Event: 133.754 GC heap before
{Heap before GC invocations=51 (full 0):
 garbage-first heap   total 336896K, used 297704K [0x0000000080000000, 0x0000000100000000)
  region size 1024K, 104 young (106496K), 13 survivors (13312K)
 Metaspace       used 124850K, committed 125888K, reserved 1179648K
  class space    used 16945K, committed 17472K, reserved 1048576K
}
Event: 133.767 GC heap after
{Heap after GC invocations=52 (full 0):
 garbage-first heap   total 336896K, used 206541K [0x0000000080000000, 0x0000000100000000)
  region size 1024K, 13 young (13312K), 13 survivors (13312K)
 Metaspace       used 124850K, committed 125888K, reserved 1179648K
  class space    used 16945K, committed 17472K, reserved 1048576K
}
Event: 133.988 GC heap before
{Heap before GC invocations=52 (full 0):
 garbage-first heap   total 336896K, used 265933K [0x0000000080000000, 0x0000000100000000)
  region size 1024K, 71 young (72704K), 13 survivors (13312K)
 Metaspace       used 126975K, committed 128064K, reserved 1179648K
  class space    used 17471K, committed 17984K, reserved 1048576K
}
Event: 134.006 GC heap after
{Heap after GC invocations=53 (full 0):
 garbage-first heap   total 336896K, used 228639K [0x0000000080000000, 0x0000000100000000)
  region size 1024K, 9 young (9216K), 9 survivors (9216K)
 Metaspace       used 126975K, committed 128064K, reserved 1179648K
  class space    used 17471K, committed 17984K, reserved 1048576K
}
Event: 134.072 GC heap before
{Heap before GC invocations=53 (full 0):
 garbage-first heap   total 336896K, used 268575K [0x0000000080000000, 0x0000000100000000)
  region size 1024K, 49 young (50176K), 9 survivors (9216K)
 Metaspace       used 127032K, committed 128064K, reserved 1179648K
  class space    used 17473K, committed 17984K, reserved 1048576K
}
Event: 134.087 GC heap after
{Heap after GC invocations=54 (full 0):
 garbage-first heap   total 336896K, used 249856K [0x0000000080000000, 0x0000000100000000)
  region size 1024K, 7 young (7168K), 7 survivors (7168K)
 Metaspace       used 127032K, committed 128064K, reserved 1179648K
  class space    used 17473K, committed 17984K, reserved 1048576K
}
Event: 134.134 GC heap before
{Heap before GC invocations=54 (full 0):
 garbage-first heap   total 336896K, used 276480K [0x0000000080000000, 0x0000000100000000)
  region size 1024K, 33 young (33792K), 7 survivors (7168K)
 Metaspace       used 127221K, committed 128256K, reserved 1179648K
  class space    used 17492K, committed 17984K, reserved 1048576K
}

