# JRE version: OpenJDK Runtime Environment (17.0.10) (build 17.0.10+0--11572160)
# Java VM: OpenJDK 64-Bit Server VM (17.0.10+0--11572160, mixed mode, tiered, compressed oops, compressed class ptrs, g1 gc, windows-amd64)
GC Precious Log:
 CPUs: 16 total, 16 available
 Memory: 14188M
 Large Page Support: Disabled
 NUMA Support: Disabled
 Compressed Oops: Enabled (32-bit)
 Heap Region Size: 1M
 Heap Min Capacity: 8M
 Heap Initial Capacity: 222M
 Heap Max Capacity: 2G
 Pre-touch: Disabled
 Parallel Workers: 13
 Concurrent Workers: 3
 Concurrent Refinement Workers: 13
 Periodic GC: Disabled
Heap:
 garbage-first heap   total 227328K, used 108880K [0x0000000080000000, 0x0000000100000000)
  region size 1024K, 4 young (4096K), 4 survivors (4096K)
 Metaspace       used 98579K, committed 99328K, reserved 1179648K
  class space    used 13714K, committed 14080K, reserved 1048576K
GC Heap History (20 events):
Event: 14.006 GC heap after
{Heap after GC invocations=30 (full 0):
 garbage-first heap   total 150528K, used 71785K [0x0000000080000000, 0x0000000100000000)
  region size 1024K, 5 young (5120K), 5 survivors (5120K)
 Metaspace       used 85262K, committed 86016K, reserved 1179648K
  class space    used 11877K, committed 12224K, reserved 1048576K
}
Event: 14.651 GC heap before
{Heap before GC invocations=31 (full 0):
 garbage-first heap   total 150528K, used 120937K [0x0000000080000000, 0x0000000100000000)
  region size 1024K, 53 young (54272K), 5 survivors (5120K)
 Metaspace       used 88743K, committed 89472K, reserved 1179648K
  class space    used 12420K, committed 12736K, reserved 1048576K
}
Event: 14.655 GC heap after
{Heap after GC invocations=32 (full 0):
 garbage-first heap   total 150528K, used 74635K [0x0000000080000000, 0x0000000100000000)
  region size 1024K, 6 young (6144K), 6 survivors (6144K)
 Metaspace       used 88743K, committed 89472K, reserved 1179648K
  class space    used 12420K, committed 12736K, reserved 1048576K
}
Event: 14.669 GC heap before
{Heap before GC invocations=32 (full 0):
 garbage-first heap   total 150528K, used 75659K [0x0000000080000000, 0x0000000100000000)
  region size 1024K, 7 young (7168K), 6 survivors (6144K)
 Metaspace       used 88806K, committed 89472K, reserved 1179648K
  class space    used 12435K, committed 12736K, reserved 1048576K
}
Event: 14.673 GC heap after
{Heap after GC invocations=33 (full 0):
 garbage-first heap   total 150528K, used 73619K [0x0000000080000000, 0x0000000100000000)
  region size 1024K, 1 young (1024K), 1 survivors (1024K)
 Metaspace       used 88806K, committed 89472K, reserved 1179648K
  class space    used 12435K, committed 12736K, reserved 1048576K
}
Event: 15.431 GC heap before
{Heap before GC invocations=33 (full 0):
 garbage-first heap   total 150528K, used 122771K [0x0000000080000000, 0x0000000100000000)
  region size 1024K, 49 young (50176K), 1 survivors (1024K)
 Metaspace       used 92572K, committed 93312K, reserved 1179648K
  class space    used 12953K, committed 13248K, reserved 1048576K
}
Event: 15.434 GC heap after
{Heap after GC invocations=34 (full 0):
 garbage-first heap   total 150528K, used 76569K [0x0000000080000000, 0x0000000100000000)
  region size 1024K, 4 young (4096K), 4 survivors (4096K)
 Metaspace       used 92572K, committed 93312K, reserved 1179648K
  class space    used 12953K, committed 13248K, reserved 1048576K
}
Event: 16.131 GC heap before
{Heap before GC invocations=35 (full 0):
 garbage-first heap   total 150528K, used 121625K [0x0000000080000000, 0x0000000100000000)
  region size 1024K, 49 young (50176K), 4 survivors (4096K)
 Metaspace       used 94982K, committed 95744K, reserved 1179648K
  class space    used 13334K, committed 13696K, reserved 1048576K
}
Event: 16.138 GC heap after
{Heap after GC invocations=36 (full 0):
 garbage-first heap   total 150528K, used 83301K [0x0000000080000000, 0x0000000100000000)
  region size 1024K, 7 young (7168K), 7 survivors (7168K)
 Metaspace       used 94982K, committed 95744K, reserved 1179648K
  class space    used 13334K, committed 13696K, reserved 1048576K
}
Event: 16.141 GC heap before
{Heap before GC invocations=36 (full 0):
 garbage-first heap   total 150528K, used 84325K [0x0000000080000000, 0x0000000100000000)
  region size 1024K, 8 young (8192K), 7 survivors (7168K)
 Metaspace       used 95002K, committed 95744K, reserved 1179648K
  class space    used 13343K, committed 13696K, reserved 1048576K
}
Event: 16.145 GC heap after
{Heap after GC invocations=37 (full 0):
 garbage-first heap   total 150528K, used 83530K [0x0000000080000000, 0x0000000100000000)
  region size 1024K, 1 young (1024K), 1 survivors (1024K)
 Metaspace       used 95002K, committed 95744K, reserved 1179648K
  class space    used 13343K, committed 13696K, reserved 1048576K
}
Event: 16.242 GC heap before
{Heap before GC invocations=37 (full 0):
 garbage-first heap   total 150528K, used 121418K [0x0000000080000000, 0x0000000100000000)
  region size 1024K, 39 young (39936K), 1 survivors (1024K)
 Metaspace       used 95152K, committed 95872K, reserved 1179648K
  class space    used 13371K, committed 13696K, reserved 1048576K
}
Event: 16.245 GC heap after
{Heap after GC invocations=38 (full 0):
 garbage-first heap   total 150528K, used 85629K [0x0000000080000000, 0x0000000100000000)
  region size 1024K, 4 young (4096K), 4 survivors (4096K)
 Metaspace       used 95152K, committed 95872K, reserved 1179648K
  class space    used 13371K, committed 13696K, reserved 1048576K
}
Event: 16.350 GC heap before
{Heap before GC invocations=38 (full 0):
 garbage-first heap   total 150528K, used 121469K [0x0000000080000000, 0x0000000100000000)
  region size 1024K, 40 young (40960K), 4 survivors (4096K)
 Metaspace       used 95216K, committed 95936K, reserved 1179648K
  class space    used 13371K, committed 13696K, reserved 1048576K
}
Event: 16.352 GC heap after
{Heap after GC invocations=39 (full 0):
 garbage-first heap   total 150528K, used 86683K [0x0000000080000000, 0x0000000100000000)
  region size 1024K, 4 young (4096K), 4 survivors (4096K)
 Metaspace       used 95216K, committed 95936K, reserved 1179648K
  class space    used 13371K, committed 13696K, reserved 1048576K
}
Event: 16.738 GC heap before
{Heap before GC invocations=39 (full 0):
 garbage-first heap   total 150528K, used 127643K [0x0000000080000000, 0x0000000100000000)
  region size 1024K, 40 young (40960K), 4 survivors (4096K)
 Metaspace       used 96728K, committed 97536K, reserved 1179648K
  class space    used 13525K, committed 13888K, reserved 1048576K
}
Event: 16.741 GC heap after
{Heap after GC invocations=40 (full 0):
 garbage-first heap   total 150528K, used 87787K [0x0000000080000000, 0x0000000100000000)
  region size 1024K, 4 young (4096K), 4 survivors (4096K)
 Metaspace       used 96728K, committed 97536K, reserved 1179648K
  class space    used 13525K, committed 13888K, reserved 1048576K
}
Event: 17.215 GC heap before
{Heap before GC invocations=40 (full 0):
 garbage-first heap   total 150528K, used 124651K [0x0000000080000000, 0x0000000100000000)
  region size 1024K, 38 young (38912K), 4 survivors (4096K)
 Metaspace       used 97656K, committed 98432K, reserved 1179648K
  class space    used 13605K, committed 13952K, reserved 1048576K
}
Event: 17.220 GC heap after
{Heap after GC invocations=41 (full 0):
 garbage-first heap   total 150528K, used 96697K [0x0000000080000000, 0x0000000100000000)
  region size 1024K, 5 young (5120K), 5 survivors (5120K)
 Metaspace       used 97656K, committed 98432K, reserved 1179648K
  class space    used 13605K, committed 13952K, reserved 1048576K
}
Event: 17.544 GC heap before
{Heap before GC invocations=41 (full 0):
 garbage-first heap   total 150528K, used 117177K [0x0000000080000000, 0x0000000100000000)
  region size 1024K, 26 young (26624K), 5 survivors (5120K)
 Metaspace       used 98579K, committed 99328K, reserved 1179648K
  class space    used 13714K, committed 14080K, reserved 1048576K
}

