# JRE version: OpenJDK Runtime Environment (17.0.10) (build 17.0.10+0--11572160)
# Java VM: OpenJDK 64-Bit Server VM (17.0.10+0--11572160, mixed mode, tiered, compressed oops, compressed class ptrs, g1 gc, windows-amd64)
GC Precious Log:
 CPUs: 16 total, 16 available
 Memory: 14188M
 Large Page Support: Disabled
 NUMA Support: Disabled
 Compressed Oops: Enabled (32-bit)
 Heap Region Size: 1M
 Heap Min Capacity: 8M
 Heap Initial Capacity: 222M
 Heap Max Capacity: 2G
 Pre-touch: Disabled
 Parallel Workers: 13
 Concurrent Workers: 3
 Concurrent Refinement Workers: 13
 Periodic GC: Disabled
Heap:
 garbage-first heap   total 345088K, used 224689K [0x0000000080000000, 0x0000000100000000)
  region size 1024K, 10 young (10240K), 10 survivors (10240K)
 Metaspace       used 119268K, committed 120128K, reserved 1179648K
  class space    used 17285K, committed 17664K, reserved 1048576K
GC Heap History (20 events):
Event: 12.707 GC heap after
{Heap after GC invocations=41 (full 0):
 garbage-first heap   total 188416K, used 135306K [0x0000000080000000, 0x0000000100000000)
  region size 1024K, 5 young (5120K), 5 survivors (5120K)
 Metaspace       used 99511K, committed 100224K, reserved 1179648K
  class space    used 13798K, committed 14144K, reserved 1048576K
}
Event: 12.973 GC heap before
{Heap before GC invocations=41 (full 0):
 garbage-first heap   total 188416K, used 161930K [0x0000000080000000, 0x0000000100000000)
  region size 1024K, 22 young (22528K), 5 survivors (5120K)
 Metaspace       used 101103K, committed 101888K, reserved 1179648K
  class space    used 13975K, committed 14336K, reserved 1048576K
}
Event: 12.978 GC heap after
{Heap after GC invocations=42 (full 0):
 garbage-first heap   total 188416K, used 129617K [0x0000000080000000, 0x0000000100000000)
  region size 1024K, 2 young (2048K), 2 survivors (2048K)
 Metaspace       used 101103K, committed 101888K, reserved 1179648K
  class space    used 13975K, committed 14336K, reserved 1048576K
}
Event: 13.150 GC heap before
{Heap before GC invocations=42 (full 0):
 garbage-first heap   total 188416K, used 151121K [0x0000000080000000, 0x0000000100000000)
  region size 1024K, 24 young (24576K), 2 survivors (2048K)
 Metaspace       used 102953K, committed 103680K, reserved 1179648K
  class space    used 14168K, committed 14528K, reserved 1048576K
}
Event: 13.152 GC heap after
{Heap after GC invocations=43 (full 0):
 garbage-first heap   total 188416K, used 129512K [0x0000000080000000, 0x0000000100000000)
  region size 1024K, 2 young (2048K), 2 survivors (2048K)
 Metaspace       used 102953K, committed 103680K, reserved 1179648K
  class space    used 14168K, committed 14528K, reserved 1048576K
}
Event: 13.230 GC heap before
{Heap before GC invocations=43 (full 0):
 garbage-first heap   total 188416K, used 153064K [0x0000000080000000, 0x0000000100000000)
  region size 1024K, 26 young (26624K), 2 survivors (2048K)
 Metaspace       used 103025K, committed 103808K, reserved 1179648K
  class space    used 14170K, committed 14592K, reserved 1048576K
}
Event: 13.234 GC heap after
{Heap after GC invocations=44 (full 0):
 garbage-first heap   total 345088K, used 132036K [0x0000000080000000, 0x0000000100000000)
  region size 1024K, 4 young (4096K), 4 survivors (4096K)
 Metaspace       used 103025K, committed 103808K, reserved 1179648K
  class space    used 14170K, committed 14592K, reserved 1048576K
}
Event: 13.935 GC heap before
{Heap before GC invocations=44 (full 0):
 garbage-first heap   total 345088K, used 276420K [0x0000000080000000, 0x0000000100000000)
  region size 1024K, 146 young (149504K), 4 survivors (4096K)
 Metaspace       used 104114K, committed 104832K, reserved 1179648K
  class space    used 14284K, committed 14656K, reserved 1048576K
}
Event: 13.941 GC heap after
{Heap after GC invocations=45 (full 0):
 garbage-first heap   total 345088K, used 138185K [0x0000000080000000, 0x0000000100000000)
  region size 1024K, 10 young (10240K), 10 survivors (10240K)
 Metaspace       used 104114K, committed 104832K, reserved 1179648K
  class space    used 14284K, committed 14656K, reserved 1048576K
}
Event: 14.371 GC heap before
{Heap before GC invocations=45 (full 0):
 garbage-first heap   total 345088K, used 274377K [0x0000000080000000, 0x0000000100000000)
  region size 1024K, 144 young (147456K), 10 survivors (10240K)
 Metaspace       used 105605K, committed 106368K, reserved 1179648K
  class space    used 14547K, committed 14912K, reserved 1048576K
}
Event: 14.379 GC heap after
{Heap after GC invocations=46 (full 0):
 garbage-first heap   total 345088K, used 152899K [0x0000000080000000, 0x0000000100000000)
  region size 1024K, 18 young (18432K), 18 survivors (18432K)
 Metaspace       used 105605K, committed 106368K, reserved 1179648K
  class space    used 14547K, committed 14912K, reserved 1048576K
}
Event: 15.051 GC heap before
{Heap before GC invocations=46 (full 0):
 garbage-first heap   total 345088K, used 270659K [0x0000000080000000, 0x0000000100000000)
  region size 1024K, 134 young (137216K), 18 survivors (18432K)
 Metaspace       used 110771K, committed 111616K, reserved 1179648K
  class space    used 15410K, committed 15808K, reserved 1048576K
}
Event: 15.066 GC heap after
{Heap after GC invocations=47 (full 0):
 garbage-first heap   total 345088K, used 171714K [0x0000000080000000, 0x0000000100000000)
  region size 1024K, 17 young (17408K), 17 survivors (17408K)
 Metaspace       used 110771K, committed 111616K, reserved 1179648K
  class space    used 15410K, committed 15808K, reserved 1048576K
}
Event: 15.465 GC heap before
{Heap before GC invocations=47 (full 0):
 garbage-first heap   total 345088K, used 270018K [0x0000000080000000, 0x0000000100000000)
  region size 1024K, 114 young (116736K), 17 survivors (17408K)
 Metaspace       used 114569K, committed 115392K, reserved 1179648K
  class space    used 16117K, committed 16512K, reserved 1048576K
}
Event: 15.482 GC heap after
{Heap after GC invocations=48 (full 0):
 garbage-first heap   total 345088K, used 187645K [0x0000000080000000, 0x0000000100000000)
  region size 1024K, 15 young (15360K), 15 survivors (15360K)
 Metaspace       used 114569K, committed 115392K, reserved 1179648K
  class space    used 16117K, committed 16512K, reserved 1048576K
}
Event: 15.602 GC heap before
{Heap before GC invocations=48 (full 0):
 garbage-first heap   total 345088K, used 272637K [0x0000000080000000, 0x0000000100000000)
  region size 1024K, 99 young (101376K), 15 survivors (15360K)
 Metaspace       used 115454K, committed 116288K, reserved 1179648K
  class space    used 16241K, committed 16640K, reserved 1048576K
}
Event: 15.616 GC heap after
{Heap after GC invocations=49 (full 0):
 garbage-first heap   total 345088K, used 202345K [0x0000000080000000, 0x0000000100000000)
  region size 1024K, 13 young (13312K), 13 survivors (13312K)
 Metaspace       used 115454K, committed 116288K, reserved 1179648K
  class space    used 16241K, committed 16640K, reserved 1048576K
}
Event: 15.892 GC heap before
{Heap before GC invocations=49 (full 0):
 garbage-first heap   total 345088K, used 276073K [0x0000000080000000, 0x0000000100000000)
  region size 1024K, 86 young (88064K), 13 survivors (13312K)
 Metaspace       used 118668K, committed 119488K, reserved 1179648K
  class space    used 17163K, committed 17536K, reserved 1048576K
}
Event: 15.904 GC heap after
{Heap after GC invocations=50 (full 0):
 garbage-first heap   total 345088K, used 214553K [0x0000000080000000, 0x0000000100000000)
  region size 1024K, 11 young (11264K), 11 survivors (11264K)
 Metaspace       used 118668K, committed 119488K, reserved 1179648K
  class space    used 17163K, committed 17536K, reserved 1048576K
}
Event: 15.990 GC heap before
{Heap before GC invocations=50 (full 0):
 garbage-first heap   total 345088K, used 282137K [0x0000000080000000, 0x0000000100000000)
  region size 1024K, 77 young (78848K), 11 survivors (11264K)
 Metaspace       used 119268K, committed 120128K, reserved 1179648K
  class space    used 17285K, committed 17664K, reserved 1048576K
}

