# JRE version: OpenJDK Runtime Environment (17.0.10) (build 17.0.10+0--11572160)
# Java VM: OpenJDK 64-Bit Server VM (17.0.10+0--11572160, mixed mode, tiered, compressed oops, compressed class ptrs, g1 gc, windows-amd64)
GC Precious Log:
 CPUs: 16 total, 16 available
 Memory: 14188M
 Large Page Support: Disabled
 NUMA Support: Disabled
 Compressed Oops: Enabled (32-bit)
 Heap Region Size: 1M
 Heap Min Capacity: 8M
 Heap Initial Capacity: 222M
 Heap Max Capacity: 2G
 Pre-touch: Disabled
 Parallel Workers: 13
 Concurrent Workers: 3
 Concurrent Refinement Workers: 13
 Periodic GC: Disabled
Heap:
 garbage-first heap   total 301056K, used 226867K [0x0000000080000000, 0x0000000100000000)
  region size 1024K, 5 young (5120K), 5 survivors (5120K)
 Metaspace       used 125618K, committed 126528K, reserved 1179648K
  class space    used 17302K, committed 17728K, reserved 1048576K
GC Heap History (20 events):
Event: 16.800 GC heap after
{Heap after GC invocations=44 (full 0):
 garbage-first heap   total 301056K, used 165019K [0x0000000080000000, 0x0000000100000000)
  region size 1024K, 9 young (9216K), 9 survivors (9216K)
 Metaspace       used 111997K, committed 112896K, reserved 1179648K
  class space    used 15098K, committed 15552K, reserved 1048576K
}
Event: 17.188 GC heap before
{Heap before GC invocations=44 (full 0):
 garbage-first heap   total 301056K, used 244891K [0x0000000080000000, 0x0000000100000000)
  region size 1024K, 88 young (90112K), 9 survivors (9216K)
 Metaspace       used 112807K, committed 113664K, reserved 1179648K
  class space    used 15199K, committed 15616K, reserved 1048576K
}
Event: 17.193 GC heap after
{Heap after GC invocations=45 (full 0):
 garbage-first heap   total 301056K, used 167595K [0x0000000080000000, 0x0000000100000000)
  region size 1024K, 5 young (5120K), 5 survivors (5120K)
 Metaspace       used 112807K, committed 113664K, reserved 1179648K
  class space    used 15199K, committed 15616K, reserved 1048576K
}
Event: 17.854 GC heap before
{Heap before GC invocations=45 (full 0):
 garbage-first heap   total 301056K, used 247467K [0x0000000080000000, 0x0000000100000000)
  region size 1024K, 84 young (86016K), 5 survivors (5120K)
 Metaspace       used 114602K, committed 115520K, reserved 1179648K
  class space    used 15402K, committed 15872K, reserved 1048576K
}
Event: 17.859 GC heap after
{Heap after GC invocations=46 (full 0):
 garbage-first heap   total 301056K, used 171263K [0x0000000080000000, 0x0000000100000000)
  region size 1024K, 9 young (9216K), 9 survivors (9216K)
 Metaspace       used 114602K, committed 115520K, reserved 1179648K
  class space    used 15402K, committed 15872K, reserved 1048576K
}
Event: 18.145 GC heap before
{Heap before GC invocations=46 (full 0):
 garbage-first heap   total 301056K, used 247039K [0x0000000080000000, 0x0000000100000000)
  region size 1024K, 84 young (86016K), 9 survivors (9216K)
 Metaspace       used 115040K, committed 115904K, reserved 1179648K
  class space    used 15451K, committed 15872K, reserved 1048576K
}
Event: 18.150 GC heap after
{Heap after GC invocations=47 (full 0):
 garbage-first heap   total 301056K, used 173489K [0x0000000080000000, 0x0000000100000000)
  region size 1024K, 5 young (5120K), 5 survivors (5120K)
 Metaspace       used 115040K, committed 115904K, reserved 1179648K
  class space    used 15451K, committed 15872K, reserved 1048576K
}
Event: 18.447 GC heap before
{Heap before GC invocations=47 (full 0):
 garbage-first heap   total 301056K, used 249265K [0x0000000080000000, 0x0000000100000000)
  region size 1024K, 80 young (81920K), 5 survivors (5120K)
 Metaspace       used 116321K, committed 117184K, reserved 1179648K
  class space    used 15690K, committed 16128K, reserved 1048576K
}
Event: 18.452 GC heap after
{Heap after GC invocations=48 (full 0):
 garbage-first heap   total 301056K, used 178998K [0x0000000080000000, 0x0000000100000000)
  region size 1024K, 10 young (10240K), 10 survivors (10240K)
 Metaspace       used 116321K, committed 117184K, reserved 1179648K
  class space    used 15690K, committed 16128K, reserved 1048576K
}
Event: 18.610 GC heap before
{Heap before GC invocations=48 (full 0):
 garbage-first heap   total 301056K, used 248630K [0x0000000080000000, 0x0000000100000000)
  region size 1024K, 79 young (80896K), 10 survivors (10240K)
 Metaspace       used 117277K, committed 118144K, reserved 1179648K
  class space    used 15836K, committed 16256K, reserved 1048576K
}
Event: 18.615 GC heap after
{Heap after GC invocations=49 (full 0):
 garbage-first heap   total 301056K, used 189937K [0x0000000080000000, 0x0000000100000000)
  region size 1024K, 10 young (10240K), 10 survivors (10240K)
 Metaspace       used 117277K, committed 118144K, reserved 1179648K
  class space    used 15836K, committed 16256K, reserved 1048576K
}
Event: 19.015 GC heap before
{Heap before GC invocations=49 (full 0):
 garbage-first heap   total 301056K, used 247281K [0x0000000080000000, 0x0000000100000000)
  region size 1024K, 67 young (68608K), 10 survivors (10240K)
 Metaspace       used 121345K, committed 122240K, reserved 1179648K
  class space    used 16548K, committed 16960K, reserved 1048576K
}
Event: 19.022 GC heap after
{Heap after GC invocations=50 (full 0):
 garbage-first heap   total 301056K, used 198191K [0x0000000080000000, 0x0000000100000000)
  region size 1024K, 8 young (8192K), 8 survivors (8192K)
 Metaspace       used 121345K, committed 122240K, reserved 1179648K
  class space    used 16548K, committed 16960K, reserved 1048576K
}
Event: 19.151 GC heap before
{Heap before GC invocations=50 (full 0):
 garbage-first heap   total 301056K, used 248367K [0x0000000080000000, 0x0000000100000000)
  region size 1024K, 58 young (59392K), 8 survivors (8192K)
 Metaspace       used 121989K, committed 122880K, reserved 1179648K
  class space    used 16643K, committed 17088K, reserved 1048576K
}
Event: 19.160 GC heap after
{Heap after GC invocations=51 (full 0):
 garbage-first heap   total 301056K, used 208582K [0x0000000080000000, 0x0000000100000000)
  region size 1024K, 8 young (8192K), 8 survivors (8192K)
 Metaspace       used 121989K, committed 122880K, reserved 1179648K
  class space    used 16643K, committed 17088K, reserved 1048576K
}
Event: 19.287 GC heap before
{Heap before GC invocations=51 (full 0):
 garbage-first heap   total 301056K, used 249542K [0x0000000080000000, 0x0000000100000000)
  region size 1024K, 48 young (49152K), 8 survivors (8192K)
 Metaspace       used 123065K, committed 123968K, reserved 1179648K
  class space    used 16893K, committed 17344K, reserved 1048576K
}
Event: 19.295 GC heap after
{Heap after GC invocations=52 (full 0):
 garbage-first heap   total 301056K, used 216188K [0x0000000080000000, 0x0000000100000000)
  region size 1024K, 6 young (6144K), 6 survivors (6144K)
 Metaspace       used 123065K, committed 123968K, reserved 1179648K
  class space    used 16893K, committed 17344K, reserved 1048576K
}
Event: 19.471 GC heap before
{Heap before GC invocations=52 (full 0):
 garbage-first heap   total 301056K, used 251004K [0x0000000080000000, 0x0000000100000000)
  region size 1024K, 41 young (41984K), 6 survivors (6144K)
 Metaspace       used 125412K, committed 126336K, reserved 1179648K
  class space    used 17286K, committed 17728K, reserved 1048576K
}
Event: 19.479 GC heap after
{Heap after GC invocations=53 (full 0):
 garbage-first heap   total 301056K, used 221292K [0x0000000080000000, 0x0000000100000000)
  region size 1024K, 5 young (5120K), 5 survivors (5120K)
 Metaspace       used 125412K, committed 126336K, reserved 1179648K
  class space    used 17286K, committed 17728K, reserved 1048576K
}
Event: 19.521 GC heap before
{Heap before GC invocations=53 (full 0):
 garbage-first heap   total 301056K, used 253036K [0x0000000080000000, 0x0000000100000000)
  region size 1024K, 37 young (37888K), 5 survivors (5120K)
 Metaspace       used 125618K, committed 126528K, reserved 1179648K
  class space    used 17302K, committed 17728K, reserved 1048576K
}

