# JRE version: OpenJDK Runtime Environment (17.0.10) (build 17.0.10+0--11572160)
# Java VM: OpenJDK 64-Bit Server VM (17.0.10+0--11572160, mixed mode, tiered, compressed oops, compressed class ptrs, g1 gc, windows-amd64)
GC Precious Log:
 CPUs: 16 total, 16 available
 Memory: 14188M
 Large Page Support: Disabled
 NUMA Support: Disabled
 Compressed Oops: Enabled (32-bit)
 Heap Region Size: 1M
 Heap Min Capacity: 8M
 Heap Initial Capacity: 222M
 Heap Max Capacity: 2G
 Pre-touch: Disabled
 Parallel Workers: 13
 Concurrent Workers: 3
 Concurrent Refinement Workers: 13
 Periodic GC: Disabled
Heap:
 garbage-first heap   total 245760K, used 177152K [0x0000000080000000, 0x0000000100000000)
  region size 1024K, 3 young (3072K), 3 survivors (3072K)
 Metaspace       used 143528K, committed 144320K, reserved 1179648K
  class space    used 18503K, committed 18880K, reserved 1048576K
GC Heap History (20 events):
Event: 11.292 GC heap after
{Heap after GC invocations=50 (full 0):
 garbage-first heap   total 229376K, used 108535K [0x0000000080000000, 0x0000000100000000)
  region size 1024K, 1 young (1024K), 1 survivors (1024K)
 Metaspace       used 111416K, committed 112128K, reserved 1179648K
  class space    used 14696K, committed 15040K, reserved 1048576K
}
Event: 12.169 GC heap before
{Heap before GC invocations=50 (full 0):
 garbage-first heap   total 229376K, used 184311K [0x0000000080000000, 0x0000000100000000)
  region size 1024K, 76 young (77824K), 1 survivors (1024K)
 Metaspace       used 122307K, committed 123072K, reserved 1179648K
  class space    used 15859K, committed 16192K, reserved 1048576K
}
Event: 12.171 GC heap after
{Heap after GC invocations=51 (full 0):
 garbage-first heap   total 229376K, used 110099K [0x0000000080000000, 0x0000000100000000)
  region size 1024K, 3 young (3072K), 3 survivors (3072K)
 Metaspace       used 122307K, committed 123072K, reserved 1179648K
  class space    used 15859K, committed 16192K, reserved 1048576K
}
Event: 17.468 GC heap before
{Heap before GC invocations=51 (full 0):
 garbage-first heap   total 229376K, used 186899K [0x0000000080000000, 0x0000000100000000)
  region size 1024K, 79 young (80896K), 3 survivors (3072K)
 Metaspace       used 130196K, committed 130944K, reserved 1179648K
  class space    used 16782K, committed 17152K, reserved 1048576K
}
Event: 17.477 GC heap after
{Heap after GC invocations=52 (full 0):
 garbage-first heap   total 229376K, used 119065K [0x0000000080000000, 0x0000000100000000)
  region size 1024K, 10 young (10240K), 10 survivors (10240K)
 Metaspace       used 130196K, committed 130944K, reserved 1179648K
  class space    used 16782K, committed 17152K, reserved 1048576K
}
Event: 17.952 GC heap before
{Heap before GC invocations=52 (full 0):
 garbage-first heap   total 229376K, used 198937K [0x0000000080000000, 0x0000000100000000)
  region size 1024K, 76 young (77824K), 10 survivors (10240K)
 Metaspace       used 132494K, committed 133248K, reserved 1179648K
  class space    used 17068K, committed 17408K, reserved 1048576K
}
Event: 17.958 GC heap after
{Heap after GC invocations=53 (full 0):
 garbage-first heap   total 229376K, used 139688K [0x0000000080000000, 0x0000000100000000)
  region size 1024K, 10 young (10240K), 10 survivors (10240K)
 Metaspace       used 132494K, committed 133248K, reserved 1179648K
  class space    used 17068K, committed 17408K, reserved 1048576K
}
Event: 18.403 GC heap before
{Heap before GC invocations=53 (full 0):
 garbage-first heap   total 229376K, used 186792K [0x0000000080000000, 0x0000000100000000)
  region size 1024K, 56 young (57344K), 10 survivors (10240K)
 Metaspace       used 136940K, committed 137664K, reserved 1179648K
  class space    used 17600K, committed 17920K, reserved 1048576K
}
Event: 18.408 GC heap after
{Heap after GC invocations=54 (full 0):
 garbage-first heap   total 229376K, used 142333K [0x0000000080000000, 0x0000000100000000)
  region size 1024K, 2 young (2048K), 2 survivors (2048K)
 Metaspace       used 136940K, committed 137664K, reserved 1179648K
  class space    used 17600K, committed 17920K, reserved 1048576K
}
Event: 18.850 GC heap before
{Heap before GC invocations=55 (full 0):
 garbage-first heap   total 245760K, used 194557K [0x0000000080000000, 0x0000000100000000)
  region size 1024K, 48 young (49152K), 2 survivors (2048K)
 Metaspace       used 139757K, committed 140544K, reserved 1179648K
  class space    used 18049K, committed 18432K, reserved 1048576K
}
Event: 18.853 GC heap after
{Heap after GC invocations=56 (full 0):
 garbage-first heap   total 245760K, used 147223K [0x0000000080000000, 0x0000000100000000)
  region size 1024K, 6 young (6144K), 6 survivors (6144K)
 Metaspace       used 139757K, committed 140544K, reserved 1179648K
  class space    used 18049K, committed 18432K, reserved 1048576K
}
Event: 18.910 GC heap before
{Heap before GC invocations=56 (full 0):
 garbage-first heap   total 245760K, used 153367K [0x0000000080000000, 0x0000000100000000)
  region size 1024K, 12 young (12288K), 6 survivors (6144K)
 Metaspace       used 140172K, committed 140928K, reserved 1179648K
  class space    used 18107K, committed 18496K, reserved 1048576K
}
Event: 18.913 GC heap after
{Heap after GC invocations=57 (full 0):
 garbage-first heap   total 245760K, used 142829K [0x0000000080000000, 0x0000000100000000)
  region size 1024K, 1 young (1024K), 1 survivors (1024K)
 Metaspace       used 140172K, committed 140928K, reserved 1179648K
  class space    used 18107K, committed 18496K, reserved 1048576K
}
Event: 19.458 GC heap before
{Heap before GC invocations=57 (full 0):
 garbage-first heap   total 245760K, used 205293K [0x0000000080000000, 0x0000000100000000)
  region size 1024K, 60 young (61440K), 1 survivors (1024K)
 Metaspace       used 143151K, committed 144000K, reserved 1179648K
  class space    used 18501K, committed 18880K, reserved 1048576K
}
Event: 19.461 GC heap after
{Heap after GC invocations=58 (full 0):
 garbage-first heap   total 245760K, used 149458K [0x0000000080000000, 0x0000000100000000)
  region size 1024K, 6 young (6144K), 6 survivors (6144K)
 Metaspace       used 143151K, committed 144000K, reserved 1179648K
  class space    used 18501K, committed 18880K, reserved 1048576K
}
Event: 19.602 GC heap before
{Heap before GC invocations=58 (full 0):
 garbage-first heap   total 245760K, used 203730K [0x0000000080000000, 0x0000000100000000)
  region size 1024K, 59 young (60416K), 6 survivors (6144K)
 Metaspace       used 143198K, committed 144000K, reserved 1179648K
  class space    used 18502K, committed 18880K, reserved 1048576K
}
Event: 19.610 GC heap after
{Heap after GC invocations=59 (full 0):
 garbage-first heap   total 245760K, used 165341K [0x0000000080000000, 0x0000000100000000)
  region size 1024K, 8 young (8192K), 8 survivors (8192K)
 Metaspace       used 143198K, committed 144000K, reserved 1179648K
  class space    used 18502K, committed 18880K, reserved 1048576K
}
Event: 19.764 GC heap before
{Heap before GC invocations=59 (full 0):
 garbage-first heap   total 245760K, used 202205K [0x0000000080000000, 0x0000000100000000)
  region size 1024K, 43 young (44032K), 8 survivors (8192K)
 Metaspace       used 143372K, committed 144192K, reserved 1179648K
  class space    used 18502K, committed 18880K, reserved 1048576K
}
Event: 19.769 GC heap after
{Heap after GC invocations=60 (full 0):
 garbage-first heap   total 245760K, used 173364K [0x0000000080000000, 0x0000000100000000)
  region size 1024K, 6 young (6144K), 6 survivors (6144K)
 Metaspace       used 143372K, committed 144192K, reserved 1179648K
  class space    used 18502K, committed 18880K, reserved 1048576K
}
Event: 19.883 GC heap before
{Heap before GC invocations=60 (full 0):
 garbage-first heap   total 245760K, used 204084K [0x0000000080000000, 0x0000000100000000)
  region size 1024K, 36 young (36864K), 6 survivors (6144K)
 Metaspace       used 143528K, committed 144320K, reserved 1179648K
  class space    used 18503K, committed 18880K, reserved 1048576K
}

