# JRE version: OpenJDK Runtime Environment (17.0.10) (build 17.0.10+0--11572160)
# Java VM: OpenJDK 64-Bit Server VM (17.0.10+0--11572160, mixed mode, tiered, compressed oops, compressed class ptrs, g1 gc, windows-amd64)
GC Precious Log:
 CPUs: 16 total, 16 available
 Memory: 14188M
 Large Page Support: Disabled
 NUMA Support: Disabled
 Compressed Oops: Enabled (32-bit)
 Heap Region Size: 1M
 Heap Min Capacity: 8M
 Heap Initial Capacity: 222M
 Heap Max Capacity: 2G
 Pre-touch: Disabled
 Parallel Workers: 13
 Concurrent Workers: 3
 Concurrent Refinement Workers: 13
 Periodic GC: Disabled
Heap:
 garbage-first heap   total 227328K, used 61515K [0x0000000080000000, 0x0000000100000000)
  region size 1024K, 2 young (2048K), 2 survivors (2048K)
 Metaspace       used 69911K, committed 70464K, reserved 1114112K
  class space    used 9579K, committed 9856K, reserved 1048576K
GC Heap History (20 events):
Event: 5.810 GC heap after
{Heap after GC invocations=17 (full 0):
 garbage-first heap   total 86016K, used 43489K [0x0000000080000000, 0x0000000100000000)
  region size 1024K, 1 young (1024K), 1 survivors (1024K)
 Metaspace       used 57084K, committed 57664K, reserved 1114112K
  class space    used 7891K, committed 8192K, reserved 1048576K
}
Event: 5.988 GC heap before
{Heap before GC invocations=18 (full 0):
 garbage-first heap   total 86016K, used 72161K [0x0000000080000000, 0x0000000100000000)
  region size 1024K, 24 young (24576K), 1 survivors (1024K)
 Metaspace       used 58358K, committed 58944K, reserved 1114112K
  class space    used 8092K, committed 8384K, reserved 1048576K
}
Event: 5.990 GC heap after
{Heap after GC invocations=19 (full 0):
 garbage-first heap   total 86016K, used 53574K [0x0000000080000000, 0x0000000100000000)
  region size 1024K, 3 young (3072K), 3 survivors (3072K)
 Metaspace       used 58358K, committed 58944K, reserved 1114112K
  class space    used 8092K, committed 8384K, reserved 1048576K
}
Event: 5.994 GC heap before
{Heap before GC invocations=19 (full 0):
 garbage-first heap   total 86016K, used 54598K [0x0000000080000000, 0x0000000100000000)
  region size 1024K, 4 young (4096K), 3 survivors (3072K)
 Metaspace       used 58393K, committed 59008K, reserved 1114112K
  class space    used 8097K, committed 8384K, reserved 1048576K
}
Event: 5.996 GC heap after
{Heap after GC invocations=20 (full 0):
 garbage-first heap   total 103424K, used 53295K [0x0000000080000000, 0x0000000100000000)
  region size 1024K, 1 young (1024K), 1 survivors (1024K)
 Metaspace       used 58393K, committed 59008K, reserved 1114112K
  class space    used 8097K, committed 8384K, reserved 1048576K
}
Event: 6.005 GC heap before
{Heap before GC invocations=20 (full 0):
 garbage-first heap   total 103424K, used 55343K [0x0000000080000000, 0x0000000100000000)
  region size 1024K, 4 young (4096K), 1 survivors (1024K)
 Metaspace       used 58524K, committed 59136K, reserved 1114112K
  class space    used 8106K, committed 8384K, reserved 1048576K
}
Event: 6.006 GC heap after
{Heap after GC invocations=21 (full 0):
 garbage-first heap   total 103424K, used 53264K [0x0000000080000000, 0x0000000100000000)
  region size 1024K, 1 young (1024K), 1 survivors (1024K)
 Metaspace       used 58524K, committed 59136K, reserved 1114112K
  class space    used 8106K, committed 8384K, reserved 1048576K
}
Event: 6.220 GC heap before
{Heap before GC invocations=22 (full 0):
 garbage-first heap   total 103424K, used 80912K [0x0000000080000000, 0x0000000100000000)
  region size 1024K, 27 young (27648K), 1 survivors (1024K)
 Metaspace       used 60583K, committed 61184K, reserved 1114112K
  class space    used 8399K, committed 8704K, reserved 1048576K
}
Event: 6.222 GC heap after
{Heap after GC invocations=23 (full 0):
 garbage-first heap   total 103424K, used 55075K [0x0000000080000000, 0x0000000100000000)
  region size 1024K, 2 young (2048K), 2 survivors (2048K)
 Metaspace       used 60583K, committed 61184K, reserved 1114112K
  class space    used 8399K, committed 8704K, reserved 1048576K
}
Event: 6.254 GC heap before
{Heap before GC invocations=23 (full 0):
 garbage-first heap   total 103424K, used 58147K [0x0000000080000000, 0x0000000100000000)
  region size 1024K, 5 young (5120K), 2 survivors (2048K)
 Metaspace       used 60876K, committed 61504K, reserved 1114112K
  class space    used 8423K, committed 8704K, reserved 1048576K
}
Event: 6.256 GC heap after
{Heap after GC invocations=24 (full 0):
 garbage-first heap   total 103424K, used 54550K [0x0000000080000000, 0x0000000100000000)
  region size 1024K, 1 young (1024K), 1 survivors (1024K)
 Metaspace       used 60876K, committed 61504K, reserved 1114112K
  class space    used 8423K, committed 8704K, reserved 1048576K
}
Event: 6.458 GC heap before
{Heap before GC invocations=24 (full 0):
 garbage-first heap   total 103424K, used 80150K [0x0000000080000000, 0x0000000100000000)
  region size 1024K, 27 young (27648K), 1 survivors (1024K)
 Metaspace       used 63738K, committed 64256K, reserved 1114112K
  class space    used 8738K, committed 8960K, reserved 1048576K
}
Event: 6.460 GC heap after
{Heap after GC invocations=25 (full 0):
 garbage-first heap   total 103424K, used 55017K [0x0000000080000000, 0x0000000100000000)
  region size 1024K, 1 young (1024K), 1 survivors (1024K)
 Metaspace       used 63738K, committed 64256K, reserved 1114112K
  class space    used 8738K, committed 8960K, reserved 1048576K
}
Event: 6.785 GC heap before
{Heap before GC invocations=26 (full 0):
 garbage-first heap   total 103424K, used 83689K [0x0000000080000000, 0x0000000100000000)
  region size 1024K, 28 young (28672K), 1 survivors (1024K)
 Metaspace       used 67076K, committed 67648K, reserved 1114112K
  class space    used 9205K, committed 9472K, reserved 1048576K
}
Event: 6.787 GC heap after
{Heap after GC invocations=27 (full 0):
 garbage-first heap   total 103424K, used 58476K [0x0000000080000000, 0x0000000100000000)
  region size 1024K, 4 young (4096K), 4 survivors (4096K)
 Metaspace       used 67076K, committed 67648K, reserved 1114112K
  class space    used 9205K, committed 9472K, reserved 1048576K
}
Event: 6.790 GC heap before
{Heap before GC invocations=27 (full 0):
 garbage-first heap   total 103424K, used 59500K [0x0000000080000000, 0x0000000100000000)
  region size 1024K, 5 young (5120K), 4 survivors (4096K)
 Metaspace       used 67076K, committed 67648K, reserved 1114112K
  class space    used 9205K, committed 9472K, reserved 1048576K
}
Event: 6.792 GC heap after
{Heap after GC invocations=28 (full 0):
 garbage-first heap   total 103424K, used 58513K [0x0000000080000000, 0x0000000100000000)
  region size 1024K, 1 young (1024K), 1 survivors (1024K)
 Metaspace       used 67076K, committed 67648K, reserved 1114112K
  class space    used 9205K, committed 9472K, reserved 1048576K
}
Event: 6.986 GC heap before
{Heap before GC invocations=28 (full 0):
 garbage-first heap   total 103424K, used 87185K [0x0000000080000000, 0x0000000100000000)
  region size 1024K, 25 young (25600K), 1 survivors (1024K)
 Metaspace       used 68364K, committed 68992K, reserved 1114112K
  class space    used 9378K, committed 9664K, reserved 1048576K
}
Event: 6.988 GC heap after
{Heap after GC invocations=29 (full 0):
 garbage-first heap   total 103424K, used 63257K [0x0000000080000000, 0x0000000100000000)
  region size 1024K, 3 young (3072K), 3 survivors (3072K)
 Metaspace       used 68364K, committed 68992K, reserved 1114112K
  class space    used 9378K, committed 9664K, reserved 1048576K
}
Event: 7.175 GC heap before
{Heap before GC invocations=30 (full 0):
 garbage-first heap   total 107520K, used 82713K [0x0000000080000000, 0x0000000100000000)
  region size 1024K, 24 young (24576K), 3 survivors (3072K)
 Metaspace       used 69911K, committed 70464K, reserved 1114112K
  class space    used 9579K, committed 9856K, reserved 1048576K
}

