# JRE version: OpenJDK Runtime Environment (17.0.10) (build 17.0.10+0--11572160)
# Java VM: OpenJDK 64-Bit Server VM (17.0.10+0--11572160, mixed mode, tiered, compressed oops, compressed class ptrs, g1 gc, windows-amd64)
GC Precious Log:
 CPUs: 16 total, 16 available
 Memory: 14188M
 Large Page Support: Disabled
 NUMA Support: Disabled
 Compressed Oops: Enabled (32-bit)
 Heap Region Size: 1M
 Heap Min Capacity: 8M
 Heap Initial Capacity: 222M
 Heap Max Capacity: 2G
 Pre-touch: Disabled
 Parallel Workers: 13
 Concurrent Workers: 3
 Concurrent Refinement Workers: 13
 Periodic GC: Disabled
Heap:
 garbage-first heap   total 542720K, used 204082K [0x0000000080000000, 0x0000000100000000)
  region size 1024K, 10 young (10240K), 10 survivors (10240K)
 Metaspace       used 215310K, committed 217088K, reserved 1245184K
  class space    used 27801K, committed 28608K, reserved 1048576K
GC Heap History (20 events):
Event: 7449.287 GC heap after
{Heap after GC invocations=124 (full 0):
 garbage-first heap   total 542720K, used 153207K [0x0000000080000000, 0x0000000100000000)
  region size 1024K, 5 young (5120K), 5 survivors (5120K)
 Metaspace       used 164792K, committed 166208K, reserved 1245184K
  class space    used 21461K, committed 22144K, reserved 1048576K
}
Event: 7449.702 GC heap before
{Heap before GC invocations=124 (full 0):
 garbage-first heap   total 542720K, used 243319K [0x0000000080000000, 0x0000000100000000)
  region size 1024K, 95 young (97280K), 5 survivors (5120K)
 Metaspace       used 165208K, committed 166592K, reserved 1245184K
  class space    used 21490K, committed 22144K, reserved 1048576K
}
Event: 7449.705 GC heap after
{Heap after GC invocations=125 (full 0):
 garbage-first heap   total 542720K, used 152302K [0x0000000080000000, 0x0000000100000000)
  region size 1024K, 4 young (4096K), 4 survivors (4096K)
 Metaspace       used 165208K, committed 166592K, reserved 1245184K
  class space    used 21490K, committed 22144K, reserved 1048576K
}
Event: 8561.172 GC heap before
{Heap before GC invocations=126 (full 0):
 garbage-first heap   total 542720K, used 461550K [0x0000000080000000, 0x0000000100000000)
  region size 1024K, 255 young (261120K), 4 survivors (4096K)
 Metaspace       used 185465K, committed 187072K, reserved 1245184K
  class space    used 24505K, committed 25216K, reserved 1048576K
}
Event: 8561.186 GC heap after
{Heap after GC invocations=127 (full 0):
 garbage-first heap   total 542720K, used 196794K [0x0000000080000000, 0x0000000100000000)
  region size 1024K, 27 young (27648K), 27 survivors (27648K)
 Metaspace       used 185465K, committed 187072K, reserved 1245184K
  class space    used 24505K, committed 25216K, reserved 1048576K
}
Event: 8561.204 GC heap before
{Heap before GC invocations=127 (full 0):
 garbage-first heap   total 542720K, used 197818K [0x0000000080000000, 0x0000000100000000)
  region size 1024K, 28 young (28672K), 27 survivors (27648K)
 Metaspace       used 185620K, committed 187200K, reserved 1245184K
  class space    used 24526K, committed 25216K, reserved 1048576K
}
Event: 8561.221 GC heap after
{Heap after GC invocations=128 (full 0):
 garbage-first heap   total 542720K, used 191795K [0x0000000080000000, 0x0000000100000000)
  region size 1024K, 3 young (3072K), 3 survivors (3072K)
 Metaspace       used 185620K, committed 187200K, reserved 1245184K
  class space    used 24526K, committed 25216K, reserved 1048576K
}
Event: 8561.409 GC heap before
{Heap before GC invocations=128 (full 0):
 garbage-first heap   total 542720K, used 203059K [0x0000000080000000, 0x0000000100000000)
  region size 1024K, 15 young (15360K), 3 survivors (3072K)
 Metaspace       used 187058K, committed 188672K, reserved 1245184K
  class space    used 24676K, committed 25408K, reserved 1048576K
}
Event: 8561.412 GC heap after
{Heap after GC invocations=129 (full 0):
 garbage-first heap   total 542720K, used 190450K [0x0000000080000000, 0x0000000100000000)
  region size 1024K, 2 young (2048K), 2 survivors (2048K)
 Metaspace       used 187058K, committed 188672K, reserved 1245184K
  class space    used 24676K, committed 25408K, reserved 1048576K
}
Event: 8564.224 GC heap before
{Heap before GC invocations=130 (full 0):
 garbage-first heap   total 542720K, used 426994K [0x0000000080000000, 0x0000000100000000)
  region size 1024K, 234 young (239616K), 2 survivors (2048K)
 Metaspace       used 198045K, committed 199552K, reserved 1245184K
  class space    used 26036K, committed 26752K, reserved 1048576K
}
Event: 8564.232 GC heap after
{Heap after GC invocations=131 (full 0):
 garbage-first heap   total 542720K, used 202674K [0x0000000080000000, 0x0000000100000000)
  region size 1024K, 15 young (15360K), 15 survivors (15360K)
 Metaspace       used 198045K, committed 199552K, reserved 1245184K
  class space    used 26036K, committed 26752K, reserved 1048576K
}
Event: 8564.408 GC heap before
{Heap before GC invocations=131 (full 0):
 garbage-first heap   total 542720K, used 212914K [0x0000000080000000, 0x0000000100000000)
  region size 1024K, 26 young (26624K), 15 survivors (15360K)
 Metaspace       used 199255K, committed 200768K, reserved 1245184K
  class space    used 26180K, committed 26880K, reserved 1048576K
}
Event: 8564.421 GC heap after
{Heap after GC invocations=132 (full 0):
 garbage-first heap   total 542720K, used 179198K [0x0000000080000000, 0x0000000100000000)
  region size 1024K, 3 young (3072K), 3 survivors (3072K)
 Metaspace       used 199255K, committed 200768K, reserved 1245184K
  class space    used 26180K, committed 26880K, reserved 1048576K
}
Event: 8566.039 GC heap before
{Heap before GC invocations=132 (full 0):
 garbage-first heap   total 542720K, used 344062K [0x0000000080000000, 0x0000000100000000)
  region size 1024K, 165 young (168960K), 3 survivors (3072K)
 Metaspace       used 212830K, committed 214336K, reserved 1245184K
  class space    used 27601K, committed 28288K, reserved 1048576K
}
Event: 8566.052 GC heap after
{Heap after GC invocations=133 (full 0):
 garbage-first heap   total 542720K, used 195254K [0x0000000080000000, 0x0000000100000000)
  region size 1024K, 18 young (18432K), 18 survivors (18432K)
 Metaspace       used 212830K, committed 214336K, reserved 1245184K
  class space    used 27601K, committed 28288K, reserved 1048576K
}
Event: 8784.558 GC heap before
{Heap before GC invocations=134 (full 0):
 garbage-first heap   total 542720K, used 433846K [0x0000000080000000, 0x0000000100000000)
  region size 1024K, 248 young (253952K), 18 survivors (18432K)
 Metaspace       used 214101K, committed 215680K, reserved 1245184K
  class space    used 27637K, committed 28352K, reserved 1048576K
}
Event: 8784.570 GC heap after
{Heap after GC invocations=135 (full 0):
 garbage-first heap   total 542720K, used 198994K [0x0000000080000000, 0x0000000100000000)
  region size 1024K, 8 young (8192K), 8 survivors (8192K)
 Metaspace       used 214101K, committed 215680K, reserved 1245184K
  class space    used 27637K, committed 28352K, reserved 1048576K
}
Event: 8784.753 GC heap before
{Heap before GC invocations=135 (full 0):
 garbage-first heap   total 542720K, used 217426K [0x0000000080000000, 0x0000000100000000)
  region size 1024K, 26 young (26624K), 8 survivors (8192K)
 Metaspace       used 214238K, committed 215808K, reserved 1245184K
  class space    used 27637K, committed 28352K, reserved 1048576K
}
Event: 8784.766 GC heap after
{Heap after GC invocations=136 (full 0):
 garbage-first heap   total 542720K, used 197302K [0x0000000080000000, 0x0000000100000000)
  region size 1024K, 3 young (3072K), 3 survivors (3072K)
 Metaspace       used 214238K, committed 215808K, reserved 1245184K
  class space    used 27637K, committed 28352K, reserved 1048576K
}
Event: 8864.587 GC heap before
{Heap before GC invocations=136 (full 0):
 garbage-first heap   total 542720K, used 280245K [0x0000000080000000, 0x0000000100000000)
  region size 1024K, 86 young (88064K), 3 survivors (3072K)
 Metaspace       used 215310K, committed 217088K, reserved 1245184K
  class space    used 27801K, committed 28608K, reserved 1048576K
}

