# JRE version: OpenJDK Runtime Environment (17.0.10) (build 17.0.10+0--11572160)
# Java VM: OpenJDK 64-Bit Server VM (17.0.10+0--11572160, mixed mode, tiered, compressed oops, compressed class ptrs, g1 gc, windows-amd64)
GC Precious Log:
 CPUs: 16 total, 16 available
 Memory: 14188M
 Large Page Support: Disabled
 NUMA Support: Disabled
 Compressed Oops: Enabled (32-bit)
 Heap Region Size: 1M
 Heap Min Capacity: 8M
 Heap Initial Capacity: 222M
 Heap Max Capacity: 2G
 Pre-touch: Disabled
 Parallel Workers: 13
 Concurrent Workers: 3
 Concurrent Refinement Workers: 13
 Periodic GC: Disabled
Heap:
 garbage-first heap   total 205824K, used 99897K [0x0000000080000000, 0x0000000100000000)
  region size 1024K, 18 young (18432K), 7 survivors (7168K)
 Metaspace       used 95794K, committed 96512K, reserved 1179648K
  class space    used 13453K, committed 13824K, reserved 1048576K
GC Heap History (20 events):
Event: 8.310 GC heap before
{Heap before GC invocations=25 (full 0):
 garbage-first heap   total 109568K, used 84602K [0x0000000080000000, 0x0000000100000000)
  region size 1024K, 31 young (31744K), 1 survivors (1024K)
 Metaspace       used 60912K, committed 61440K, reserved 1114112K
  class space    used 8439K, committed 8704K, reserved 1048576K
}
Event: 8.312 GC heap after
{Heap after GC invocations=26 (full 0):
 garbage-first heap   total 109568K, used 55972K [0x0000000080000000, 0x0000000100000000)
  region size 1024K, 2 young (2048K), 2 survivors (2048K)
 Metaspace       used 60912K, committed 61440K, reserved 1114112K
  class space    used 8439K, committed 8704K, reserved 1048576K
}
Event: 8.344 GC heap before
{Heap before GC invocations=26 (full 0):
 garbage-first heap   total 109568K, used 59044K [0x0000000080000000, 0x0000000100000000)
  region size 1024K, 5 young (5120K), 2 survivors (2048K)
 Metaspace       used 61174K, committed 61760K, reserved 1114112K
  class space    used 8476K, committed 8768K, reserved 1048576K
}
Event: 8.347 GC heap after
{Heap after GC invocations=27 (full 0):
 garbage-first heap   total 109568K, used 55898K [0x0000000080000000, 0x0000000100000000)
  region size 1024K, 1 young (1024K), 1 survivors (1024K)
 Metaspace       used 61174K, committed 61760K, reserved 1114112K
  class space    used 8476K, committed 8768K, reserved 1048576K
}
Event: 8.693 GC heap before
{Heap before GC invocations=27 (full 0):
 garbage-first heap   total 109568K, used 86618K [0x0000000080000000, 0x0000000100000000)
  region size 1024K, 31 young (31744K), 1 survivors (1024K)
 Metaspace       used 64494K, committed 65088K, reserved 1114112K
  class space    used 8869K, committed 9152K, reserved 1048576K
}
Event: 8.695 GC heap after
{Heap after GC invocations=28 (full 0):
 garbage-first heap   total 109568K, used 56577K [0x0000000080000000, 0x0000000100000000)
  region size 1024K, 1 young (1024K), 1 survivors (1024K)
 Metaspace       used 64494K, committed 65088K, reserved 1114112K
  class space    used 8869K, committed 9152K, reserved 1048576K
}
Event: 9.045 GC heap before
{Heap before GC invocations=29 (full 0):
 garbage-first heap   total 109568K, used 93441K [0x0000000080000000, 0x0000000100000000)
  region size 1024K, 32 young (32768K), 1 survivors (1024K)
 Metaspace       used 67255K, committed 67840K, reserved 1114112K
  class space    used 9259K, committed 9536K, reserved 1048576K
}
Event: 9.048 GC heap after
{Heap after GC invocations=30 (full 0):
 garbage-first heap   total 205824K, used 61575K [0x0000000080000000, 0x0000000100000000)
  region size 1024K, 4 young (4096K), 4 survivors (4096K)
 Metaspace       used 67255K, committed 67840K, reserved 1114112K
  class space    used 9259K, committed 9536K, reserved 1048576K
}
Event: 9.105 GC heap before
{Heap before GC invocations=30 (full 0):
 garbage-first heap   total 205824K, used 67719K [0x0000000080000000, 0x0000000100000000)
  region size 1024K, 10 young (10240K), 4 survivors (4096K)
 Metaspace       used 67692K, committed 68288K, reserved 1114112K
  class space    used 9322K, committed 9600K, reserved 1048576K
}
Event: 9.108 GC heap after
{Heap after GC invocations=31 (full 0):
 garbage-first heap   total 205824K, used 61428K [0x0000000080000000, 0x0000000100000000)
  region size 1024K, 1 young (1024K), 1 survivors (1024K)
 Metaspace       used 67692K, committed 68288K, reserved 1114112K
  class space    used 9322K, committed 9600K, reserved 1048576K
}
Event: 10.207 GC heap before
{Heap before GC invocations=31 (full 0):
 garbage-first heap   total 205824K, used 155636K [0x0000000080000000, 0x0000000100000000)
  region size 1024K, 93 young (95232K), 1 survivors (1024K)
 Metaspace       used 75483K, committed 76096K, reserved 1179648K
  class space    used 10351K, committed 10688K, reserved 1048576K
}
Event: 10.211 GC heap after
{Heap after GC invocations=32 (full 0):
 garbage-first heap   total 205824K, used 67248K [0x0000000080000000, 0x0000000100000000)
  region size 1024K, 7 young (7168K), 7 survivors (7168K)
 Metaspace       used 75483K, committed 76096K, reserved 1179648K
  class space    used 10351K, committed 10688K, reserved 1048576K
}
Event: 11.285 GC heap before
{Heap before GC invocations=32 (full 0):
 garbage-first heap   total 205824K, used 158384K [0x0000000080000000, 0x0000000100000000)
  region size 1024K, 96 young (98304K), 7 survivors (7168K)
 Metaspace       used 81553K, committed 82176K, reserved 1179648K
  class space    used 11400K, committed 11712K, reserved 1048576K
}
Event: 11.290 GC heap after
{Heap after GC invocations=33 (full 0):
 garbage-first heap   total 205824K, used 70494K [0x0000000080000000, 0x0000000100000000)
  region size 1024K, 5 young (5120K), 5 survivors (5120K)
 Metaspace       used 81553K, committed 82176K, reserved 1179648K
  class space    used 11400K, committed 11712K, reserved 1048576K
}
Event: 12.426 GC heap before
{Heap before GC invocations=33 (full 0):
 garbage-first heap   total 205824K, used 161630K [0x0000000080000000, 0x0000000100000000)
  region size 1024K, 94 young (96256K), 5 survivors (5120K)
 Metaspace       used 88610K, committed 89280K, reserved 1179648K
  class space    used 12430K, committed 12736K, reserved 1048576K
}
Event: 12.432 GC heap after
{Heap after GC invocations=34 (full 0):
 garbage-first heap   total 205824K, used 74696K [0x0000000080000000, 0x0000000100000000)
  region size 1024K, 9 young (9216K), 9 survivors (9216K)
 Metaspace       used 88610K, committed 89280K, reserved 1179648K
  class space    used 12430K, committed 12736K, reserved 1048576K
}
Event: 13.694 GC heap before
{Heap before GC invocations=34 (full 0):
 garbage-first heap   total 205824K, used 164808K [0x0000000080000000, 0x0000000100000000)
  region size 1024K, 97 young (99328K), 9 survivors (9216K)
 Metaspace       used 94761K, committed 95488K, reserved 1179648K
  class space    used 13308K, committed 13632K, reserved 1048576K
}
Event: 13.703 GC heap after
{Heap after GC invocations=35 (full 0):
 garbage-first heap   total 205824K, used 83332K [0x0000000080000000, 0x0000000100000000)
  region size 1024K, 13 young (13312K), 13 survivors (13312K)
 Metaspace       used 94761K, committed 95488K, reserved 1179648K
  class space    used 13308K, committed 13632K, reserved 1048576K
}
Event: 13.875 GC heap before
{Heap before GC invocations=35 (full 0):
 garbage-first heap   total 205824K, used 164228K [0x0000000080000000, 0x0000000100000000)
  region size 1024K, 93 young (95232K), 13 survivors (13312K)
 Metaspace       used 95083K, committed 95808K, reserved 1179648K
  class space    used 13363K, committed 13696K, reserved 1048576K
}
Event: 13.882 GC heap after
{Heap after GC invocations=36 (full 0):
 garbage-first heap   total 205824K, used 87512K [0x0000000080000000, 0x0000000100000000)
  region size 1024K, 5 young (5120K), 5 survivors (5120K)
 Metaspace       used 95083K, committed 95808K, reserved 1179648K
  class space    used 13363K, committed 13696K, reserved 1048576K
}

