# JRE version: OpenJDK Runtime Environment (17.0.10) (build 17.0.10+0--11572160)
# Java VM: OpenJDK 64-Bit Server VM (17.0.10+0--11572160, mixed mode, tiered, compressed oops, compressed class ptrs, g1 gc, windows-amd64)
GC Precious Log:
 CPUs: 16 total, 16 available
 Memory: 14188M
 Large Page Support: Disabled
 NUMA Support: Disabled
 Compressed Oops: Enabled (32-bit)
 Heap Region Size: 1M
 Heap Min Capacity: 8M
 Heap Initial Capacity: 222M
 Heap Max Capacity: 2G
 Pre-touch: Disabled
 Parallel Workers: 13
 Concurrent Workers: 3
 Concurrent Refinement Workers: 13
 Periodic GC: Disabled
Heap:
 garbage-first heap   total 367616K, used 269506K [0x0000000080000000, 0x0000000100000000)
  region size 1024K, 131 young (134144K), 14 survivors (14336K)
 Metaspace       used 112497K, committed 113408K, reserved 1179648K
  class space    used 15166K, committed 15552K, reserved 1048576K
GC Heap History (20 events):
Event: 11.662 GC heap before
{Heap before GC invocations=32 (full 0):
 garbage-first heap   total 194560K, used 101920K [0x0000000080000000, 0x0000000100000000)
  region size 1024K, 9 young (9216K), 7 survivors (7168K)
 Metaspace       used 85339K, committed 86080K, reserved 1179648K
  class space    used 11760K, committed 12096K, reserved 1048576K
}
Event: 11.665 GC heap after
{Heap after GC invocations=33 (full 0):
 garbage-first heap   total 194560K, used 100247K [0x0000000080000000, 0x0000000100000000)
  region size 1024K, 2 young (2048K), 2 survivors (2048K)
 Metaspace       used 85339K, committed 86080K, reserved 1179648K
  class space    used 11760K, committed 12096K, reserved 1048576K
}
Event: 12.251 GC heap before
{Heap before GC invocations=33 (full 0):
 garbage-first heap   total 194560K, used 170903K [0x0000000080000000, 0x0000000100000000)
  region size 1024K, 61 young (62464K), 2 survivors (2048K)
 Metaspace       used 90631K, committed 91392K, reserved 1179648K
  class space    used 12532K, committed 12864K, reserved 1048576K
}
Event: 12.254 GC heap after
{Heap after GC invocations=34 (full 0):
 garbage-first heap   total 194560K, used 117369K [0x0000000080000000, 0x0000000100000000)
  region size 1024K, 7 young (7168K), 7 survivors (7168K)
 Metaspace       used 90631K, committed 91392K, reserved 1179648K
  class space    used 12532K, committed 12864K, reserved 1048576K
}
Event: 12.588 GC heap before
{Heap before GC invocations=35 (full 0):
 garbage-first heap   total 203776K, used 159353K [0x0000000080000000, 0x0000000100000000)
  region size 1024K, 49 young (50176K), 7 survivors (7168K)
 Metaspace       used 92685K, committed 93568K, reserved 1179648K
  class space    used 12799K, committed 13248K, reserved 1048576K
}
Event: 12.592 GC heap after
{Heap after GC invocations=36 (full 0):
 garbage-first heap   total 203776K, used 121615K [0x0000000080000000, 0x0000000100000000)
  region size 1024K, 5 young (5120K), 5 survivors (5120K)
 Metaspace       used 92685K, committed 93568K, reserved 1179648K
  class space    used 12799K, committed 13248K, reserved 1048576K
}
Event: 12.622 GC heap before
{Heap before GC invocations=36 (full 0):
 garbage-first heap   total 203776K, used 125711K [0x0000000080000000, 0x0000000100000000)
  region size 1024K, 9 young (9216K), 5 survivors (5120K)
 Metaspace       used 93064K, committed 93888K, reserved 1179648K
  class space    used 12850K, committed 13248K, reserved 1048576K
}
Event: 12.624 GC heap after
{Heap after GC invocations=37 (full 0):
 garbage-first heap   total 203776K, used 121107K [0x0000000080000000, 0x0000000100000000)
  region size 1024K, 1 young (1024K), 1 survivors (1024K)
 Metaspace       used 93064K, committed 93888K, reserved 1179648K
  class space    used 12850K, committed 13248K, reserved 1048576K
}
Event: 13.050 GC heap before
{Heap before GC invocations=37 (full 0):
 garbage-first heap   total 203776K, used 167187K [0x0000000080000000, 0x0000000100000000)
  region size 1024K, 47 young (48128K), 1 survivors (1024K)
 Metaspace       used 95640K, committed 96576K, reserved 1179648K
  class space    used 13197K, committed 13632K, reserved 1048576K
}
Event: 13.054 GC heap after
{Heap after GC invocations=38 (full 0):
 garbage-first heap   total 367616K, used 124613K [0x0000000080000000, 0x0000000100000000)
  region size 1024K, 5 young (5120K), 5 survivors (5120K)
 Metaspace       used 95640K, committed 96576K, reserved 1179648K
  class space    used 13197K, committed 13632K, reserved 1048576K
}
Event: 13.731 GC heap before
{Heap before GC invocations=38 (full 0):
 garbage-first heap   total 367616K, used 285381K [0x0000000080000000, 0x0000000100000000)
  region size 1024K, 162 young (165888K), 5 survivors (5120K)
 Metaspace       used 95652K, committed 96576K, reserved 1179648K
  class space    used 13198K, committed 13632K, reserved 1048576K
}
Event: 13.735 GC heap after
{Heap after GC invocations=39 (full 0):
 garbage-first heap   total 367616K, used 129016K [0x0000000080000000, 0x0000000100000000)
  region size 1024K, 9 young (9216K), 9 survivors (9216K)
 Metaspace       used 95652K, committed 96576K, reserved 1179648K
  class space    used 13198K, committed 13632K, reserved 1048576K
}
Event: 14.553 GC heap before
{Heap before GC invocations=39 (full 0):
 garbage-first heap   total 367616K, used 296952K [0x0000000080000000, 0x0000000100000000)
  region size 1024K, 173 young (177152K), 9 survivors (9216K)
 Metaspace       used 95653K, committed 96576K, reserved 1179648K
  class space    used 13198K, committed 13632K, reserved 1048576K
}
Event: 14.558 GC heap after
{Heap after GC invocations=40 (full 0):
 garbage-first heap   total 367616K, used 134529K [0x0000000080000000, 0x0000000100000000)
  region size 1024K, 14 young (14336K), 14 survivors (14336K)
 Metaspace       used 95653K, committed 96576K, reserved 1179648K
  class space    used 13198K, committed 13632K, reserved 1048576K
}
Event: 15.134 GC heap before
{Heap before GC invocations=40 (full 0):
 garbage-first heap   total 367616K, used 301441K [0x0000000080000000, 0x0000000100000000)
  region size 1024K, 177 young (181248K), 14 survivors (14336K)
 Metaspace       used 95673K, committed 96576K, reserved 1179648K
  class space    used 13202K, committed 13632K, reserved 1048576K
}
Event: 15.140 GC heap after
{Heap after GC invocations=41 (full 0):
 garbage-first heap   total 367616K, used 139657K [0x0000000080000000, 0x0000000100000000)
  region size 1024K, 14 young (14336K), 14 survivors (14336K)
 Metaspace       used 95673K, committed 96576K, reserved 1179648K
  class space    used 13202K, committed 13632K, reserved 1048576K
}
Event: 15.639 GC heap before
{Heap before GC invocations=41 (full 0):
 garbage-first heap   total 367616K, used 303497K [0x0000000080000000, 0x0000000100000000)
  region size 1024K, 174 young (178176K), 14 survivors (14336K)
 Metaspace       used 95674K, committed 96576K, reserved 1179648K
  class space    used 13202K, committed 13632K, reserved 1048576K
}
Event: 15.645 GC heap after
{Heap after GC invocations=42 (full 0):
 garbage-first heap   total 367616K, used 144614K [0x0000000080000000, 0x0000000100000000)
  region size 1024K, 13 young (13312K), 13 survivors (13312K)
 Metaspace       used 95674K, committed 96576K, reserved 1179648K
  class space    used 13202K, committed 13632K, reserved 1048576K
}
Event: 16.802 GC heap before
{Heap before GC invocations=42 (full 0):
 garbage-first heap   total 367616K, used 310502K [0x0000000080000000, 0x0000000100000000)
  region size 1024K, 169 young (173056K), 13 survivors (13312K)
 Metaspace       used 107525K, committed 108416K, reserved 1179648K
  class space    used 14591K, committed 14976K, reserved 1048576K
}
Event: 16.810 GC heap after
{Heap after GC invocations=43 (full 0):
 garbage-first heap   total 367616K, used 150722K [0x0000000080000000, 0x0000000100000000)
  region size 1024K, 14 young (14336K), 14 survivors (14336K)
 Metaspace       used 107525K, committed 108416K, reserved 1179648K
  class space    used 14591K, committed 14976K, reserved 1048576K
}

