# JRE version: OpenJDK Runtime Environment (17.0.10) (build 17.0.10+0--11572160)
# Java VM: OpenJDK 64-Bit Server VM (17.0.10+0--11572160, mixed mode, tiered, compressed oops, compressed class ptrs, g1 gc, windows-amd64)
GC Precious Log:
 CPUs: 16 total, 16 available
 Memory: 14188M
 Large Page Support: Disabled
 NUMA Support: Disabled
 Compressed Oops: Enabled (32-bit)
 Heap Region Size: 1M
 Heap Min Capacity: 8M
 Heap Initial Capacity: 222M
 Heap Max Capacity: 2G
 Pre-touch: Disabled
 Parallel Workers: 13
 Concurrent Workers: 3
 Concurrent Refinement Workers: 13
 Periodic GC: Disabled
Heap:
 garbage-first heap   total 103424K, used 76575K [0x0000000080000000, 0x0000000100000000)
  region size 1024K, 16 young (16384K), 1 survivors (1024K)
 Metaspace       used 67707K, committed 68352K, reserved 1114112K
  class space    used 9314K, committed 9600K, reserved 1048576K
GC Heap History (20 events):
Event: 5.371 GC heap before
{Heap before GC invocations=17 (full 0):
 garbage-first heap   total 86016K, used 68876K [0x0000000080000000, 0x0000000100000000)
  region size 1024K, 35 young (35840K), 5 survivors (5120K)
 Metaspace       used 56726K, committed 57280K, reserved 1114112K
  class space    used 7860K, committed 8128K, reserved 1048576K
}
Event: 5.377 GC heap after
{Heap after GC invocations=18 (full 0):
 garbage-first heap   total 86016K, used 41491K [0x0000000080000000, 0x0000000100000000)
  region size 1024K, 4 young (4096K), 4 survivors (4096K)
 Metaspace       used 56726K, committed 57280K, reserved 1114112K
  class space    used 7860K, committed 8128K, reserved 1048576K
}
Event: 5.524 GC heap before
{Heap before GC invocations=18 (full 0):
 garbage-first heap   total 86016K, used 53779K [0x0000000080000000, 0x0000000100000000)
  region size 1024K, 18 young (18432K), 4 survivors (4096K)
 Metaspace       used 57042K, committed 57664K, reserved 1114112K
  class space    used 7894K, committed 8192K, reserved 1048576K
}
Event: 5.527 GC heap after
{Heap after GC invocations=19 (full 0):
 garbage-first heap   total 86016K, used 42276K [0x0000000080000000, 0x0000000100000000)
  region size 1024K, 3 young (3072K), 3 survivors (3072K)
 Metaspace       used 57042K, committed 57664K, reserved 1114112K
  class space    used 7894K, committed 8192K, reserved 1048576K
}
Event: 5.723 GC heap before
{Heap before GC invocations=20 (full 0):
 garbage-first heap   total 86016K, used 71972K [0x0000000080000000, 0x0000000100000000)
  region size 1024K, 27 young (27648K), 3 survivors (3072K)
 Metaspace       used 58411K, committed 59008K, reserved 1114112K
  class space    used 8101K, committed 8384K, reserved 1048576K
}
Event: 5.726 GC heap after
{Heap after GC invocations=21 (full 0):
 garbage-first heap   total 86016K, used 52603K [0x0000000080000000, 0x0000000100000000)
  region size 1024K, 4 young (4096K), 4 survivors (4096K)
 Metaspace       used 58411K, committed 59008K, reserved 1114112K
  class space    used 8101K, committed 8384K, reserved 1048576K
}
Event: 5.731 GC heap before
{Heap before GC invocations=21 (full 0):
 garbage-first heap   total 86016K, used 53627K [0x0000000080000000, 0x0000000100000000)
  region size 1024K, 5 young (5120K), 4 survivors (4096K)
 Metaspace       used 58445K, committed 59008K, reserved 1114112K
  class space    used 8104K, committed 8384K, reserved 1048576K
}
Event: 5.732 GC heap after
{Heap after GC invocations=22 (full 0):
 garbage-first heap   total 103424K, used 52312K [0x0000000080000000, 0x0000000100000000)
  region size 1024K, 1 young (1024K), 1 survivors (1024K)
 Metaspace       used 58445K, committed 59008K, reserved 1114112K
  class space    used 8104K, committed 8384K, reserved 1048576K
}
Event: 5.742 GC heap before
{Heap before GC invocations=22 (full 0):
 garbage-first heap   total 103424K, used 53336K [0x0000000080000000, 0x0000000100000000)
  region size 1024K, 3 young (3072K), 1 survivors (1024K)
 Metaspace       used 58551K, committed 59136K, reserved 1114112K
  class space    used 8113K, committed 8384K, reserved 1048576K
}
Event: 5.743 GC heap after
{Heap after GC invocations=23 (full 0):
 garbage-first heap   total 103424K, used 52262K [0x0000000080000000, 0x0000000100000000)
  region size 1024K, 1 young (1024K), 1 survivors (1024K)
 Metaspace       used 58551K, committed 59136K, reserved 1114112K
  class space    used 8113K, committed 8384K, reserved 1048576K
}
Event: 5.984 GC heap before
{Heap before GC invocations=24 (full 0):
 garbage-first heap   total 103424K, used 79910K [0x0000000080000000, 0x0000000100000000)
  region size 1024K, 27 young (27648K), 1 survivors (1024K)
 Metaspace       used 60628K, committed 61248K, reserved 1114112K
  class space    used 8405K, committed 8704K, reserved 1048576K
}
Event: 5.985 GC heap after
{Heap after GC invocations=25 (full 0):
 garbage-first heap   total 103424K, used 54021K [0x0000000080000000, 0x0000000100000000)
  region size 1024K, 2 young (2048K), 2 survivors (2048K)
 Metaspace       used 60628K, committed 61248K, reserved 1114112K
  class space    used 8405K, committed 8704K, reserved 1048576K
}
Event: 6.027 GC heap before
{Heap before GC invocations=25 (full 0):
 garbage-first heap   total 103424K, used 56069K [0x0000000080000000, 0x0000000100000000)
  region size 1024K, 5 young (5120K), 2 survivors (2048K)
 Metaspace       used 60883K, committed 61504K, reserved 1114112K
  class space    used 8428K, committed 8704K, reserved 1048576K
}
Event: 6.028 GC heap after
{Heap after GC invocations=26 (full 0):
 garbage-first heap   total 103424K, used 53716K [0x0000000080000000, 0x0000000100000000)
  region size 1024K, 1 young (1024K), 1 survivors (1024K)
 Metaspace       used 60883K, committed 61504K, reserved 1114112K
  class space    used 8428K, committed 8704K, reserved 1048576K
}
Event: 6.280 GC heap before
{Heap before GC invocations=26 (full 0):
 garbage-first heap   total 103424K, used 80340K [0x0000000080000000, 0x0000000100000000)
  region size 1024K, 28 young (28672K), 1 survivors (1024K)
 Metaspace       used 63846K, committed 64448K, reserved 1114112K
  class space    used 8752K, committed 9024K, reserved 1048576K
}
Event: 6.282 GC heap after
{Heap after GC invocations=27 (full 0):
 garbage-first heap   total 103424K, used 54107K [0x0000000080000000, 0x0000000100000000)
  region size 1024K, 1 young (1024K), 1 survivors (1024K)
 Metaspace       used 63846K, committed 64448K, reserved 1114112K
  class space    used 8752K, committed 9024K, reserved 1048576K
}
Event: 6.676 GC heap before
{Heap before GC invocations=28 (full 0):
 garbage-first heap   total 103424K, used 83803K [0x0000000080000000, 0x0000000100000000)
  region size 1024K, 29 young (29696K), 1 survivors (1024K)
 Metaspace       used 67126K, committed 67776K, reserved 1114112K
  class space    used 9213K, committed 9536K, reserved 1048576K
}
Event: 6.679 GC heap after
{Heap after GC invocations=29 (full 0):
 garbage-first heap   total 103424K, used 58729K [0x0000000080000000, 0x0000000100000000)
  region size 1024K, 4 young (4096K), 4 survivors (4096K)
 Metaspace       used 67126K, committed 67776K, reserved 1114112K
  class space    used 9213K, committed 9536K, reserved 1048576K
}
Event: 6.685 GC heap before
{Heap before GC invocations=29 (full 0):
 garbage-first heap   total 103424K, used 62825K [0x0000000080000000, 0x0000000100000000)
  region size 1024K, 5 young (5120K), 4 survivors (4096K)
 Metaspace       used 67126K, committed 67776K, reserved 1114112K
  class space    used 9213K, committed 9536K, reserved 1048576K
}
Event: 6.689 GC heap after
{Heap after GC invocations=30 (full 0):
 garbage-first heap   total 103424K, used 61215K [0x0000000080000000, 0x0000000100000000)
  region size 1024K, 1 young (1024K), 1 survivors (1024K)
 Metaspace       used 67126K, committed 67776K, reserved 1114112K
  class space    used 9213K, committed 9536K, reserved 1048576K
}

