# JRE version: OpenJDK Runtime Environment (17.0.10) (build 17.0.10+0--11572160)
# Java VM: OpenJDK 64-Bit Server VM (17.0.10+0--11572160, mixed mode, tiered, compressed oops, compressed class ptrs, g1 gc, windows-amd64)
GC Precious Log:
 CPUs: 16 total, 16 available
 Memory: 14188M
 Large Page Support: Disabled
 NUMA Support: Disabled
 Compressed Oops: Enabled (32-bit)
 Heap Region Size: 1M
 Heap Min Capacity: 8M
 Heap Initial Capacity: 222M
 Heap Max Capacity: 2G
 Pre-touch: Disabled
 Parallel Workers: 13
 Concurrent Workers: 3
 Concurrent Refinement Workers: 13
 Periodic GC: Disabled
Heap:
 garbage-first heap   total 248832K, used 160204K [0x0000000080000000, 0x0000000100000000)
  region size 1024K, 39 young (39936K), 2 survivors (2048K)
 Metaspace       used 116715K, committed 117568K, reserved 1179648K
  class space    used 15776K, committed 16192K, reserved 1048576K
GC Heap History (20 events):
Event: 16.516 GC heap before
{Heap before GC invocations=39 (full 0):
 garbage-first heap   total 206848K, used 168205K [0x0000000080000000, 0x0000000100000000)
  region size 1024K, 47 young (48128K), 4 survivors (4096K)
 Metaspace       used 103628K, committed 104384K, reserved 1179648K
  class space    used 14305K, committed 14656K, reserved 1048576K
}
Event: 16.520 GC heap after
{Heap after GC invocations=40 (full 0):
 garbage-first heap   total 206848K, used 126766K [0x0000000080000000, 0x0000000100000000)
  region size 1024K, 4 young (4096K), 4 survivors (4096K)
 Metaspace       used 103628K, committed 104384K, reserved 1179648K
  class space    used 14305K, committed 14656K, reserved 1048576K
}
Event: 16.888 GC heap before
{Heap before GC invocations=40 (full 0):
 garbage-first heap   total 206848K, used 169774K [0x0000000080000000, 0x0000000100000000)
  region size 1024K, 47 young (48128K), 4 survivors (4096K)
 Metaspace       used 104367K, committed 105152K, reserved 1179648K
  class space    used 14412K, committed 14784K, reserved 1048576K
}
Event: 16.892 GC heap after
{Heap after GC invocations=41 (full 0):
 garbage-first heap   total 248832K, used 130699K [0x0000000080000000, 0x0000000100000000)
  region size 1024K, 6 young (6144K), 6 survivors (6144K)
 Metaspace       used 104367K, committed 105152K, reserved 1179648K
  class space    used 14412K, committed 14784K, reserved 1048576K
}
Event: 17.211 GC heap before
{Heap before GC invocations=41 (full 0):
 garbage-first heap   total 248832K, used 199307K [0x0000000080000000, 0x0000000100000000)
  region size 1024K, 74 young (75776K), 6 survivors (6144K)
 Metaspace       used 104832K, committed 105664K, reserved 1179648K
  class space    used 14467K, committed 14912K, reserved 1048576K
}
Event: 17.215 GC heap after
{Heap after GC invocations=42 (full 0):
 garbage-first heap   total 248832K, used 133542K [0x0000000080000000, 0x0000000100000000)
  region size 1024K, 5 young (5120K), 5 survivors (5120K)
 Metaspace       used 104832K, committed 105664K, reserved 1179648K
  class space    used 14467K, committed 14912K, reserved 1048576K
}
Event: 17.369 GC heap before
{Heap before GC invocations=42 (full 0):
 garbage-first heap   total 248832K, used 200102K [0x0000000080000000, 0x0000000100000000)
  region size 1024K, 71 young (72704K), 5 survivors (5120K)
 Metaspace       used 105083K, committed 105920K, reserved 1179648K
  class space    used 14500K, committed 14912K, reserved 1048576K
}
Event: 17.374 GC heap after
{Heap after GC invocations=43 (full 0):
 garbage-first heap   total 248832K, used 136245K [0x0000000080000000, 0x0000000100000000)
  region size 1024K, 5 young (5120K), 5 survivors (5120K)
 Metaspace       used 105083K, committed 105920K, reserved 1179648K
  class space    used 14500K, committed 14912K, reserved 1048576K
}
Event: 17.561 GC heap before
{Heap before GC invocations=43 (full 0):
 garbage-first heap   total 248832K, used 201781K [0x0000000080000000, 0x0000000100000000)
  region size 1024K, 70 young (71680K), 5 survivors (5120K)
 Metaspace       used 105533K, committed 106368K, reserved 1179648K
  class space    used 14542K, committed 14976K, reserved 1048576K
}
Event: 17.568 GC heap after
{Heap after GC invocations=44 (full 0):
 garbage-first heap   total 248832K, used 138377K [0x0000000080000000, 0x0000000100000000)
  region size 1024K, 7 young (7168K), 7 survivors (7168K)
 Metaspace       used 105533K, committed 106368K, reserved 1179648K
  class space    used 14542K, committed 14976K, reserved 1048576K
}
Event: 19.365 GC heap before
{Heap before GC invocations=44 (full 0):
 garbage-first heap   total 248832K, used 203913K [0x0000000080000000, 0x0000000100000000)
  region size 1024K, 72 young (73728K), 7 survivors (7168K)
 Metaspace       used 105916K, committed 106752K, reserved 1179648K
  class space    used 14580K, committed 14976K, reserved 1048576K
}
Event: 19.370 GC heap after
{Heap after GC invocations=45 (full 0):
 garbage-first heap   total 248832K, used 141313K [0x0000000080000000, 0x0000000100000000)
  region size 1024K, 8 young (8192K), 8 survivors (8192K)
 Metaspace       used 105916K, committed 106752K, reserved 1179648K
  class space    used 14580K, committed 14976K, reserved 1048576K
}
Event: 19.730 GC heap before
{Heap before GC invocations=45 (full 0):
 garbage-first heap   total 248832K, used 204801K [0x0000000080000000, 0x0000000100000000)
  region size 1024K, 71 young (72704K), 8 survivors (8192K)
 Metaspace       used 106439K, committed 107264K, reserved 1179648K
  class space    used 14632K, committed 15040K, reserved 1048576K
}
Event: 19.734 GC heap after
{Heap after GC invocations=46 (full 0):
 garbage-first heap   total 248832K, used 141539K [0x0000000080000000, 0x0000000100000000)
  region size 1024K, 4 young (4096K), 4 survivors (4096K)
 Metaspace       used 106439K, committed 107264K, reserved 1179648K
  class space    used 14632K, committed 15040K, reserved 1048576K
}
Event: 19.830 GC heap before
{Heap before GC invocations=46 (full 0):
 garbage-first heap   total 248832K, used 149731K [0x0000000080000000, 0x0000000100000000)
  region size 1024K, 13 young (13312K), 4 survivors (4096K)
 Metaspace       used 106653K, committed 107456K, reserved 1179648K
  class space    used 14662K, committed 15104K, reserved 1048576K
}
Event: 19.832 GC heap after
{Heap after GC invocations=47 (full 0):
 garbage-first heap   total 248832K, used 141309K [0x0000000080000000, 0x0000000100000000)
  region size 1024K, 4 young (4096K), 4 survivors (4096K)
 Metaspace       used 106653K, committed 107456K, reserved 1179648K
  class space    used 14662K, committed 15104K, reserved 1048576K
}
Event: 21.080 GC heap before
{Heap before GC invocations=48 (full 0):
 garbage-first heap   total 248832K, used 190461K [0x0000000080000000, 0x0000000100000000)
  region size 1024K, 70 young (71680K), 4 survivors (4096K)
 Metaspace       used 113814K, committed 114688K, reserved 1179648K
  class space    used 15566K, committed 16000K, reserved 1048576K
}
Event: 21.087 GC heap after
{Heap after GC invocations=49 (full 0):
 garbage-first heap   total 248832K, used 133891K [0x0000000080000000, 0x0000000100000000)
  region size 1024K, 9 young (9216K), 9 survivors (9216K)
 Metaspace       used 113814K, committed 114688K, reserved 1179648K
  class space    used 15566K, committed 16000K, reserved 1048576K
}
Event: 21.143 GC heap before
{Heap before GC invocations=49 (full 0):
 garbage-first heap   total 248832K, used 136963K [0x0000000080000000, 0x0000000100000000)
  region size 1024K, 12 young (12288K), 9 survivors (9216K)
 Metaspace       used 113902K, committed 114752K, reserved 1179648K
  class space    used 15580K, committed 16000K, reserved 1048576K
}
Event: 21.149 GC heap after
{Heap after GC invocations=50 (full 0):
 garbage-first heap   total 248832K, used 122316K [0x0000000080000000, 0x0000000100000000)
  region size 1024K, 2 young (2048K), 2 survivors (2048K)
 Metaspace       used 113902K, committed 114752K, reserved 1179648K
  class space    used 15580K, committed 16000K, reserved 1048576K
}

