# JRE version: OpenJDK Runtime Environment (17.0.10) (build 17.0.10+0--11572160)
# Java VM: OpenJDK 64-Bit Server VM (17.0.10+0--11572160, mixed mode, tiered, compressed oops, compressed class ptrs, g1 gc, windows-amd64)
GC Precious Log:
 CPUs: 16 total, 16 available
 Memory: 14188M
 Large Page Support: Disabled
 NUMA Support: Disabled
 Compressed Oops: Enabled (32-bit)
 Heap Region Size: 1M
 Heap Min Capacity: 8M
 Heap Initial Capacity: 222M
 Heap Max Capacity: 2G
 Pre-touch: Disabled
 Parallel Workers: 13
 Concurrent Workers: 3
 Concurrent Refinement Workers: 13
 Periodic GC: Disabled
Heap:
 garbage-first heap   total 228352K, used 109213K [0x0000000080000000, 0x0000000100000000)
  region size 1024K, 8 young (8192K), 8 survivors (8192K)
 Metaspace       used 100768K, committed 101504K, reserved 1179648K
  class space    used 14013K, committed 14400K, reserved 1048576K
GC Heap History (20 events):
Event: 9.748 GC heap after
{Heap after GC invocations=31 (full 0):
 garbage-first heap   total 161792K, used 84248K [0x0000000080000000, 0x0000000100000000)
  region size 1024K, 3 young (3072K), 3 survivors (3072K)
 Metaspace       used 92134K, committed 92864K, reserved 1179648K
  class space    used 12888K, committed 13248K, reserved 1048576K
}
Event: 10.351 GC heap before
{Heap before GC invocations=32 (full 0):
 garbage-first heap   total 161792K, used 133400K [0x0000000080000000, 0x0000000100000000)
  region size 1024K, 51 young (52224K), 3 survivors (3072K)
 Metaspace       used 94724K, committed 95488K, reserved 1179648K
  class space    used 13289K, committed 13632K, reserved 1048576K
}
Event: 10.359 GC heap after
{Heap after GC invocations=33 (full 0):
 garbage-first heap   total 161792K, used 91222K [0x0000000080000000, 0x0000000100000000)
  region size 1024K, 7 young (7168K), 7 survivors (7168K)
 Metaspace       used 94724K, committed 95488K, reserved 1179648K
  class space    used 13289K, committed 13632K, reserved 1048576K
}
Event: 10.362 GC heap before
{Heap before GC invocations=33 (full 0):
 garbage-first heap   total 161792K, used 92246K [0x0000000080000000, 0x0000000100000000)
  region size 1024K, 8 young (8192K), 7 survivors (7168K)
 Metaspace       used 94741K, committed 95488K, reserved 1179648K
  class space    used 13296K, committed 13632K, reserved 1048576K
}
Event: 10.369 GC heap after
{Heap after GC invocations=34 (full 0):
 garbage-first heap   total 161792K, used 91719K [0x0000000080000000, 0x0000000100000000)
  region size 1024K, 1 young (1024K), 1 survivors (1024K)
 Metaspace       used 94741K, committed 95488K, reserved 1179648K
  class space    used 13296K, committed 13632K, reserved 1048576K
}
Event: 10.500 GC heap before
{Heap before GC invocations=34 (full 0):
 garbage-first heap   total 161792K, used 131655K [0x0000000080000000, 0x0000000100000000)
  region size 1024K, 40 young (40960K), 1 survivors (1024K)
 Metaspace       used 94996K, committed 95744K, reserved 1179648K
  class space    used 13337K, committed 13696K, reserved 1048576K
}
Event: 10.502 GC heap after
{Heap after GC invocations=35 (full 0):
 garbage-first heap   total 161792K, used 93914K [0x0000000080000000, 0x0000000100000000)
  region size 1024K, 4 young (4096K), 4 survivors (4096K)
 Metaspace       used 94996K, committed 95744K, reserved 1179648K
  class space    used 13337K, committed 13696K, reserved 1048576K
}
Event: 10.649 GC heap before
{Heap before GC invocations=36 (full 0):
 garbage-first heap   total 194560K, used 131802K [0x0000000080000000, 0x0000000100000000)
  region size 1024K, 41 young (41984K), 4 survivors (4096K)
 Metaspace       used 95083K, committed 95808K, reserved 1179648K
  class space    used 13333K, committed 13696K, reserved 1048576K
}
Event: 10.652 GC heap after
{Heap after GC invocations=37 (full 0):
 garbage-first heap   total 194560K, used 94791K [0x0000000080000000, 0x0000000100000000)
  region size 1024K, 4 young (4096K), 4 survivors (4096K)
 Metaspace       used 95083K, committed 95808K, reserved 1179648K
  class space    used 13333K, committed 13696K, reserved 1048576K
}
Event: 10.674 GC heap before
{Heap before GC invocations=37 (full 0):
 garbage-first heap   total 194560K, used 98887K [0x0000000080000000, 0x0000000100000000)
  region size 1024K, 9 young (9216K), 4 survivors (4096K)
 Metaspace       used 95102K, committed 95872K, reserved 1179648K
  class space    used 13333K, committed 13696K, reserved 1048576K
}
Event: 10.678 GC heap after
{Heap after GC invocations=38 (full 0):
 garbage-first heap   total 194560K, used 93264K [0x0000000080000000, 0x0000000100000000)
  region size 1024K, 2 young (2048K), 2 survivors (2048K)
 Metaspace       used 95102K, committed 95872K, reserved 1179648K
  class space    used 13333K, committed 13696K, reserved 1048576K
}
Event: 11.120 GC heap before
{Heap before GC invocations=38 (full 0):
 garbage-first heap   total 194560K, used 156752K [0x0000000080000000, 0x0000000100000000)
  region size 1024K, 65 young (66560K), 2 survivors (2048K)
 Metaspace       used 95678K, committed 96384K, reserved 1179648K
  class space    used 13425K, committed 13760K, reserved 1048576K
}
Event: 11.124 GC heap after
{Heap after GC invocations=39 (full 0):
 garbage-first heap   total 194560K, used 96404K [0x0000000080000000, 0x0000000100000000)
  region size 1024K, 6 young (6144K), 6 survivors (6144K)
 Metaspace       used 95678K, committed 96384K, reserved 1179648K
  class space    used 13425K, committed 13760K, reserved 1048576K
}
Event: 11.448 GC heap before
{Heap before GC invocations=39 (full 0):
 garbage-first heap   total 194560K, used 156820K [0x0000000080000000, 0x0000000100000000)
  region size 1024K, 66 young (67584K), 6 survivors (6144K)
 Metaspace       used 95756K, committed 96448K, reserved 1179648K
  class space    used 13431K, committed 13760K, reserved 1048576K
}
Event: 11.453 GC heap after
{Heap after GC invocations=40 (full 0):
 garbage-first heap   total 194560K, used 98794K [0x0000000080000000, 0x0000000100000000)
  region size 1024K, 5 young (5120K), 5 survivors (5120K)
 Metaspace       used 95756K, committed 96448K, reserved 1179648K
  class space    used 13431K, committed 13760K, reserved 1048576K
}
Event: 12.178 GC heap before
{Heap before GC invocations=40 (full 0):
 garbage-first heap   total 194560K, used 164330K [0x0000000080000000, 0x0000000100000000)
  region size 1024K, 65 young (66560K), 5 survivors (5120K)
 Metaspace       used 99141K, committed 99904K, reserved 1179648K
  class space    used 13729K, committed 14080K, reserved 1048576K
}
Event: 12.182 GC heap after
{Heap after GC invocations=41 (full 0):
 garbage-first heap   total 194560K, used 100732K [0x0000000080000000, 0x0000000100000000)
  region size 1024K, 7 young (7168K), 7 survivors (7168K)
 Metaspace       used 99141K, committed 99904K, reserved 1179648K
  class space    used 13729K, committed 14080K, reserved 1048576K
}
Event: 12.496 GC heap before
{Heap before GC invocations=41 (full 0):
 garbage-first heap   total 194560K, used 159100K [0x0000000080000000, 0x0000000100000000)
  region size 1024K, 65 young (66560K), 7 survivors (7168K)
 Metaspace       used 99769K, committed 100544K, reserved 1179648K
  class space    used 13821K, committed 14208K, reserved 1048576K
}
Event: 12.501 GC heap after
{Heap after GC invocations=42 (full 0):
 garbage-first heap   total 194560K, used 103464K [0x0000000080000000, 0x0000000100000000)
  region size 1024K, 8 young (8192K), 8 survivors (8192K)
 Metaspace       used 99769K, committed 100544K, reserved 1179648K
  class space    used 13821K, committed 14208K, reserved 1048576K
}
Event: 12.770 GC heap before
{Heap before GC invocations=42 (full 0):
 garbage-first heap   total 194560K, used 158760K [0x0000000080000000, 0x0000000100000000)
  region size 1024K, 63 young (64512K), 8 survivors (8192K)
 Metaspace       used 100768K, committed 101504K, reserved 1179648K
  class space    used 14013K, committed 14400K, reserved 1048576K
}

