# JRE version: OpenJDK Runtime Environment (17.0.10) (build 17.0.10+0--11572160)
# Java VM: OpenJDK 64-Bit Server VM (17.0.10+0--11572160, mixed mode, tiered, compressed oops, compressed class ptrs, g1 gc, windows-amd64)
GC Precious Log:
 CPUs: 16 total, 16 available
 Memory: 14188M
 Large Page Support: Disabled
 NUMA Support: Disabled
 Compressed Oops: Enabled (32-bit)
 Heap Region Size: 1M
 Heap Min Capacity: 8M
 Heap Initial Capacity: 222M
 Heap Max Capacity: 2G
 Pre-touch: Disabled
 Parallel Workers: 13
 Concurrent Workers: 3
 Concurrent Refinement Workers: 13
 Periodic GC: Disabled
Heap:
 garbage-first heap   total 211968K, used 173069K [0x0000000080000000, 0x0000000100000000)
  region size 1024K, 72 young (73728K), 5 survivors (5120K)
 Metaspace       used 99460K, committed 100224K, reserved 1179648K
  class space    used 13826K, committed 14208K, reserved 1048576K
GC Heap History (20 events):
Event: 9.095 GC heap before
{Heap before GC invocations=32 (full 0):
 garbage-first heap   total 176128K, used 139840K [0x0000000080000000, 0x0000000100000000)
  region size 1024K, 64 young (65536K), 8 survivors (8192K)
 Metaspace       used 80566K, committed 81216K, reserved 1179648K
  class space    used 11167K, committed 11456K, reserved 1048576K
}
Event: 9.098 GC heap after
{Heap after GC invocations=33 (full 0):
 garbage-first heap   total 176128K, used 84700K [0x0000000080000000, 0x0000000100000000)
  region size 1024K, 3 young (3072K), 3 survivors (3072K)
 Metaspace       used 80566K, committed 81216K, reserved 1179648K
  class space    used 11167K, committed 11456K, reserved 1048576K
}
Event: 9.682 GC heap before
{Heap before GC invocations=33 (full 0):
 garbage-first heap   total 176128K, used 142044K [0x0000000080000000, 0x0000000100000000)
  region size 1024K, 59 young (60416K), 3 survivors (3072K)
 Metaspace       used 85192K, committed 85888K, reserved 1179648K
  class space    used 11899K, committed 12224K, reserved 1048576K
}
Event: 9.685 GC heap after
{Heap after GC invocations=34 (full 0):
 garbage-first heap   total 176128K, used 86976K [0x0000000080000000, 0x0000000100000000)
  region size 1024K, 5 young (5120K), 5 survivors (5120K)
 Metaspace       used 85192K, committed 85888K, reserved 1179648K
  class space    used 11899K, committed 12224K, reserved 1048576K
}
Event: 28.487 GC heap before
{Heap before GC invocations=35 (full 0):
 garbage-first heap   total 176128K, used 140224K [0x0000000080000000, 0x0000000100000000)
  region size 1024K, 60 young (61440K), 5 survivors (5120K)
 Metaspace       used 87159K, committed 87872K, reserved 1179648K
  class space    used 12122K, committed 12480K, reserved 1048576K
}
Event: 28.493 GC heap after
{Heap after GC invocations=36 (full 0):
 garbage-first heap   total 176128K, used 89562K [0x0000000080000000, 0x0000000100000000)
  region size 1024K, 8 young (8192K), 8 survivors (8192K)
 Metaspace       used 87159K, committed 87872K, reserved 1179648K
  class space    used 12122K, committed 12480K, reserved 1048576K
}
Event: 28.510 GC heap before
{Heap before GC invocations=36 (full 0):
 garbage-first heap   total 176128K, used 90586K [0x0000000080000000, 0x0000000100000000)
  region size 1024K, 9 young (9216K), 8 survivors (8192K)
 Metaspace       used 87261K, committed 88000K, reserved 1179648K
  class space    used 12136K, committed 12480K, reserved 1048576K
}
Event: 28.514 GC heap after
{Heap after GC invocations=37 (full 0):
 garbage-first heap   total 176128K, used 90198K [0x0000000080000000, 0x0000000100000000)
  region size 1024K, 2 young (2048K), 2 survivors (2048K)
 Metaspace       used 87261K, committed 88000K, reserved 1179648K
  class space    used 12136K, committed 12480K, reserved 1048576K
}
Event: 29.184 GC heap before
{Heap before GC invocations=37 (full 0):
 garbage-first heap   total 176128K, used 143446K [0x0000000080000000, 0x0000000100000000)
  region size 1024K, 54 young (55296K), 2 survivors (2048K)
 Metaspace       used 91081K, committed 91904K, reserved 1179648K
  class space    used 12741K, committed 13120K, reserved 1048576K
}
Event: 29.187 GC heap after
{Heap after GC invocations=38 (full 0):
 garbage-first heap   total 176128K, used 91446K [0x0000000080000000, 0x0000000100000000)
  region size 1024K, 3 young (3072K), 3 survivors (3072K)
 Metaspace       used 91081K, committed 91904K, reserved 1179648K
  class space    used 12741K, committed 13120K, reserved 1048576K
}
Event: 29.861 GC heap before
{Heap before GC invocations=39 (full 0):
 garbage-first heap   total 176128K, used 143670K [0x0000000080000000, 0x0000000100000000)
  region size 1024K, 55 young (56320K), 3 survivors (3072K)
 Metaspace       used 95439K, committed 96192K, reserved 1179648K
  class space    used 13389K, committed 13760K, reserved 1048576K
}
Event: 29.866 GC heap after
{Heap after GC invocations=40 (full 0):
 garbage-first heap   total 176128K, used 95985K [0x0000000080000000, 0x0000000100000000)
  region size 1024K, 7 young (7168K), 7 survivors (7168K)
 Metaspace       used 95439K, committed 96192K, reserved 1179648K
  class space    used 13389K, committed 13760K, reserved 1048576K
}
Event: 29.872 GC heap before
{Heap before GC invocations=40 (full 0):
 garbage-first heap   total 176128K, used 95985K [0x0000000080000000, 0x0000000100000000)
  region size 1024K, 8 young (8192K), 7 survivors (7168K)
 Metaspace       used 95476K, committed 96256K, reserved 1179648K
  class space    used 13397K, committed 13760K, reserved 1048576K
}
Event: 29.877 GC heap after
{Heap after GC invocations=41 (full 0):
 garbage-first heap   total 176128K, used 94847K [0x0000000080000000, 0x0000000100000000)
  region size 1024K, 1 young (1024K), 1 survivors (1024K)
 Metaspace       used 95476K, committed 96256K, reserved 1179648K
  class space    used 13397K, committed 13760K, reserved 1048576K
}
Event: 29.993 GC heap before
{Heap before GC invocations=41 (full 0):
 garbage-first heap   total 176128K, used 143999K [0x0000000080000000, 0x0000000100000000)
  region size 1024K, 50 young (51200K), 1 survivors (1024K)
 Metaspace       used 95663K, committed 96448K, reserved 1179648K
  class space    used 13444K, committed 13824K, reserved 1048576K
}
Event: 29.995 GC heap after
{Heap after GC invocations=42 (full 0):
 garbage-first heap   total 176128K, used 97566K [0x0000000080000000, 0x0000000100000000)
  region size 1024K, 4 young (4096K), 4 survivors (4096K)
 Metaspace       used 95663K, committed 96448K, reserved 1179648K
  class space    used 13444K, committed 13824K, reserved 1048576K
}
Event: 30.277 GC heap before
{Heap before GC invocations=42 (full 0):
 garbage-first heap   total 176128K, used 126238K [0x0000000080000000, 0x0000000100000000)
  region size 1024K, 34 young (34816K), 4 survivors (4096K)
 Metaspace       used 96418K, committed 97216K, reserved 1179648K
  class space    used 13573K, committed 13952K, reserved 1048576K
}
Event: 30.280 GC heap after
{Heap after GC invocations=43 (full 0):
 garbage-first heap   total 211968K, used 99775K [0x0000000080000000, 0x0000000100000000)
  region size 1024K, 5 young (5120K), 5 survivors (5120K)
 Metaspace       used 96418K, committed 97216K, reserved 1179648K
  class space    used 13573K, committed 13952K, reserved 1048576K
}
Event: 30.281 GC heap before
{Heap before GC invocations=43 (full 0):
 garbage-first heap   total 211968K, used 100799K [0x0000000080000000, 0x0000000100000000)
  region size 1024K, 6 young (6144K), 5 survivors (5120K)
 Metaspace       used 96418K, committed 97216K, reserved 1179648K
  class space    used 13573K, committed 13952K, reserved 1048576K
}
Event: 30.283 GC heap after
{Heap after GC invocations=44 (full 0):
 garbage-first heap   total 211968K, used 100365K [0x0000000080000000, 0x0000000100000000)
  region size 1024K, 5 young (5120K), 5 survivors (5120K)
 Metaspace       used 96418K, committed 97216K, reserved 1179648K
  class space    used 13573K, committed 13952K, reserved 1048576K
}

