# JRE version: OpenJDK Runtime Environment (17.0.10) (build 17.0.10+0--11572160)
# Java VM: OpenJDK 64-Bit Server VM (17.0.10+0--11572160, mixed mode, tiered, compressed oops, compressed class ptrs, g1 gc, windows-amd64)
GC Precious Log:
 CPUs: 16 total, 16 available
 Memory: 14188M
 Large Page Support: Disabled
 NUMA Support: Disabled
 Compressed Oops: Enabled (32-bit)
 Heap Region Size: 1M
 Heap Min Capacity: 8M
 Heap Initial Capacity: 222M
 Heap Max Capacity: 2G
 Pre-touch: Disabled
 Parallel Workers: 13
 Concurrent Workers: 3
 Concurrent Refinement Workers: 13
 Periodic GC: Disabled
Heap:
 garbage-first heap   total 228352K, used 107042K [0x0000000080000000, 0x0000000100000000)
  region size 1024K, 4 young (4096K), 4 survivors (4096K)
 Metaspace       used 81074K, committed 81856K, reserved 1179648K
  class space    used 10998K, committed 11328K, reserved 1048576K
GC Heap History (20 events):
Event: 7.033 GC heap after
{Heap after GC invocations=34 (full 0):
 garbage-first heap   total 159744K, used 91418K [0x0000000080000000, 0x0000000100000000)
  region size 1024K, 1 young (1024K), 1 survivors (1024K)
 Metaspace       used 62248K, committed 62912K, reserved 1114112K
  class space    used 8512K, committed 8832K, reserved 1048576K
}
Event: 7.077 GC heap before
{Heap before GC invocations=34 (full 0):
 garbage-first heap   total 159744K, used 99610K [0x0000000080000000, 0x0000000100000000)
  region size 1024K, 11 young (11264K), 1 survivors (1024K)
 Metaspace       used 62857K, committed 63488K, reserved 1114112K
  class space    used 8569K, committed 8832K, reserved 1048576K
}
Event: 7.079 GC heap after
{Heap after GC invocations=35 (full 0):
 garbage-first heap   total 159744K, used 92284K [0x0000000080000000, 0x0000000100000000)
  region size 1024K, 2 young (2048K), 2 survivors (2048K)
 Metaspace       used 62857K, committed 63488K, reserved 1114112K
  class space    used 8569K, committed 8832K, reserved 1048576K
}
Event: 7.352 GC heap before
{Heap before GC invocations=36 (full 0):
 garbage-first heap   total 163840K, used 124028K [0x0000000080000000, 0x0000000100000000)
  region size 1024K, 33 young (33792K), 2 survivors (2048K)
 Metaspace       used 65289K, committed 65984K, reserved 1114112K
  class space    used 8896K, committed 9216K, reserved 1048576K
}
Event: 7.354 GC heap after
{Heap after GC invocations=37 (full 0):
 garbage-first heap   total 163840K, used 94467K [0x0000000080000000, 0x0000000100000000)
  region size 1024K, 3 young (3072K), 3 survivors (3072K)
 Metaspace       used 65289K, committed 65984K, reserved 1114112K
  class space    used 8896K, committed 9216K, reserved 1048576K
}
Event: 7.387 GC heap before
{Heap before GC invocations=37 (full 0):
 garbage-first heap   total 163840K, used 98563K [0x0000000080000000, 0x0000000100000000)
  region size 1024K, 8 young (8192K), 3 survivors (3072K)
 Metaspace       used 65944K, committed 66688K, reserved 1114112K
  class space    used 8941K, committed 9280K, reserved 1048576K
}
Event: 7.389 GC heap after
{Heap after GC invocations=38 (full 0):
 garbage-first heap   total 163840K, used 92933K [0x0000000080000000, 0x0000000100000000)
  region size 1024K, 1 young (1024K), 1 survivors (1024K)
 Metaspace       used 65944K, committed 66688K, reserved 1114112K
  class space    used 8941K, committed 9280K, reserved 1048576K
}
Event: 7.756 GC heap before
{Heap before GC invocations=38 (full 0):
 garbage-first heap   total 163840K, used 128773K [0x0000000080000000, 0x0000000100000000)
  region size 1024K, 36 young (36864K), 1 survivors (1024K)
 Metaspace       used 69596K, committed 70336K, reserved 1114112K
  class space    used 9449K, committed 9792K, reserved 1048576K
}
Event: 7.759 GC heap after
{Heap after GC invocations=39 (full 0):
 garbage-first heap   total 163840K, used 93928K [0x0000000080000000, 0x0000000100000000)
  region size 1024K, 2 young (2048K), 2 survivors (2048K)
 Metaspace       used 69596K, committed 70336K, reserved 1114112K
  class space    used 9449K, committed 9792K, reserved 1048576K
}
Event: 8.100 GC heap before
{Heap before GC invocations=40 (full 0):
 garbage-first heap   total 165888K, used 136936K [0x0000000080000000, 0x0000000100000000)
  region size 1024K, 39 young (39936K), 2 survivors (2048K)
 Metaspace       used 72450K, committed 73152K, reserved 1114112K
  class space    used 9811K, committed 10112K, reserved 1048576K
}
Event: 8.103 GC heap after
{Heap after GC invocations=41 (full 0):
 garbage-first heap   total 165888K, used 99199K [0x0000000080000000, 0x0000000100000000)
  region size 1024K, 5 young (5120K), 5 survivors (5120K)
 Metaspace       used 72450K, committed 73152K, reserved 1114112K
  class space    used 9811K, committed 10112K, reserved 1048576K
}
Event: 8.132 GC heap before
{Heap before GC invocations=41 (full 0):
 garbage-first heap   total 165888K, used 102271K [0x0000000080000000, 0x0000000100000000)
  region size 1024K, 8 young (8192K), 5 survivors (5120K)
 Metaspace       used 72637K, committed 73344K, reserved 1114112K
  class space    used 9842K, committed 10176K, reserved 1048576K
}
Event: 8.134 GC heap after
{Heap after GC invocations=42 (full 0):
 garbage-first heap   total 165888K, used 98982K [0x0000000080000000, 0x0000000100000000)
  region size 1024K, 1 young (1024K), 1 survivors (1024K)
 Metaspace       used 72637K, committed 73344K, reserved 1114112K
  class space    used 9842K, committed 10176K, reserved 1048576K
}
Event: 8.495 GC heap before
{Heap before GC invocations=42 (full 0):
 garbage-first heap   total 165888K, used 134822K [0x0000000080000000, 0x0000000100000000)
  region size 1024K, 36 young (36864K), 1 survivors (1024K)
 Metaspace       used 75189K, committed 75904K, reserved 1179648K
  class space    used 10175K, committed 10496K, reserved 1048576K
}
Event: 8.497 GC heap after
{Heap after GC invocations=43 (full 0):
 garbage-first heap   total 165888K, used 100123K [0x0000000080000000, 0x0000000100000000)
  region size 1024K, 2 young (2048K), 2 survivors (2048K)
 Metaspace       used 75189K, committed 75904K, reserved 1179648K
  class space    used 10175K, committed 10496K, reserved 1048576K
}
Event: 8.918 GC heap before
{Heap before GC invocations=44 (full 0):
 garbage-first heap   total 176128K, used 136987K [0x0000000080000000, 0x0000000100000000)
  region size 1024K, 37 young (37888K), 2 survivors (2048K)
 Metaspace       used 79409K, committed 80192K, reserved 1179648K
  class space    used 10758K, committed 11136K, reserved 1048576K
}
Event: 8.921 GC heap after
{Heap after GC invocations=45 (full 0):
 garbage-first heap   total 176128K, used 103019K [0x0000000080000000, 0x0000000100000000)
  region size 1024K, 4 young (4096K), 4 survivors (4096K)
 Metaspace       used 79409K, committed 80192K, reserved 1179648K
  class space    used 10758K, committed 11136K, reserved 1048576K
}
Event: 8.938 GC heap before
{Heap before GC invocations=45 (full 0):
 garbage-first heap   total 176128K, used 107115K [0x0000000080000000, 0x0000000100000000)
  region size 1024K, 8 young (8192K), 4 survivors (4096K)
 Metaspace       used 79409K, committed 80192K, reserved 1179648K
  class space    used 10758K, committed 11136K, reserved 1048576K
}
Event: 8.941 GC heap after
{Heap after GC invocations=46 (full 0):
 garbage-first heap   total 176128K, used 104493K [0x0000000080000000, 0x0000000100000000)
  region size 1024K, 1 young (1024K), 1 survivors (1024K)
 Metaspace       used 79409K, committed 80192K, reserved 1179648K
  class space    used 10758K, committed 11136K, reserved 1048576K
}
Event: 9.219 GC heap before
{Heap before GC invocations=46 (full 0):
 garbage-first heap   total 176128K, used 143405K [0x0000000080000000, 0x0000000100000000)
  region size 1024K, 39 young (39936K), 1 survivors (1024K)
 Metaspace       used 81074K, committed 81856K, reserved 1179648K
  class space    used 10998K, committed 11328K, reserved 1048576K
}

