# JRE version: OpenJDK Runtime Environment (17.0.10) (build 17.0.10+0--11572160)
# Java VM: OpenJDK 64-Bit Server VM (17.0.10+0--11572160, mixed mode, tiered, compressed oops, compressed class ptrs, g1 gc, windows-amd64)
GC Precious Log:
 CPUs: 16 total, 16 available
 Memory: 14188M
 Large Page Support: Disabled
 NUMA Support: Disabled
 Compressed Oops: Enabled (32-bit)
 Heap Region Size: 1M
 Heap Min Capacity: 8M
 Heap Initial Capacity: 222M
 Heap Max Capacity: 2G
 Pre-touch: Disabled
 Parallel Workers: 13
 Concurrent Workers: 3
 Concurrent Refinement Workers: 13
 Periodic GC: Disabled
Heap:
 garbage-first heap   total 347136K, used 259945K [0x0000000080000000, 0x0000000100000000)
  region size 1024K, 6 young (6144K), 6 survivors (6144K)
 Metaspace       used 141417K, committed 142464K, reserved 1179648K
  class space    used 19579K, committed 20096K, reserved 1048576K
GC Heap History (20 events):
Event: 48.615 GC heap after
{Heap after GC invocations=62 (full 0):
 garbage-first heap   total 288768K, used 203220K [0x0000000080000000, 0x0000000100000000)
  region size 1024K, 4 young (4096K), 4 survivors (4096K)
 Metaspace       used 132994K, committed 134144K, reserved 1179648K
  class space    used 18376K, committed 18944K, reserved 1048576K
}
Event: 48.787 GC heap before
{Heap before GC invocations=62 (full 0):
 garbage-first heap   total 288768K, used 245204K [0x0000000080000000, 0x0000000100000000)
  region size 1024K, 46 young (47104K), 4 survivors (4096K)
 Metaspace       used 133039K, committed 134208K, reserved 1179648K
  class space    used 18378K, committed 18944K, reserved 1048576K
}
Event: 48.791 GC heap after
{Heap after GC invocations=63 (full 0):
 garbage-first heap   total 288768K, used 205212K [0x0000000080000000, 0x0000000100000000)
  region size 1024K, 5 young (5120K), 5 survivors (5120K)
 Metaspace       used 133039K, committed 134208K, reserved 1179648K
  class space    used 18378K, committed 18944K, reserved 1048576K
}
Event: 49.231 GC heap before
{Heap before GC invocations=63 (full 0):
 garbage-first heap   total 288768K, used 245148K [0x0000000080000000, 0x0000000100000000)
  region size 1024K, 45 young (46080K), 5 survivors (5120K)
 Metaspace       used 134873K, committed 135936K, reserved 1179648K
  class space    used 18551K, committed 19072K, reserved 1048576K
}
Event: 49.236 GC heap after
{Heap after GC invocations=64 (full 0):
 garbage-first heap   total 288768K, used 207074K [0x0000000080000000, 0x0000000100000000)
  region size 1024K, 5 young (5120K), 5 survivors (5120K)
 Metaspace       used 134873K, committed 135936K, reserved 1179648K
  class space    used 18551K, committed 19072K, reserved 1048576K
}
Event: 49.543 GC heap before
{Heap before GC invocations=64 (full 0):
 garbage-first heap   total 288768K, used 244962K [0x0000000080000000, 0x0000000100000000)
  region size 1024K, 43 young (44032K), 5 survivors (5120K)
 Metaspace       used 135844K, committed 136960K, reserved 1179648K
  class space    used 18681K, committed 19200K, reserved 1048576K
}
Event: 49.548 GC heap after
{Heap after GC invocations=65 (full 0):
 garbage-first heap   total 288768K, used 209587K [0x0000000080000000, 0x0000000100000000)
  region size 1024K, 6 young (6144K), 6 survivors (6144K)
 Metaspace       used 135844K, committed 136960K, reserved 1179648K
  class space    used 18681K, committed 19200K, reserved 1048576K
}
Event: 49.616 GC heap before
{Heap before GC invocations=65 (full 0):
 garbage-first heap   total 288768K, used 244403K [0x0000000080000000, 0x0000000100000000)
  region size 1024K, 41 young (41984K), 6 survivors (6144K)
 Metaspace       used 135845K, committed 136960K, reserved 1179648K
  class space    used 18681K, committed 19200K, reserved 1048576K
}
Event: 49.620 GC heap after
{Heap after GC invocations=66 (full 0):
 garbage-first heap   total 288768K, used 210312K [0x0000000080000000, 0x0000000100000000)
  region size 1024K, 4 young (4096K), 4 survivors (4096K)
 Metaspace       used 135845K, committed 136960K, reserved 1179648K
  class space    used 18681K, committed 19200K, reserved 1048576K
}
Event: 49.756 GC heap before
{Heap before GC invocations=66 (full 0):
 garbage-first heap   total 288768K, used 245128K [0x0000000080000000, 0x0000000100000000)
  region size 1024K, 39 young (39936K), 4 survivors (4096K)
 Metaspace       used 136322K, committed 137344K, reserved 1179648K
  class space    used 18770K, committed 19264K, reserved 1048576K
}
Event: 49.760 GC heap after
{Heap after GC invocations=67 (full 0):
 garbage-first heap   total 288768K, used 213334K [0x0000000080000000, 0x0000000100000000)
  region size 1024K, 5 young (5120K), 5 survivors (5120K)
 Metaspace       used 136322K, committed 137344K, reserved 1179648K
  class space    used 18770K, committed 19264K, reserved 1048576K
}
Event: 49.787 GC heap before
{Heap before GC invocations=67 (full 0):
 garbage-first heap   total 288768K, used 244054K [0x0000000080000000, 0x0000000100000000)
  region size 1024K, 36 young (36864K), 5 survivors (5120K)
 Metaspace       used 136411K, committed 137536K, reserved 1179648K
  class space    used 18786K, committed 19328K, reserved 1048576K
}
Event: 49.791 GC heap after
{Heap after GC invocations=68 (full 0):
 garbage-first heap   total 347136K, used 219258K [0x0000000080000000, 0x0000000100000000)
  region size 1024K, 5 young (5120K), 5 survivors (5120K)
 Metaspace       used 136411K, committed 137536K, reserved 1179648K
  class space    used 18786K, committed 19328K, reserved 1048576K
}
Event: 50.074 GC heap before
{Heap before GC invocations=68 (full 0):
 garbage-first heap   total 347136K, used 288890K [0x0000000080000000, 0x0000000100000000)
  region size 1024K, 74 young (75776K), 5 survivors (5120K)
 Metaspace       used 138502K, committed 139584K, reserved 1179648K
  class space    used 19169K, committed 19712K, reserved 1048576K
}
Event: 50.082 GC heap after
{Heap after GC invocations=69 (full 0):
 garbage-first heap   total 347136K, used 231481K [0x0000000080000000, 0x0000000100000000)
  region size 1024K, 10 young (10240K), 10 survivors (10240K)
 Metaspace       used 138502K, committed 139584K, reserved 1179648K
  class space    used 19169K, committed 19712K, reserved 1048576K
}
Event: 50.243 GC heap before
{Heap before GC invocations=69 (full 0):
 garbage-first heap   total 347136K, used 288825K [0x0000000080000000, 0x0000000100000000)
  region size 1024K, 67 young (68608K), 10 survivors (10240K)
 Metaspace       used 139443K, committed 140544K, reserved 1179648K
  class space    used 19294K, committed 19840K, reserved 1048576K
}
Event: 50.254 GC heap after
{Heap after GC invocations=70 (full 0):
 garbage-first heap   total 347136K, used 243625K [0x0000000080000000, 0x0000000100000000)
  region size 1024K, 9 young (9216K), 9 survivors (9216K)
 Metaspace       used 139443K, committed 140544K, reserved 1179648K
  class space    used 19294K, committed 19840K, reserved 1048576K
}
Event: 50.441 GC heap before
{Heap before GC invocations=70 (full 0):
 garbage-first heap   total 347136K, used 289705K [0x0000000080000000, 0x0000000100000000)
  region size 1024K, 55 young (56320K), 9 survivors (9216K)
 Metaspace       used 141166K, committed 142272K, reserved 1179648K
  class space    used 19552K, committed 20096K, reserved 1048576K
}
Event: 50.453 GC heap after
{Heap after GC invocations=71 (full 0):
 garbage-first heap   total 347136K, used 251800K [0x0000000080000000, 0x0000000100000000)
  region size 1024K, 7 young (7168K), 7 survivors (7168K)
 Metaspace       used 141166K, committed 142272K, reserved 1179648K
  class space    used 19552K, committed 20096K, reserved 1048576K
}
Event: 50.535 GC heap before
{Heap before GC invocations=71 (full 0):
 garbage-first heap   total 347136K, used 293784K [0x0000000080000000, 0x0000000100000000)
  region size 1024K, 48 young (49152K), 7 survivors (7168K)
 Metaspace       used 141417K, committed 142464K, reserved 1179648K
  class space    used 19579K, committed 20096K, reserved 1048576K
}

