# JRE version: OpenJDK Runtime Environment (17.0.10) (build 17.0.10+0--11572160)
# Java VM: OpenJDK 64-Bit Server VM (17.0.10+0--11572160, mixed mode, tiered, compressed oops, compressed class ptrs, g1 gc, windows-amd64)
GC Precious Log:
 CPUs: 16 total, 16 available
 Memory: 14188M
 Large Page Support: Disabled
 NUMA Support: Disabled
 Compressed Oops: Enabled (32-bit)
 Heap Region Size: 1M
 Heap Min Capacity: 8M
 Heap Initial Capacity: 222M
 Heap Max Capacity: 2G
 Pre-touch: Disabled
 Parallel Workers: 13
 Concurrent Workers: 3
 Concurrent Refinement Workers: 13
 Periodic GC: Disabled
Heap:
 garbage-first heap   total 265216K, used 160519K [0x0000000080000000, 0x0000000100000000)
  region size 1024K, 2 young (2048K), 2 survivors (2048K)
 Metaspace       used 109808K, committed 110528K, reserved 1179648K
  class space    used 14974K, committed 15296K, reserved 1048576K
GC Heap History (20 events):
Event: 20.883 GC heap after
{Heap after GC invocations=33 (full 0):
 garbage-first heap   total 172032K, used 89135K [0x0000000080000000, 0x0000000100000000)
  region size 1024K, 5 young (5120K), 5 survivors (5120K)
 Metaspace       used 95303K, committed 96000K, reserved 1179648K
  class space    used 13383K, committed 13696K, reserved 1048576K
}
Event: 21.892 GC heap before
{Heap before GC invocations=34 (full 0):
 garbage-first heap   total 174080K, used 144431K [0x0000000080000000, 0x0000000100000000)
  region size 1024K, 55 young (56320K), 5 survivors (5120K)
 Metaspace       used 99020K, committed 99712K, reserved 1179648K
  class space    used 13840K, committed 14144K, reserved 1048576K
}
Event: 21.899 GC heap after
{Heap after GC invocations=35 (full 0):
 garbage-first heap   total 174080K, used 91470K [0x0000000080000000, 0x0000000100000000)
  region size 1024K, 5 young (5120K), 5 survivors (5120K)
 Metaspace       used 99020K, committed 99712K, reserved 1179648K
  class space    used 13840K, committed 14144K, reserved 1048576K
}
Event: 21.960 GC heap before
{Heap before GC invocations=35 (full 0):
 garbage-first heap   total 174080K, used 94542K [0x0000000080000000, 0x0000000100000000)
  region size 1024K, 8 young (8192K), 5 survivors (5120K)
 Metaspace       used 99878K, committed 100608K, reserved 1179648K
  class space    used 14004K, committed 14336K, reserved 1048576K
}
Event: 21.964 GC heap after
{Heap after GC invocations=36 (full 0):
 garbage-first heap   total 174080K, used 88937K [0x0000000080000000, 0x0000000100000000)
  region size 1024K, 1 young (1024K), 1 survivors (1024K)
 Metaspace       used 99878K, committed 100608K, reserved 1179648K
  class space    used 14004K, committed 14336K, reserved 1048576K
}
Event: 22.339 GC heap before
{Heap before GC invocations=36 (full 0):
 garbage-first heap   total 174080K, used 106345K [0x0000000080000000, 0x0000000100000000)
  region size 1024K, 19 young (19456K), 1 survivors (1024K)
 Metaspace       used 103431K, committed 104192K, reserved 1179648K
  class space    used 14379K, committed 14720K, reserved 1048576K
}
Event: 22.343 GC heap after
{Heap after GC invocations=37 (full 0):
 garbage-first heap   total 174080K, used 89279K [0x0000000080000000, 0x0000000100000000)
  region size 1024K, 1 young (1024K), 1 survivors (1024K)
 Metaspace       used 103431K, committed 104192K, reserved 1179648K
  class space    used 14379K, committed 14720K, reserved 1048576K
}
Event: 24.117 GC heap before
{Heap before GC invocations=38 (full 0):
 garbage-first heap   total 174080K, used 147647K [0x0000000080000000, 0x0000000100000000)
  region size 1024K, 54 young (55296K), 1 survivors (1024K)
 Metaspace       used 107845K, committed 108672K, reserved 1179648K
  class space    used 14759K, committed 15168K, reserved 1048576K
}
Event: 24.129 GC heap after
{Heap after GC invocations=39 (full 0):
 garbage-first heap   total 174080K, used 104716K [0x0000000080000000, 0x0000000100000000)
  region size 1024K, 7 young (7168K), 7 survivors (7168K)
 Metaspace       used 107845K, committed 108672K, reserved 1179648K
  class space    used 14759K, committed 15168K, reserved 1048576K
}
Event: 24.150 GC heap before
{Heap before GC invocations=39 (full 0):
 garbage-first heap   total 174080K, used 105740K [0x0000000080000000, 0x0000000100000000)
  region size 1024K, 8 young (8192K), 7 survivors (7168K)
 Metaspace       used 107845K, committed 108672K, reserved 1179648K
  class space    used 14759K, committed 15168K, reserved 1048576K
}
Event: 24.156 GC heap after
{Heap after GC invocations=40 (full 0):
 garbage-first heap   total 174080K, used 105056K [0x0000000080000000, 0x0000000100000000)
  region size 1024K, 1 young (1024K), 1 survivors (1024K)
 Metaspace       used 107845K, committed 108672K, reserved 1179648K
  class space    used 14759K, committed 15168K, reserved 1048576K
}
Event: 24.602 GC heap before
{Heap before GC invocations=40 (full 0):
 garbage-first heap   total 174080K, used 140896K [0x0000000080000000, 0x0000000100000000)
  region size 1024K, 36 young (36864K), 1 survivors (1024K)
 Metaspace       used 108010K, committed 108800K, reserved 1179648K
  class space    used 14774K, committed 15168K, reserved 1048576K
}
Event: 24.621 GC heap after
{Heap after GC invocations=41 (full 0):
 garbage-first heap   total 178176K, used 140793K [0x0000000080000000, 0x0000000100000000)
  region size 1024K, 5 young (5120K), 5 survivors (5120K)
 Metaspace       used 108010K, committed 108800K, reserved 1179648K
  class space    used 14774K, committed 15168K, reserved 1048576K
}
Event: 24.677 GC heap before
{Heap before GC invocations=41 (full 0):
 garbage-first heap   total 178176K, used 146937K [0x0000000080000000, 0x0000000100000000)
  region size 1024K, 11 young (11264K), 5 survivors (5120K)
 Metaspace       used 108010K, committed 108800K, reserved 1179648K
  class space    used 14774K, committed 15168K, reserved 1048576K
}
Event: 24.687 GC heap after
{Heap after GC invocations=42 (full 0):
 garbage-first heap   total 178176K, used 149238K [0x0000000080000000, 0x0000000100000000)
  region size 1024K, 2 young (2048K), 2 survivors (2048K)
 Metaspace       used 108010K, committed 108800K, reserved 1179648K
  class space    used 14774K, committed 15168K, reserved 1048576K
}
Event: 24.718 GC heap before
{Heap before GC invocations=42 (full 0):
 garbage-first heap   total 178176K, used 155382K [0x0000000080000000, 0x0000000100000000)
  region size 1024K, 8 young (8192K), 2 survivors (2048K)
 Metaspace       used 108010K, committed 108800K, reserved 1179648K
  class space    used 14774K, committed 15168K, reserved 1048576K
}
Event: 24.723 GC heap after
{Heap after GC invocations=43 (full 0):
 garbage-first heap   total 178176K, used 156451K [0x0000000080000000, 0x0000000100000000)
  region size 1024K, 1 young (1024K), 1 survivors (1024K)
 Metaspace       used 108010K, committed 108800K, reserved 1179648K
  class space    used 14774K, committed 15168K, reserved 1048576K
}
Event: 24.911 GC heap before
{Heap before GC invocations=44 (full 0):
 garbage-first heap   total 265216K, used 162595K [0x0000000080000000, 0x0000000100000000)
  region size 1024K, 8 young (8192K), 1 survivors (1024K)
 Metaspace       used 108609K, committed 109376K, reserved 1179648K
  class space    used 14847K, committed 15232K, reserved 1048576K
}
Event: 24.917 GC heap after
{Heap after GC invocations=45 (full 0):
 garbage-first heap   total 265216K, used 159379K [0x0000000080000000, 0x0000000100000000)
  region size 1024K, 1 young (1024K), 1 survivors (1024K)
 Metaspace       used 108609K, committed 109376K, reserved 1179648K
  class space    used 14847K, committed 15232K, reserved 1048576K
}
Event: 25.445 GC heap before
{Heap before GC invocations=45 (full 0):
 garbage-first heap   total 265216K, used 170643K [0x0000000080000000, 0x0000000100000000)
  region size 1024K, 12 young (12288K), 1 survivors (1024K)
 Metaspace       used 109808K, committed 110528K, reserved 1179648K
  class space    used 14974K, committed 15296K, reserved 1048576K
}

