# JRE version: OpenJDK Runtime Environment (17.0.10) (build 17.0.10+0--11572160)
# Java VM: OpenJDK 64-Bit Server VM (17.0.10+0--11572160, mixed mode, tiered, compressed oops, compressed class ptrs, g1 gc, windows-amd64)
GC Precious Log:
 CPUs: 16 total, 16 available
 Memory: 14188M
 Large Page Support: Disabled
 NUMA Support: Disabled
 Compressed Oops: Enabled (32-bit)
 Heap Region Size: 1M
 Heap Min Capacity: 8M
 Heap Initial Capacity: 222M
 Heap Max Capacity: 2G
 Pre-touch: Disabled
 Parallel Workers: 13
 Concurrent Workers: 3
 Concurrent Refinement Workers: 13
 Periodic GC: Disabled
Heap:
 garbage-first heap   total 273408K, used 219581K [0x0000000080000000, 0x0000000100000000)
  region size 1024K, 2 young (2048K), 2 survivors (2048K)
 Metaspace       used 110256K, committed 110976K, reserved 1179648K
  class space    used 15016K, committed 15360K, reserved 1048576K
GC Heap History (20 events):
Event: 21.973 GC heap after
{Heap after GC invocations=31 (full 0):
 garbage-first heap   total 194560K, used 90561K [0x0000000080000000, 0x0000000100000000)
  region size 1024K, 8 young (8192K), 8 survivors (8192K)
 Metaspace       used 96873K, committed 97600K, reserved 1179648K
  class space    used 13518K, committed 13888K, reserved 1048576K
}
Event: 23.600 GC heap before
{Heap before GC invocations=31 (full 0):
 garbage-first heap   total 194560K, used 158145K [0x0000000080000000, 0x0000000100000000)
  region size 1024K, 73 young (74752K), 8 survivors (8192K)
 Metaspace       used 104321K, committed 105088K, reserved 1179648K
  class space    used 14477K, committed 14848K, reserved 1048576K
}
Event: 23.613 GC heap after
{Heap after GC invocations=32 (full 0):
 garbage-first heap   total 194560K, used 102317K [0x0000000080000000, 0x0000000100000000)
  region size 1024K, 10 young (10240K), 10 survivors (10240K)
 Metaspace       used 104321K, committed 105088K, reserved 1179648K
  class space    used 14477K, committed 14848K, reserved 1048576K
}
Event: 23.961 GC heap before
{Heap before GC invocations=32 (full 0):
 garbage-first heap   total 194560K, used 111533K [0x0000000080000000, 0x0000000100000000)
  region size 1024K, 20 young (20480K), 10 survivors (10240K)
 Metaspace       used 105033K, committed 105856K, reserved 1179648K
  class space    used 14535K, committed 14976K, reserved 1048576K
}
Event: 23.969 GC heap after
{Heap after GC invocations=33 (full 0):
 garbage-first heap   total 194560K, used 105186K [0x0000000080000000, 0x0000000100000000)
  region size 1024K, 3 young (3072K), 3 survivors (3072K)
 Metaspace       used 105033K, committed 105856K, reserved 1179648K
  class space    used 14535K, committed 14976K, reserved 1048576K
}
Event: 24.981 GC heap before
{Heap before GC invocations=34 (full 0):
 garbage-first heap   total 194560K, used 152290K [0x0000000080000000, 0x0000000100000000)
  region size 1024K, 48 young (49152K), 3 survivors (3072K)
 Metaspace       used 108385K, committed 109120K, reserved 1179648K
  class space    used 14817K, committed 15168K, reserved 1048576K
}
Event: 24.994 GC heap after
{Heap after GC invocations=35 (full 0):
 garbage-first heap   total 194560K, used 136049K [0x0000000080000000, 0x0000000100000000)
  region size 1024K, 6 young (6144K), 6 survivors (6144K)
 Metaspace       used 108385K, committed 109120K, reserved 1179648K
  class space    used 14817K, committed 15168K, reserved 1048576K
}
Event: 25.022 GC heap before
{Heap before GC invocations=35 (full 0):
 garbage-first heap   total 194560K, used 139121K [0x0000000080000000, 0x0000000100000000)
  region size 1024K, 9 young (9216K), 6 survivors (6144K)
 Metaspace       used 108387K, committed 109120K, reserved 1179648K
  class space    used 14817K, committed 15168K, reserved 1048576K
}
Event: 25.028 GC heap after
{Heap after GC invocations=36 (full 0):
 garbage-first heap   total 194560K, used 139231K [0x0000000080000000, 0x0000000100000000)
  region size 1024K, 2 young (2048K), 2 survivors (2048K)
 Metaspace       used 108387K, committed 109120K, reserved 1179648K
  class space    used 14817K, committed 15168K, reserved 1048576K
}
Event: 25.104 GC heap before
{Heap before GC invocations=36 (full 0):
 garbage-first heap   total 194560K, used 152543K [0x0000000080000000, 0x0000000100000000)
  region size 1024K, 15 young (15360K), 2 survivors (2048K)
 Metaspace       used 108387K, committed 109120K, reserved 1179648K
  class space    used 14817K, committed 15168K, reserved 1048576K
}
Event: 25.112 GC heap after
{Heap after GC invocations=37 (full 0):
 garbage-first heap   total 233472K, used 153400K [0x0000000080000000, 0x0000000100000000)
  region size 1024K, 2 young (2048K), 2 survivors (2048K)
 Metaspace       used 108387K, committed 109120K, reserved 1179648K
  class space    used 14817K, committed 15168K, reserved 1048576K
}
Event: 25.524 GC heap before
{Heap before GC invocations=38 (full 0):
 garbage-first heap   total 273408K, used 170808K [0x0000000080000000, 0x0000000100000000)
  region size 1024K, 19 young (19456K), 2 survivors (2048K)
 Metaspace       used 109571K, committed 110336K, reserved 1179648K
  class space    used 14967K, committed 15360K, reserved 1048576K
}
Event: 25.540 GC heap after
{Heap after GC invocations=39 (full 0):
 garbage-first heap   total 273408K, used 162203K [0x0000000080000000, 0x0000000100000000)
  region size 1024K, 3 young (3072K), 3 survivors (3072K)
 Metaspace       used 109571K, committed 110336K, reserved 1179648K
  class space    used 14967K, committed 15360K, reserved 1048576K
}
Event: 25.871 GC heap before
{Heap before GC invocations=39 (full 0):
 garbage-first heap   total 273408K, used 172443K [0x0000000080000000, 0x0000000100000000)
  region size 1024K, 13 young (13312K), 3 survivors (3072K)
 Metaspace       used 110253K, committed 110976K, reserved 1179648K
  class space    used 15016K, committed 15360K, reserved 1048576K
}
Event: 25.881 GC heap after
{Heap after GC invocations=40 (full 0):
 garbage-first heap   total 273408K, used 165886K [0x0000000080000000, 0x0000000100000000)
  region size 1024K, 2 young (2048K), 2 survivors (2048K)
 Metaspace       used 110253K, committed 110976K, reserved 1179648K
  class space    used 15016K, committed 15360K, reserved 1048576K
}
Event: 26.094 GC heap before
{Heap before GC invocations=40 (full 0):
 garbage-first heap   total 273408K, used 192510K [0x0000000080000000, 0x0000000100000000)
  region size 1024K, 28 young (28672K), 2 survivors (2048K)
 Metaspace       used 110253K, committed 110976K, reserved 1179648K
  class space    used 15016K, committed 15360K, reserved 1048576K
}
Event: 26.105 GC heap after
{Heap after GC invocations=41 (full 0):
 garbage-first heap   total 273408K, used 192624K [0x0000000080000000, 0x0000000100000000)
  region size 1024K, 4 young (4096K), 4 survivors (4096K)
 Metaspace       used 110253K, committed 110976K, reserved 1179648K
  class space    used 15016K, committed 15360K, reserved 1048576K
}
Event: 26.133 GC heap before
{Heap before GC invocations=41 (full 0):
 garbage-first heap   total 273408K, used 209008K [0x0000000080000000, 0x0000000100000000)
  region size 1024K, 20 young (20480K), 4 survivors (4096K)
 Metaspace       used 110253K, committed 110976K, reserved 1179648K
  class space    used 15016K, committed 15360K, reserved 1048576K
}
Event: 26.143 GC heap after
{Heap after GC invocations=42 (full 0):
 garbage-first heap   total 273408K, used 210464K [0x0000000080000000, 0x0000000100000000)
  region size 1024K, 3 young (3072K), 3 survivors (3072K)
 Metaspace       used 110253K, committed 110976K, reserved 1179648K
  class space    used 15016K, committed 15360K, reserved 1048576K
}
Event: 26.188 GC heap before
{Heap before GC invocations=42 (full 0):
 garbage-first heap   total 273408K, used 220704K [0x0000000080000000, 0x0000000100000000)
  region size 1024K, 13 young (13312K), 3 survivors (3072K)
 Metaspace       used 110256K, committed 110976K, reserved 1179648K
  class space    used 15016K, committed 15360K, reserved 1048576K
}

