# JRE version: OpenJDK Runtime Environment (17.0.10) (build 17.0.10+0--11572160)
# Java VM: OpenJDK 64-Bit Server VM (17.0.10+0--11572160, mixed mode, tiered, compressed oops, compressed class ptrs, g1 gc, windows-amd64)
GC Precious Log:
 CPUs: 16 total, 16 available
 Memory: 14188M
 Large Page Support: Disabled
 NUMA Support: Disabled
 Compressed Oops: Enabled (32-bit)
 Heap Region Size: 1M
 Heap Min Capacity: 8M
 Heap Initial Capacity: 222M
 Heap Max Capacity: 2G
 Pre-touch: Disabled
 Parallel Workers: 13
 Concurrent Workers: 3
 Concurrent Refinement Workers: 13
 Periodic GC: Disabled
Heap:
 garbage-first heap   total 399360K, used 249956K [0x0000000080000000, 0x0000000100000000)
  region size 1024K, 141 young (144384K), 2 survivors (2048K)
 Metaspace       used 101675K, committed 102464K, reserved 1179648K
  class space    used 14063K, committed 14464K, reserved 1048576K
GC Heap History (20 events):
Event: 13.991 GC heap before
{Heap before GC invocations=36 (full 0):
 garbage-first heap   total 155648K, used 123308K [0x0000000080000000, 0x0000000100000000)
  region size 1024K, 48 young (49152K), 4 survivors (4096K)
 Metaspace       used 88662K, committed 89344K, reserved 1179648K
  class space    used 12412K, committed 12736K, reserved 1048576K
}
Event: 13.997 GC heap after
{Heap after GC invocations=37 (full 0):
 garbage-first heap   total 155648K, used 83332K [0x0000000080000000, 0x0000000100000000)
  region size 1024K, 6 young (6144K), 6 survivors (6144K)
 Metaspace       used 88662K, committed 89344K, reserved 1179648K
  class space    used 12412K, committed 12736K, reserved 1048576K
}
Event: 14.016 GC heap before
{Heap before GC invocations=37 (full 0):
 garbage-first heap   total 155648K, used 84356K [0x0000000080000000, 0x0000000100000000)
  region size 1024K, 7 young (7168K), 6 survivors (6144K)
 Metaspace       used 88699K, committed 89344K, reserved 1179648K
  class space    used 12413K, committed 12736K, reserved 1048576K
}
Event: 14.020 GC heap after
{Heap after GC invocations=38 (full 0):
 garbage-first heap   total 155648K, used 83542K [0x0000000080000000, 0x0000000100000000)
  region size 1024K, 1 young (1024K), 1 survivors (1024K)
 Metaspace       used 88699K, committed 89344K, reserved 1179648K
  class space    used 12413K, committed 12736K, reserved 1048576K
}
Event: 14.580 GC heap before
{Heap before GC invocations=38 (full 0):
 garbage-first heap   total 155648K, used 125526K [0x0000000080000000, 0x0000000100000000)
  region size 1024K, 42 young (43008K), 1 survivors (1024K)
 Metaspace       used 90441K, committed 91200K, reserved 1179648K
  class space    used 12629K, committed 12992K, reserved 1048576K
}
Event: 14.584 GC heap after
{Heap after GC invocations=39 (full 0):
 garbage-first heap   total 155648K, used 86820K [0x0000000080000000, 0x0000000100000000)
  region size 1024K, 5 young (5120K), 5 survivors (5120K)
 Metaspace       used 90441K, committed 91200K, reserved 1179648K
  class space    used 12629K, committed 12992K, reserved 1048576K
}
Event: 14.979 GC heap before
{Heap before GC invocations=40 (full 0):
 garbage-first heap   total 155648K, used 125732K [0x0000000080000000, 0x0000000100000000)
  region size 1024K, 43 young (44032K), 5 survivors (5120K)
 Metaspace       used 93453K, committed 94208K, reserved 1179648K
  class space    used 13108K, committed 13440K, reserved 1048576K
}
Event: 14.982 GC heap after
{Heap after GC invocations=41 (full 0):
 garbage-first heap   total 155648K, used 88709K [0x0000000080000000, 0x0000000100000000)
  region size 1024K, 2 young (2048K), 2 survivors (2048K)
 Metaspace       used 93453K, committed 94208K, reserved 1179648K
  class space    used 13108K, committed 13440K, reserved 1048576K
}
Event: 15.027 GC heap before
{Heap before GC invocations=41 (full 0):
 garbage-first heap   total 155648K, used 93829K [0x0000000080000000, 0x0000000100000000)
  region size 1024K, 7 young (7168K), 2 survivors (2048K)
 Metaspace       used 93844K, committed 94592K, reserved 1179648K
  class space    used 13166K, committed 13504K, reserved 1048576K
}
Event: 15.031 GC heap after
{Heap after GC invocations=42 (full 0):
 garbage-first heap   total 155648K, used 86479K [0x0000000080000000, 0x0000000100000000)
  region size 1024K, 1 young (1024K), 1 survivors (1024K)
 Metaspace       used 93844K, committed 94592K, reserved 1179648K
  class space    used 13166K, committed 13504K, reserved 1048576K
}
Event: 15.468 GC heap before
{Heap before GC invocations=42 (full 0):
 garbage-first heap   total 155648K, used 128463K [0x0000000080000000, 0x0000000100000000)
  region size 1024K, 42 young (43008K), 1 survivors (1024K)
 Metaspace       used 96778K, committed 97536K, reserved 1179648K
  class space    used 13541K, committed 13888K, reserved 1048576K
}
Event: 15.471 GC heap after
{Heap after GC invocations=43 (full 0):
 garbage-first heap   total 155648K, used 89810K [0x0000000080000000, 0x0000000100000000)
  region size 1024K, 4 young (4096K), 4 survivors (4096K)
 Metaspace       used 96778K, committed 97536K, reserved 1179648K
  class space    used 13541K, committed 13888K, reserved 1048576K
}
Event: 15.763 GC heap before
{Heap before GC invocations=43 (full 0):
 garbage-first heap   total 155648K, used 128722K [0x0000000080000000, 0x0000000100000000)
  region size 1024K, 42 young (43008K), 4 survivors (4096K)
 Metaspace       used 97676K, committed 98432K, reserved 1179648K
  class space    used 13708K, committed 14080K, reserved 1048576K
}
Event: 15.767 GC heap after
{Heap after GC invocations=44 (full 0):
 garbage-first heap   total 155648K, used 96016K [0x0000000080000000, 0x0000000100000000)
  region size 1024K, 6 young (6144K), 6 survivors (6144K)
 Metaspace       used 97676K, committed 98432K, reserved 1179648K
  class space    used 13708K, committed 14080K, reserved 1048576K
}
Event: 15.839 GC heap before
{Heap before GC invocations=44 (full 0):
 garbage-first heap   total 155648K, used 126736K [0x0000000080000000, 0x0000000100000000)
  region size 1024K, 37 young (37888K), 6 survivors (6144K)
 Metaspace       used 97775K, committed 98560K, reserved 1179648K
  class space    used 13709K, committed 14080K, reserved 1048576K
}
Event: 15.843 GC heap after
{Heap after GC invocations=45 (full 0):
 garbage-first heap   total 155648K, used 97321K [0x0000000080000000, 0x0000000100000000)
  region size 1024K, 4 young (4096K), 4 survivors (4096K)
 Metaspace       used 97775K, committed 98560K, reserved 1179648K
  class space    used 13709K, committed 14080K, reserved 1048576K
}
Event: 15.940 GC heap before
{Heap before GC invocations=46 (full 0):
 garbage-first heap   total 199680K, used 127017K [0x0000000080000000, 0x0000000100000000)
  region size 1024K, 34 young (34816K), 4 survivors (4096K)
 Metaspace       used 97823K, committed 98560K, reserved 1179648K
  class space    used 13710K, committed 14080K, reserved 1048576K
}
Event: 15.943 GC heap after
{Heap after GC invocations=47 (full 0):
 garbage-first heap   total 199680K, used 98238K [0x0000000080000000, 0x0000000100000000)
  region size 1024K, 4 young (4096K), 4 survivors (4096K)
 Metaspace       used 97823K, committed 98560K, reserved 1179648K
  class space    used 13710K, committed 14080K, reserved 1048576K
}
Event: 15.958 GC heap before
{Heap before GC invocations=47 (full 0):
 garbage-first heap   total 199680K, used 103358K [0x0000000080000000, 0x0000000100000000)
  region size 1024K, 9 young (9216K), 4 survivors (4096K)
 Metaspace       used 97835K, committed 98624K, reserved 1179648K
  class space    used 13710K, committed 14080K, reserved 1048576K
}
Event: 15.963 GC heap after
{Heap after GC invocations=48 (full 0):
 garbage-first heap   total 399360K, used 95332K [0x0000000080000000, 0x0000000100000000)
  region size 1024K, 2 young (2048K), 2 survivors (2048K)
 Metaspace       used 97835K, committed 98624K, reserved 1179648K
  class space    used 13710K, committed 14080K, reserved 1048576K
}

