# JRE version: OpenJDK Runtime Environment (17.0.10) (build 17.0.10+0--11572160)
# Java VM: OpenJDK 64-Bit Server VM (17.0.10+0--11572160, mixed mode, tiered, compressed oops, compressed class ptrs, g1 gc, windows-amd64)
GC Precious Log:
 CPUs: 16 total, 16 available
 Memory: 14188M
 Large Page Support: Disabled
 NUMA Support: Disabled
 Compressed Oops: Enabled (32-bit)
 Heap Region Size: 1M
 Heap Min Capacity: 8M
 Heap Initial Capacity: 222M
 Heap Max Capacity: 2G
 Pre-touch: Disabled
 Parallel Workers: 13
 Concurrent Workers: 3
 Concurrent Refinement Workers: 13
 Periodic GC: Disabled
Heap:
 garbage-first heap   total 184320K, used 139446K [0x0000000080000000, 0x0000000100000000)
  region size 1024K, 81 young (82944K), 3 survivors (3072K)
 Metaspace       used 72053K, committed 72704K, reserved 1114112K
  class space    used 9861K, committed 10176K, reserved 1048576K
GC Heap History (20 events):
Event: 6.630 GC heap before
{Heap before GC invocations=13 (full 0):
 garbage-first heap   total 71680K, used 56244K [0x0000000080000000, 0x0000000100000000)
  region size 1024K, 27 young (27648K), 4 survivors (4096K)
 Metaspace       used 51652K, committed 52096K, reserved 1114112K
  class space    used 7137K, committed 7296K, reserved 1048576K
}
Event: 6.634 GC heap after
{Heap after GC invocations=14 (full 0):
 garbage-first heap   total 71680K, used 34284K [0x0000000080000000, 0x0000000100000000)
  region size 1024K, 3 young (3072K), 3 survivors (3072K)
 Metaspace       used 51652K, committed 52096K, reserved 1114112K
  class space    used 7137K, committed 7296K, reserved 1048576K
}
Event: 6.760 GC heap before
{Heap before GC invocations=14 (full 0):
 garbage-first heap   total 71680K, used 40428K [0x0000000080000000, 0x0000000100000000)
  region size 1024K, 11 young (11264K), 3 survivors (3072K)
 Metaspace       used 52411K, committed 52864K, reserved 1114112K
  class space    used 7261K, committed 7488K, reserved 1048576K
}
Event: 6.763 GC heap after
{Heap after GC invocations=15 (full 0):
 garbage-first heap   total 71680K, used 35086K [0x0000000080000000, 0x0000000100000000)
  region size 1024K, 3 young (3072K), 3 survivors (3072K)
 Metaspace       used 52411K, committed 52864K, reserved 1114112K
  class space    used 7261K, committed 7488K, reserved 1048576K
}
Event: 7.274 GC heap before
{Heap before GC invocations=16 (full 0):
 garbage-first heap   total 71680K, used 59662K [0x0000000080000000, 0x0000000100000000)
  region size 1024K, 25 young (25600K), 3 survivors (3072K)
 Metaspace       used 55519K, committed 56064K, reserved 1114112K
  class space    used 7627K, committed 7872K, reserved 1048576K
}
Event: 7.277 GC heap after
{Heap after GC invocations=17 (full 0):
 garbage-first heap   total 86016K, used 36494K [0x0000000080000000, 0x0000000100000000)
  region size 1024K, 3 young (3072K), 3 survivors (3072K)
 Metaspace       used 55519K, committed 56064K, reserved 1114112K
  class space    used 7627K, committed 7872K, reserved 1048576K
}
Event: 7.666 GC heap before
{Heap before GC invocations=17 (full 0):
 garbage-first heap   total 86016K, used 66190K [0x0000000080000000, 0x0000000100000000)
  region size 1024K, 33 young (33792K), 3 survivors (3072K)
 Metaspace       used 56729K, committed 57280K, reserved 1114112K
  class space    used 7854K, committed 8128K, reserved 1048576K
}
Event: 7.673 GC heap after
{Heap after GC invocations=18 (full 0):
 garbage-first heap   total 86016K, used 40892K [0x0000000080000000, 0x0000000100000000)
  region size 1024K, 5 young (5120K), 5 survivors (5120K)
 Metaspace       used 56729K, committed 57280K, reserved 1114112K
  class space    used 7854K, committed 8128K, reserved 1048576K
}
Event: 7.909 GC heap before
{Heap before GC invocations=18 (full 0):
 garbage-first heap   total 86016K, used 68540K [0x0000000080000000, 0x0000000100000000)
  region size 1024K, 31 young (31744K), 5 survivors (5120K)
 Metaspace       used 57331K, committed 57920K, reserved 1114112K
  class space    used 7938K, committed 8192K, reserved 1048576K
}
Event: 7.913 GC heap after
{Heap after GC invocations=19 (full 0):
 garbage-first heap   total 86016K, used 45926K [0x0000000080000000, 0x0000000100000000)
  region size 1024K, 4 young (4096K), 4 survivors (4096K)
 Metaspace       used 57331K, committed 57920K, reserved 1114112K
  class space    used 7938K, committed 8192K, reserved 1048576K
}
Event: 7.929 GC heap before
{Heap before GC invocations=19 (full 0):
 garbage-first heap   total 86016K, used 46950K [0x0000000080000000, 0x0000000100000000)
  region size 1024K, 6 young (6144K), 4 survivors (4096K)
 Metaspace       used 57387K, committed 57984K, reserved 1114112K
  class space    used 7948K, committed 8256K, reserved 1048576K
}
Event: 7.932 GC heap after
{Heap after GC invocations=20 (full 0):
 garbage-first heap   total 86016K, used 47046K [0x0000000080000000, 0x0000000100000000)
  region size 1024K, 2 young (2048K), 2 survivors (2048K)
 Metaspace       used 57387K, committed 57984K, reserved 1114112K
  class space    used 7948K, committed 8256K, reserved 1048576K
}
Event: 8.178 GC heap before
{Heap before GC invocations=21 (full 0):
 garbage-first heap   total 92160K, used 70598K [0x0000000080000000, 0x0000000100000000)
  region size 1024K, 22 young (22528K), 2 survivors (2048K)
 Metaspace       used 58454K, committed 59072K, reserved 1114112K
  class space    used 8096K, committed 8384K, reserved 1048576K
}
Event: 8.180 GC heap after
{Heap after GC invocations=22 (full 0):
 garbage-first heap   total 92160K, used 53970K [0x0000000080000000, 0x0000000100000000)
  region size 1024K, 3 young (3072K), 3 survivors (3072K)
 Metaspace       used 58454K, committed 59072K, reserved 1114112K
  class space    used 8096K, committed 8384K, reserved 1048576K
}
Event: 8.185 GC heap before
{Heap before GC invocations=22 (full 0):
 garbage-first heap   total 92160K, used 53970K [0x0000000080000000, 0x0000000100000000)
  region size 1024K, 4 young (4096K), 3 survivors (3072K)
 Metaspace       used 58498K, committed 59072K, reserved 1114112K
  class space    used 8100K, committed 8384K, reserved 1048576K
}
Event: 8.189 GC heap after
{Heap after GC invocations=23 (full 0):
 garbage-first heap   total 92160K, used 53616K [0x0000000080000000, 0x0000000100000000)
  region size 1024K, 1 young (1024K), 1 survivors (1024K)
 Metaspace       used 58498K, committed 59072K, reserved 1114112K
  class space    used 8100K, committed 8384K, reserved 1048576K
}
Event: 8.201 GC heap before
{Heap before GC invocations=23 (full 0):
 garbage-first heap   total 92160K, used 53616K [0x0000000080000000, 0x0000000100000000)
  region size 1024K, 2 young (2048K), 1 survivors (1024K)
 Metaspace       used 58577K, committed 59200K, reserved 1114112K
  class space    used 8105K, committed 8384K, reserved 1048576K
}
Event: 8.203 GC heap after
{Heap after GC invocations=24 (full 0):
 garbage-first heap   total 184320K, used 53327K [0x0000000080000000, 0x0000000100000000)
  region size 1024K, 1 young (1024K), 1 survivors (1024K)
 Metaspace       used 58577K, committed 59200K, reserved 1114112K
  class space    used 8105K, committed 8384K, reserved 1048576K
}
Event: 9.477 GC heap before
{Heap before GC invocations=24 (full 0):
 garbage-first heap   total 184320K, used 130127K [0x0000000080000000, 0x0000000100000000)
  region size 1024K, 76 young (77824K), 1 survivors (1024K)
 Metaspace       used 65897K, committed 66560K, reserved 1114112K
  class space    used 9068K, committed 9408K, reserved 1048576K
}
Event: 9.480 GC heap after
{Heap after GC invocations=25 (full 0):
 garbage-first heap   total 184320K, used 56502K [0x0000000080000000, 0x0000000100000000)
  region size 1024K, 3 young (3072K), 3 survivors (3072K)
 Metaspace       used 65897K, committed 66560K, reserved 1114112K
  class space    used 9068K, committed 9408K, reserved 1048576K
}

