# JRE version: OpenJDK Runtime Environment (17.0.10) (build 17.0.10+0--11572160)
# Java VM: OpenJDK 64-Bit Server VM (17.0.10+0--11572160, mixed mode, tiered, compressed oops, compressed class ptrs, g1 gc, windows-amd64)
GC Precious Log:
 CPUs: 16 total, 16 available
 Memory: 14188M
 Large Page Support: Disabled
 NUMA Support: Disabled
 Compressed Oops: Enabled (32-bit)
 Heap Region Size: 1M
 Heap Min Capacity: 8M
 Heap Initial Capacity: 222M
 Heap Max Capacity: 2G
 Pre-touch: Disabled
 Parallel Workers: 13
 Concurrent Workers: 3
 Concurrent Refinement Workers: 13
 Periodic GC: Disabled
Heap:
 garbage-first heap   total 300032K, used 211088K [0x0000000080000000, 0x0000000100000000)
  region size 1024K, 7 young (7168K), 7 survivors (7168K)
 Metaspace       used 116303K, committed 117120K, reserved 1179648K
  class space    used 16577K, committed 16960K, reserved 1048576K
GC Heap History (20 events):
Event: 15.438 GC heap after
{Heap after GC invocations=44 (full 0):
 garbage-first heap   total 249856K, used 134072K [0x0000000080000000, 0x0000000100000000)
  region size 1024K, 7 young (7168K), 7 survivors (7168K)
 Metaspace       used 101846K, committed 102592K, reserved 1179648K
  class space    used 14070K, committed 14464K, reserved 1048576K
}
Event: 16.168 GC heap before
{Heap before GC invocations=44 (full 0):
 garbage-first heap   total 249856K, used 195512K [0x0000000080000000, 0x0000000100000000)
  region size 1024K, 68 young (69632K), 7 survivors (7168K)
 Metaspace       used 104204K, committed 104960K, reserved 1179648K
  class space    used 14335K, committed 14720K, reserved 1048576K
}
Event: 16.174 GC heap after
{Heap after GC invocations=45 (full 0):
 garbage-first heap   total 249856K, used 137662K [0x0000000080000000, 0x0000000100000000)
  region size 1024K, 7 young (7168K), 7 survivors (7168K)
 Metaspace       used 104204K, committed 104960K, reserved 1179648K
  class space    used 14335K, committed 14720K, reserved 1048576K
}
Event: 16.317 GC heap before
{Heap before GC invocations=45 (full 0):
 garbage-first heap   total 249856K, used 197054K [0x0000000080000000, 0x0000000100000000)
  region size 1024K, 66 young (67584K), 7 survivors (7168K)
 Metaspace       used 104303K, committed 105088K, reserved 1179648K
  class space    used 14354K, committed 14720K, reserved 1048576K
}
Event: 16.321 GC heap after
{Heap after GC invocations=46 (full 0):
 garbage-first heap   total 249856K, used 139452K [0x0000000080000000, 0x0000000100000000)
  region size 1024K, 5 young (5120K), 5 survivors (5120K)
 Metaspace       used 104303K, committed 105088K, reserved 1179648K
  class space    used 14354K, committed 14720K, reserved 1048576K
}
Event: 16.517 GC heap before
{Heap before GC invocations=46 (full 0):
 garbage-first heap   total 249856K, used 200892K [0x0000000080000000, 0x0000000100000000)
  region size 1024K, 66 young (67584K), 5 survivors (5120K)
 Metaspace       used 105350K, committed 106112K, reserved 1179648K
  class space    used 14559K, committed 14912K, reserved 1048576K
}
Event: 16.522 GC heap after
{Heap after GC invocations=47 (full 0):
 garbage-first heap   total 249856K, used 150027K [0x0000000080000000, 0x0000000100000000)
  region size 1024K, 9 young (9216K), 9 survivors (9216K)
 Metaspace       used 105350K, committed 106112K, reserved 1179648K
  class space    used 14559K, committed 14912K, reserved 1048576K
}
Event: 16.859 GC heap before
{Heap before GC invocations=47 (full 0):
 garbage-first heap   total 249856K, used 200203K [0x0000000080000000, 0x0000000100000000)
  region size 1024K, 59 young (60416K), 9 survivors (9216K)
 Metaspace       used 108065K, committed 108864K, reserved 1179648K
  class space    used 15035K, committed 15424K, reserved 1048576K
}
Event: 16.865 GC heap after
{Heap after GC invocations=48 (full 0):
 garbage-first heap   total 249856K, used 157112K [0x0000000080000000, 0x0000000100000000)
  region size 1024K, 7 young (7168K), 7 survivors (7168K)
 Metaspace       used 108065K, committed 108864K, reserved 1179648K
  class space    used 15035K, committed 15424K, reserved 1048576K
}
Event: 17.174 GC heap before
{Heap before GC invocations=48 (full 0):
 garbage-first heap   total 249856K, used 203192K [0x0000000080000000, 0x0000000100000000)
  region size 1024K, 53 young (54272K), 7 survivors (7168K)
 Metaspace       used 110302K, committed 111104K, reserved 1179648K
  class space    used 15397K, committed 15808K, reserved 1048576K
}
Event: 17.180 GC heap after
{Heap after GC invocations=49 (full 0):
 garbage-first heap   total 249856K, used 163840K [0x0000000080000000, 0x0000000100000000)
  region size 1024K, 7 young (7168K), 7 survivors (7168K)
 Metaspace       used 110302K, committed 111104K, reserved 1179648K
  class space    used 15397K, committed 15808K, reserved 1048576K
}
Event: 17.310 GC heap before
{Heap before GC invocations=49 (full 0):
 garbage-first heap   total 249856K, used 205824K [0x0000000080000000, 0x0000000100000000)
  region size 1024K, 48 young (49152K), 7 survivors (7168K)
 Metaspace       used 110815K, committed 111680K, reserved 1179648K
  class space    used 15474K, committed 15872K, reserved 1048576K
}
Event: 17.321 GC heap after
{Heap after GC invocations=50 (full 0):
 garbage-first heap   total 300032K, used 173336K [0x0000000080000000, 0x0000000100000000)
  region size 1024K, 6 young (6144K), 6 survivors (6144K)
 Metaspace       used 110815K, committed 111680K, reserved 1179648K
  class space    used 15474K, committed 15872K, reserved 1048576K
}
Event: 17.621 GC heap before
{Heap before GC invocations=50 (full 0):
 garbage-first heap   total 300032K, used 238872K [0x0000000080000000, 0x0000000100000000)
  region size 1024K, 71 young (72704K), 6 survivors (6144K)
 Metaspace       used 113732K, committed 114624K, reserved 1179648K
  class space    used 16032K, committed 16448K, reserved 1048576K
}
Event: 17.633 GC heap after
{Heap after GC invocations=51 (full 0):
 garbage-first heap   total 300032K, used 183296K [0x0000000080000000, 0x0000000100000000)
  region size 1024K, 9 young (9216K), 9 survivors (9216K)
 Metaspace       used 113732K, committed 114624K, reserved 1179648K
  class space    used 16032K, committed 16448K, reserved 1048576K
}
Event: 17.757 GC heap before
{Heap before GC invocations=51 (full 0):
 garbage-first heap   total 300032K, used 242688K [0x0000000080000000, 0x0000000100000000)
  region size 1024K, 68 young (69632K), 9 survivors (9216K)
 Metaspace       used 114551K, committed 115392K, reserved 1179648K
  class space    used 16147K, committed 16512K, reserved 1048576K
}
Event: 17.768 GC heap after
{Heap after GC invocations=52 (full 0):
 garbage-first heap   total 300032K, used 193884K [0x0000000080000000, 0x0000000100000000)
  region size 1024K, 9 young (9216K), 9 survivors (9216K)
 Metaspace       used 114551K, committed 115392K, reserved 1179648K
  class space    used 16147K, committed 16512K, reserved 1048576K
}
Event: 17.866 GC heap before
{Heap before GC invocations=52 (full 0):
 garbage-first heap   total 300032K, used 244060K [0x0000000080000000, 0x0000000100000000)
  region size 1024K, 59 young (60416K), 9 survivors (9216K)
 Metaspace       used 115145K, committed 116032K, reserved 1179648K
  class space    used 16216K, committed 16640K, reserved 1048576K
}
Event: 17.876 GC heap after
{Heap after GC invocations=53 (full 0):
 garbage-first heap   total 300032K, used 203170K [0x0000000080000000, 0x0000000100000000)
  region size 1024K, 8 young (8192K), 8 survivors (8192K)
 Metaspace       used 115145K, committed 116032K, reserved 1179648K
  class space    used 16216K, committed 16640K, reserved 1048576K
}
Event: 17.987 GC heap before
{Heap before GC invocations=53 (full 0):
 garbage-first heap   total 300032K, used 248226K [0x0000000080000000, 0x0000000100000000)
  region size 1024K, 52 young (53248K), 8 survivors (8192K)
 Metaspace       used 116303K, committed 117120K, reserved 1179648K
  class space    used 16577K, committed 16960K, reserved 1048576K
}

