# JRE version: OpenJDK Runtime Environment (17.0.10) (build 17.0.10+0--11572160)
# Java VM: OpenJDK 64-Bit Server VM (17.0.10+0--11572160, mixed mode, tiered, compressed oops, compressed class ptrs, g1 gc, windows-amd64)
GC Precious Log:
 CPUs: 16 total, 16 available
 Memory: 14188M
 Large Page Support: Disabled
 NUMA Support: Disabled
 Compressed Oops: Enabled (32-bit)
 Heap Region Size: 1M
 Heap Min Capacity: 8M
 Heap Initial Capacity: 222M
 Heap Max Capacity: 2G
 Pre-touch: Disabled
 Parallel Workers: 13
 Concurrent Workers: 3
 Concurrent Refinement Workers: 13
 Periodic GC: Disabled
Heap:
 garbage-first heap   total 404480K, used 338602K [0x0000000080000000, 0x0000000100000000)
  region size 1024K, 9 young (9216K), 3 survivors (3072K)
 Metaspace       used 137571K, committed 138752K, reserved 1179648K
  class space    used 18218K, committed 18816K, reserved 1048576K
GC Heap History (20 events):
Event: 38.635 GC heap before
{Heap before GC invocations=74 (full 0):
 garbage-first heap   total 301056K, used 237893K [0x0000000080000000, 0x0000000100000000)
  region size 1024K, 28 young (28672K), 5 survivors (5120K)
 Metaspace       used 120870K, committed 121984K, reserved 1179648K
  class space    used 16299K, committed 16832K, reserved 1048576K
}
Event: 38.639 GC heap after
{Heap after GC invocations=75 (full 0):
 garbage-first heap   total 301056K, used 217206K [0x0000000080000000, 0x0000000100000000)
  region size 1024K, 6 young (6144K), 6 survivors (6144K)
 Metaspace       used 120870K, committed 121984K, reserved 1179648K
  class space    used 16299K, committed 16832K, reserved 1048576K
}
Event: 102.365 GC heap before
{Heap before GC invocations=76 (full 0):
 garbage-first heap   total 404480K, used 285814K [0x0000000080000000, 0x0000000100000000)
  region size 1024K, 35 young (35840K), 6 survivors (6144K)
 Metaspace       used 122880K, committed 123968K, reserved 1179648K
  class space    used 16551K, committed 17088K, reserved 1048576K
}
Event: 102.369 GC heap after
{Heap after GC invocations=77 (full 0):
 garbage-first heap   total 404480K, used 194761K [0x0000000080000000, 0x0000000100000000)
  region size 1024K, 3 young (3072K), 3 survivors (3072K)
 Metaspace       used 122880K, committed 123968K, reserved 1179648K
  class space    used 16551K, committed 17088K, reserved 1048576K
}
Event: 134.846 GC heap before
{Heap before GC invocations=77 (full 0):
 garbage-first heap   total 404480K, used 211145K [0x0000000080000000, 0x0000000100000000)
  region size 1024K, 19 young (19456K), 3 survivors (3072K)
 Metaspace       used 122933K, committed 124032K, reserved 1179648K
  class space    used 16556K, committed 17088K, reserved 1048576K
}
Event: 134.852 GC heap after
{Heap after GC invocations=78 (full 0):
 garbage-first heap   total 404480K, used 185580K [0x0000000080000000, 0x0000000100000000)
  region size 1024K, 2 young (2048K), 2 survivors (2048K)
 Metaspace       used 122933K, committed 124032K, reserved 1179648K
  class space    used 16556K, committed 17088K, reserved 1048576K
}
Event: 136.540 GC heap before
{Heap before GC invocations=78 (full 0):
 garbage-first heap   total 404480K, used 322796K [0x0000000080000000, 0x0000000100000000)
  region size 1024K, 137 young (140288K), 2 survivors (2048K)
 Metaspace       used 126419K, committed 127616K, reserved 1179648K
  class space    used 17001K, committed 17600K, reserved 1048576K
}
Event: 136.552 GC heap after
{Heap after GC invocations=79 (full 0):
 garbage-first heap   total 404480K, used 204021K [0x0000000080000000, 0x0000000100000000)
  region size 1024K, 18 young (18432K), 18 survivors (18432K)
 Metaspace       used 126419K, committed 127616K, reserved 1179648K
  class space    used 17001K, committed 17600K, reserved 1048576K
}
Event: 136.878 GC heap before
{Heap before GC invocations=79 (full 0):
 garbage-first heap   total 404480K, used 224501K [0x0000000080000000, 0x0000000100000000)
  region size 1024K, 40 young (40960K), 18 survivors (18432K)
 Metaspace       used 130756K, committed 131968K, reserved 1179648K
  class space    used 17543K, committed 18176K, reserved 1048576K
}
Event: 136.887 GC heap after
{Heap after GC invocations=80 (full 0):
 garbage-first heap   total 404480K, used 207255K [0x0000000080000000, 0x0000000100000000)
  region size 1024K, 3 young (3072K), 3 survivors (3072K)
 Metaspace       used 130756K, committed 131968K, reserved 1179648K
  class space    used 17543K, committed 18176K, reserved 1048576K
}
Event: 138.265 GC heap before
{Heap before GC invocations=81 (full 0):
 garbage-first heap   total 404480K, used 328087K [0x0000000080000000, 0x0000000100000000)
  region size 1024K, 119 young (121856K), 3 survivors (3072K)
 Metaspace       used 135674K, committed 136832K, reserved 1179648K
  class space    used 18022K, committed 18624K, reserved 1048576K
}
Event: 138.287 GC heap after
{Heap after GC invocations=82 (full 0):
 garbage-first heap   total 404480K, used 270974K [0x0000000080000000, 0x0000000100000000)
  region size 1024K, 15 young (15360K), 15 survivors (15360K)
 Metaspace       used 135674K, committed 136832K, reserved 1179648K
  class space    used 18022K, committed 18624K, reserved 1048576K
}
Event: 138.364 GC heap before
{Heap before GC invocations=82 (full 0):
 garbage-first heap   total 404480K, used 274046K [0x0000000080000000, 0x0000000100000000)
  region size 1024K, 19 young (19456K), 15 survivors (15360K)
 Metaspace       used 136291K, committed 137472K, reserved 1179648K
  class space    used 18094K, committed 18688K, reserved 1048576K
}
Event: 138.376 GC heap after
{Heap after GC invocations=83 (full 0):
 garbage-first heap   total 404480K, used 271209K [0x0000000080000000, 0x0000000100000000)
  region size 1024K, 3 young (3072K), 3 survivors (3072K)
 Metaspace       used 136291K, committed 137472K, reserved 1179648K
  class space    used 18094K, committed 18688K, reserved 1048576K
}
Event: 138.889 GC heap before
{Heap before GC invocations=83 (full 0):
 garbage-first heap   total 404480K, used 310121K [0x0000000080000000, 0x0000000100000000)
  region size 1024K, 42 young (43008K), 3 survivors (3072K)
 Metaspace       used 137503K, committed 138688K, reserved 1179648K
  class space    used 18218K, committed 18816K, reserved 1048576K
}
Event: 138.898 GC heap after
{Heap after GC invocations=84 (full 0):
 garbage-first heap   total 404480K, used 298007K [0x0000000080000000, 0x0000000100000000)
  region size 1024K, 6 young (6144K), 6 survivors (6144K)
 Metaspace       used 137503K, committed 138688K, reserved 1179648K
  class space    used 18218K, committed 18816K, reserved 1048576K
}
Event: 138.949 GC heap before
{Heap before GC invocations=84 (full 0):
 garbage-first heap   total 404480K, used 320535K [0x0000000080000000, 0x0000000100000000)
  region size 1024K, 28 young (28672K), 6 survivors (6144K)
 Metaspace       used 137503K, committed 138688K, reserved 1179648K
  class space    used 18218K, committed 18816K, reserved 1048576K
}
Event: 138.959 GC heap after
{Heap after GC invocations=85 (full 0):
 garbage-first heap   total 404480K, used 322218K [0x0000000080000000, 0x0000000100000000)
  region size 1024K, 4 young (4096K), 4 survivors (4096K)
 Metaspace       used 137503K, committed 138688K, reserved 1179648K
  class space    used 18218K, committed 18816K, reserved 1048576K
}
Event: 139.060 GC heap before
{Heap before GC invocations=85 (full 0):
 garbage-first heap   total 404480K, used 337578K [0x0000000080000000, 0x0000000100000000)
  region size 1024K, 19 young (19456K), 4 survivors (4096K)
 Metaspace       used 137571K, committed 138752K, reserved 1179648K
  class space    used 18218K, committed 18816K, reserved 1048576K
}
Event: 139.067 GC heap after
{Heap after GC invocations=86 (full 0):
 garbage-first heap   total 404480K, used 333482K [0x0000000080000000, 0x0000000100000000)
  region size 1024K, 3 young (3072K), 3 survivors (3072K)
 Metaspace       used 137571K, committed 138752K, reserved 1179648K
  class space    used 18218K, committed 18816K, reserved 1048576K
}

