# JRE version: OpenJDK Runtime Environment (17.0.10) (build 17.0.10+0--11572160)
# Java VM: OpenJDK 64-Bit Server VM (17.0.10+0--11572160, mixed mode, tiered, compressed oops, compressed class ptrs, g1 gc, windows-amd64)
GC Precious Log:
 CPUs: 16 total, 16 available
 Memory: 14188M
 Large Page Support: Disabled
 NUMA Support: Disabled
 Compressed Oops: Enabled (32-bit)
 Heap Region Size: 1M
 Heap Min Capacity: 8M
 Heap Initial Capacity: 222M
 Heap Max Capacity: 2G
 Pre-touch: Disabled
 Parallel Workers: 13
 Concurrent Workers: 3
 Concurrent Refinement Workers: 13
 Periodic GC: Disabled
Heap:
 garbage-first heap   total 493568K, used 324348K [0x0000000080000000, 0x0000000100000000)
  region size 1024K, 77 young (78848K), 12 survivors (12288K)
 Metaspace       used 142689K, committed 143552K, reserved 1179648K
  class space    used 19561K, committed 19968K, reserved 1048576K
GC Heap History (20 events):
Event: 15.780 GC heap before
{Heap before GC invocations=38 (full 0):
 garbage-first heap   total 176128K, used 92678K [0x0000000080000000, 0x0000000100000000)
  region size 1024K, 8 young (8192K), 5 survivors (5120K)
 Metaspace       used 95565K, committed 96320K, reserved 1179648K
  class space    used 13395K, committed 13760K, reserved 1048576K
}
Event: 15.784 GC heap after
{Heap after GC invocations=39 (full 0):
 garbage-first heap   total 176128K, used 88944K [0x0000000080000000, 0x0000000100000000)
  region size 1024K, 1 young (1024K), 1 survivors (1024K)
 Metaspace       used 95565K, committed 96320K, reserved 1179648K
  class space    used 13395K, committed 13760K, reserved 1048576K
}
Event: 16.033 GC heap before
{Heap before GC invocations=39 (full 0):
 garbage-first heap   total 176128K, used 143216K [0x0000000080000000, 0x0000000100000000)
  region size 1024K, 55 young (56320K), 1 survivors (1024K)
 Metaspace       used 95774K, committed 96448K, reserved 1179648K
  class space    used 13430K, committed 13760K, reserved 1048576K
}
Event: 16.036 GC heap after
{Heap after GC invocations=40 (full 0):
 garbage-first heap   total 176128K, used 92171K [0x0000000080000000, 0x0000000100000000)
  region size 1024K, 5 young (5120K), 5 survivors (5120K)
 Metaspace       used 95774K, committed 96448K, reserved 1179648K
  class space    used 13430K, committed 13760K, reserved 1048576K
}
Event: 16.643 GC heap before
{Heap before GC invocations=41 (full 0):
 garbage-first heap   total 193536K, used 147467K [0x0000000080000000, 0x0000000100000000)
  region size 1024K, 55 young (56320K), 5 survivors (5120K)
 Metaspace       used 99683K, committed 100416K, reserved 1179648K
  class space    used 13893K, committed 14208K, reserved 1048576K
}
Event: 16.647 GC heap after
{Heap after GC invocations=42 (full 0):
 garbage-first heap   total 193536K, used 95170K [0x0000000080000000, 0x0000000100000000)
  region size 1024K, 5 young (5120K), 5 survivors (5120K)
 Metaspace       used 99683K, committed 100416K, reserved 1179648K
  class space    used 13893K, committed 14208K, reserved 1048576K
}
Event: 16.692 GC heap before
{Heap before GC invocations=42 (full 0):
 garbage-first heap   total 193536K, used 98242K [0x0000000080000000, 0x0000000100000000)
  region size 1024K, 9 young (9216K), 5 survivors (5120K)
 Metaspace       used 100590K, committed 101312K, reserved 1179648K
  class space    used 14069K, committed 14400K, reserved 1048576K
}
Event: 16.696 GC heap after
{Heap after GC invocations=43 (full 0):
 garbage-first heap   total 193536K, used 93609K [0x0000000080000000, 0x0000000100000000)
  region size 1024K, 1 young (1024K), 1 survivors (1024K)
 Metaspace       used 100590K, committed 101312K, reserved 1179648K
  class space    used 14069K, committed 14400K, reserved 1048576K
}
Event: 17.499 GC heap before
{Heap before GC invocations=43 (full 0):
 garbage-first heap   total 193536K, used 159145K [0x0000000080000000, 0x0000000100000000)
  region size 1024K, 64 young (65536K), 1 survivors (1024K)
 Metaspace       used 104834K, committed 105600K, reserved 1179648K
  class space    used 14506K, committed 14848K, reserved 1048576K
}
Event: 17.508 GC heap after
{Heap after GC invocations=44 (full 0):
 garbage-first heap   total 474112K, used 109196K [0x0000000080000000, 0x0000000100000000)
  region size 1024K, 8 young (8192K), 8 survivors (8192K)
 Metaspace       used 104834K, committed 105600K, reserved 1179648K
  class space    used 14506K, committed 14848K, reserved 1048576K
}
Event: 20.321 GC heap before
{Heap before GC invocations=44 (full 0):
 garbage-first heap   total 474112K, used 385676K [0x0000000080000000, 0x0000000100000000)
  region size 1024K, 277 young (283648K), 8 survivors (8192K)
 Metaspace       used 120194K, committed 120960K, reserved 1179648K
  class space    used 16256K, committed 16576K, reserved 1048576K
}
Event: 20.358 GC heap after
{Heap after GC invocations=45 (full 0):
 garbage-first heap   total 493568K, used 207425K [0x0000000080000000, 0x0000000100000000)
  region size 1024K, 35 young (35840K), 35 survivors (35840K)
 Metaspace       used 120194K, committed 120960K, reserved 1179648K
  class space    used 16256K, committed 16576K, reserved 1048576K
}
Event: 21.482 GC heap before
{Heap before GC invocations=45 (full 0):
 garbage-first heap   total 493568K, used 300609K [0x0000000080000000, 0x0000000100000000)
  region size 1024K, 127 young (130048K), 35 survivors (35840K)
 Metaspace       used 122746K, committed 123584K, reserved 1179648K
  class space    used 16548K, committed 16960K, reserved 1048576K
}
Event: 21.501 GC heap after
{Heap after GC invocations=46 (full 0):
 garbage-first heap   total 493568K, used 225280K [0x0000000080000000, 0x0000000100000000)
  region size 1024K, 16 young (16384K), 16 survivors (16384K)
 Metaspace       used 122746K, committed 123584K, reserved 1179648K
  class space    used 16548K, committed 16960K, reserved 1048576K
}
Event: 21.833 GC heap before
{Heap before GC invocations=46 (full 0):
 garbage-first heap   total 493568K, used 315392K [0x0000000080000000, 0x0000000100000000)
  region size 1024K, 105 young (107520K), 16 survivors (16384K)
 Metaspace       used 123050K, committed 123904K, reserved 1179648K
  class space    used 16596K, committed 17024K, reserved 1048576K
}
Event: 21.845 GC heap after
{Heap after GC invocations=47 (full 0):
 garbage-first heap   total 493568K, used 235367K [0x0000000080000000, 0x0000000100000000)
  region size 1024K, 7 young (7168K), 7 survivors (7168K)
 Metaspace       used 123050K, committed 123904K, reserved 1179648K
  class space    used 16596K, committed 17024K, reserved 1048576K
}
Event: 23.053 GC heap before
{Heap before GC invocations=47 (full 0):
 garbage-first heap   total 493568K, used 329575K [0x0000000080000000, 0x0000000100000000)
  region size 1024K, 100 young (102400K), 7 survivors (7168K)
 Metaspace       used 130417K, committed 131264K, reserved 1179648K
  class space    used 17667K, committed 18048K, reserved 1048576K
}
Event: 23.057 GC heap after
{Heap after GC invocations=48 (full 0):
 garbage-first heap   total 493568K, used 235904K [0x0000000080000000, 0x0000000100000000)
  region size 1024K, 8 young (8192K), 8 survivors (8192K)
 Metaspace       used 130417K, committed 131264K, reserved 1179648K
  class space    used 17667K, committed 18048K, reserved 1048576K
}
Event: 24.487 GC heap before
{Heap before GC invocations=48 (full 0):
 garbage-first heap   total 493568K, used 340352K [0x0000000080000000, 0x0000000100000000)
  region size 1024K, 111 young (113664K), 8 survivors (8192K)
 Metaspace       used 139916K, committed 140800K, reserved 1179648K
  class space    used 19225K, committed 19648K, reserved 1048576K
}
Event: 24.494 GC heap after
{Heap after GC invocations=49 (full 0):
 garbage-first heap   total 493568K, used 240380K [0x0000000080000000, 0x0000000100000000)
  region size 1024K, 12 young (12288K), 12 survivors (12288K)
 Metaspace       used 139916K, committed 140800K, reserved 1179648K
  class space    used 19225K, committed 19648K, reserved 1048576K
}

