# JRE version: OpenJDK Runtime Environment (17.0.10) (build 17.0.10+0--11572160)
# Java VM: OpenJDK 64-Bit Server VM (17.0.10+0--11572160, mixed mode, tiered, compressed oops, compressed class ptrs, g1 gc, windows-amd64)
GC Precious Log:
 CPUs: 16 total, 16 available
 Memory: 14188M
 Large Page Support: Disabled
 NUMA Support: Disabled
 Compressed Oops: Enabled (32-bit)
 Heap Region Size: 1M
 Heap Min Capacity: 8M
 Heap Initial Capacity: 222M
 Heap Max Capacity: 2G
 Pre-touch: Disabled
 Parallel Workers: 13
 Concurrent Workers: 3
 Concurrent Refinement Workers: 13
 Periodic GC: Disabled
Heap:
 garbage-first heap   total 227328K, used 119204K [0x0000000080000000, 0x0000000100000000)
  region size 1024K, 5 young (5120K), 5 survivors (5120K)
 Metaspace       used 95556K, committed 96256K, reserved 1179648K
  class space    used 13266K, committed 13568K, reserved 1048576K
GC Heap History (20 events):
Event: 6.712 GC heap after
{Heap after GC invocations=18 (full 0):
 garbage-first heap   total 162816K, used 63608K [0x0000000080000000, 0x0000000100000000)
  region size 1024K, 3 young (3072K), 3 survivors (3072K)
 Metaspace       used 65913K, committed 66560K, reserved 1114112K
  class space    used 9057K, committed 9344K, reserved 1048576K
}
Event: 7.300 GC heap before
{Heap before GC invocations=18 (full 0):
 garbage-first heap   total 162816K, used 133240K [0x0000000080000000, 0x0000000100000000)
  region size 1024K, 66 young (67584K), 3 survivors (3072K)
 Metaspace       used 70794K, committed 71424K, reserved 1114112K
  class space    used 9682K, committed 9984K, reserved 1048576K
}
Event: 7.303 GC heap after
{Heap after GC invocations=19 (full 0):
 garbage-first heap   total 162816K, used 69845K [0x0000000080000000, 0x0000000100000000)
  region size 1024K, 8 young (8192K), 8 survivors (8192K)
 Metaspace       used 70794K, committed 71424K, reserved 1114112K
  class space    used 9682K, committed 9984K, reserved 1048576K
}
Event: 7.773 GC heap before
{Heap before GC invocations=19 (full 0):
 garbage-first heap   total 162816K, used 131285K [0x0000000080000000, 0x0000000100000000)
  region size 1024K, 66 young (67584K), 8 survivors (8192K)
 Metaspace       used 75876K, committed 76480K, reserved 1179648K
  class space    used 10376K, committed 10688K, reserved 1048576K
}
Event: 7.778 GC heap after
{Heap after GC invocations=20 (full 0):
 garbage-first heap   total 162816K, used 76907K [0x0000000080000000, 0x0000000100000000)
  region size 1024K, 5 young (5120K), 5 survivors (5120K)
 Metaspace       used 75876K, committed 76480K, reserved 1179648K
  class space    used 10376K, committed 10688K, reserved 1048576K
}
Event: 8.314 GC heap before
{Heap before GC invocations=20 (full 0):
 garbage-first heap   total 162816K, used 130155K [0x0000000080000000, 0x0000000100000000)
  region size 1024K, 57 young (58368K), 5 survivors (5120K)
 Metaspace       used 83027K, committed 83712K, reserved 1179648K
  class space    used 11270K, committed 11584K, reserved 1048576K
}
Event: 8.317 GC heap after
{Heap after GC invocations=21 (full 0):
 garbage-first heap   total 162816K, used 78832K [0x0000000080000000, 0x0000000100000000)
  region size 1024K, 3 young (3072K), 3 survivors (3072K)
 Metaspace       used 83027K, committed 83712K, reserved 1179648K
  class space    used 11270K, committed 11584K, reserved 1048576K
}
Event: 8.668 GC heap before
{Heap before GC invocations=21 (full 0):
 garbage-first heap   total 162816K, used 112624K [0x0000000080000000, 0x0000000100000000)
  region size 1024K, 37 young (37888K), 3 survivors (3072K)
 Metaspace       used 89121K, committed 89792K, reserved 1179648K
  class space    used 12546K, committed 12864K, reserved 1048576K
}
Event: 8.671 GC heap after
{Heap after GC invocations=22 (full 0):
 garbage-first heap   total 162816K, used 79505K [0x0000000080000000, 0x0000000100000000)
  region size 1024K, 4 young (4096K), 4 survivors (4096K)
 Metaspace       used 89121K, committed 89792K, reserved 1179648K
  class space    used 12546K, committed 12864K, reserved 1048576K
}
Event: 8.899 GC heap before
{Heap before GC invocations=23 (full 0):
 garbage-first heap   total 162816K, used 139921K [0x0000000080000000, 0x0000000100000000)
  region size 1024K, 56 young (57344K), 4 survivors (4096K)
 Metaspace       used 89467K, committed 90176K, reserved 1179648K
  class space    used 12554K, committed 12864K, reserved 1048576K
}
Event: 8.909 GC heap after
{Heap after GC invocations=24 (full 0):
 garbage-first heap   total 162816K, used 94836K [0x0000000080000000, 0x0000000100000000)
  region size 1024K, 7 young (7168K), 7 survivors (7168K)
 Metaspace       used 89467K, committed 90176K, reserved 1179648K
  class space    used 12554K, committed 12864K, reserved 1048576K
}
Event: 8.912 GC heap before
{Heap before GC invocations=24 (full 0):
 garbage-first heap   total 162816K, used 95860K [0x0000000080000000, 0x0000000100000000)
  region size 1024K, 8 young (8192K), 7 survivors (7168K)
 Metaspace       used 89467K, committed 90176K, reserved 1179648K
  class space    used 12554K, committed 12864K, reserved 1048576K
}
Event: 8.918 GC heap after
{Heap after GC invocations=25 (full 0):
 garbage-first heap   total 162816K, used 95294K [0x0000000080000000, 0x0000000100000000)
  region size 1024K, 1 young (1024K), 1 survivors (1024K)
 Metaspace       used 89467K, committed 90176K, reserved 1179648K
  class space    used 12554K, committed 12864K, reserved 1048576K
}
Event: 9.017 GC heap before
{Heap before GC invocations=25 (full 0):
 garbage-first heap   total 162816K, used 129086K [0x0000000080000000, 0x0000000100000000)
  region size 1024K, 34 young (34816K), 1 survivors (1024K)
 Metaspace       used 89468K, committed 90176K, reserved 1179648K
  class space    used 12554K, committed 12864K, reserved 1048576K
}
Event: 9.023 GC heap after
{Heap after GC invocations=26 (full 0):
 garbage-first heap   total 162816K, used 105833K [0x0000000080000000, 0x0000000100000000)
  region size 1024K, 5 young (5120K), 5 survivors (5120K)
 Metaspace       used 89468K, committed 90176K, reserved 1179648K
  class space    used 12554K, committed 12864K, reserved 1048576K
}
Event: 9.254 GC heap before
{Heap before GC invocations=27 (full 0):
 garbage-first heap   total 186368K, used 129385K [0x0000000080000000, 0x0000000100000000)
  region size 1024K, 29 young (29696K), 5 survivors (5120K)
 Metaspace       used 91653K, committed 92288K, reserved 1179648K
  class space    used 12852K, committed 13120K, reserved 1048576K
}
Event: 9.258 GC heap after
{Heap after GC invocations=28 (full 0):
 garbage-first heap   total 186368K, used 108368K [0x0000000080000000, 0x0000000100000000)
  region size 1024K, 2 young (2048K), 2 survivors (2048K)
 Metaspace       used 91653K, committed 92288K, reserved 1179648K
  class space    used 12852K, committed 13120K, reserved 1048576K
}
Event: 9.327 GC heap before
{Heap before GC invocations=28 (full 0):
 garbage-first heap   total 186368K, used 114512K [0x0000000080000000, 0x0000000100000000)
  region size 1024K, 9 young (9216K), 2 survivors (2048K)
 Metaspace       used 92886K, committed 93504K, reserved 1179648K
  class space    used 12984K, committed 13248K, reserved 1048576K
}
Event: 9.330 GC heap after
{Heap after GC invocations=29 (full 0):
 garbage-first heap   total 186368K, used 108086K [0x0000000080000000, 0x0000000100000000)
  region size 1024K, 1 young (1024K), 1 survivors (1024K)
 Metaspace       used 92886K, committed 93504K, reserved 1179648K
  class space    used 12984K, committed 13248K, reserved 1048576K
}
Event: 9.630 GC heap before
{Heap before GC invocations=29 (full 0):
 garbage-first heap   total 186368K, used 153142K [0x0000000080000000, 0x0000000100000000)
  region size 1024K, 38 young (38912K), 1 survivors (1024K)
 Metaspace       used 95556K, committed 96256K, reserved 1179648K
  class space    used 13266K, committed 13568K, reserved 1048576K
}

