# JRE version: OpenJDK Runtime Environment (17.0.10) (build 17.0.10+0--11572160)
# Java VM: OpenJDK 64-Bit Server VM (17.0.10+0--11572160, mixed mode, tiered, compressed oops, compressed class ptrs, g1 gc, windows-amd64)
GC Precious Log:
 CPUs: 16 total, 16 available
 Memory: 14188M
 Large Page Support: Disabled
 NUMA Support: Disabled
 Compressed Oops: Enabled (32-bit)
 Heap Region Size: 1M
 Heap Min Capacity: 8M
 Heap Initial Capacity: 222M
 Heap Max Capacity: 2G
 Pre-touch: Disabled
 Parallel Workers: 13
 Concurrent Workers: 3
 Concurrent Refinement Workers: 13
 Periodic GC: Disabled
Heap:
 garbage-first heap   total 347136K, used 176911K [0x0000000080000000, 0x0000000100000000)
  region size 1024K, 8 young (8192K), 8 survivors (8192K)
 Metaspace       used 119759K, committed 120640K, reserved 1179648K
  class space    used 18013K, committed 18432K, reserved 1048576K
GC Heap History (20 events):
Event: 10.808 GC heap after
{Heap after GC invocations=25 (full 0):
 garbage-first heap   total 169984K, used 86213K [0x0000000080000000, 0x0000000100000000)
  region size 1024K, 6 young (6144K), 6 survivors (6144K)
 Metaspace       used 95452K, committed 96192K, reserved 1179648K
  class space    used 13405K, committed 13760K, reserved 1048576K
}
Event: 11.335 GC heap before
{Heap before GC invocations=26 (full 0):
 garbage-first heap   total 169984K, used 142533K [0x0000000080000000, 0x0000000100000000)
  region size 1024K, 57 young (58368K), 6 survivors (6144K)
 Metaspace       used 99068K, committed 99840K, reserved 1179648K
  class space    used 13771K, committed 14144K, reserved 1048576K
}
Event: 11.340 GC heap after
{Heap after GC invocations=27 (full 0):
 garbage-first heap   total 169984K, used 89591K [0x0000000080000000, 0x0000000100000000)
  region size 1024K, 6 young (6144K), 6 survivors (6144K)
 Metaspace       used 99068K, committed 99840K, reserved 1179648K
  class space    used 13771K, committed 14144K, reserved 1048576K
}
Event: 11.347 GC heap before
{Heap before GC invocations=27 (full 0):
 garbage-first heap   total 169984K, used 91639K [0x0000000080000000, 0x0000000100000000)
  region size 1024K, 8 young (8192K), 6 survivors (6144K)
 Metaspace       used 99074K, committed 99840K, reserved 1179648K
  class space    used 13771K, committed 14144K, reserved 1048576K
}
Event: 11.350 GC heap after
{Heap after GC invocations=28 (full 0):
 garbage-first heap   total 169984K, used 88231K [0x0000000080000000, 0x0000000100000000)
  region size 1024K, 1 young (1024K), 1 survivors (1024K)
 Metaspace       used 99074K, committed 99840K, reserved 1179648K
  class space    used 13771K, committed 14144K, reserved 1048576K
}
Event: 11.584 GC heap before
{Heap before GC invocations=28 (full 0):
 garbage-first heap   total 169984K, used 136359K [0x0000000080000000, 0x0000000100000000)
  region size 1024K, 49 young (50176K), 1 survivors (1024K)
 Metaspace       used 100105K, committed 100864K, reserved 1179648K
  class space    used 13962K, committed 14336K, reserved 1048576K
}
Event: 11.588 GC heap after
{Heap after GC invocations=29 (full 0):
 garbage-first heap   total 169984K, used 92912K [0x0000000080000000, 0x0000000100000000)
  region size 1024K, 6 young (6144K), 6 survivors (6144K)
 Metaspace       used 100105K, committed 100864K, reserved 1179648K
  class space    used 13962K, committed 14336K, reserved 1048576K
}
Event: 11.633 GC heap before
{Heap before GC invocations=29 (full 0):
 garbage-first heap   total 169984K, used 135920K [0x0000000080000000, 0x0000000100000000)
  region size 1024K, 49 young (50176K), 6 survivors (6144K)
 Metaspace       used 100437K, committed 101184K, reserved 1179648K
  class space    used 14018K, committed 14400K, reserved 1048576K
}
Event: 11.637 GC heap after
{Heap after GC invocations=30 (full 0):
 garbage-first heap   total 169984K, used 100829K [0x0000000080000000, 0x0000000100000000)
  region size 1024K, 7 young (7168K), 7 survivors (7168K)
 Metaspace       used 100437K, committed 101184K, reserved 1179648K
  class space    used 14018K, committed 14400K, reserved 1048576K
}
Event: 11.941 GC heap before
{Heap before GC invocations=31 (full 0):
 garbage-first heap   total 178176K, used 136669K [0x0000000080000000, 0x0000000100000000)
  region size 1024K, 43 young (44032K), 7 survivors (7168K)
 Metaspace       used 103805K, committed 104576K, reserved 1179648K
  class space    used 14648K, committed 15040K, reserved 1048576K
}
Event: 11.945 GC heap after
{Heap after GC invocations=32 (full 0):
 garbage-first heap   total 178176K, used 104826K [0x0000000080000000, 0x0000000100000000)
  region size 1024K, 4 young (4096K), 4 survivors (4096K)
 Metaspace       used 103805K, committed 104576K, reserved 1179648K
  class space    used 14648K, committed 15040K, reserved 1048576K
}
Event: 11.966 GC heap before
{Heap before GC invocations=32 (full 0):
 garbage-first heap   total 178176K, used 107898K [0x0000000080000000, 0x0000000100000000)
  region size 1024K, 8 young (8192K), 4 survivors (4096K)
 Metaspace       used 104223K, committed 104960K, reserved 1179648K
  class space    used 14710K, committed 15104K, reserved 1048576K
}
Event: 11.969 GC heap after
{Heap after GC invocations=33 (full 0):
 garbage-first heap   total 347136K, used 103977K [0x0000000080000000, 0x0000000100000000)
  region size 1024K, 1 young (1024K), 1 survivors (1024K)
 Metaspace       used 104223K, committed 104960K, reserved 1179648K
  class space    used 14710K, committed 15104K, reserved 1048576K
}
Event: 12.560 GC heap before
{Heap before GC invocations=33 (full 0):
 garbage-first heap   total 347136K, used 263721K [0x0000000080000000, 0x0000000100000000)
  region size 1024K, 158 young (161792K), 1 survivors (1024K)
 Metaspace       used 109493K, committed 110272K, reserved 1179648K
  class space    used 15612K, committed 16000K, reserved 1048576K
}
Event: 12.579 GC heap after
{Heap after GC invocations=34 (full 0):
 garbage-first heap   total 347136K, used 131248K [0x0000000080000000, 0x0000000100000000)
  region size 1024K, 20 young (20480K), 20 survivors (20480K)
 Metaspace       used 109493K, committed 110272K, reserved 1179648K
  class space    used 15612K, committed 16000K, reserved 1048576K
}
Event: 12.965 GC heap before
{Heap before GC invocations=34 (full 0):
 garbage-first heap   total 347136K, used 252080K [0x0000000080000000, 0x0000000100000000)
  region size 1024K, 139 young (142336K), 20 survivors (20480K)
 Metaspace       used 113707K, committed 114560K, reserved 1179648K
  class space    used 16699K, committed 17088K, reserved 1048576K
}
Event: 12.983 GC heap after
{Heap after GC invocations=35 (full 0):
 garbage-first heap   total 347136K, used 149887K [0x0000000080000000, 0x0000000100000000)
  region size 1024K, 18 young (18432K), 18 survivors (18432K)
 Metaspace       used 113707K, committed 114560K, reserved 1179648K
  class space    used 16699K, committed 17088K, reserved 1048576K
}
Event: 13.148 GC heap before
{Heap before GC invocations=35 (full 0):
 garbage-first heap   total 347136K, used 262527K [0x0000000080000000, 0x0000000100000000)
  region size 1024K, 129 young (132096K), 18 survivors (18432K)
 Metaspace       used 115093K, committed 115840K, reserved 1179648K
  class space    used 16970K, committed 17344K, reserved 1048576K
}
Event: 13.165 GC heap after
{Heap after GC invocations=36 (full 0):
 garbage-first heap   total 347136K, used 168441K [0x0000000080000000, 0x0000000100000000)
  region size 1024K, 17 young (17408K), 17 survivors (17408K)
 Metaspace       used 115093K, committed 115840K, reserved 1179648K
  class space    used 16970K, committed 17344K, reserved 1048576K
}
Event: 13.628 GC heap before
{Heap before GC invocations=36 (full 0):
 garbage-first heap   total 347136K, used 270841K [0x0000000080000000, 0x0000000100000000)
  region size 1024K, 118 young (120832K), 17 survivors (17408K)
 Metaspace       used 119759K, committed 120640K, reserved 1179648K
  class space    used 18013K, committed 18432K, reserved 1048576K
}

