# JRE version: OpenJDK Runtime Environment (17.0.10) (build 17.0.10+0--11572160)
# Java VM: OpenJDK 64-Bit Server VM (17.0.10+0--11572160, mixed mode, tiered, compressed oops, compressed class ptrs, g1 gc, windows-amd64)
GC Precious Log:
 CPUs: 16 total, 16 available
 Memory: 14188M
 Large Page Support: Disabled
 NUMA Support: Disabled
 Compressed Oops: Enabled (32-bit)
 Heap Region Size: 1M
 Heap Min Capacity: 8M
 Heap Initial Capacity: 222M
 Heap Max Capacity: 2G
 Pre-touch: Disabled
 Parallel Workers: 13
 Concurrent Workers: 3
 Concurrent Refinement Workers: 13
 Periodic GC: Disabled
Heap:
 garbage-first heap   total 301056K, used 218106K [0x0000000080000000, 0x0000000100000000)
  region size 1024K, 92 young (94208K), 9 survivors (9216K)
 Metaspace       used 110464K, committed 111424K, reserved 1179648K
  class space    used 14905K, committed 15360K, reserved 1048576K
GC Heap History (20 events):
Event: 7.084 GC heap before
{Heap before GC invocations=36 (full 0):
 garbage-first heap   total 138240K, used 110466K [0x0000000080000000, 0x0000000100000000)
  region size 1024K, 26 young (26624K), 1 survivors (1024K)
 Metaspace       used 65921K, committed 66560K, reserved 1114112K
  class space    used 8989K, committed 9280K, reserved 1048576K
}
Event: 7.087 GC heap after
{Heap after GC invocations=37 (full 0):
 garbage-first heap   total 409600K, used 86626K [0x0000000080000000, 0x0000000100000000)
  region size 1024K, 1 young (1024K), 1 survivors (1024K)
 Metaspace       used 65921K, committed 66560K, reserved 1114112K
  class space    used 8989K, committed 9280K, reserved 1048576K
}
Event: 8.514 GC heap before
{Heap before GC invocations=38 (full 0):
 garbage-first heap   total 301056K, used 245346K [0x0000000080000000, 0x0000000100000000)
  region size 1024K, 152 young (155648K), 1 survivors (1024K)
 Metaspace       used 79663K, committed 80384K, reserved 1179648K
  class space    used 10811K, committed 11136K, reserved 1048576K
}
Event: 8.520 GC heap after
{Heap after GC invocations=39 (full 0):
 garbage-first heap   total 301056K, used 98159K [0x0000000080000000, 0x0000000100000000)
  region size 1024K, 12 young (12288K), 12 survivors (12288K)
 Metaspace       used 79663K, committed 80384K, reserved 1179648K
  class space    used 10811K, committed 11136K, reserved 1048576K
}
Event: 8.527 GC heap before
{Heap before GC invocations=39 (full 0):
 garbage-first heap   total 301056K, used 100207K [0x0000000080000000, 0x0000000100000000)
  region size 1024K, 14 young (14336K), 12 survivors (12288K)
 Metaspace       used 79663K, committed 80384K, reserved 1179648K
  class space    used 10811K, committed 11136K, reserved 1048576K
}
Event: 8.532 GC heap after
{Heap after GC invocations=40 (full 0):
 garbage-first heap   total 301056K, used 98968K [0x0000000080000000, 0x0000000100000000)
  region size 1024K, 2 young (2048K), 2 survivors (2048K)
 Metaspace       used 79663K, committed 80384K, reserved 1179648K
  class space    used 10811K, committed 11136K, reserved 1048576K
}
Event: 9.563 GC heap before
{Heap before GC invocations=40 (full 0):
 garbage-first heap   total 301056K, used 221848K [0x0000000080000000, 0x0000000100000000)
  region size 1024K, 122 young (124928K), 2 survivors (2048K)
 Metaspace       used 87785K, committed 88576K, reserved 1179648K
  class space    used 12122K, committed 12480K, reserved 1048576K
}
Event: 9.566 GC heap after
{Heap after GC invocations=41 (full 0):
 garbage-first heap   total 301056K, used 103771K [0x0000000080000000, 0x0000000100000000)
  region size 1024K, 7 young (7168K), 7 survivors (7168K)
 Metaspace       used 87785K, committed 88576K, reserved 1179648K
  class space    used 12122K, committed 12480K, reserved 1048576K
}
Event: 10.697 GC heap before
{Heap before GC invocations=41 (full 0):
 garbage-first heap   total 301056K, used 240987K [0x0000000080000000, 0x0000000100000000)
  region size 1024K, 129 young (132096K), 7 survivors (7168K)
 Metaspace       used 99588K, committed 100416K, reserved 1179648K
  class space    used 13696K, committed 14080K, reserved 1048576K
}
Event: 10.703 GC heap after
{Heap after GC invocations=42 (full 0):
 garbage-first heap   total 301056K, used 125481K [0x0000000080000000, 0x0000000100000000)
  region size 1024K, 17 young (17408K), 17 survivors (17408K)
 Metaspace       used 99588K, committed 100416K, reserved 1179648K
  class space    used 13696K, committed 14080K, reserved 1048576K
}
Event: 11.267 GC heap before
{Heap before GC invocations=42 (full 0):
 garbage-first heap   total 301056K, used 240169K [0x0000000080000000, 0x0000000100000000)
  region size 1024K, 127 young (130048K), 17 survivors (17408K)
 Metaspace       used 103288K, committed 104128K, reserved 1179648K
  class space    used 14215K, committed 14592K, reserved 1048576K
}
Event: 11.284 GC heap after
{Heap after GC invocations=43 (full 0):
 garbage-first heap   total 301056K, used 131022K [0x0000000080000000, 0x0000000100000000)
  region size 1024K, 4 young (4096K), 4 survivors (4096K)
 Metaspace       used 103288K, committed 104128K, reserved 1179648K
  class space    used 14215K, committed 14592K, reserved 1048576K
}
Event: 11.706 GC heap before
{Heap before GC invocations=43 (full 0):
 garbage-first heap   total 301056K, used 245710K [0x0000000080000000, 0x0000000100000000)
  region size 1024K, 114 young (116736K), 4 survivors (4096K)
 Metaspace       used 103922K, committed 104832K, reserved 1179648K
  class space    used 14275K, committed 14720K, reserved 1048576K
}
Event: 11.709 GC heap after
{Heap after GC invocations=44 (full 0):
 garbage-first heap   total 301056K, used 132592K [0x0000000080000000, 0x0000000100000000)
  region size 1024K, 6 young (6144K), 6 survivors (6144K)
 Metaspace       used 103922K, committed 104832K, reserved 1179648K
  class space    used 14275K, committed 14720K, reserved 1048576K
}
Event: 12.109 GC heap before
{Heap before GC invocations=44 (full 0):
 garbage-first heap   total 301056K, used 245232K [0x0000000080000000, 0x0000000100000000)
  region size 1024K, 116 young (118784K), 6 survivors (6144K)
 Metaspace       used 103924K, committed 104832K, reserved 1179648K
  class space    used 14275K, committed 14720K, reserved 1048576K
}
Event: 12.111 GC heap after
{Heap after GC invocations=45 (full 0):
 garbage-first heap   total 301056K, used 133142K [0x0000000080000000, 0x0000000100000000)
  region size 1024K, 6 young (6144K), 6 survivors (6144K)
 Metaspace       used 103924K, committed 104832K, reserved 1179648K
  class space    used 14275K, committed 14720K, reserved 1048576K
}
Event: 12.563 GC heap before
{Heap before GC invocations=45 (full 0):
 garbage-first heap   total 301056K, used 248854K [0x0000000080000000, 0x0000000100000000)
  region size 1024K, 119 young (121856K), 6 survivors (6144K)
 Metaspace       used 104446K, committed 105280K, reserved 1179648K
  class space    used 14353K, committed 14784K, reserved 1048576K
}
Event: 12.566 GC heap after
{Heap after GC invocations=46 (full 0):
 garbage-first heap   total 301056K, used 127716K [0x0000000080000000, 0x0000000100000000)
  region size 1024K, 3 young (3072K), 3 survivors (3072K)
 Metaspace       used 104446K, committed 105280K, reserved 1179648K
  class space    used 14353K, committed 14784K, reserved 1048576K
}
Event: 14.095 GC heap before
{Heap before GC invocations=46 (full 0):
 garbage-first heap   total 301056K, used 255716K [0x0000000080000000, 0x0000000100000000)
  region size 1024K, 124 young (126976K), 3 survivors (3072K)
 Metaspace       used 108325K, committed 109120K, reserved 1179648K
  class space    used 14665K, committed 15040K, reserved 1048576K
}
Event: 14.099 GC heap after
{Heap after GC invocations=47 (full 0):
 garbage-first heap   total 301056K, used 134138K [0x0000000080000000, 0x0000000100000000)
  region size 1024K, 9 young (9216K), 9 survivors (9216K)
 Metaspace       used 108325K, committed 109120K, reserved 1179648K
  class space    used 14665K, committed 15040K, reserved 1048576K
}

