# JRE version: OpenJDK Runtime Environment (17.0.10) (build 17.0.10+0--11572160)
# Java VM: OpenJDK 64-Bit Server VM (17.0.10+0--11572160, mixed mode, tiered, compressed oops, compressed class ptrs, g1 gc, windows-amd64)
GC Precious Log:
 CPUs: 16 total, 16 available
 Memory: 14188M
 Large Page Support: Disabled
 NUMA Support: Disabled
 Compressed Oops: Enabled (32-bit)
 Heap Region Size: 1M
 Heap Min Capacity: 8M
 Heap Initial Capacity: 222M
 Heap Max Capacity: 2G
 Pre-touch: Disabled
 Parallel Workers: 13
 Concurrent Workers: 3
 Concurrent Refinement Workers: 13
 Periodic GC: Disabled
Heap:
 garbage-first heap   total 227328K, used 91612K [0x0000000080000000, 0x0000000100000000)
  region size 1024K, 1 young (1024K), 1 survivors (1024K)
 Metaspace       used 63336K, committed 64000K, reserved 1114112K
  class space    used 8645K, committed 8960K, reserved 1048576K
GC Heap History (20 events):
Event: 5.743 GC heap after
{Heap after GC invocations=19 (full 0):
 garbage-first heap   total 97280K, used 57559K [0x0000000080000000, 0x0000000100000000)
  region size 1024K, 3 young (3072K), 3 survivors (3072K)
 Metaspace       used 50170K, committed 50624K, reserved 1114112K
  class space    used 6779K, committed 6976K, reserved 1048576K
}
Event: 5.837 GC heap before
{Heap before GC invocations=20 (full 0):
 garbage-first heap   total 106496K, used 63703K [0x0000000080000000, 0x0000000100000000)
  region size 1024K, 8 young (8192K), 3 survivors (3072K)
 Metaspace       used 50533K, committed 51072K, reserved 1114112K
  class space    used 6803K, committed 7040K, reserved 1048576K
}
Event: 5.839 GC heap after
{Heap after GC invocations=21 (full 0):
 garbage-first heap   total 128000K, used 62017K [0x0000000080000000, 0x0000000100000000)
  region size 1024K, 2 young (2048K), 2 survivors (2048K)
 Metaspace       used 50533K, committed 51072K, reserved 1114112K
  class space    used 6803K, committed 7040K, reserved 1048576K
}
Event: 6.187 GC heap before
{Heap before GC invocations=22 (full 0):
 garbage-first heap   total 128000K, used 91713K [0x0000000080000000, 0x0000000100000000)
  region size 1024K, 29 young (29696K), 2 survivors (2048K)
 Metaspace       used 52823K, committed 53376K, reserved 1114112K
  class space    used 7044K, committed 7296K, reserved 1048576K
}
Event: 6.189 GC heap after
{Heap after GC invocations=23 (full 0):
 garbage-first heap   total 128000K, used 62127K [0x0000000080000000, 0x0000000100000000)
  region size 1024K, 2 young (2048K), 2 survivors (2048K)
 Metaspace       used 52823K, committed 53376K, reserved 1114112K
  class space    used 7044K, committed 7296K, reserved 1048576K
}
Event: 6.722 GC heap before
{Heap before GC invocations=23 (full 0):
 garbage-first heap   total 128000K, used 91823K [0x0000000080000000, 0x0000000100000000)
  region size 1024K, 31 young (31744K), 2 survivors (2048K)
 Metaspace       used 56583K, committed 57216K, reserved 1114112K
  class space    used 7658K, committed 7936K, reserved 1048576K
}
Event: 6.726 GC heap after
{Heap after GC invocations=24 (full 0):
 garbage-first heap   total 128000K, used 64369K [0x0000000080000000, 0x0000000100000000)
  region size 1024K, 4 young (4096K), 4 survivors (4096K)
 Metaspace       used 56583K, committed 57216K, reserved 1114112K
  class space    used 7658K, committed 7936K, reserved 1048576K
}
Event: 7.218 GC heap before
{Heap before GC invocations=25 (full 0):
 garbage-first heap   total 128000K, used 95089K [0x0000000080000000, 0x0000000100000000)
  region size 1024K, 34 young (34816K), 4 survivors (4096K)
 Metaspace       used 59477K, committed 60096K, reserved 1114112K
  class space    used 8150K, committed 8448K, reserved 1048576K
}
Event: 7.225 GC heap after
{Heap after GC invocations=26 (full 0):
 garbage-first heap   total 128000K, used 67011K [0x0000000080000000, 0x0000000100000000)
  region size 1024K, 5 young (5120K), 5 survivors (5120K)
 Metaspace       used 59477K, committed 60096K, reserved 1114112K
  class space    used 8150K, committed 8448K, reserved 1048576K
}
Event: 7.733 GC heap before
{Heap before GC invocations=26 (full 0):
 garbage-first heap   total 128000K, used 97731K [0x0000000080000000, 0x0000000100000000)
  region size 1024K, 35 young (35840K), 5 survivors (5120K)
 Metaspace       used 61344K, committed 62016K, reserved 1114112K
  class space    used 8404K, committed 8704K, reserved 1048576K
}
Event: 7.739 GC heap after
{Heap after GC invocations=27 (full 0):
 garbage-first heap   total 128000K, used 71107K [0x0000000080000000, 0x0000000100000000)
  region size 1024K, 5 young (5120K), 5 survivors (5120K)
 Metaspace       used 61344K, committed 62016K, reserved 1114112K
  class space    used 8404K, committed 8704K, reserved 1048576K
}
Event: 7.824 GC heap before
{Heap before GC invocations=28 (full 0):
 garbage-first heap   total 138240K, used 97731K [0x0000000080000000, 0x0000000100000000)
  region size 1024K, 32 young (32768K), 5 survivors (5120K)
 Metaspace       used 61489K, committed 62144K, reserved 1114112K
  class space    used 8404K, committed 8704K, reserved 1048576K
}
Event: 7.828 GC heap after
{Heap after GC invocations=29 (full 0):
 garbage-first heap   total 138240K, used 73682K [0x0000000080000000, 0x0000000100000000)
  region size 1024K, 4 young (4096K), 4 survivors (4096K)
 Metaspace       used 61489K, committed 62144K, reserved 1114112K
  class space    used 8404K, committed 8704K, reserved 1048576K
}
Event: 7.833 GC heap before
{Heap before GC invocations=29 (full 0):
 garbage-first heap   total 138240K, used 74706K [0x0000000080000000, 0x0000000100000000)
  region size 1024K, 6 young (6144K), 4 survivors (4096K)
 Metaspace       used 61489K, committed 62144K, reserved 1114112K
  class space    used 8404K, committed 8704K, reserved 1048576K
}
Event: 7.836 GC heap after
{Heap after GC invocations=30 (full 0):
 garbage-first heap   total 138240K, used 73838K [0x0000000080000000, 0x0000000100000000)
  region size 1024K, 1 young (1024K), 1 survivors (1024K)
 Metaspace       used 61489K, committed 62144K, reserved 1114112K
  class space    used 8404K, committed 8704K, reserved 1048576K
}
Event: 7.952 GC heap before
{Heap before GC invocations=30 (full 0):
 garbage-first heap   total 138240K, used 86126K [0x0000000080000000, 0x0000000100000000)
  region size 1024K, 15 young (15360K), 1 survivors (1024K)
 Metaspace       used 61671K, committed 62336K, reserved 1114112K
  class space    used 8421K, committed 8704K, reserved 1048576K
}
Event: 7.954 GC heap after
{Heap after GC invocations=31 (full 0):
 garbage-first heap   total 138240K, used 75613K [0x0000000080000000, 0x0000000100000000)
  region size 1024K, 3 young (3072K), 3 survivors (3072K)
 Metaspace       used 61671K, committed 62336K, reserved 1114112K
  class space    used 8421K, committed 8704K, reserved 1048576K
}
Event: 8.190 GC heap before
{Heap before GC invocations=32 (full 0):
 garbage-first heap   total 138240K, used 117597K [0x0000000080000000, 0x0000000100000000)
  region size 1024K, 34 young (34816K), 3 survivors (3072K)
 Metaspace       used 63236K, committed 63936K, reserved 1114112K
  class space    used 8638K, committed 8960K, reserved 1048576K
}
Event: 8.193 GC heap after
{Heap after GC invocations=33 (full 0):
 garbage-first heap   total 138240K, used 93049K [0x0000000080000000, 0x0000000100000000)
  region size 1024K, 5 young (5120K), 5 survivors (5120K)
 Metaspace       used 63236K, committed 63936K, reserved 1114112K
  class space    used 8638K, committed 8960K, reserved 1048576K
}
Event: 8.199 GC heap before
{Heap before GC invocations=33 (full 0):
 garbage-first heap   total 138240K, used 94073K [0x0000000080000000, 0x0000000100000000)
  region size 1024K, 6 young (6144K), 5 survivors (5120K)
 Metaspace       used 63336K, committed 64000K, reserved 1114112K
  class space    used 8645K, committed 8960K, reserved 1048576K
}

