# JRE version: OpenJDK Runtime Environment (17.0.10) (build 17.0.10+0--11572160)
# Java VM: OpenJDK 64-Bit Server VM (17.0.10+0--11572160, mixed mode, tiered, compressed oops, compressed class ptrs, g1 gc, windows-amd64)
GC Precious Log:
 CPUs: 16 total, 16 available
 Memory: 14188M
 Large Page Support: Disabled
 NUMA Support: Disabled
 Compressed Oops: Enabled (32-bit)
 Heap Region Size: 1M
 Heap Min Capacity: 8M
 Heap Initial Capacity: 222M
 Heap Max Capacity: 2G
 Pre-touch: Disabled
 Parallel Workers: 13
 Concurrent Workers: 3
 Concurrent Refinement Workers: 13
 Periodic GC: Disabled
Heap:
 garbage-first heap   total 216064K, used 136864K [0x0000000080000000, 0x0000000100000000)
  region size 1024K, 26 young (26624K), 12 survivors (12288K)
 Metaspace       used 103723K, committed 104512K, reserved 1179648K
  class space    used 14400K, committed 14784K, reserved 1048576K
GC Heap History (20 events):
Event: 9.976 GC heap before
{Heap before GC invocations=27 (full 0):
 garbage-first heap   total 122880K, used 63772K [0x0000000080000000, 0x0000000100000000)
  region size 1024K, 6 young (6144K), 4 survivors (4096K)
 Metaspace       used 73979K, committed 74560K, reserved 1114112K
  class space    used 10157K, committed 10432K, reserved 1048576K
}
Event: 9.978 GC heap after
{Heap after GC invocations=28 (full 0):
 garbage-first heap   total 122880K, used 62795K [0x0000000080000000, 0x0000000100000000)
  region size 1024K, 1 young (1024K), 1 survivors (1024K)
 Metaspace       used 73979K, committed 74560K, reserved 1114112K
  class space    used 10157K, committed 10432K, reserved 1048576K
}
Event: 10.434 GC heap before
{Heap before GC invocations=28 (full 0):
 garbage-first heap   total 122880K, used 100683K [0x0000000080000000, 0x0000000100000000)
  region size 1024K, 38 young (38912K), 1 survivors (1024K)
 Metaspace       used 76105K, committed 76672K, reserved 1179648K
  class space    used 10429K, committed 10688K, reserved 1048576K
}
Event: 10.439 GC heap after
{Heap after GC invocations=29 (full 0):
 garbage-first heap   total 216064K, used 65772K [0x0000000080000000, 0x0000000100000000)
  region size 1024K, 4 young (4096K), 4 survivors (4096K)
 Metaspace       used 76105K, committed 76672K, reserved 1179648K
  class space    used 10429K, committed 10688K, reserved 1048576K
}
Event: 11.642 GC heap before
{Heap before GC invocations=29 (full 0):
 garbage-first heap   total 216064K, used 172268K [0x0000000080000000, 0x0000000100000000)
  region size 1024K, 108 young (110592K), 4 survivors (4096K)
 Metaspace       used 83673K, committed 84352K, reserved 1179648K
  class space    used 11691K, committed 12032K, reserved 1048576K
}
Event: 11.646 GC heap after
{Heap after GC invocations=30 (full 0):
 garbage-first heap   total 216064K, used 69603K [0x0000000080000000, 0x0000000100000000)
  region size 1024K, 8 young (8192K), 8 survivors (8192K)
 Metaspace       used 83673K, committed 84352K, reserved 1179648K
  class space    used 11691K, committed 12032K, reserved 1048576K
}
Event: 13.051 GC heap before
{Heap before GC invocations=30 (full 0):
 garbage-first heap   total 216064K, used 175075K [0x0000000080000000, 0x0000000100000000)
  region size 1024K, 111 young (113664K), 8 survivors (8192K)
 Metaspace       used 92069K, committed 92800K, reserved 1179648K
  class space    used 12900K, committed 13248K, reserved 1048576K
}
Event: 13.059 GC heap after
{Heap after GC invocations=31 (full 0):
 garbage-first heap   total 216064K, used 76204K [0x0000000080000000, 0x0000000100000000)
  region size 1024K, 14 young (14336K), 14 survivors (14336K)
 Metaspace       used 92069K, committed 92800K, reserved 1179648K
  class space    used 12900K, committed 13248K, reserved 1048576K
}
Event: 13.792 GC heap before
{Heap before GC invocations=31 (full 0):
 garbage-first heap   total 216064K, used 174508K [0x0000000080000000, 0x0000000100000000)
  region size 1024K, 111 young (113664K), 14 survivors (14336K)
 Metaspace       used 94702K, committed 95424K, reserved 1179648K
  class space    used 13326K, committed 13696K, reserved 1048576K
}
Event: 13.802 GC heap after
{Heap after GC invocations=32 (full 0):
 garbage-first heap   total 216064K, used 81728K [0x0000000080000000, 0x0000000100000000)
  region size 1024K, 14 young (14336K), 14 survivors (14336K)
 Metaspace       used 94702K, committed 95424K, reserved 1179648K
  class space    used 13326K, committed 13696K, reserved 1048576K
}
Event: 14.342 GC heap before
{Heap before GC invocations=32 (full 0):
 garbage-first heap   total 216064K, used 173888K [0x0000000080000000, 0x0000000100000000)
  region size 1024K, 105 young (107520K), 14 survivors (14336K)
 Metaspace       used 95392K, committed 96128K, reserved 1179648K
  class space    used 13418K, committed 13760K, reserved 1048576K
}
Event: 14.349 GC heap after
{Heap after GC invocations=33 (full 0):
 garbage-first heap   total 216064K, used 85407K [0x0000000080000000, 0x0000000100000000)
  region size 1024K, 7 young (7168K), 7 survivors (7168K)
 Metaspace       used 95392K, committed 96128K, reserved 1179648K
  class space    used 13418K, committed 13760K, reserved 1048576K
}
Event: 14.757 GC heap before
{Heap before GC invocations=33 (full 0):
 garbage-first heap   total 216064K, used 178591K [0x0000000080000000, 0x0000000100000000)
  region size 1024K, 94 young (96256K), 7 survivors (7168K)
 Metaspace       used 97376K, committed 98112K, reserved 1179648K
  class space    used 13570K, committed 13952K, reserved 1048576K
}
Event: 14.761 GC heap after
{Heap after GC invocations=34 (full 0):
 garbage-first heap   total 216064K, used 87586K [0x0000000080000000, 0x0000000100000000)
  region size 1024K, 9 young (9216K), 9 survivors (9216K)
 Metaspace       used 97376K, committed 98112K, reserved 1179648K
  class space    used 13570K, committed 13952K, reserved 1048576K
}
Event: 15.445 GC heap before
{Heap before GC invocations=34 (full 0):
 garbage-first heap   total 216064K, used 174626K [0x0000000080000000, 0x0000000100000000)
  region size 1024K, 95 young (97280K), 9 survivors (9216K)
 Metaspace       used 99480K, committed 100224K, reserved 1179648K
  class space    used 13804K, committed 14208K, reserved 1048576K
}
Event: 15.452 GC heap after
{Heap after GC invocations=35 (full 0):
 garbage-first heap   total 216064K, used 91685K [0x0000000080000000, 0x0000000100000000)
  region size 1024K, 10 young (10240K), 10 survivors (10240K)
 Metaspace       used 99480K, committed 100224K, reserved 1179648K
  class space    used 13804K, committed 14208K, reserved 1048576K
}
Event: 15.673 GC heap before
{Heap before GC invocations=35 (full 0):
 garbage-first heap   total 216064K, used 173605K [0x0000000080000000, 0x0000000100000000)
  region size 1024K, 91 young (93184K), 10 survivors (10240K)
 Metaspace       used 99771K, committed 100480K, reserved 1179648K
  class space    used 13843K, committed 14208K, reserved 1048576K
}
Event: 15.679 GC heap after
{Heap after GC invocations=36 (full 0):
 garbage-first heap   total 216064K, used 94191K [0x0000000080000000, 0x0000000100000000)
  region size 1024K, 9 young (9216K), 9 survivors (9216K)
 Metaspace       used 99771K, committed 100480K, reserved 1179648K
  class space    used 13843K, committed 14208K, reserved 1048576K
}
Event: 16.042 GC heap before
{Heap before GC invocations=36 (full 0):
 garbage-first heap   total 216064K, used 192495K [0x0000000080000000, 0x0000000100000000)
  region size 1024K, 89 young (91136K), 9 survivors (9216K)
 Metaspace       used 102185K, committed 102976K, reserved 1179648K
  class space    used 14171K, committed 14592K, reserved 1048576K
}
Event: 16.049 GC heap after
{Heap after GC invocations=37 (full 0):
 garbage-first heap   total 216064K, used 124576K [0x0000000080000000, 0x0000000100000000)
  region size 1024K, 12 young (12288K), 12 survivors (12288K)
 Metaspace       used 102185K, committed 102976K, reserved 1179648K
  class space    used 14171K, committed 14592K, reserved 1048576K
}

