# JRE version: OpenJDK Runtime Environment (17.0.10) (build 17.0.10+0--11572160)
# Java VM: OpenJDK 64-Bit Server VM (17.0.10+0--11572160, mixed mode, tiered, compressed oops, compressed class ptrs, g1 gc, windows-amd64)
GC Precious Log:
 CPUs: 16 total, 16 available
 Memory: 14188M
 Large Page Support: Disabled
 NUMA Support: Disabled
 Compressed Oops: Enabled (32-bit)
 Heap Region Size: 1M
 Heap Min Capacity: 8M
 Heap Initial Capacity: 222M
 Heap Max Capacity: 2G
 Pre-touch: Disabled
 Parallel Workers: 13
 Concurrent Workers: 3
 Concurrent Refinement Workers: 13
 Periodic GC: Disabled
Heap:
 garbage-first heap   total 227328K, used 102155K [0x0000000080000000, 0x0000000100000000)
  region size 1024K, 7 young (7168K), 7 survivors (7168K)
 Metaspace       used 100390K, committed 101184K, reserved 1179648K
  class space    used 13912K, committed 14272K, reserved 1048576K
GC Heap History (20 events):
Event: 9.090 GC heap after
{Heap after GC invocations=30 (full 0):
 garbage-first heap   total 206848K, used 63777K [0x0000000080000000, 0x0000000100000000)
  region size 1024K, 2 young (2048K), 2 survivors (2048K)
 Metaspace       used 67073K, committed 67712K, reserved 1114112K
  class space    used 9210K, committed 9536K, reserved 1048576K
}
Event: 10.119 GC heap before
{Heap before GC invocations=30 (full 0):
 garbage-first heap   total 206848K, used 150817K [0x0000000080000000, 0x0000000100000000)
  region size 1024K, 86 young (88064K), 2 survivors (2048K)
 Metaspace       used 74732K, committed 75392K, reserved 1114112K
  class space    used 10258K, committed 10560K, reserved 1048576K
}
Event: 10.123 GC heap after
{Heap after GC invocations=31 (full 0):
 garbage-first heap   total 206848K, used 67152K [0x0000000080000000, 0x0000000100000000)
  region size 1024K, 5 young (5120K), 5 survivors (5120K)
 Metaspace       used 74732K, committed 75392K, reserved 1114112K
  class space    used 10258K, committed 10560K, reserved 1048576K
}
Event: 11.133 GC heap before
{Heap before GC invocations=31 (full 0):
 garbage-first heap   total 206848K, used 154192K [0x0000000080000000, 0x0000000100000000)
  region size 1024K, 90 young (92160K), 5 survivors (5120K)
 Metaspace       used 79955K, committed 80576K, reserved 1179648K
  class space    used 11064K, committed 11392K, reserved 1048576K
}
Event: 11.138 GC heap after
{Heap after GC invocations=32 (full 0):
 garbage-first heap   total 206848K, used 71916K [0x0000000080000000, 0x0000000100000000)
  region size 1024K, 9 young (9216K), 9 survivors (9216K)
 Metaspace       used 79955K, committed 80576K, reserved 1179648K
  class space    used 11064K, committed 11392K, reserved 1048576K
}
Event: 12.290 GC heap before
{Heap before GC invocations=32 (full 0):
 garbage-first heap   total 206848K, used 161004K [0x0000000080000000, 0x0000000100000000)
  region size 1024K, 96 young (98304K), 9 survivors (9216K)
 Metaspace       used 86598K, committed 87232K, reserved 1179648K
  class space    used 12102K, committed 12416K, reserved 1048576K
}
Event: 12.297 GC heap after
{Heap after GC invocations=33 (full 0):
 garbage-first heap   total 206848K, used 76986K [0x0000000080000000, 0x0000000100000000)
  region size 1024K, 10 young (10240K), 10 survivors (10240K)
 Metaspace       used 86598K, committed 87232K, reserved 1179648K
  class space    used 12102K, committed 12416K, reserved 1048576K
}
Event: 13.558 GC heap before
{Heap before GC invocations=33 (full 0):
 garbage-first heap   total 206848K, used 164026K [0x0000000080000000, 0x0000000100000000)
  region size 1024K, 95 young (97280K), 10 survivors (10240K)
 Metaspace       used 93380K, committed 94080K, reserved 1179648K
  class space    used 13119K, committed 13440K, reserved 1048576K
}
Event: 13.566 GC heap after
{Heap after GC invocations=34 (full 0):
 garbage-first heap   total 206848K, used 82410K [0x0000000080000000, 0x0000000100000000)
  region size 1024K, 11 young (11264K), 11 survivors (11264K)
 Metaspace       used 93380K, committed 94080K, reserved 1179648K
  class space    used 13119K, committed 13440K, reserved 1048576K
}
Event: 14.083 GC heap before
{Heap before GC invocations=34 (full 0):
 garbage-first heap   total 206848K, used 164330K [0x0000000080000000, 0x0000000100000000)
  region size 1024K, 92 young (94208K), 11 survivors (11264K)
 Metaspace       used 95138K, committed 95808K, reserved 1179648K
  class space    used 13376K, committed 13696K, reserved 1048576K
}
Event: 14.091 GC heap after
{Heap after GC invocations=35 (full 0):
 garbage-first heap   total 206848K, used 89151K [0x0000000080000000, 0x0000000100000000)
  region size 1024K, 12 young (12288K), 12 survivors (12288K)
 Metaspace       used 95138K, committed 95808K, reserved 1179648K
  class space    used 13376K, committed 13696K, reserved 1048576K
}
Event: 14.550 GC heap before
{Heap before GC invocations=35 (full 0):
 garbage-first heap   total 206848K, used 164927K [0x0000000080000000, 0x0000000100000000)
  region size 1024K, 87 young (89088K), 12 survivors (12288K)
 Metaspace       used 95656K, committed 96320K, reserved 1179648K
  class space    used 13444K, committed 13760K, reserved 1048576K
}
Event: 14.558 GC heap after
{Heap after GC invocations=36 (full 0):
 garbage-first heap   total 206848K, used 92606K [0x0000000080000000, 0x0000000100000000)
  region size 1024K, 6 young (6144K), 6 survivors (6144K)
 Metaspace       used 95656K, committed 96320K, reserved 1179648K
  class space    used 13444K, committed 13760K, reserved 1048576K
}
Event: 14.908 GC heap before
{Heap before GC invocations=36 (full 0):
 garbage-first heap   total 206848K, used 166334K [0x0000000080000000, 0x0000000100000000)
  region size 1024K, 79 young (80896K), 6 survivors (6144K)
 Metaspace       used 95979K, committed 96704K, reserved 1179648K
  class space    used 13472K, committed 13824K, reserved 1048576K
}
Event: 14.913 GC heap after
{Heap after GC invocations=37 (full 0):
 garbage-first heap   total 206848K, used 94717K [0x0000000080000000, 0x0000000100000000)
  region size 1024K, 8 young (8192K), 8 survivors (8192K)
 Metaspace       used 95979K, committed 96704K, reserved 1179648K
  class space    used 13472K, committed 13824K, reserved 1048576K
}
Event: 15.770 GC heap before
{Heap before GC invocations=37 (full 0):
 garbage-first heap   total 206848K, used 172541K [0x0000000080000000, 0x0000000100000000)
  region size 1024K, 80 young (81920K), 8 survivors (8192K)
 Metaspace       used 99863K, committed 100608K, reserved 1179648K
  class space    used 13847K, committed 14208K, reserved 1048576K
}
Event: 15.776 GC heap after
{Heap after GC invocations=38 (full 0):
 garbage-first heap   total 206848K, used 98371K [0x0000000080000000, 0x0000000100000000)
  region size 1024K, 9 young (9216K), 9 survivors (9216K)
 Metaspace       used 99863K, committed 100608K, reserved 1179648K
  class space    used 13847K, committed 14208K, reserved 1048576K
}
Event: 15.923 GC heap before
{Heap before GC invocations=38 (full 0):
 garbage-first heap   total 206848K, used 166979K [0x0000000080000000, 0x0000000100000000)
  region size 1024K, 77 young (78848K), 9 survivors (9216K)
 Metaspace       used 99948K, committed 100736K, reserved 1179648K
  class space    used 13856K, committed 14208K, reserved 1048576K
}
Event: 15.928 GC heap after
{Heap after GC invocations=39 (full 0):
 garbage-first heap   total 206848K, used 100510K [0x0000000080000000, 0x0000000100000000)
  region size 1024K, 5 young (5120K), 5 survivors (5120K)
 Metaspace       used 99948K, committed 100736K, reserved 1179648K
  class space    used 13856K, committed 14208K, reserved 1048576K
}
Event: 16.133 GC heap before
{Heap before GC invocations=39 (full 0):
 garbage-first heap   total 206848K, used 168094K [0x0000000080000000, 0x0000000100000000)
  region size 1024K, 72 young (73728K), 5 survivors (5120K)
 Metaspace       used 100390K, committed 101184K, reserved 1179648K
  class space    used 13912K, committed 14272K, reserved 1048576K
}

