# JRE version: OpenJDK Runtime Environment (17.0.10) (build 17.0.10+0--11572160)
# Java VM: OpenJDK 64-Bit Server VM (17.0.10+0--11572160, mixed mode, tiered, compressed oops, compressed class ptrs, g1 gc, windows-amd64)
GC Precious Log:
 CPUs: 16 total, 16 available
 Memory: 14188M
 Large Page Support: Disabled
 NUMA Support: Disabled
 Compressed Oops: Enabled (32-bit)
 Heap Region Size: 1M
 Heap Min Capacity: 8M
 Heap Initial Capacity: 222M
 Heap Max Capacity: 2G
 Pre-touch: Disabled
 Parallel Workers: 13
 Concurrent Workers: 3
 Concurrent Refinement Workers: 13
 Periodic GC: Disabled
Heap:
 garbage-first heap   total 389120K, used 256101K [0x0000000080000000, 0x0000000100000000)
  region size 1024K, 137 young (140288K), 4 survivors (4096K)
 Metaspace       used 108241K, committed 108864K, reserved 1179648K
  class space    used 14665K, committed 14976K, reserved 1048576K
GC Heap History (20 events):
Event: 8.218 GC heap before
{Heap before GC invocations=37 (full 0):
 garbage-first heap   total 135168K, used 106890K [0x0000000080000000, 0x0000000100000000)
  region size 1024K, 34 young (34816K), 3 survivors (3072K)
 Metaspace       used 77213K, committed 77824K, reserved 1179648K
  class space    used 10569K, committed 10880K, reserved 1048576K
}
Event: 8.221 GC heap after
{Heap after GC invocations=38 (full 0):
 garbage-first heap   total 135168K, used 78304K [0x0000000080000000, 0x0000000100000000)
  region size 1024K, 5 young (5120K), 5 survivors (5120K)
 Metaspace       used 77213K, committed 77824K, reserved 1179648K
  class space    used 10569K, committed 10880K, reserved 1048576K
}
Event: 8.478 GC heap before
{Heap before GC invocations=39 (full 0):
 garbage-first heap   total 137216K, used 106976K [0x0000000080000000, 0x0000000100000000)
  region size 1024K, 34 young (34816K), 5 survivors (5120K)
 Metaspace       used 81684K, committed 82304K, reserved 1179648K
  class space    used 11108K, committed 11392K, reserved 1048576K
}
Event: 8.482 GC heap after
{Heap after GC invocations=40 (full 0):
 garbage-first heap   total 137216K, used 79541K [0x0000000080000000, 0x0000000100000000)
  region size 1024K, 2 young (2048K), 2 survivors (2048K)
 Metaspace       used 81684K, committed 82304K, reserved 1179648K
  class space    used 11108K, committed 11392K, reserved 1048576K
}
Event: 8.515 GC heap before
{Heap before GC invocations=40 (full 0):
 garbage-first heap   total 137216K, used 82613K [0x0000000080000000, 0x0000000100000000)
  region size 1024K, 6 young (6144K), 2 survivors (2048K)
 Metaspace       used 82316K, committed 82944K, reserved 1179648K
  class space    used 11176K, committed 11456K, reserved 1048576K
}
Event: 8.516 GC heap after
{Heap after GC invocations=41 (full 0):
 garbage-first heap   total 137216K, used 78727K [0x0000000080000000, 0x0000000100000000)
  region size 1024K, 1 young (1024K), 1 survivors (1024K)
 Metaspace       used 82316K, committed 82944K, reserved 1179648K
  class space    used 11176K, committed 11456K, reserved 1048576K
}
Event: 8.841 GC heap before
{Heap before GC invocations=41 (full 0):
 garbage-first heap   total 137216K, used 111495K [0x0000000080000000, 0x0000000100000000)
  region size 1024K, 33 young (33792K), 1 survivors (1024K)
 Metaspace       used 88162K, committed 88768K, reserved 1179648K
  class space    used 12410K, committed 12672K, reserved 1048576K
}
Event: 8.843 GC heap after
{Heap after GC invocations=42 (full 0):
 garbage-first heap   total 137216K, used 79449K [0x0000000080000000, 0x0000000100000000)
  region size 1024K, 2 young (2048K), 2 survivors (2048K)
 Metaspace       used 88162K, committed 88768K, reserved 1179648K
  class space    used 12410K, committed 12672K, reserved 1048576K
}
Event: 9.048 GC heap before
{Heap before GC invocations=43 (full 0):
 garbage-first heap   total 142336K, used 119385K [0x0000000080000000, 0x0000000100000000)
  region size 1024K, 34 young (34816K), 2 survivors (2048K)
 Metaspace       used 89273K, committed 89984K, reserved 1179648K
  class space    used 12549K, committed 12864K, reserved 1048576K
}
Event: 9.055 GC heap after
{Heap after GC invocations=44 (full 0):
 garbage-first heap   total 171008K, used 96681K [0x0000000080000000, 0x0000000100000000)
  region size 1024K, 5 young (5120K), 5 survivors (5120K)
 Metaspace       used 89273K, committed 89984K, reserved 1179648K
  class space    used 12549K, committed 12864K, reserved 1048576K
}
Event: 9.069 GC heap before
{Heap before GC invocations=44 (full 0):
 garbage-first heap   total 171008K, used 99753K [0x0000000080000000, 0x0000000100000000)
  region size 1024K, 8 young (8192K), 5 survivors (5120K)
 Metaspace       used 89276K, committed 89984K, reserved 1179648K
  class space    used 12550K, committed 12864K, reserved 1048576K
}
Event: 9.073 GC heap after
{Heap after GC invocations=45 (full 0):
 garbage-first heap   total 171008K, used 97280K [0x0000000080000000, 0x0000000100000000)
  region size 1024K, 1 young (1024K), 1 survivors (1024K)
 Metaspace       used 89276K, committed 89984K, reserved 1179648K
  class space    used 12550K, committed 12864K, reserved 1048576K
}
Event: 9.212 GC heap before
{Heap before GC invocations=45 (full 0):
 garbage-first heap   total 171008K, used 136192K [0x0000000080000000, 0x0000000100000000)
  region size 1024K, 39 young (39936K), 1 survivors (1024K)
 Metaspace       used 89279K, committed 89984K, reserved 1179648K
  class space    used 12550K, committed 12864K, reserved 1048576K
}
Event: 9.219 GC heap after
{Heap after GC invocations=46 (full 0):
 garbage-first heap   total 171008K, used 101517K [0x0000000080000000, 0x0000000100000000)
  region size 1024K, 5 young (5120K), 5 survivors (5120K)
 Metaspace       used 89279K, committed 89984K, reserved 1179648K
  class space    used 12550K, committed 12864K, reserved 1048576K
}
Event: 9.394 GC heap before
{Heap before GC invocations=47 (full 0):
 garbage-first heap   total 194560K, used 133261K [0x0000000080000000, 0x0000000100000000)
  region size 1024K, 36 young (36864K), 5 survivors (5120K)
 Metaspace       used 90008K, committed 90624K, reserved 1179648K
  class space    used 12639K, committed 12928K, reserved 1048576K
}
Event: 9.401 GC heap after
{Heap after GC invocations=48 (full 0):
 garbage-first heap   total 194560K, used 109321K [0x0000000080000000, 0x0000000100000000)
  region size 1024K, 5 young (5120K), 5 survivors (5120K)
 Metaspace       used 90008K, committed 90624K, reserved 1179648K
  class space    used 12639K, committed 12928K, reserved 1048576K
}
Event: 9.434 GC heap before
{Heap before GC invocations=48 (full 0):
 garbage-first heap   total 194560K, used 112393K [0x0000000080000000, 0x0000000100000000)
  region size 1024K, 9 young (9216K), 5 survivors (5120K)
 Metaspace       used 90519K, committed 91136K, reserved 1179648K
  class space    used 12710K, committed 12992K, reserved 1048576K
}
Event: 9.436 GC heap after
{Heap after GC invocations=49 (full 0):
 garbage-first heap   total 194560K, used 109903K [0x0000000080000000, 0x0000000100000000)
  region size 1024K, 1 young (1024K), 1 survivors (1024K)
 Metaspace       used 90519K, committed 91136K, reserved 1179648K
  class space    used 12710K, committed 12992K, reserved 1048576K
}
Event: 9.750 GC heap before
{Heap before GC invocations=49 (full 0):
 garbage-first heap   total 194560K, used 157007K [0x0000000080000000, 0x0000000100000000)
  region size 1024K, 40 young (40960K), 1 survivors (1024K)
 Metaspace       used 94286K, committed 94848K, reserved 1179648K
  class space    used 13109K, committed 13376K, reserved 1048576K
}
Event: 9.753 GC heap after
{Heap after GC invocations=50 (full 0):
 garbage-first heap   total 389120K, used 119909K [0x0000000080000000, 0x0000000100000000)
  region size 1024K, 4 young (4096K), 4 survivors (4096K)
 Metaspace       used 94286K, committed 94848K, reserved 1179648K
  class space    used 13109K, committed 13376K, reserved 1048576K
}

