# JRE version: OpenJDK Runtime Environment (17.0.10) (build 17.0.10+0--11572160)
# Java VM: OpenJDK 64-Bit Server VM (17.0.10+0--11572160, mixed mode, tiered, compressed oops, compressed class ptrs, g1 gc, windows-amd64)
GC Precious Log:
 CPUs: 16 total, 16 available
 Memory: 14188M
 Large Page Support: Disabled
 NUMA Support: Disabled
 Compressed Oops: Enabled (32-bit)
 Heap Region Size: 1M
 Heap Min Capacity: 8M
 Heap Initial Capacity: 222M
 Heap Max Capacity: 2G
 Pre-touch: Disabled
 Parallel Workers: 13
 Concurrent Workers: 3
 Concurrent Refinement Workers: 13
 Periodic GC: Disabled
Heap:
 garbage-first heap   total 314368K, used 253514K [0x0000000080000000, 0x0000000100000000)
  region size 1024K, 2 young (2048K), 2 survivors (2048K)
 Metaspace       used 122718K, committed 123840K, reserved 1179648K
  class space    used 16416K, committed 16960K, reserved 1048576K
GC Heap History (20 events):
Event: 1868.702 GC heap after
{Heap after GC invocations=87 (full 0):
 garbage-first heap   total 234496K, used 195204K [0x0000000080000000, 0x0000000100000000)
  region size 1024K, 2 young (2048K), 2 survivors (2048K)
 Metaspace       used 116242K, committed 117248K, reserved 1179648K
  class space    used 15767K, committed 16256K, reserved 1048576K
}
Event: 1868.817 GC heap before
{Heap before GC invocations=87 (full 0):
 garbage-first heap   total 234496K, used 203396K [0x0000000080000000, 0x0000000100000000)
  region size 1024K, 11 young (11264K), 2 survivors (2048K)
 Metaspace       used 117536K, committed 118592K, reserved 1179648K
  class space    used 15909K, committed 16448K, reserved 1048576K
}
Event: 1868.819 GC heap after
{Heap after GC invocations=88 (full 0):
 garbage-first heap   total 314368K, used 195549K [0x0000000080000000, 0x0000000100000000)
  region size 1024K, 1 young (1024K), 1 survivors (1024K)
 Metaspace       used 117536K, committed 118592K, reserved 1179648K
  class space    used 15909K, committed 16448K, reserved 1048576K
}
Event: 1869.512 GC heap before
{Heap before GC invocations=88 (full 0):
 garbage-first heap   total 314368K, used 263133K [0x0000000080000000, 0x0000000100000000)
  region size 1024K, 59 young (60416K), 1 survivors (1024K)
 Metaspace       used 118020K, committed 119104K, reserved 1179648K
  class space    used 15909K, committed 16448K, reserved 1048576K
}
Event: 1869.518 GC heap after
{Heap after GC invocations=89 (full 0):
 garbage-first heap   total 314368K, used 212775K [0x0000000080000000, 0x0000000100000000)
  region size 1024K, 8 young (8192K), 8 survivors (8192K)
 Metaspace       used 118020K, committed 119104K, reserved 1179648K
  class space    used 15909K, committed 16448K, reserved 1048576K
}
Event: 1869.945 GC heap before
{Heap before GC invocations=89 (full 0):
 garbage-first heap   total 314368K, used 256807K [0x0000000080000000, 0x0000000100000000)
  region size 1024K, 51 young (52224K), 8 survivors (8192K)
 Metaspace       used 118338K, committed 119424K, reserved 1179648K
  class space    used 15946K, committed 16448K, reserved 1048576K
}
Event: 1869.952 GC heap after
{Heap after GC invocations=90 (full 0):
 garbage-first heap   total 314368K, used 226304K [0x0000000080000000, 0x0000000100000000)
  region size 1024K, 7 young (7168K), 7 survivors (7168K)
 Metaspace       used 118338K, committed 119424K, reserved 1179648K
  class space    used 15946K, committed 16448K, reserved 1048576K
}
Event: 1870.418 GC heap before
{Heap before GC invocations=90 (full 0):
 garbage-first heap   total 314368K, used 267264K [0x0000000080000000, 0x0000000100000000)
  region size 1024K, 40 young (40960K), 7 survivors (7168K)
 Metaspace       used 119814K, committed 120896K, reserved 1179648K
  class space    used 16124K, committed 16640K, reserved 1048576K
}
Event: 1870.424 GC heap after
{Heap after GC invocations=91 (full 0):
 garbage-first heap   total 314368K, used 232990K [0x0000000080000000, 0x0000000100000000)
  region size 1024K, 5 young (5120K), 5 survivors (5120K)
 Metaspace       used 119814K, committed 120896K, reserved 1179648K
  class space    used 16124K, committed 16640K, reserved 1048576K
}
Event: 1870.809 GC heap before
{Heap before GC invocations=91 (full 0):
 garbage-first heap   total 314368K, used 263710K [0x0000000080000000, 0x0000000100000000)
  region size 1024K, 35 young (35840K), 5 survivors (5120K)
 Metaspace       used 121049K, committed 122112K, reserved 1179648K
  class space    used 16256K, committed 16768K, reserved 1048576K
}
Event: 1870.815 GC heap after
{Heap after GC invocations=92 (full 0):
 garbage-first heap   total 314368K, used 235093K [0x0000000080000000, 0x0000000100000000)
  region size 1024K, 2 young (2048K), 2 survivors (2048K)
 Metaspace       used 121049K, committed 122112K, reserved 1179648K
  class space    used 16256K, committed 16768K, reserved 1048576K
}
Event: 1870.950 GC heap before
{Heap before GC invocations=92 (full 0):
 garbage-first heap   total 314368K, used 261717K [0x0000000080000000, 0x0000000100000000)
  region size 1024K, 11 young (11264K), 2 survivors (2048K)
 Metaspace       used 121057K, committed 122112K, reserved 1179648K
  class space    used 16256K, committed 16768K, reserved 1048576K
}
Event: 1870.954 GC heap after
{Heap after GC invocations=93 (full 0):
 garbage-first heap   total 314368K, used 249012K [0x0000000080000000, 0x0000000100000000)
  region size 1024K, 4 young (4096K), 4 survivors (4096K)
 Metaspace       used 121057K, committed 122112K, reserved 1179648K
  class space    used 16256K, committed 16768K, reserved 1048576K
}
Event: 1871.048 GC heap before
{Heap before GC invocations=93 (full 0):
 garbage-first heap   total 314368K, used 272564K [0x0000000080000000, 0x0000000100000000)
  region size 1024K, 18 young (18432K), 4 survivors (4096K)
 Metaspace       used 121417K, committed 122496K, reserved 1179648K
  class space    used 16300K, committed 16832K, reserved 1048576K
}
Event: 1871.052 GC heap after
{Heap after GC invocations=94 (full 0):
 garbage-first heap   total 314368K, used 243873K [0x0000000080000000, 0x0000000100000000)
  region size 1024K, 3 young (3072K), 3 survivors (3072K)
 Metaspace       used 121417K, committed 122496K, reserved 1179648K
  class space    used 16300K, committed 16832K, reserved 1048576K
}
Event: 1871.079 GC heap before
{Heap before GC invocations=94 (full 0):
 garbage-first heap   total 314368K, used 261281K [0x0000000080000000, 0x0000000100000000)
  region size 1024K, 21 young (21504K), 3 survivors (3072K)
 Metaspace       used 121494K, committed 122560K, reserved 1179648K
  class space    used 16311K, committed 16832K, reserved 1048576K
}
Event: 1871.082 GC heap after
{Heap after GC invocations=95 (full 0):
 garbage-first heap   total 314368K, used 247642K [0x0000000080000000, 0x0000000100000000)
  region size 1024K, 3 young (3072K), 3 survivors (3072K)
 Metaspace       used 121494K, committed 122560K, reserved 1179648K
  class space    used 16311K, committed 16832K, reserved 1048576K
}
Event: 1871.109 GC heap before
{Heap before GC invocations=95 (full 0):
 garbage-first heap   total 314368K, used 264026K [0x0000000080000000, 0x0000000100000000)
  region size 1024K, 20 young (20480K), 3 survivors (3072K)
 Metaspace       used 121685K, committed 122816K, reserved 1179648K
  class space    used 16324K, committed 16896K, reserved 1048576K
}
Event: 1871.113 GC heap after
{Heap after GC invocations=96 (full 0):
 garbage-first heap   total 314368K, used 251356K [0x0000000080000000, 0x0000000100000000)
  region size 1024K, 3 young (3072K), 3 survivors (3072K)
 Metaspace       used 121685K, committed 122816K, reserved 1179648K
  class space    used 16324K, committed 16896K, reserved 1048576K
}
Event: 1871.223 GC heap before
{Heap before GC invocations=96 (full 0):
 garbage-first heap   total 314368K, used 266716K [0x0000000080000000, 0x0000000100000000)
  region size 1024K, 19 young (19456K), 3 survivors (3072K)
 Metaspace       used 122718K, committed 123840K, reserved 1179648K
  class space    used 16416K, committed 16960K, reserved 1048576K
}

