# JRE version: OpenJDK Runtime Environment (17.0.10) (build 17.0.10+0--11572160)
# Java VM: OpenJDK 64-Bit Server VM (17.0.10+0--11572160, mixed mode, tiered, compressed oops, compressed class ptrs, g1 gc, windows-amd64)
GC Precious Log:
 CPUs: 16 total, 16 available
 Memory: 14188M
 Large Page Support: Disabled
 NUMA Support: Disabled
 Compressed Oops: Enabled (32-bit)
 Heap Region Size: 1M
 Heap Min Capacity: 8M
 Heap Initial Capacity: 222M
 Heap Max Capacity: 2G
 Pre-touch: Disabled
 Parallel Workers: 13
 Concurrent Workers: 3
 Concurrent Refinement Workers: 13
 Periodic GC: Disabled
Heap:
 garbage-first heap   total 323584K, used 176702K [0x0000000080000000, 0x0000000100000000)
  region size 1024K, 38 young (38912K), 16 survivors (16384K)
 Metaspace       used 130451K, committed 131392K, reserved 1179648K
  class space    used 18047K, committed 18496K, reserved 1048576K
GC Heap History (20 events):
Event: 15.443 GC heap before
{Heap before GC invocations=39 (full 0):
 garbage-first heap   total 269312K, used 193404K [0x0000000080000000, 0x0000000100000000)
  region size 1024K, 61 young (62464K), 4 survivors (4096K)
 Metaspace       used 114522K, committed 115328K, reserved 1179648K
  class space    used 15547K, committed 15936K, reserved 1048576K
}
Event: 15.447 GC heap after
{Heap after GC invocations=40 (full 0):
 garbage-first heap   total 269312K, used 139670K [0x0000000080000000, 0x0000000100000000)
  region size 1024K, 9 young (9216K), 9 survivors (9216K)
 Metaspace       used 114522K, committed 115328K, reserved 1179648K
  class space    used 15547K, committed 15936K, reserved 1048576K
}
Event: 17.872 GC heap before
{Heap before GC invocations=41 (full 0):
 garbage-first heap   total 269312K, used 203290K [0x0000000080000000, 0x0000000100000000)
  region size 1024K, 80 young (81920K), 9 survivors (9216K)
 Metaspace       used 115660K, committed 116544K, reserved 1179648K
  class space    used 15647K, committed 16064K, reserved 1048576K
}
Event: 17.876 GC heap after
{Heap after GC invocations=42 (full 0):
 garbage-first heap   total 269312K, used 127423K [0x0000000080000000, 0x0000000100000000)
  region size 1024K, 2 young (2048K), 2 survivors (2048K)
 Metaspace       used 115660K, committed 116544K, reserved 1179648K
  class space    used 15647K, committed 16064K, reserved 1048576K
}
Event: 17.911 GC heap before
{Heap before GC invocations=42 (full 0):
 garbage-first heap   total 269312K, used 137663K [0x0000000080000000, 0x0000000100000000)
  region size 1024K, 13 young (13312K), 2 survivors (2048K)
 Metaspace       used 115661K, committed 116544K, reserved 1179648K
  class space    used 15647K, committed 16064K, reserved 1048576K
}
Event: 17.913 GC heap after
{Heap after GC invocations=43 (full 0):
 garbage-first heap   total 269312K, used 100914K [0x0000000080000000, 0x0000000100000000)
  region size 1024K, 2 young (2048K), 2 survivors (2048K)
 Metaspace       used 115661K, committed 116544K, reserved 1179648K
  class space    used 15647K, committed 16064K, reserved 1048576K
}
Event: 17.944 GC heap before
{Heap before GC invocations=43 (full 0):
 garbage-first heap   total 269312K, used 111154K [0x0000000080000000, 0x0000000100000000)
  region size 1024K, 13 young (13312K), 2 survivors (2048K)
 Metaspace       used 115661K, committed 116544K, reserved 1179648K
  class space    used 15647K, committed 16064K, reserved 1048576K
}
Event: 17.947 GC heap after
{Heap after GC invocations=44 (full 0):
 garbage-first heap   total 323584K, used 97093K [0x0000000080000000, 0x0000000100000000)
  region size 1024K, 1 young (1024K), 1 survivors (1024K)
 Metaspace       used 115661K, committed 116544K, reserved 1179648K
  class space    used 15647K, committed 16064K, reserved 1048576K
}
Event: 19.104 GC heap before
{Heap before GC invocations=44 (full 0):
 garbage-first heap   total 323584K, used 236357K [0x0000000080000000, 0x0000000100000000)
  region size 1024K, 138 young (141312K), 1 survivors (1024K)
 Metaspace       used 118300K, committed 119168K, reserved 1179648K
  class space    used 15964K, committed 16384K, reserved 1048576K
}
Event: 19.110 GC heap after
{Heap after GC invocations=45 (full 0):
 garbage-first heap   total 323584K, used 106207K [0x0000000080000000, 0x0000000100000000)
  region size 1024K, 10 young (10240K), 10 survivors (10240K)
 Metaspace       used 118300K, committed 119168K, reserved 1179648K
  class space    used 15964K, committed 16384K, reserved 1048576K
}
Event: 19.489 GC heap before
{Heap before GC invocations=46 (full 0):
 garbage-first heap   total 323584K, used 243423K [0x0000000080000000, 0x0000000100000000)
  region size 1024K, 145 young (148480K), 10 survivors (10240K)
 Metaspace       used 119063K, committed 119872K, reserved 1179648K
  class space    used 16047K, committed 16448K, reserved 1048576K
}
Event: 19.494 GC heap after
{Heap after GC invocations=47 (full 0):
 garbage-first heap   total 323584K, used 108835K [0x0000000080000000, 0x0000000100000000)
  region size 1024K, 12 young (12288K), 12 survivors (12288K)
 Metaspace       used 119063K, committed 119872K, reserved 1179648K
  class space    used 16047K, committed 16448K, reserved 1048576K
}
Event: 19.498 GC heap before
{Heap before GC invocations=47 (full 0):
 garbage-first heap   total 323584K, used 110883K [0x0000000080000000, 0x0000000100000000)
  region size 1024K, 15 young (15360K), 12 survivors (12288K)
 Metaspace       used 119064K, committed 119872K, reserved 1179648K
  class space    used 16047K, committed 16448K, reserved 1048576K
}
Event: 19.503 GC heap after
{Heap after GC invocations=48 (full 0):
 garbage-first heap   total 323584K, used 106317K [0x0000000080000000, 0x0000000100000000)
  region size 1024K, 2 young (2048K), 2 survivors (2048K)
 Metaspace       used 119064K, committed 119872K, reserved 1179648K
  class space    used 16047K, committed 16448K, reserved 1048576K
}
Event: 19.964 GC heap before
{Heap before GC invocations=48 (full 0):
 garbage-first heap   total 323584K, used 247629K [0x0000000080000000, 0x0000000100000000)
  region size 1024K, 141 young (144384K), 2 survivors (2048K)
 Metaspace       used 120185K, committed 121024K, reserved 1179648K
  class space    used 16237K, committed 16640K, reserved 1048576K
}
Event: 19.968 GC heap after
{Heap after GC invocations=49 (full 0):
 garbage-first heap   total 323584K, used 118350K [0x0000000080000000, 0x0000000100000000)
  region size 1024K, 14 young (14336K), 14 survivors (14336K)
 Metaspace       used 120185K, committed 121024K, reserved 1179648K
  class space    used 16237K, committed 16640K, reserved 1048576K
}
Event: 20.720 GC heap before
{Heap before GC invocations=49 (full 0):
 garbage-first heap   total 323584K, used 249422K [0x0000000080000000, 0x0000000100000000)
  region size 1024K, 143 young (146432K), 14 survivors (14336K)
 Metaspace       used 126525K, committed 127488K, reserved 1179648K
  class space    used 17374K, committed 17856K, reserved 1048576K
}
Event: 20.733 GC heap after
{Heap after GC invocations=50 (full 0):
 garbage-first heap   total 323584K, used 138801K [0x0000000080000000, 0x0000000100000000)
  region size 1024K, 18 young (18432K), 18 survivors (18432K)
 Metaspace       used 126525K, committed 127488K, reserved 1179648K
  class space    used 17374K, committed 17856K, reserved 1048576K
}
Event: 21.105 GC heap before
{Heap before GC invocations=50 (full 0):
 garbage-first heap   total 323584K, used 250417K [0x0000000080000000, 0x0000000100000000)
  region size 1024K, 128 young (131072K), 18 survivors (18432K)
 Metaspace       used 129743K, committed 130688K, reserved 1179648K
  class space    used 17901K, committed 18368K, reserved 1048576K
}
Event: 21.121 GC heap after
{Heap after GC invocations=51 (full 0):
 garbage-first heap   total 323584K, used 156222K [0x0000000080000000, 0x0000000100000000)
  region size 1024K, 16 young (16384K), 16 survivors (16384K)
 Metaspace       used 129743K, committed 130688K, reserved 1179648K
  class space    used 17901K, committed 18368K, reserved 1048576K
}

