# JRE version: OpenJDK Runtime Environment (17.0.10) (build 17.0.10+0--11572160)
# Java VM: OpenJDK 64-Bit Server VM (17.0.10+0--11572160, mixed mode, tiered, compressed oops, compressed class ptrs, g1 gc, windows-amd64)
GC Precious Log:
 CPUs: 16 total, 16 available
 Memory: 14188M
 Large Page Support: Disabled
 NUMA Support: Disabled
 Compressed Oops: Enabled (32-bit)
 Heap Region Size: 1M
 Heap Min Capacity: 8M
 Heap Initial Capacity: 222M
 Heap Max Capacity: 2G
 Pre-touch: Disabled
 Parallel Workers: 13
 Concurrent Workers: 3
 Concurrent Refinement Workers: 13
 Periodic GC: Disabled
Heap:
 garbage-first heap   total 165888K, used 109054K [0x0000000080000000, 0x0000000100000000)
  region size 1024K, 22 young (22528K), 1 survivors (1024K)
 Metaspace       used 97756K, committed 98496K, reserved 1179648K
  class space    used 13630K, committed 14016K, reserved 1048576K
GC Heap History (20 events):
Event: 6.107 GC heap before
{Heap before GC invocations=15 (full 0):
 garbage-first heap   total 165888K, used 73722K [0x0000000080000000, 0x0000000100000000)
  region size 1024K, 35 young (35840K), 12 survivors (12288K)
 Metaspace       used 59860K, committed 60416K, reserved 1114112K
  class space    used 8292K, committed 8576K, reserved 1048576K
}
Event: 6.111 GC heap after
{Heap after GC invocations=16 (full 0):
 garbage-first heap   total 165888K, used 53294K [0x0000000080000000, 0x0000000100000000)
  region size 1024K, 3 young (3072K), 3 survivors (3072K)
 Metaspace       used 59860K, committed 60416K, reserved 1114112K
  class space    used 8292K, committed 8576K, reserved 1048576K
}
Event: 6.740 GC heap before
{Heap before GC invocations=17 (full 0):
 garbage-first heap   total 165888K, used 132142K [0x0000000080000000, 0x0000000100000000)
  region size 1024K, 76 young (77824K), 3 survivors (3072K)
 Metaspace       used 67060K, committed 67648K, reserved 1114112K
  class space    used 9208K, committed 9536K, reserved 1048576K
}
Event: 6.744 GC heap after
{Heap after GC invocations=18 (full 0):
 garbage-first heap   total 165888K, used 62908K [0x0000000080000000, 0x0000000100000000)
  region size 1024K, 9 young (9216K), 9 survivors (9216K)
 Metaspace       used 67060K, committed 67648K, reserved 1114112K
  class space    used 9208K, committed 9536K, reserved 1048576K
}
Event: 7.333 GC heap before
{Heap before GC invocations=18 (full 0):
 garbage-first heap   total 165888K, used 129468K [0x0000000080000000, 0x0000000100000000)
  region size 1024K, 73 young (74752K), 9 survivors (9216K)
 Metaspace       used 72136K, committed 72704K, reserved 1114112K
  class space    used 9901K, committed 10176K, reserved 1048576K
}
Event: 7.336 GC heap after
{Heap after GC invocations=19 (full 0):
 garbage-first heap   total 165888K, used 62157K [0x0000000080000000, 0x0000000100000000)
  region size 1024K, 4 young (4096K), 4 survivors (4096K)
 Metaspace       used 72136K, committed 72704K, reserved 1114112K
  class space    used 9901K, committed 10176K, reserved 1048576K
}
Event: 7.834 GC heap before
{Heap before GC invocations=19 (full 0):
 garbage-first heap   total 165888K, used 129741K [0x0000000080000000, 0x0000000100000000)
  region size 1024K, 70 young (71680K), 4 survivors (4096K)
 Metaspace       used 77195K, committed 77824K, reserved 1179648K
  class space    used 10584K, committed 10880K, reserved 1048576K
}
Event: 7.838 GC heap after
{Heap after GC invocations=20 (full 0):
 garbage-first heap   total 165888K, used 66448K [0x0000000080000000, 0x0000000100000000)
  region size 1024K, 8 young (8192K), 8 survivors (8192K)
 Metaspace       used 77195K, committed 77824K, reserved 1179648K
  class space    used 10584K, committed 10880K, reserved 1048576K
}
Event: 8.397 GC heap before
{Heap before GC invocations=20 (full 0):
 garbage-first heap   total 165888K, used 131984K [0x0000000080000000, 0x0000000100000000)
  region size 1024K, 71 young (72704K), 8 survivors (8192K)
 Metaspace       used 81722K, committed 82304K, reserved 1179648K
  class space    used 11422K, committed 11712K, reserved 1048576K
}
Event: 8.401 GC heap after
{Heap after GC invocations=21 (full 0):
 garbage-first heap   total 165888K, used 68849K [0x0000000080000000, 0x0000000100000000)
  region size 1024K, 3 young (3072K), 3 survivors (3072K)
 Metaspace       used 81722K, committed 82304K, reserved 1179648K
  class space    used 11422K, committed 11712K, reserved 1048576K
}
Event: 9.023 GC heap before
{Heap before GC invocations=21 (full 0):
 garbage-first heap   total 165888K, used 133361K [0x0000000080000000, 0x0000000100000000)
  region size 1024K, 66 young (67584K), 3 survivors (3072K)
 Metaspace       used 86607K, committed 87296K, reserved 1179648K
  class space    used 12088K, committed 12416K, reserved 1048576K
}
Event: 9.026 GC heap after
{Heap after GC invocations=22 (full 0):
 garbage-first heap   total 165888K, used 72067K [0x0000000080000000, 0x0000000100000000)
  region size 1024K, 6 young (6144K), 6 survivors (6144K)
 Metaspace       used 86607K, committed 87296K, reserved 1179648K
  class space    used 12088K, committed 12416K, reserved 1048576K
}
Event: 9.585 GC heap before
{Heap before GC invocations=22 (full 0):
 garbage-first heap   total 165888K, used 134531K [0x0000000080000000, 0x0000000100000000)
  region size 1024K, 67 young (68608K), 6 survivors (6144K)
 Metaspace       used 91872K, committed 92544K, reserved 1179648K
  class space    used 12851K, committed 13184K, reserved 1048576K
}
Event: 9.589 GC heap after
{Heap after GC invocations=23 (full 0):
 garbage-first heap   total 165888K, used 75613K [0x0000000080000000, 0x0000000100000000)
  region size 1024K, 8 young (8192K), 8 survivors (8192K)
 Metaspace       used 91872K, committed 92544K, reserved 1179648K
  class space    used 12851K, committed 13184K, reserved 1048576K
}
Event: 10.052 GC heap before
{Heap before GC invocations=23 (full 0):
 garbage-first heap   total 165888K, used 133981K [0x0000000080000000, 0x0000000100000000)
  region size 1024K, 66 young (67584K), 8 survivors (8192K)
 Metaspace       used 94590K, committed 95296K, reserved 1179648K
  class space    used 13315K, committed 13632K, reserved 1048576K
}
Event: 10.060 GC heap after
{Heap after GC invocations=24 (full 0):
 garbage-first heap   total 165888K, used 81682K [0x0000000080000000, 0x0000000100000000)
  region size 1024K, 9 young (9216K), 9 survivors (9216K)
 Metaspace       used 94590K, committed 95296K, reserved 1179648K
  class space    used 13315K, committed 13632K, reserved 1048576K
}
Event: 10.405 GC heap before
{Heap before GC invocations=24 (full 0):
 garbage-first heap   total 165888K, used 133906K [0x0000000080000000, 0x0000000100000000)
  region size 1024K, 61 young (62464K), 9 survivors (9216K)
 Metaspace       used 95366K, committed 96128K, reserved 1179648K
  class space    used 13448K, committed 13824K, reserved 1048576K
}
Event: 10.410 GC heap after
{Heap after GC invocations=25 (full 0):
 garbage-first heap   total 165888K, used 84725K [0x0000000080000000, 0x0000000100000000)
  region size 1024K, 6 young (6144K), 6 survivors (6144K)
 Metaspace       used 95366K, committed 96128K, reserved 1179648K
  class space    used 13448K, committed 13824K, reserved 1048576K
}
Event: 10.411 GC heap before
{Heap before GC invocations=25 (full 0):
 garbage-first heap   total 165888K, used 84725K [0x0000000080000000, 0x0000000100000000)
  region size 1024K, 7 young (7168K), 6 survivors (6144K)
 Metaspace       used 95366K, committed 96128K, reserved 1179648K
  class space    used 13448K, committed 13824K, reserved 1048576K
}
Event: 10.413 GC heap after
{Heap after GC invocations=26 (full 0):
 garbage-first heap   total 165888K, used 84478K [0x0000000080000000, 0x0000000100000000)
  region size 1024K, 1 young (1024K), 1 survivors (1024K)
 Metaspace       used 95366K, committed 96128K, reserved 1179648K
  class space    used 13448K, committed 13824K, reserved 1048576K
}

