# JRE version: OpenJDK Runtime Environment (17.0.10) (build 17.0.10+0--11572160)
# Java VM: OpenJDK 64-Bit Server VM (17.0.10+0--11572160, mixed mode, tiered, compressed oops, compressed class ptrs, g1 gc, windows-amd64)
GC Precious Log:
 CPUs: 16 total, 16 available
 Memory: 14188M
 Large Page Support: Disabled
 NUMA Support: Disabled
 Compressed Oops: Enabled (32-bit)
 Heap Region Size: 1M
 Heap Min Capacity: 8M
 Heap Initial Capacity: 222M
 Heap Max Capacity: 2G
 Pre-touch: Disabled
 Parallel Workers: 13
 Concurrent Workers: 3
 Concurrent Refinement Workers: 13
 Periodic GC: Disabled
Heap:
 garbage-first heap   total 229376K, used 159902K [0x0000000080000000, 0x0000000100000000)
  region size 1024K, 3 young (3072K), 3 survivors (3072K)
 Metaspace       used 107891K, committed 108672K, reserved 1179648K
  class space    used 14690K, committed 15040K, reserved 1048576K
GC Heap History (20 events):
Event: 16.907 GC heap after
{Heap after GC invocations=36 (full 0):
 garbage-first heap   total 219136K, used 91570K [0x0000000080000000, 0x0000000100000000)
  region size 1024K, 13 young (13312K), 13 survivors (13312K)
 Metaspace       used 97455K, committed 98176K, reserved 1179648K
  class space    used 13668K, committed 14016K, reserved 1048576K
}
Event: 17.704 GC heap before
{Heap before GC invocations=36 (full 0):
 garbage-first heap   total 219136K, used 180658K [0x0000000080000000, 0x0000000100000000)
  region size 1024K, 96 young (98304K), 13 survivors (13312K)
 Metaspace       used 100894K, committed 101632K, reserved 1179648K
  class space    used 14020K, committed 14400K, reserved 1048576K
}
Event: 17.711 GC heap after
{Heap after GC invocations=37 (full 0):
 garbage-first heap   total 219136K, used 95075K [0x0000000080000000, 0x0000000100000000)
  region size 1024K, 6 young (6144K), 6 survivors (6144K)
 Metaspace       used 100894K, committed 101632K, reserved 1179648K
  class space    used 14020K, committed 14400K, reserved 1048576K
}
Event: 18.526 GC heap before
{Heap before GC invocations=37 (full 0):
 garbage-first heap   total 219136K, used 186211K [0x0000000080000000, 0x0000000100000000)
  region size 1024K, 87 young (89088K), 6 survivors (6144K)
 Metaspace       used 101391K, committed 102144K, reserved 1179648K
  class space    used 14020K, committed 14400K, reserved 1048576K
}
Event: 18.539 GC heap after
{Heap after GC invocations=38 (full 0):
 garbage-first heap   total 221184K, used 124817K [0x0000000080000000, 0x0000000100000000)
  region size 1024K, 11 young (11264K), 11 survivors (11264K)
 Metaspace       used 101391K, committed 102144K, reserved 1179648K
  class space    used 14020K, committed 14400K, reserved 1048576K
}
Event: 19.185 GC heap before
{Heap before GC invocations=38 (full 0):
 garbage-first heap   total 221184K, used 174993K [0x0000000080000000, 0x0000000100000000)
  region size 1024K, 53 young (54272K), 11 survivors (11264K)
 Metaspace       used 102001K, committed 102784K, reserved 1179648K
  class space    used 14077K, committed 14464K, reserved 1048576K
}
Event: 19.194 GC heap after
{Heap after GC invocations=39 (full 0):
 garbage-first heap   total 221184K, used 132389K [0x0000000080000000, 0x0000000100000000)
  region size 1024K, 6 young (6144K), 6 survivors (6144K)
 Metaspace       used 102001K, committed 102784K, reserved 1179648K
  class space    used 14077K, committed 14464K, reserved 1048576K
}
Event: 19.731 GC heap before
{Heap before GC invocations=39 (full 0):
 garbage-first heap   total 221184K, used 172325K [0x0000000080000000, 0x0000000100000000)
  region size 1024K, 45 young (46080K), 6 survivors (6144K)
 Metaspace       used 103970K, committed 104768K, reserved 1179648K
  class space    used 14326K, committed 14720K, reserved 1048576K
}
Event: 19.738 GC heap after
{Heap after GC invocations=40 (full 0):
 garbage-first heap   total 221184K, used 139462K [0x0000000080000000, 0x0000000100000000)
  region size 1024K, 6 young (6144K), 6 survivors (6144K)
 Metaspace       used 103970K, committed 104768K, reserved 1179648K
  class space    used 14326K, committed 14720K, reserved 1048576K
}
Event: 19.818 GC heap before
{Heap before GC invocations=40 (full 0):
 garbage-first heap   total 221184K, used 165062K [0x0000000080000000, 0x0000000100000000)
  region size 1024K, 10 young (10240K), 6 survivors (6144K)
 Metaspace       used 103970K, committed 104768K, reserved 1179648K
  class space    used 14326K, committed 14720K, reserved 1048576K
}
Event: 19.823 GC heap after
{Heap after GC invocations=41 (full 0):
 garbage-first heap   total 221184K, used 146456K [0x0000000080000000, 0x0000000100000000)
  region size 1024K, 2 young (2048K), 2 survivors (2048K)
 Metaspace       used 103970K, committed 104768K, reserved 1179648K
  class space    used 14326K, committed 14720K, reserved 1048576K
}
Event: 19.960 GC heap before
{Heap before GC invocations=41 (full 0):
 garbage-first heap   total 221184K, used 181272K [0x0000000080000000, 0x0000000100000000)
  region size 1024K, 32 young (32768K), 2 survivors (2048K)
 Metaspace       used 104518K, committed 105344K, reserved 1179648K
  class space    used 14369K, committed 14784K, reserved 1048576K
}
Event: 19.963 GC heap after
{Heap after GC invocations=42 (full 0):
 garbage-first heap   total 221184K, used 146633K [0x0000000080000000, 0x0000000100000000)
  region size 1024K, 4 young (4096K), 4 survivors (4096K)
 Metaspace       used 104518K, committed 105344K, reserved 1179648K
  class space    used 14369K, committed 14784K, reserved 1048576K
}
Event: 20.069 GC heap before
{Heap before GC invocations=42 (full 0):
 garbage-first heap   total 221184K, used 177353K [0x0000000080000000, 0x0000000100000000)
  region size 1024K, 35 young (35840K), 4 survivors (4096K)
 Metaspace       used 105602K, committed 106368K, reserved 1179648K
  class space    used 14475K, committed 14848K, reserved 1048576K
}
Event: 20.073 GC heap after
{Heap after GC invocations=43 (full 0):
 garbage-first heap   total 221184K, used 152230K [0x0000000080000000, 0x0000000100000000)
  region size 1024K, 5 young (5120K), 5 survivors (5120K)
 Metaspace       used 105602K, committed 106368K, reserved 1179648K
  class space    used 14475K, committed 14848K, reserved 1048576K
}
Event: 20.226 GC heap before
{Heap before GC invocations=43 (full 0):
 garbage-first heap   total 221184K, used 179878K [0x0000000080000000, 0x0000000100000000)
  region size 1024K, 33 young (33792K), 5 survivors (5120K)
 Metaspace       used 107060K, committed 107840K, reserved 1179648K
  class space    used 14618K, committed 14976K, reserved 1048576K
}
Event: 20.231 GC heap after
{Heap after GC invocations=44 (full 0):
 garbage-first heap   total 221184K, used 156148K [0x0000000080000000, 0x0000000100000000)
  region size 1024K, 4 young (4096K), 4 survivors (4096K)
 Metaspace       used 107060K, committed 107840K, reserved 1179648K
  class space    used 14618K, committed 14976K, reserved 1048576K
}
Event: 20.320 GC heap before
{Heap before GC invocations=44 (full 0):
 garbage-first heap   total 221184K, used 181748K [0x0000000080000000, 0x0000000100000000)
  region size 1024K, 30 young (30720K), 4 survivors (4096K)
 Metaspace       used 107786K, committed 108544K, reserved 1179648K
  class space    used 14689K, committed 15040K, reserved 1048576K
}
Event: 20.324 GC heap after
{Heap after GC invocations=45 (full 0):
 garbage-first heap   total 221184K, used 158964K [0x0000000080000000, 0x0000000100000000)
  region size 1024K, 3 young (3072K), 3 survivors (3072K)
 Metaspace       used 107786K, committed 108544K, reserved 1179648K
  class space    used 14689K, committed 15040K, reserved 1048576K
}
Event: 20.375 GC heap before
{Heap before GC invocations=45 (full 0):
 garbage-first heap   total 221184K, used 184564K [0x0000000080000000, 0x0000000100000000)
  region size 1024K, 28 young (28672K), 3 survivors (3072K)
 Metaspace       used 107891K, committed 108672K, reserved 1179648K
  class space    used 14690K, committed 15040K, reserved 1048576K
}

