# JRE version: OpenJDK Runtime Environment (17.0.10) (build 17.0.10+0--11572160)
# Java VM: OpenJDK 64-Bit Server VM (17.0.10+0--11572160, mixed mode, tiered, compressed oops, compressed class ptrs, g1 gc, windows-amd64)
GC Precious Log:
 CPUs: 16 total, 16 available
 Memory: 14188M
 Large Page Support: Disabled
 NUMA Support: Disabled
 Compressed Oops: Enabled (32-bit)
 Heap Region Size: 1M
 Heap Min Capacity: 8M
 Heap Initial Capacity: 222M
 Heap Max Capacity: 2G
 Pre-touch: Disabled
 Parallel Workers: 13
 Concurrent Workers: 3
 Concurrent Refinement Workers: 13
 Periodic GC: Disabled
Heap:
 garbage-first heap   total 357376K, used 284508K [0x0000000080000000, 0x0000000100000000)
  region size 1024K, 3 young (3072K), 3 survivors (3072K)
 Metaspace       used 122889K, committed 123840K, reserved 1179648K
  class space    used 16494K, committed 16960K, reserved 1048576K
GC Heap History (20 events):
Event: 86.189 GC heap after
{Heap after GC invocations=51 (full 0):
 garbage-first heap   total 261120K, used 131198K [0x0000000080000000, 0x0000000100000000)
  region size 1024K, 3 young (3072K), 3 survivors (3072K)
 Metaspace       used 108742K, committed 109696K, reserved 1179648K
  class space    used 14895K, committed 15360K, reserved 1048576K
}
Event: 653.233 GC heap before
{Heap before GC invocations=51 (full 0):
 garbage-first heap   total 261120K, used 226430K [0x0000000080000000, 0x0000000100000000)
  region size 1024K, 78 young (79872K), 3 survivors (3072K)
 Metaspace       used 109146K, committed 110080K, reserved 1179648K
  class space    used 14926K, committed 15424K, reserved 1048576K
}
Event: 653.237 GC heap after
{Heap after GC invocations=52 (full 0):
 garbage-first heap   total 261120K, used 135484K [0x0000000080000000, 0x0000000100000000)
  region size 1024K, 7 young (7168K), 7 survivors (7168K)
 Metaspace       used 109146K, committed 110080K, reserved 1179648K
  class space    used 14926K, committed 15424K, reserved 1048576K
}
Event: 654.327 GC heap before
{Heap before GC invocations=52 (full 0):
 garbage-first heap   total 261120K, used 209212K [0x0000000080000000, 0x0000000100000000)
  region size 1024K, 80 young (81920K), 7 survivors (7168K)
 Metaspace       used 113238K, committed 114112K, reserved 1179648K
  class space    used 15492K, committed 15936K, reserved 1048576K
}
Event: 654.334 GC heap after
{Heap after GC invocations=53 (full 0):
 garbage-first heap   total 261120K, used 143879K [0x0000000080000000, 0x0000000100000000)
  region size 1024K, 9 young (9216K), 9 survivors (9216K)
 Metaspace       used 113238K, committed 114112K, reserved 1179648K
  class space    used 15492K, committed 15936K, reserved 1048576K
}
Event: 655.296 GC heap before
{Heap before GC invocations=53 (full 0):
 garbage-first heap   total 261120K, used 214535K [0x0000000080000000, 0x0000000100000000)
  region size 1024K, 75 young (76800K), 9 survivors (9216K)
 Metaspace       used 118984K, committed 119936K, reserved 1179648K
  class space    used 16052K, committed 16512K, reserved 1048576K
}
Event: 655.305 GC heap after
{Heap after GC invocations=54 (full 0):
 garbage-first heap   total 261120K, used 158337K [0x0000000080000000, 0x0000000100000000)
  region size 1024K, 10 young (10240K), 10 survivors (10240K)
 Metaspace       used 118984K, committed 119936K, reserved 1179648K
  class space    used 16052K, committed 16512K, reserved 1048576K
}
Event: 655.880 GC heap before
{Heap before GC invocations=54 (full 0):
 garbage-first heap   total 261120K, used 209537K [0x0000000080000000, 0x0000000100000000)
  region size 1024K, 60 young (61440K), 10 survivors (10240K)
 Metaspace       used 121062K, committed 121984K, reserved 1179648K
  class space    used 16294K, committed 16768K, reserved 1048576K
}
Event: 655.894 GC heap after
{Heap after GC invocations=55 (full 0):
 garbage-first heap   total 261120K, used 197563K [0x0000000080000000, 0x0000000100000000)
  region size 1024K, 8 young (8192K), 8 survivors (8192K)
 Metaspace       used 121062K, committed 121984K, reserved 1179648K
  class space    used 16294K, committed 16768K, reserved 1048576K
}
Event: 655.933 GC heap before
{Heap before GC invocations=55 (full 0):
 garbage-first heap   total 261120K, used 211899K [0x0000000080000000, 0x0000000100000000)
  region size 1024K, 22 young (22528K), 8 survivors (8192K)
 Metaspace       used 121062K, committed 121984K, reserved 1179648K
  class space    used 16294K, committed 16768K, reserved 1048576K
}
Event: 655.941 GC heap after
{Heap after GC invocations=56 (full 0):
 garbage-first heap   total 261120K, used 213968K [0x0000000080000000, 0x0000000100000000)
  region size 1024K, 3 young (3072K), 3 survivors (3072K)
 Metaspace       used 121062K, committed 121984K, reserved 1179648K
  class space    used 16294K, committed 16768K, reserved 1048576K
}
Event: 656.117 GC heap before
{Heap before GC invocations=57 (full 0):
 garbage-first heap   total 357376K, used 219088K [0x0000000080000000, 0x0000000100000000)
  region size 1024K, 12 young (12288K), 3 survivors (3072K)
 Metaspace       used 121660K, committed 122560K, reserved 1179648K
  class space    used 16367K, committed 16832K, reserved 1048576K
}
Event: 656.120 GC heap after
{Heap after GC invocations=58 (full 0):
 garbage-first heap   total 357376K, used 214149K [0x0000000080000000, 0x0000000100000000)
  region size 1024K, 2 young (2048K), 2 survivors (2048K)
 Metaspace       used 121660K, committed 122560K, reserved 1179648K
  class space    used 16367K, committed 16832K, reserved 1048576K
}
Event: 656.465 GC heap before
{Heap before GC invocations=58 (full 0):
 garbage-first heap   total 357376K, used 229509K [0x0000000080000000, 0x0000000100000000)
  region size 1024K, 17 young (17408K), 2 survivors (2048K)
 Metaspace       used 122828K, committed 123776K, reserved 1179648K
  class space    used 16494K, committed 16960K, reserved 1048576K
}
Event: 656.475 GC heap after
{Heap after GC invocations=59 (full 0):
 garbage-first heap   total 357376K, used 198837K [0x0000000080000000, 0x0000000100000000)
  region size 1024K, 3 young (3072K), 3 survivors (3072K)
 Metaspace       used 122828K, committed 123776K, reserved 1179648K
  class space    used 16494K, committed 16960K, reserved 1048576K
}
Event: 656.601 GC heap before
{Heap before GC invocations=59 (full 0):
 garbage-first heap   total 357376K, used 244917K [0x0000000080000000, 0x0000000100000000)
  region size 1024K, 48 young (49152K), 3 survivors (3072K)
 Metaspace       used 122828K, committed 123776K, reserved 1179648K
  class space    used 16494K, committed 16960K, reserved 1048576K
}
Event: 656.617 GC heap after
{Heap after GC invocations=60 (full 0):
 garbage-first heap   total 357376K, used 243590K [0x0000000080000000, 0x0000000100000000)
  region size 1024K, 6 young (6144K), 6 survivors (6144K)
 Metaspace       used 122828K, committed 123776K, reserved 1179648K
  class space    used 16494K, committed 16960K, reserved 1048576K
}
Event: 656.705 GC heap before
{Heap before GC invocations=60 (full 0):
 garbage-first heap   total 357376K, used 269190K [0x0000000080000000, 0x0000000100000000)
  region size 1024K, 31 young (31744K), 6 survivors (6144K)
 Metaspace       used 122889K, committed 123840K, reserved 1179648K
  class space    used 16494K, committed 16960K, reserved 1048576K
}
Event: 656.716 GC heap after
{Heap after GC invocations=61 (full 0):
 garbage-first heap   total 357376K, used 264684K [0x0000000080000000, 0x0000000100000000)
  region size 1024K, 4 young (4096K), 4 survivors (4096K)
 Metaspace       used 122889K, committed 123840K, reserved 1179648K
  class space    used 16494K, committed 16960K, reserved 1048576K
}
Event: 656.751 GC heap before
{Heap before GC invocations=61 (full 0):
 garbage-first heap   total 357376K, used 281068K [0x0000000080000000, 0x0000000100000000)
  region size 1024K, 21 young (21504K), 4 survivors (4096K)
 Metaspace       used 122889K, committed 123840K, reserved 1179648K
  class space    used 16494K, committed 16960K, reserved 1048576K
}

