# JRE version: OpenJDK Runtime Environment (17.0.10) (build 17.0.10+0--11572160)
# Java VM: OpenJDK 64-Bit Server VM (17.0.10+0--11572160, mixed mode, tiered, compressed oops, compressed class ptrs, g1 gc, windows-amd64)
GC Precious Log:
 CPUs: 16 total, 16 available
 Memory: 14188M
 Large Page Support: Disabled
 NUMA Support: Disabled
 Compressed Oops: Enabled (32-bit)
 Heap Region Size: 1M
 Heap Min Capacity: 8M
 Heap Initial Capacity: 222M
 Heap Max Capacity: 2G
 Pre-touch: Disabled
 Parallel Workers: 13
 Concurrent Workers: 3
 Concurrent Refinement Workers: 13
 Periodic GC: Disabled
Heap:
 garbage-first heap   total 307200K, used 206584K [0x0000000080000000, 0x0000000100000000)
  region size 1024K, 84 young (86016K), 14 survivors (14336K)
 Metaspace       used 124578K, committed 125312K, reserved 1179648K
  class space    used 16365K, committed 16704K, reserved 1048576K
GC Heap History (20 events):
Event: 8.284 GC heap before
{Heap before GC invocations=28 (full 0):
 garbage-first heap   total 153600K, used 123784K [0x0000000080000000, 0x0000000100000000)
  region size 1024K, 51 young (52224K), 6 survivors (6144K)
 Metaspace       used 86481K, committed 87168K, reserved 1179648K
  class space    used 12044K, committed 12352K, reserved 1048576K
}
Event: 8.287 GC heap after
{Heap after GC invocations=29 (full 0):
 garbage-first heap   total 153600K, used 78941K [0x0000000080000000, 0x0000000100000000)
  region size 1024K, 2 young (2048K), 2 survivors (2048K)
 Metaspace       used 86481K, committed 87168K, reserved 1179648K
  class space    used 12044K, committed 12352K, reserved 1048576K
}
Event: 8.440 GC heap before
{Heap before GC invocations=29 (full 0):
 garbage-first heap   total 153600K, used 93277K [0x0000000080000000, 0x0000000100000000)
  region size 1024K, 17 young (17408K), 2 survivors (2048K)
 Metaspace       used 89151K, committed 89856K, reserved 1179648K
  class space    used 12552K, committed 12864K, reserved 1048576K
}
Event: 8.442 GC heap after
{Heap after GC invocations=30 (full 0):
 garbage-first heap   total 153600K, used 79347K [0x0000000080000000, 0x0000000100000000)
  region size 1024K, 2 young (2048K), 2 survivors (2048K)
 Metaspace       used 89151K, committed 89856K, reserved 1179648K
  class space    used 12552K, committed 12864K, reserved 1048576K
}
Event: 8.446 GC heap before
{Heap before GC invocations=30 (full 0):
 garbage-first heap   total 153600K, used 85491K [0x0000000080000000, 0x0000000100000000)
  region size 1024K, 2 young (2048K), 2 survivors (2048K)
 Metaspace       used 89151K, committed 89856K, reserved 1179648K
  class space    used 12552K, committed 12864K, reserved 1048576K
}
Event: 8.447 GC heap after
{Heap after GC invocations=31 (full 0):
 garbage-first heap   total 153600K, used 85513K [0x0000000080000000, 0x0000000100000000)
  region size 1024K, 2 young (2048K), 2 survivors (2048K)
 Metaspace       used 89151K, committed 89856K, reserved 1179648K
  class space    used 12552K, committed 12864K, reserved 1048576K
}
Event: 8.626 GC heap before
{Heap before GC invocations=32 (full 0):
 garbage-first heap   total 153600K, used 129545K [0x0000000080000000, 0x0000000100000000)
  region size 1024K, 44 young (45056K), 2 survivors (2048K)
 Metaspace       used 89459K, committed 90176K, reserved 1179648K
  class space    used 12561K, committed 12864K, reserved 1048576K
}
Event: 8.633 GC heap after
{Heap after GC invocations=33 (full 0):
 garbage-first heap   total 153600K, used 91627K [0x0000000080000000, 0x0000000100000000)
  region size 1024K, 6 young (6144K), 6 survivors (6144K)
 Metaspace       used 89459K, committed 90176K, reserved 1179648K
  class space    used 12561K, committed 12864K, reserved 1048576K
}
Event: 8.639 GC heap before
{Heap before GC invocations=33 (full 0):
 garbage-first heap   total 153600K, used 92651K [0x0000000080000000, 0x0000000100000000)
  region size 1024K, 7 young (7168K), 6 survivors (6144K)
 Metaspace       used 89459K, committed 90176K, reserved 1179648K
  class space    used 12561K, committed 12864K, reserved 1048576K
}
Event: 8.642 GC heap after
{Heap after GC invocations=34 (full 0):
 garbage-first heap   total 153600K, used 92195K [0x0000000080000000, 0x0000000100000000)
  region size 1024K, 1 young (1024K), 1 survivors (1024K)
 Metaspace       used 89459K, committed 90176K, reserved 1179648K
  class space    used 12561K, committed 12864K, reserved 1048576K
}
Event: 8.724 GC heap before
{Heap before GC invocations=34 (full 0):
 garbage-first heap   total 153600K, used 122915K [0x0000000080000000, 0x0000000100000000)
  region size 1024K, 31 young (31744K), 1 survivors (1024K)
 Metaspace       used 89459K, committed 90176K, reserved 1179648K
  class space    used 12561K, committed 12864K, reserved 1048576K
}
Event: 8.730 GC heap after
{Heap after GC invocations=35 (full 0):
 garbage-first heap   total 307200K, used 102253K [0x0000000080000000, 0x0000000100000000)
  region size 1024K, 4 young (4096K), 4 survivors (4096K)
 Metaspace       used 89459K, committed 90176K, reserved 1179648K
  class space    used 12561K, committed 12864K, reserved 1048576K
}
Event: 9.569 GC heap before
{Heap before GC invocations=36 (full 0):
 garbage-first heap   total 307200K, used 216941K [0x0000000080000000, 0x0000000100000000)
  region size 1024K, 109 young (111616K), 4 survivors (4096K)
 Metaspace       used 98554K, committed 99200K, reserved 1179648K
  class space    used 13517K, committed 13824K, reserved 1048576K
}
Event: 9.577 GC heap after
{Heap after GC invocations=37 (full 0):
 garbage-first heap   total 307200K, used 121856K [0x0000000080000000, 0x0000000100000000)
  region size 1024K, 14 young (14336K), 14 survivors (14336K)
 Metaspace       used 98554K, committed 99200K, reserved 1179648K
  class space    used 13517K, committed 13824K, reserved 1048576K
}
Event: 9.590 GC heap before
{Heap before GC invocations=37 (full 0):
 garbage-first heap   total 307200K, used 122880K [0x0000000080000000, 0x0000000100000000)
  region size 1024K, 15 young (15360K), 14 survivors (14336K)
 Metaspace       used 98805K, committed 99392K, reserved 1179648K
  class space    used 13533K, committed 13824K, reserved 1048576K
}
Event: 9.595 GC heap after
{Heap after GC invocations=38 (full 0):
 garbage-first heap   total 307200K, used 123039K [0x0000000080000000, 0x0000000100000000)
  region size 1024K, 2 young (2048K), 2 survivors (2048K)
 Metaspace       used 98805K, committed 99392K, reserved 1179648K
  class space    used 13533K, committed 13824K, reserved 1048576K
}
Event: 10.477 GC heap before
{Heap before GC invocations=38 (full 0):
 garbage-first heap   total 307200K, used 225439K [0x0000000080000000, 0x0000000100000000)
  region size 1024K, 101 young (103424K), 2 survivors (2048K)
 Metaspace       used 108689K, committed 109376K, reserved 1179648K
  class space    used 14726K, committed 15040K, reserved 1048576K
}
Event: 10.480 GC heap after
{Heap after GC invocations=39 (full 0):
 garbage-first heap   total 307200K, used 126756K [0x0000000080000000, 0x0000000100000000)
  region size 1024K, 6 young (6144K), 6 survivors (6144K)
 Metaspace       used 108689K, committed 109376K, reserved 1179648K
  class space    used 14726K, committed 15040K, reserved 1048576K
}
Event: 11.981 GC heap before
{Heap before GC invocations=39 (full 0):
 garbage-first heap   total 307200K, used 231204K [0x0000000080000000, 0x0000000100000000)
  region size 1024K, 108 young (110592K), 6 survivors (6144K)
 Metaspace       used 115964K, committed 116608K, reserved 1179648K
  class space    used 15390K, committed 15680K, reserved 1048576K
}
Event: 11.987 GC heap after
{Heap after GC invocations=40 (full 0):
 garbage-first heap   total 307200K, used 135928K [0x0000000080000000, 0x0000000100000000)
  region size 1024K, 14 young (14336K), 14 survivors (14336K)
 Metaspace       used 115964K, committed 116608K, reserved 1179648K
  class space    used 15390K, committed 15680K, reserved 1048576K
}

