# JRE version: OpenJDK Runtime Environment (17.0.10) (build 17.0.10+0--11572160)
# Java VM: OpenJDK 64-Bit Server VM (17.0.10+0--11572160, mixed mode, tiered, compressed oops, compressed class ptrs, g1 gc, windows-amd64)
GC Precious Log:
 CPUs: 16 total, 16 available
 Memory: 14188M
 Large Page Support: Disabled
 NUMA Support: Disabled
 Compressed Oops: Enabled (32-bit)
 Heap Region Size: 1M
 Heap Min Capacity: 8M
 Heap Initial Capacity: 222M
 Heap Max Capacity: 2G
 Pre-touch: Disabled
 Parallel Workers: 13
 Concurrent Workers: 3
 Concurrent Refinement Workers: 13
 Periodic GC: Disabled
Heap:
 garbage-first heap   total 316416K, used 177490K [0x0000000080000000, 0x0000000100000000)
  region size 1024K, 11 young (11264K), 11 survivors (11264K)
 Metaspace       used 143288K, committed 144256K, reserved 1179648K
  class space    used 21319K, committed 21824K, reserved 1048576K
GC Heap History (20 events):
Event: 23.758 GC heap after
{Heap after GC invocations=42 (full 0):
 garbage-first heap   total 315392K, used 154227K [0x0000000080000000, 0x0000000100000000)
  region size 1024K, 16 young (16384K), 16 survivors (16384K)
 Metaspace       used 133016K, committed 134016K, reserved 1179648K
  class space    used 20254K, committed 20736K, reserved 1048576K
}
Event: 24.033 GC heap before
{Heap before GC invocations=42 (full 0):
 garbage-first heap   total 315392K, used 192115K [0x0000000080000000, 0x0000000100000000)
  region size 1024K, 20 young (20480K), 16 survivors (16384K)
 Metaspace       used 133198K, committed 134208K, reserved 1179648K
  class space    used 20280K, committed 20736K, reserved 1048576K
}
Event: 24.040 GC heap after
{Heap after GC invocations=43 (full 0):
 garbage-first heap   total 315392K, used 147629K [0x0000000080000000, 0x0000000100000000)
  region size 1024K, 9 young (9216K), 9 survivors (9216K)
 Metaspace       used 133198K, committed 134208K, reserved 1179648K
  class space    used 20280K, committed 20736K, reserved 1048576K
}
Event: 27.406 GC heap before
{Heap before GC invocations=43 (full 0):
 garbage-first heap   total 315392K, used 259245K [0x0000000080000000, 0x0000000100000000)
  region size 1024K, 114 young (116736K), 9 survivors (9216K)
 Metaspace       used 135628K, committed 136640K, reserved 1179648K
  class space    used 20576K, committed 21056K, reserved 1048576K
}
Event: 27.418 GC heap after
{Heap after GC invocations=44 (full 0):
 garbage-first heap   total 315392K, used 142422K [0x0000000080000000, 0x0000000100000000)
  region size 1024K, 15 young (15360K), 15 survivors (15360K)
 Metaspace       used 135628K, committed 136640K, reserved 1179648K
  class space    used 20576K, committed 21056K, reserved 1048576K
}
Event: 29.201 GC heap before
{Heap before GC invocations=44 (full 0):
 garbage-first heap   total 315392K, used 257110K [0x0000000080000000, 0x0000000100000000)
  region size 1024K, 97 young (99328K), 15 survivors (15360K)
 Metaspace       used 135965K, committed 136960K, reserved 1179648K
  class space    used 20600K, committed 21056K, reserved 1048576K
}
Event: 29.210 GC heap after
{Heap after GC invocations=45 (full 0):
 garbage-first heap   total 315392K, used 179329K [0x0000000080000000, 0x0000000100000000)
  region size 1024K, 6 young (6144K), 6 survivors (6144K)
 Metaspace       used 135965K, committed 136960K, reserved 1179648K
  class space    used 20600K, committed 21056K, reserved 1048576K
}
Event: 233.591 GC heap before
{Heap before GC invocations=46 (full 0):
 garbage-first heap   total 316416K, used 287873K [0x0000000080000000, 0x0000000100000000)
  region size 1024K, 86 young (88064K), 6 survivors (6144K)
 Metaspace       used 136211K, committed 137152K, reserved 1179648K
  class space    used 20568K, committed 21056K, reserved 1048576K
}
Event: 233.594 GC heap after
{Heap after GC invocations=47 (full 0):
 garbage-first heap   total 316416K, used 143157K [0x0000000080000000, 0x0000000100000000)
  region size 1024K, 4 young (4096K), 4 survivors (4096K)
 Metaspace       used 136211K, committed 137152K, reserved 1179648K
  class space    used 20568K, committed 21056K, reserved 1048576K
}
Event: 233.671 GC heap before
{Heap before GC invocations=47 (full 0):
 garbage-first heap   total 316416K, used 153397K [0x0000000080000000, 0x0000000100000000)
  region size 1024K, 15 young (15360K), 4 survivors (4096K)
 Metaspace       used 136214K, committed 137152K, reserved 1179648K
  class space    used 20568K, committed 21056K, reserved 1048576K
}
Event: 233.675 GC heap after
{Heap after GC invocations=48 (full 0):
 garbage-first heap   total 316416K, used 135286K [0x0000000080000000, 0x0000000100000000)
  region size 1024K, 2 young (2048K), 2 survivors (2048K)
 Metaspace       used 136214K, committed 137152K, reserved 1179648K
  class space    used 20568K, committed 21056K, reserved 1048576K
}
Event: 235.277 GC heap before
{Heap before GC invocations=48 (full 0):
 garbage-first heap   total 316416K, used 244854K [0x0000000080000000, 0x0000000100000000)
  region size 1024K, 111 young (113664K), 2 survivors (2048K)
 Metaspace       used 137507K, committed 138432K, reserved 1179648K
  class space    used 20703K, committed 21184K, reserved 1048576K
}
Event: 235.287 GC heap after
{Heap after GC invocations=49 (full 0):
 garbage-first heap   total 316416K, used 154704K [0x0000000080000000, 0x0000000100000000)
  region size 1024K, 16 young (16384K), 16 survivors (16384K)
 Metaspace       used 137507K, committed 138432K, reserved 1179648K
  class space    used 20703K, committed 21184K, reserved 1048576K
}
Event: 236.679 GC heap before
{Heap before GC invocations=50 (full 0):
 garbage-first heap   total 316416K, used 269392K [0x0000000080000000, 0x0000000100000000)
  region size 1024K, 112 young (114688K), 16 survivors (16384K)
 Metaspace       used 139771K, committed 140736K, reserved 1179648K
  class space    used 20980K, committed 21440K, reserved 1048576K
}
Event: 236.695 GC heap after
{Heap after GC invocations=51 (full 0):
 garbage-first heap   total 316416K, used 181732K [0x0000000080000000, 0x0000000100000000)
  region size 1024K, 14 young (14336K), 14 survivors (14336K)
 Metaspace       used 139771K, committed 140736K, reserved 1179648K
  class space    used 20980K, committed 21440K, reserved 1048576K
}
Event: 236.703 GC heap before
{Heap before GC invocations=51 (full 0):
 garbage-first heap   total 316416K, used 182756K [0x0000000080000000, 0x0000000100000000)
  region size 1024K, 15 young (15360K), 14 survivors (14336K)
 Metaspace       used 139771K, committed 140736K, reserved 1179648K
  class space    used 20980K, committed 21440K, reserved 1048576K
}
Event: 236.716 GC heap after
{Heap after GC invocations=52 (full 0):
 garbage-first heap   total 316416K, used 165010K [0x0000000080000000, 0x0000000100000000)
  region size 1024K, 2 young (2048K), 2 survivors (2048K)
 Metaspace       used 139771K, committed 140736K, reserved 1179648K
  class space    used 20980K, committed 21440K, reserved 1048576K
}
Event: 236.873 GC heap before
{Heap before GC invocations=52 (full 0):
 garbage-first heap   total 316416K, used 205970K [0x0000000080000000, 0x0000000100000000)
  region size 1024K, 15 young (15360K), 2 survivors (2048K)
 Metaspace       used 140010K, committed 140992K, reserved 1179648K
  class space    used 20999K, committed 21504K, reserved 1048576K
}
Event: 236.888 GC heap after
{Heap after GC invocations=53 (full 0):
 garbage-first heap   total 316416K, used 163840K [0x0000000080000000, 0x0000000100000000)
  region size 1024K, 2 young (2048K), 2 survivors (2048K)
 Metaspace       used 140010K, committed 140992K, reserved 1179648K
  class space    used 20999K, committed 21504K, reserved 1048576K
}
Event: 237.343 GC heap before
{Heap before GC invocations=53 (full 0):
 garbage-first heap   total 316416K, used 247808K [0x0000000080000000, 0x0000000100000000)
  region size 1024K, 85 young (87040K), 2 survivors (2048K)
 Metaspace       used 143288K, committed 144256K, reserved 1179648K
  class space    used 21319K, committed 21824K, reserved 1048576K
}

