# JRE version: OpenJDK Runtime Environment (17.0.10) (build 17.0.10+0--11572160)
# Java VM: OpenJDK 64-Bit Server VM (17.0.10+0--11572160, mixed mode, tiered, compressed oops, compressed class ptrs, g1 gc, windows-amd64)
GC Precious Log:
 CPUs: 16 total, 16 available
 Memory: 14188M
 Large Page Support: Disabled
 NUMA Support: Disabled
 Compressed Oops: Enabled (32-bit)
 Heap Region Size: 1M
 Heap Min Capacity: 8M
 Heap Initial Capacity: 222M
 Heap Max Capacity: 2G
 Pre-touch: Disabled
 Parallel Workers: 13
 Concurrent Workers: 3
 Concurrent Refinement Workers: 13
 Periodic GC: Disabled
Heap:
 garbage-first heap   total 267264K, used 154412K [0x0000000080000000, 0x0000000100000000)
  region size 1024K, 61 young (62464K), 5 survivors (5120K)
 Metaspace       used 101075K, committed 101824K, reserved 1179648K
  class space    used 13989K, committed 14336K, reserved 1048576K
GC Heap History (20 events):
Event: 8.443 GC heap before
{Heap before GC invocations=34 (full 0):
 garbage-first heap   total 222208K, used 176694K [0x0000000080000000, 0x0000000100000000)
  region size 1024K, 106 young (108544K), 1 survivors (1024K)
 Metaspace       used 86103K, committed 86784K, reserved 1179648K
  class space    used 12032K, committed 12352K, reserved 1048576K
}
Event: 8.450 GC heap after
{Heap after GC invocations=35 (full 0):
 garbage-first heap   total 222208K, used 72603K [0x0000000080000000, 0x0000000100000000)
  region size 1024K, 6 young (6144K), 6 survivors (6144K)
 Metaspace       used 86103K, committed 86784K, reserved 1179648K
  class space    used 12032K, committed 12352K, reserved 1048576K
}
Event: 8.485 GC heap before
{Heap before GC invocations=35 (full 0):
 garbage-first heap   total 222208K, used 76699K [0x0000000080000000, 0x0000000100000000)
  region size 1024K, 10 young (10240K), 6 survivors (6144K)
 Metaspace       used 86311K, committed 87040K, reserved 1179648K
  class space    used 12064K, committed 12416K, reserved 1048576K
}
Event: 8.487 GC heap after
{Heap after GC invocations=36 (full 0):
 garbage-first heap   total 222208K, used 72366K [0x0000000080000000, 0x0000000100000000)
  region size 1024K, 1 young (1024K), 1 survivors (1024K)
 Metaspace       used 86311K, committed 87040K, reserved 1179648K
  class space    used 12064K, committed 12416K, reserved 1048576K
}
Event: 9.460 GC heap before
{Heap before GC invocations=36 (full 0):
 garbage-first heap   total 222208K, used 177838K [0x0000000080000000, 0x0000000100000000)
  region size 1024K, 104 young (106496K), 1 survivors (1024K)
 Metaspace       used 94356K, committed 95040K, reserved 1179648K
  class space    used 13249K, committed 13568K, reserved 1048576K
}
Event: 9.466 GC heap after
{Heap after GC invocations=37 (full 0):
 garbage-first heap   total 222208K, used 79464K [0x0000000080000000, 0x0000000100000000)
  region size 1024K, 8 young (8192K), 8 survivors (8192K)
 Metaspace       used 94356K, committed 95040K, reserved 1179648K
  class space    used 13249K, committed 13568K, reserved 1048576K
}
Event: 9.776 GC heap before
{Heap before GC invocations=37 (full 0):
 garbage-first heap   total 222208K, used 178792K [0x0000000080000000, 0x0000000100000000)
  region size 1024K, 105 young (107520K), 8 survivors (8192K)
 Metaspace       used 95115K, committed 95872K, reserved 1179648K
  class space    used 13360K, committed 13696K, reserved 1048576K
}
Event: 9.782 GC heap after
{Heap after GC invocations=38 (full 0):
 garbage-first heap   total 222208K, used 84868K [0x0000000080000000, 0x0000000100000000)
  region size 1024K, 6 young (6144K), 6 survivors (6144K)
 Metaspace       used 95115K, committed 95872K, reserved 1179648K
  class space    used 13360K, committed 13696K, reserved 1048576K
}
Event: 10.246 GC heap before
{Heap before GC invocations=39 (full 0):
 garbage-first heap   total 222208K, used 179076K [0x0000000080000000, 0x0000000100000000)
  region size 1024K, 99 young (101376K), 6 survivors (6144K)
 Metaspace       used 95876K, committed 96640K, reserved 1179648K
  class space    used 13456K, committed 13824K, reserved 1048576K
}
Event: 10.251 GC heap after
{Heap after GC invocations=40 (full 0):
 garbage-first heap   total 222208K, used 88397K [0x0000000080000000, 0x0000000100000000)
  region size 1024K, 10 young (10240K), 10 survivors (10240K)
 Metaspace       used 95876K, committed 96640K, reserved 1179648K
  class space    used 13456K, committed 13824K, reserved 1048576K
}
Event: 10.253 GC heap before
{Heap before GC invocations=40 (full 0):
 garbage-first heap   total 222208K, used 89421K [0x0000000080000000, 0x0000000100000000)
  region size 1024K, 11 young (11264K), 10 survivors (10240K)
 Metaspace       used 95876K, committed 96640K, reserved 1179648K
  class space    used 13456K, committed 13824K, reserved 1048576K
}
Event: 10.258 GC heap after
{Heap after GC invocations=41 (full 0):
 garbage-first heap   total 222208K, used 88526K [0x0000000080000000, 0x0000000100000000)
  region size 1024K, 2 young (2048K), 2 survivors (2048K)
 Metaspace       used 95876K, committed 96640K, reserved 1179648K
  class space    used 13456K, committed 13824K, reserved 1048576K
}
Event: 10.334 GC heap before
{Heap before GC invocations=41 (full 0):
 garbage-first heap   total 222208K, used 115150K [0x0000000080000000, 0x0000000100000000)
  region size 1024K, 30 young (30720K), 2 survivors (2048K)
 Metaspace       used 95997K, committed 96768K, reserved 1179648K
  class space    used 13480K, committed 13824K, reserved 1048576K
}
Event: 10.336 GC heap after
{Heap after GC invocations=42 (full 0):
 garbage-first heap   total 222208K, used 90472K [0x0000000080000000, 0x0000000100000000)
  region size 1024K, 4 young (4096K), 4 survivors (4096K)
 Metaspace       used 95997K, committed 96768K, reserved 1179648K
  class space    used 13480K, committed 13824K, reserved 1048576K
}
Event: 10.929 GC heap before
{Heap before GC invocations=43 (full 0):
 garbage-first heap   total 222208K, used 184680K [0x0000000080000000, 0x0000000100000000)
  region size 1024K, 92 young (94208K), 4 survivors (4096K)
 Metaspace       used 99988K, committed 100800K, reserved 1179648K
  class space    used 13861K, committed 14272K, reserved 1048576K
}
Event: 10.935 GC heap after
{Heap after GC invocations=44 (full 0):
 garbage-first heap   total 222208K, used 94406K [0x0000000080000000, 0x0000000100000000)
  region size 1024K, 8 young (8192K), 8 survivors (8192K)
 Metaspace       used 99988K, committed 100800K, reserved 1179648K
  class space    used 13861K, committed 14272K, reserved 1048576K
}
Event: 10.937 GC heap before
{Heap before GC invocations=44 (full 0):
 garbage-first heap   total 222208K, used 95430K [0x0000000080000000, 0x0000000100000000)
  region size 1024K, 10 young (10240K), 8 survivors (8192K)
 Metaspace       used 99993K, committed 100800K, reserved 1179648K
  class space    used 13862K, committed 14272K, reserved 1048576K
}
Event: 10.942 GC heap after
{Heap after GC invocations=45 (full 0):
 garbage-first heap   total 222208K, used 93914K [0x0000000080000000, 0x0000000100000000)
  region size 1024K, 2 young (2048K), 2 survivors (2048K)
 Metaspace       used 99993K, committed 100800K, reserved 1179648K
  class space    used 13862K, committed 14272K, reserved 1048576K
}
Event: 11.091 GC heap before
{Heap before GC invocations=45 (full 0):
 garbage-first heap   total 222208K, used 178906K [0x0000000080000000, 0x0000000100000000)
  region size 1024K, 86 young (88064K), 2 survivors (2048K)
 Metaspace       used 100447K, committed 101248K, reserved 1179648K
  class space    used 13918K, committed 14272K, reserved 1048576K
}
Event: 11.094 GC heap after
{Heap after GC invocations=46 (full 0):
 garbage-first heap   total 267264K, used 97068K [0x0000000080000000, 0x0000000100000000)
  region size 1024K, 5 young (5120K), 5 survivors (5120K)
 Metaspace       used 100447K, committed 101248K, reserved 1179648K
  class space    used 13918K, committed 14272K, reserved 1048576K
}

