# JRE version: OpenJDK Runtime Environment (17.0.10) (build 17.0.10+0--11572160)
# Java VM: OpenJDK 64-Bit Server VM (17.0.10+0--11572160, mixed mode, tiered, compressed oops, compressed class ptrs, g1 gc, windows-amd64)
GC Precious Log:
 CPUs: 16 total, 16 available
 Memory: 14188M
 Large Page Support: Disabled
 NUMA Support: Disabled
 Compressed Oops: Enabled (32-bit)
 Heap Region Size: 1M
 Heap Min Capacity: 8M
 Heap Initial Capacity: 222M
 Heap Max Capacity: 2G
 Pre-touch: Disabled
 Parallel Workers: 13
 Concurrent Workers: 3
 Concurrent Refinement Workers: 13
 Periodic GC: Disabled
Heap:
 garbage-first heap   total 294912K, used 169743K [0x0000000080000000, 0x0000000100000000)
  region size 1024K, 4 young (4096K), 4 survivors (4096K)
 Metaspace       used 113429K, committed 114304K, reserved 1179648K
  class space    used 15219K, committed 15680K, reserved 1048576K
GC Heap History (20 events):
Event: 14.437 GC heap after
{Heap after GC invocations=54 (full 0):
 garbage-first heap   total 294912K, used 137034K [0x0000000080000000, 0x0000000100000000)
  region size 1024K, 13 young (13312K), 13 survivors (13312K)
 Metaspace       used 102199K, committed 102976K, reserved 1179648K
  class space    used 14045K, committed 14400K, reserved 1048576K
}
Event: 15.020 GC heap before
{Heap before GC invocations=54 (full 0):
 garbage-first heap   total 294912K, used 253770K [0x0000000080000000, 0x0000000100000000)
  region size 1024K, 100 young (102400K), 13 survivors (13312K)
 Metaspace       used 104483K, committed 105280K, reserved 1179648K
  class space    used 14255K, committed 14656K, reserved 1048576K
}
Event: 15.030 GC heap after
{Heap after GC invocations=55 (full 0):
 garbage-first heap   total 294912K, used 151085K [0x0000000080000000, 0x0000000100000000)
  region size 1024K, 13 young (13312K), 13 survivors (13312K)
 Metaspace       used 104483K, committed 105280K, reserved 1179648K
  class space    used 14255K, committed 14656K, reserved 1048576K
}
Event: 15.340 GC heap before
{Heap before GC invocations=55 (full 0):
 garbage-first heap   total 294912K, used 230957K [0x0000000080000000, 0x0000000100000000)
  region size 1024K, 92 young (94208K), 13 survivors (13312K)
 Metaspace       used 106650K, committed 107456K, reserved 1179648K
  class space    used 14490K, committed 14912K, reserved 1048576K
}
Event: 15.347 GC heap after
{Heap after GC invocations=56 (full 0):
 garbage-first heap   total 294912K, used 158076K [0x0000000080000000, 0x0000000100000000)
  region size 1024K, 8 young (8192K), 8 survivors (8192K)
 Metaspace       used 106650K, committed 107456K, reserved 1179648K
  class space    used 14490K, committed 14912K, reserved 1048576K
}
Event: 15.637 GC heap before
{Heap before GC invocations=56 (full 0):
 garbage-first heap   total 294912K, used 237948K [0x0000000080000000, 0x0000000100000000)
  region size 1024K, 85 young (87040K), 8 survivors (8192K)
 Metaspace       used 108262K, committed 109056K, reserved 1179648K
  class space    used 14650K, committed 15040K, reserved 1048576K
}
Event: 15.641 GC heap after
{Heap after GC invocations=57 (full 0):
 garbage-first heap   total 294912K, used 156623K [0x0000000080000000, 0x0000000100000000)
  region size 1024K, 2 young (2048K), 2 survivors (2048K)
 Metaspace       used 108262K, committed 109056K, reserved 1179648K
  class space    used 14650K, committed 15040K, reserved 1048576K
}
Event: 16.394 GC heap before
{Heap before GC invocations=57 (full 0):
 garbage-first heap   total 294912K, used 239567K [0x0000000080000000, 0x0000000100000000)
  region size 1024K, 84 young (86016K), 2 survivors (2048K)
 Metaspace       used 109682K, committed 110464K, reserved 1179648K
  class space    used 14772K, committed 15168K, reserved 1048576K
}
Event: 16.398 GC heap after
{Heap after GC invocations=58 (full 0):
 garbage-first heap   total 294912K, used 159833K [0x0000000080000000, 0x0000000100000000)
  region size 1024K, 5 young (5120K), 5 survivors (5120K)
 Metaspace       used 109682K, committed 110464K, reserved 1179648K
  class space    used 14772K, committed 15168K, reserved 1048576K
}
Event: 17.078 GC heap before
{Heap before GC invocations=58 (full 0):
 garbage-first heap   total 294912K, used 241753K [0x0000000080000000, 0x0000000100000000)
  region size 1024K, 86 young (88064K), 5 survivors (5120K)
 Metaspace       used 110846K, committed 111680K, reserved 1179648K
  class space    used 14923K, committed 15360K, reserved 1048576K
}
Event: 17.084 GC heap after
{Heap after GC invocations=59 (full 0):
 garbage-first heap   total 294912K, used 163920K [0x0000000080000000, 0x0000000100000000)
  region size 1024K, 9 young (9216K), 9 survivors (9216K)
 Metaspace       used 110846K, committed 111680K, reserved 1179648K
  class space    used 14923K, committed 15360K, reserved 1048576K
}
Event: 17.749 GC heap before
{Heap before GC invocations=59 (full 0):
 garbage-first heap   total 294912K, used 242768K [0x0000000080000000, 0x0000000100000000)
  region size 1024K, 87 young (89088K), 9 survivors (9216K)
 Metaspace       used 111400K, committed 112256K, reserved 1179648K
  class space    used 14973K, committed 15424K, reserved 1048576K
}
Event: 17.755 GC heap after
{Heap after GC invocations=60 (full 0):
 garbage-first heap   total 294912K, used 165809K [0x0000000080000000, 0x0000000100000000)
  region size 1024K, 5 young (5120K), 5 survivors (5120K)
 Metaspace       used 111400K, committed 112256K, reserved 1179648K
  class space    used 14973K, committed 15424K, reserved 1048576K
}
Event: 18.619 GC heap before
{Heap before GC invocations=60 (full 0):
 garbage-first heap   total 294912K, used 244657K [0x0000000080000000, 0x0000000100000000)
  region size 1024K, 83 young (84992K), 5 survivors (5120K)
 Metaspace       used 113075K, committed 113984K, reserved 1179648K
  class space    used 15177K, committed 15616K, reserved 1048576K
}
Event: 18.624 GC heap after
{Heap after GC invocations=61 (full 0):
 garbage-first heap   total 294912K, used 168524K [0x0000000080000000, 0x0000000100000000)
  region size 1024K, 8 young (8192K), 8 survivors (8192K)
 Metaspace       used 113075K, committed 113984K, reserved 1179648K
  class space    used 15177K, committed 15616K, reserved 1048576K
}
Event: 18.852 GC heap before
{Heap before GC invocations=61 (full 0):
 garbage-first heap   total 294912K, used 245324K [0x0000000080000000, 0x0000000100000000)
  region size 1024K, 84 young (86016K), 8 survivors (8192K)
 Metaspace       used 113420K, committed 114304K, reserved 1179648K
  class space    used 15218K, committed 15680K, reserved 1048576K
}
Event: 18.859 GC heap after
{Heap after GC invocations=62 (full 0):
 garbage-first heap   total 294912K, used 170118K [0x0000000080000000, 0x0000000100000000)
  region size 1024K, 8 young (8192K), 8 survivors (8192K)
 Metaspace       used 113420K, committed 114304K, reserved 1179648K
  class space    used 15218K, committed 15680K, reserved 1048576K
}
Event: 18.980 GC heap before
{Heap before GC invocations=62 (full 0):
 garbage-first heap   total 294912K, used 246918K [0x0000000080000000, 0x0000000100000000)
  region size 1024K, 84 young (86016K), 8 survivors (8192K)
 Metaspace       used 113427K, committed 114304K, reserved 1179648K
  class space    used 15219K, committed 15680K, reserved 1048576K
}
Event: 18.986 GC heap after
{Heap after GC invocations=63 (full 0):
 garbage-first heap   total 294912K, used 170348K [0x0000000080000000, 0x0000000100000000)
  region size 1024K, 5 young (5120K), 5 survivors (5120K)
 Metaspace       used 113427K, committed 114304K, reserved 1179648K
  class space    used 15219K, committed 15680K, reserved 1048576K
}
Event: 19.127 GC heap before
{Heap before GC invocations=63 (full 0):
 garbage-first heap   total 294912K, used 249196K [0x0000000080000000, 0x0000000100000000)
  region size 1024K, 83 young (84992K), 5 survivors (5120K)
 Metaspace       used 113429K, committed 114304K, reserved 1179648K
  class space    used 15219K, committed 15680K, reserved 1048576K
}

