# JRE version: OpenJDK Runtime Environment (17.0.10) (build 17.0.10+0--11572160)
# Java VM: OpenJDK 64-Bit Server VM (17.0.10+0--11572160, mixed mode, tiered, compressed oops, compressed class ptrs, g1 gc, windows-amd64)
GC Precious Log:
 CPUs: 16 total, 16 available
 Memory: 14188M
 Large Page Support: Disabled
 NUMA Support: Disabled
 Compressed Oops: Enabled (32-bit)
 Heap Region Size: 1M
 Heap Min Capacity: 8M
 Heap Initial Capacity: 222M
 Heap Max Capacity: 2G
 Pre-touch: Disabled
 Parallel Workers: 13
 Concurrent Workers: 3
 Concurrent Refinement Workers: 13
 Periodic GC: Disabled
Heap:
 garbage-first heap   total 193536K, used 77480K [0x0000000080000000, 0x0000000100000000)
  region size 1024K, 12 young (12288K), 9 survivors (9216K)
 Metaspace       used 85085K, committed 85760K, reserved 1179648K
  class space    used 11889K, committed 12224K, reserved 1048576K
GC Heap History (20 events):
Event: 7.816 GC heap after
{Heap after GC invocations=21 (full 0):
 garbage-first heap   total 86016K, used 52737K [0x0000000080000000, 0x0000000100000000)
  region size 1024K, 4 young (4096K), 4 survivors (4096K)
 Metaspace       used 58357K, committed 58880K, reserved 1114112K
  class space    used 8103K, committed 8384K, reserved 1048576K
}
Event: 7.822 GC heap before
{Heap before GC invocations=21 (full 0):
 garbage-first heap   total 86016K, used 52737K [0x0000000080000000, 0x0000000100000000)
  region size 1024K, 5 young (5120K), 4 survivors (4096K)
 Metaspace       used 58383K, committed 58880K, reserved 1114112K
  class space    used 8106K, committed 8384K, reserved 1048576K
}
Event: 7.824 GC heap after
{Heap after GC invocations=22 (full 0):
 garbage-first heap   total 103424K, used 52784K [0x0000000080000000, 0x0000000100000000)
  region size 1024K, 1 young (1024K), 1 survivors (1024K)
 Metaspace       used 58383K, committed 58880K, reserved 1114112K
  class space    used 8106K, committed 8384K, reserved 1048576K
}
Event: 7.834 GC heap before
{Heap before GC invocations=22 (full 0):
 garbage-first heap   total 103424K, used 52784K [0x0000000080000000, 0x0000000100000000)
  region size 1024K, 3 young (3072K), 1 survivors (1024K)
 Metaspace       used 58494K, committed 59008K, reserved 1114112K
  class space    used 8113K, committed 8384K, reserved 1048576K
}
Event: 7.836 GC heap after
{Heap after GC invocations=23 (full 0):
 garbage-first heap   total 103424K, used 52617K [0x0000000080000000, 0x0000000100000000)
  region size 1024K, 1 young (1024K), 1 survivors (1024K)
 Metaspace       used 58494K, committed 59008K, reserved 1114112K
  class space    used 8113K, committed 8384K, reserved 1048576K
}
Event: 8.128 GC heap before
{Heap before GC invocations=24 (full 0):
 garbage-first heap   total 103424K, used 80265K [0x0000000080000000, 0x0000000100000000)
  region size 1024K, 27 young (27648K), 1 survivors (1024K)
 Metaspace       used 60573K, committed 61184K, reserved 1114112K
  class space    used 8406K, committed 8704K, reserved 1048576K
}
Event: 8.130 GC heap after
{Heap after GC invocations=25 (full 0):
 garbage-first heap   total 103424K, used 54389K [0x0000000080000000, 0x0000000100000000)
  region size 1024K, 2 young (2048K), 2 survivors (2048K)
 Metaspace       used 60573K, committed 61184K, reserved 1114112K
  class space    used 8406K, committed 8704K, reserved 1048576K
}
Event: 8.177 GC heap before
{Heap before GC invocations=25 (full 0):
 garbage-first heap   total 103424K, used 56437K [0x0000000080000000, 0x0000000100000000)
  region size 1024K, 5 young (5120K), 2 survivors (2048K)
 Metaspace       used 60829K, committed 61376K, reserved 1114112K
  class space    used 8429K, committed 8704K, reserved 1048576K
}
Event: 8.179 GC heap after
{Heap after GC invocations=26 (full 0):
 garbage-first heap   total 103424K, used 54040K [0x0000000080000000, 0x0000000100000000)
  region size 1024K, 1 young (1024K), 1 survivors (1024K)
 Metaspace       used 60829K, committed 61376K, reserved 1114112K
  class space    used 8429K, committed 8704K, reserved 1048576K
}
Event: 8.435 GC heap before
{Heap before GC invocations=26 (full 0):
 garbage-first heap   total 103424K, used 79640K [0x0000000080000000, 0x0000000100000000)
  region size 1024K, 27 young (27648K), 1 survivors (1024K)
 Metaspace       used 63711K, committed 64320K, reserved 1114112K
  class space    used 8742K, committed 9024K, reserved 1048576K
}
Event: 8.437 GC heap after
{Heap after GC invocations=27 (full 0):
 garbage-first heap   total 103424K, used 54394K [0x0000000080000000, 0x0000000100000000)
  region size 1024K, 1 young (1024K), 1 survivors (1024K)
 Metaspace       used 63711K, committed 64320K, reserved 1114112K
  class space    used 8742K, committed 9024K, reserved 1048576K
}
Event: 8.850 GC heap before
{Heap before GC invocations=28 (full 0):
 garbage-first heap   total 103424K, used 83066K [0x0000000080000000, 0x0000000100000000)
  region size 1024K, 28 young (28672K), 1 survivors (1024K)
 Metaspace       used 67064K, committed 67712K, reserved 1114112K
  class space    used 9213K, committed 9536K, reserved 1048576K
}
Event: 8.853 GC heap after
{Heap after GC invocations=29 (full 0):
 garbage-first heap   total 193536K, used 57542K [0x0000000080000000, 0x0000000100000000)
  region size 1024K, 3 young (3072K), 3 survivors (3072K)
 Metaspace       used 67064K, committed 67712K, reserved 1114112K
  class space    used 9213K, committed 9536K, reserved 1048576K
}
Event: 8.871 GC heap before
{Heap before GC invocations=29 (full 0):
 garbage-first heap   total 193536K, used 66758K [0x0000000080000000, 0x0000000100000000)
  region size 1024K, 9 young (9216K), 3 survivors (3072K)
 Metaspace       used 67065K, committed 67712K, reserved 1114112K
  class space    used 9213K, committed 9536K, reserved 1048576K
}
Event: 8.874 GC heap after
{Heap after GC invocations=30 (full 0):
 garbage-first heap   total 193536K, used 62569K [0x0000000080000000, 0x0000000100000000)
  region size 1024K, 2 young (2048K), 2 survivors (2048K)
 Metaspace       used 67065K, committed 67712K, reserved 1114112K
  class space    used 9213K, committed 9536K, reserved 1048576K
}
Event: 9.882 GC heap before
{Heap before GC invocations=30 (full 0):
 garbage-first heap   total 193536K, used 143465K [0x0000000080000000, 0x0000000100000000)
  region size 1024K, 80 young (81920K), 2 survivors (2048K)
 Metaspace       used 73646K, committed 74240K, reserved 1114112K
  class space    used 10124K, committed 10432K, reserved 1048576K
}
Event: 9.885 GC heap after
{Heap after GC invocations=31 (full 0):
 garbage-first heap   total 193536K, used 66725K [0x0000000080000000, 0x0000000100000000)
  region size 1024K, 6 young (6144K), 6 survivors (6144K)
 Metaspace       used 73646K, committed 74240K, reserved 1114112K
  class space    used 10124K, committed 10432K, reserved 1048576K
}
Event: 10.827 GC heap before
{Heap before GC invocations=31 (full 0):
 garbage-first heap   total 193536K, used 147621K [0x0000000080000000, 0x0000000100000000)
  region size 1024K, 84 young (86016K), 6 survivors (6144K)
 Metaspace       used 78795K, committed 79488K, reserved 1179648K
  class space    used 10825K, committed 11136K, reserved 1048576K
}
Event: 10.833 GC heap after
{Heap after GC invocations=32 (full 0):
 garbage-first heap   total 193536K, used 71507K [0x0000000080000000, 0x0000000100000000)
  region size 1024K, 10 young (10240K), 10 survivors (10240K)
 Metaspace       used 78795K, committed 79488K, reserved 1179648K
  class space    used 10825K, committed 11136K, reserved 1048576K
}
Event: 11.885 GC heap before
{Heap before GC invocations=32 (full 0):
 garbage-first heap   total 193536K, used 150355K [0x0000000080000000, 0x0000000100000000)
  region size 1024K, 87 young (89088K), 10 survivors (10240K)
 Metaspace       used 84928K, committed 85632K, reserved 1179648K
  class space    used 11869K, committed 12224K, reserved 1048576K
}

