# JRE version: OpenJDK Runtime Environment (17.0.10) (build 17.0.10+0--11572160)
# Java VM: OpenJDK 64-Bit Server VM (17.0.10+0--11572160, mixed mode, tiered, compressed oops, compressed class ptrs, g1 gc, windows-amd64)
GC Precious Log:
 CPUs: 16 total, 16 available
 Memory: 14188M
 Large Page Support: Disabled
 NUMA Support: Disabled
 Compressed Oops: Enabled (32-bit)
 Heap Region Size: 1M
 Heap Min Capacity: 8M
 Heap Initial Capacity: 222M
 Heap Max Capacity: 2G
 Pre-touch: Disabled
 Parallel Workers: 13
 Concurrent Workers: 3
 Concurrent Refinement Workers: 13
 Periodic GC: Disabled
Heap:
 garbage-first heap   total 288768K, used 214921K [0x0000000080000000, 0x0000000100000000)
  region size 1024K, 62 young (63488K), 6 survivors (6144K)
 Metaspace       used 116661K, committed 117504K, reserved 1179648K
  class space    used 15556K, committed 15936K, reserved 1048576K
GC Heap History (20 events):
Event: 7.099 GC heap before
{Heap before GC invocations=38 (full 0):
 garbage-first heap   total 165888K, used 98591K [0x0000000080000000, 0x0000000100000000)
  region size 1024K, 8 young (8192K), 4 survivors (4096K)
 Metaspace       used 65014K, committed 65728K, reserved 1114112K
  class space    used 8867K, committed 9152K, reserved 1048576K
}
Event: 7.101 GC heap after
{Heap after GC invocations=39 (full 0):
 garbage-first heap   total 165888K, used 95045K [0x0000000080000000, 0x0000000100000000)
  region size 1024K, 1 young (1024K), 1 survivors (1024K)
 Metaspace       used 65014K, committed 65728K, reserved 1114112K
  class space    used 8867K, committed 9152K, reserved 1048576K
}
Event: 7.413 GC heap before
{Heap before GC invocations=39 (full 0):
 garbage-first heap   total 165888K, used 132933K [0x0000000080000000, 0x0000000100000000)
  region size 1024K, 38 young (38912K), 1 survivors (1024K)
 Metaspace       used 68757K, committed 69440K, reserved 1114112K
  class space    used 9271K, committed 9600K, reserved 1048576K
}
Event: 7.415 GC heap after
{Heap after GC invocations=40 (full 0):
 garbage-first heap   total 165888K, used 95886K [0x0000000080000000, 0x0000000100000000)
  region size 1024K, 2 young (2048K), 2 survivors (2048K)
 Metaspace       used 68757K, committed 69440K, reserved 1114112K
  class space    used 9271K, committed 9600K, reserved 1048576K
}
Event: 7.862 GC heap before
{Heap before GC invocations=41 (full 0):
 garbage-first heap   total 167936K, used 139918K [0x0000000080000000, 0x0000000100000000)
  region size 1024K, 40 young (40960K), 2 survivors (2048K)
 Metaspace       used 71959K, committed 72704K, reserved 1114112K
  class space    used 9762K, committed 10112K, reserved 1048576K
}
Event: 7.864 GC heap after
{Heap after GC invocations=42 (full 0):
 garbage-first heap   total 167936K, used 101159K [0x0000000080000000, 0x0000000100000000)
  region size 1024K, 5 young (5120K), 5 survivors (5120K)
 Metaspace       used 71959K, committed 72704K, reserved 1114112K
  class space    used 9762K, committed 10112K, reserved 1048576K
}
Event: 7.893 GC heap before
{Heap before GC invocations=42 (full 0):
 garbage-first heap   total 167936K, used 104231K [0x0000000080000000, 0x0000000100000000)
  region size 1024K, 8 young (8192K), 5 survivors (5120K)
 Metaspace       used 72190K, committed 72896K, reserved 1114112K
  class space    used 9792K, committed 10112K, reserved 1048576K
}
Event: 7.895 GC heap after
{Heap after GC invocations=43 (full 0):
 garbage-first heap   total 167936K, used 101076K [0x0000000080000000, 0x0000000100000000)
  region size 1024K, 1 young (1024K), 1 survivors (1024K)
 Metaspace       used 72190K, committed 72896K, reserved 1114112K
  class space    used 9792K, committed 10112K, reserved 1048576K
}
Event: 8.247 GC heap before
{Heap before GC invocations=43 (full 0):
 garbage-first heap   total 167936K, used 136916K [0x0000000080000000, 0x0000000100000000)
  region size 1024K, 36 young (36864K), 1 survivors (1024K)
 Metaspace       used 74832K, committed 75520K, reserved 1114112K
  class space    used 10128K, committed 10432K, reserved 1048576K
}
Event: 8.251 GC heap after
{Heap after GC invocations=44 (full 0):
 garbage-first heap   total 288768K, used 102455K [0x0000000080000000, 0x0000000100000000)
  region size 1024K, 2 young (2048K), 2 survivors (2048K)
 Metaspace       used 74832K, committed 75520K, reserved 1114112K
  class space    used 10128K, committed 10432K, reserved 1048576K
}
Event: 10.474 GC heap before
{Heap before GC invocations=45 (full 0):
 garbage-first heap   total 288768K, used 241719K [0x0000000080000000, 0x0000000100000000)
  region size 1024K, 128 young (131072K), 2 survivors (2048K)
 Metaspace       used 87566K, committed 88256K, reserved 1179648K
  class space    used 12151K, committed 12480K, reserved 1048576K
}
Event: 10.478 GC heap after
{Heap after GC invocations=46 (full 0):
 garbage-first heap   total 288768K, used 107876K [0x0000000080000000, 0x0000000100000000)
  region size 1024K, 6 young (6144K), 6 survivors (6144K)
 Metaspace       used 87566K, committed 88256K, reserved 1179648K
  class space    used 12151K, committed 12480K, reserved 1048576K
}
Event: 10.541 GC heap before
{Heap before GC invocations=46 (full 0):
 garbage-first heap   total 288768K, used 116068K [0x0000000080000000, 0x0000000100000000)
  region size 1024K, 14 young (14336K), 6 survivors (6144K)
 Metaspace       used 87584K, committed 88320K, reserved 1179648K
  class space    used 12151K, committed 12480K, reserved 1048576K
}
Event: 10.545 GC heap after
{Heap after GC invocations=47 (full 0):
 garbage-first heap   total 288768K, used 107799K [0x0000000080000000, 0x0000000100000000)
  region size 1024K, 1 young (1024K), 1 survivors (1024K)
 Metaspace       used 87584K, committed 88320K, reserved 1179648K
  class space    used 12151K, committed 12480K, reserved 1048576K
}
Event: 12.663 GC heap before
{Heap before GC invocations=47 (full 0):
 garbage-first heap   total 288768K, used 242967K [0x0000000080000000, 0x0000000100000000)
  region size 1024K, 127 young (130048K), 1 survivors (1024K)
 Metaspace       used 98424K, committed 99328K, reserved 1179648K
  class space    used 13493K, committed 13888K, reserved 1048576K
}
Event: 12.672 GC heap after
{Heap after GC invocations=48 (full 0):
 garbage-first heap   total 288768K, used 121611K [0x0000000080000000, 0x0000000100000000)
  region size 1024K, 15 young (15360K), 15 survivors (15360K)
 Metaspace       used 98424K, committed 99328K, reserved 1179648K
  class space    used 13493K, committed 13888K, reserved 1048576K
}
Event: 13.283 GC heap before
{Heap before GC invocations=48 (full 0):
 garbage-first heap   total 288768K, used 238347K [0x0000000080000000, 0x0000000100000000)
  region size 1024K, 122 young (124928K), 15 survivors (15360K)
 Metaspace       used 102837K, committed 103680K, reserved 1179648K
  class space    used 14007K, committed 14400K, reserved 1048576K
}
Event: 13.296 GC heap after
{Heap after GC invocations=49 (full 0):
 garbage-first heap   total 288768K, used 150088K [0x0000000080000000, 0x0000000100000000)
  region size 1024K, 16 young (16384K), 16 survivors (16384K)
 Metaspace       used 102837K, committed 103680K, reserved 1179648K
  class space    used 14007K, committed 14400K, reserved 1048576K
}
Event: 14.119 GC heap before
{Heap before GC invocations=49 (full 0):
 garbage-first heap   total 288768K, used 230984K [0x0000000080000000, 0x0000000100000000)
  region size 1024K, 95 young (97280K), 16 survivors (16384K)
 Metaspace       used 112160K, committed 112960K, reserved 1179648K
  class space    used 14989K, committed 15360K, reserved 1048576K
}
Event: 14.127 GC heap after
{Heap after GC invocations=50 (full 0):
 garbage-first heap   total 288768K, used 157577K [0x0000000080000000, 0x0000000100000000)
  region size 1024K, 6 young (6144K), 6 survivors (6144K)
 Metaspace       used 112160K, committed 112960K, reserved 1179648K
  class space    used 14989K, committed 15360K, reserved 1048576K
}

