# JRE version: OpenJDK Runtime Environment (17.0.10) (build 17.0.10+0--11572160)
# Java VM: OpenJDK 64-Bit Server VM (17.0.10+0--11572160, mixed mode, tiered, compressed oops, compressed class ptrs, g1 gc, windows-amd64)
GC Precious Log:
 CPUs: 16 total, 16 available
 Memory: 14188M
 Large Page Support: Disabled
 NUMA Support: Disabled
 Compressed Oops: Enabled (32-bit)
 Heap Region Size: 1M
 Heap Min Capacity: 8M
 Heap Initial Capacity: 222M
 Heap Max Capacity: 2G
 Pre-touch: Disabled
 Parallel Workers: 13
 Concurrent Workers: 3
 Concurrent Refinement Workers: 13
 Periodic GC: Disabled
Heap:
 garbage-first heap   total 317440K, used 256313K [0x0000000080000000, 0x0000000100000000)
  region size 1024K, 2 young (2048K), 2 survivors (2048K)
 Metaspace       used 170261K, committed 171328K, reserved 1245184K
  class space    used 21957K, committed 22464K, reserved 1048576K
GC Heap History (20 events):
Event: 40.245 GC heap after
{Heap after GC invocations=69 (full 0):
 garbage-first heap   total 317440K, used 203234K [0x0000000080000000, 0x0000000100000000)
  region size 1024K, 9 young (9216K), 9 survivors (9216K)
 Metaspace       used 165824K, committed 166784K, reserved 1245184K
  class space    used 21553K, committed 22016K, reserved 1048576K
}
Event: 40.654 GC heap before
{Heap before GC invocations=69 (full 0):
 garbage-first heap   total 317440K, used 269794K [0x0000000080000000, 0x0000000100000000)
  region size 1024K, 75 young (76800K), 9 survivors (9216K)
 Metaspace       used 166469K, committed 167488K, reserved 1245184K
  class space    used 21612K, committed 22080K, reserved 1048576K
}
Event: 40.663 GC heap after
{Heap after GC invocations=70 (full 0):
 garbage-first heap   total 317440K, used 205891K [0x0000000080000000, 0x0000000100000000)
  region size 1024K, 9 young (9216K), 9 survivors (9216K)
 Metaspace       used 166469K, committed 167488K, reserved 1245184K
  class space    used 21612K, committed 22080K, reserved 1048576K
}
Event: 765.452 GC heap before
{Heap before GC invocations=70 (full 0):
 garbage-first heap   total 317440K, used 268355K [0x0000000080000000, 0x0000000100000000)
  region size 1024K, 71 young (72704K), 9 survivors (9216K)
 Metaspace       used 168939K, committed 169984K, reserved 1245184K
  class space    used 21906K, committed 22400K, reserved 1048576K
}
Event: 765.458 GC heap after
{Heap after GC invocations=71 (full 0):
 garbage-first heap   total 317440K, used 208845K [0x0000000080000000, 0x0000000100000000)
  region size 1024K, 5 young (5120K), 5 survivors (5120K)
 Metaspace       used 168939K, committed 169984K, reserved 1245184K
  class space    used 21906K, committed 22400K, reserved 1048576K
}
Event: 3954.223 GC heap before
{Heap before GC invocations=71 (full 0):
 garbage-first heap   total 317440K, used 270285K [0x0000000080000000, 0x0000000100000000)
  region size 1024K, 65 young (66560K), 5 survivors (5120K)
 Metaspace       used 169121K, committed 170176K, reserved 1245184K
  class space    used 21906K, committed 22400K, reserved 1048576K
}
Event: 3954.227 GC heap after
{Heap after GC invocations=72 (full 0):
 garbage-first heap   total 317440K, used 208387K [0x0000000080000000, 0x0000000100000000)
  region size 1024K, 5 young (5120K), 5 survivors (5120K)
 Metaspace       used 169121K, committed 170176K, reserved 1245184K
  class space    used 21906K, committed 22400K, reserved 1048576K
}
Event: 6010.285 GC heap before
{Heap before GC invocations=72 (full 0):
 garbage-first heap   total 317440K, used 272899K [0x0000000080000000, 0x0000000100000000)
  region size 1024K, 68 young (69632K), 5 survivors (5120K)
 Metaspace       used 169490K, committed 170624K, reserved 1245184K
  class space    used 21941K, committed 22464K, reserved 1048576K
}
Event: 6010.292 GC heap after
{Heap after GC invocations=73 (full 0):
 garbage-first heap   total 317440K, used 210459K [0x0000000080000000, 0x0000000100000000)
  region size 1024K, 7 young (7168K), 7 survivors (7168K)
 Metaspace       used 169490K, committed 170624K, reserved 1245184K
  class space    used 21941K, committed 22464K, reserved 1048576K
}
Event: 6010.632 GC heap before
{Heap before GC invocations=73 (full 0):
 garbage-first heap   total 317440K, used 281115K [0x0000000080000000, 0x0000000100000000)
  region size 1024K, 69 young (70656K), 7 survivors (7168K)
 Metaspace       used 169602K, committed 170688K, reserved 1245184K
  class space    used 21943K, committed 22464K, reserved 1048576K
}
Event: 6010.664 GC heap after
{Heap after GC invocations=74 (full 0):
 garbage-first heap   total 317440K, used 226240K [0x0000000080000000, 0x0000000100000000)
  region size 1024K, 9 young (9216K), 9 survivors (9216K)
 Metaspace       used 169602K, committed 170688K, reserved 1245184K
  class space    used 21943K, committed 22464K, reserved 1048576K
}
Event: 6010.889 GC heap before
{Heap before GC invocations=74 (full 0):
 garbage-first heap   total 317440K, used 274368K [0x0000000080000000, 0x0000000100000000)
  region size 1024K, 49 young (50176K), 9 survivors (9216K)
 Metaspace       used 169672K, committed 170816K, reserved 1245184K
  class space    used 21943K, committed 22464K, reserved 1048576K
}
Event: 6010.901 GC heap after
{Heap after GC invocations=75 (full 0):
 garbage-first heap   total 317440K, used 243859K [0x0000000080000000, 0x0000000100000000)
  region size 1024K, 7 young (7168K), 7 survivors (7168K)
 Metaspace       used 169672K, committed 170816K, reserved 1245184K
  class space    used 21943K, committed 22464K, reserved 1048576K
}
Event: 6010.953 GC heap before
{Heap before GC invocations=75 (full 0):
 garbage-first heap   total 317440K, used 270483K [0x0000000080000000, 0x0000000100000000)
  region size 1024K, 33 young (33792K), 7 survivors (7168K)
 Metaspace       used 169672K, committed 170816K, reserved 1245184K
  class space    used 21943K, committed 22464K, reserved 1048576K
}
Event: 6010.958 GC heap after
{Heap after GC invocations=76 (full 0):
 garbage-first heap   total 317440K, used 246250K [0x0000000080000000, 0x0000000100000000)
  region size 1024K, 2 young (2048K), 2 survivors (2048K)
 Metaspace       used 169672K, committed 170816K, reserved 1245184K
  class space    used 21943K, committed 22464K, reserved 1048576K
}
Event: 6011.374 GC heap before
{Heap before GC invocations=76 (full 0):
 garbage-first heap   total 317440K, used 272874K [0x0000000080000000, 0x0000000100000000)
  region size 1024K, 28 young (28672K), 2 survivors (2048K)
 Metaspace       used 170216K, committed 171264K, reserved 1245184K
  class space    used 21955K, committed 22464K, reserved 1048576K
}
Event: 6011.378 GC heap after
{Heap after GC invocations=77 (full 0):
 garbage-first heap   total 317440K, used 249974K [0x0000000080000000, 0x0000000100000000)
  region size 1024K, 4 young (4096K), 4 survivors (4096K)
 Metaspace       used 170216K, committed 171264K, reserved 1245184K
  class space    used 21955K, committed 22464K, reserved 1048576K
}
Event: 6011.565 GC heap before
{Heap before GC invocations=77 (full 0):
 garbage-first heap   total 317440K, used 271478K [0x0000000080000000, 0x0000000100000000)
  region size 1024K, 26 young (26624K), 4 survivors (4096K)
 Metaspace       used 170261K, committed 171328K, reserved 1245184K
  class space    used 21957K, committed 22464K, reserved 1048576K
}
Event: 6011.570 GC heap after
{Heap after GC invocations=78 (full 0):
 garbage-first heap   total 317440K, used 254312K [0x0000000080000000, 0x0000000100000000)
  region size 1024K, 4 young (4096K), 4 survivors (4096K)
 Metaspace       used 170261K, committed 171328K, reserved 1245184K
  class space    used 21957K, committed 22464K, reserved 1048576K
}
Event: 6011.604 GC heap before
{Heap before GC invocations=78 (full 0):
 garbage-first heap   total 317440K, used 274792K [0x0000000080000000, 0x0000000100000000)
  region size 1024K, 24 young (24576K), 4 survivors (4096K)
 Metaspace       used 170261K, committed 171328K, reserved 1245184K
  class space    used 21957K, committed 22464K, reserved 1048576K
}

