# JRE version: OpenJDK Runtime Environment (17.0.10) (build 17.0.10+0--11572160)
# Java VM: OpenJDK 64-Bit Server VM (17.0.10+0--11572160, mixed mode, tiered, compressed oops, compressed class ptrs, g1 gc, windows-amd64)
GC Precious Log:
 CPUs: 16 total, 16 available
 Memory: 14188M
 Large Page Support: Disabled
 NUMA Support: Disabled
 Compressed Oops: Enabled (32-bit)
 Heap Region Size: 1M
 Heap Min Capacity: 8M
 Heap Initial Capacity: 222M
 Heap Max Capacity: 2G
 Pre-touch: Disabled
 Parallel Workers: 13
 Concurrent Workers: 3
 Concurrent Refinement Workers: 13
 Periodic GC: Disabled
Heap:
 garbage-first heap   total 402432K, used 132042K [0x0000000080000000, 0x0000000100000000)
  region size 1024K, 8 young (8192K), 8 survivors (8192K)
 Metaspace       used 139811K, committed 140800K, reserved 1179648K
  class space    used 20106K, committed 20608K, reserved 1048576K
GC Heap History (20 events):
Event: 336.381 GC heap after
{Heap after GC invocations=48 (full 0):
 garbage-first heap   total 402432K, used 134147K [0x0000000080000000, 0x0000000100000000)
  region size 1024K, 3 young (3072K), 3 survivors (3072K)
 Metaspace       used 115390K, committed 116224K, reserved 1179648K
  class space    used 15748K, committed 16128K, reserved 1048576K
}
Event: 336.477 GC heap before
{Heap before GC invocations=48 (full 0):
 garbage-first heap   total 402432K, used 143363K [0x0000000080000000, 0x0000000100000000)
  region size 1024K, 13 young (13312K), 3 survivors (3072K)
 Metaspace       used 116382K, committed 117248K, reserved 1179648K
  class space    used 15829K, committed 16256K, reserved 1048576K
}
Event: 336.481 GC heap after
{Heap after GC invocations=49 (full 0):
 garbage-first heap   total 402432K, used 134498K [0x0000000080000000, 0x0000000100000000)
  region size 1024K, 3 young (3072K), 3 survivors (3072K)
 Metaspace       used 116382K, committed 117248K, reserved 1179648K
  class space    used 15829K, committed 16256K, reserved 1048576K
}
Event: 337.265 GC heap before
{Heap before GC invocations=50 (full 0):
 garbage-first heap   total 402432K, used 266594K [0x0000000080000000, 0x0000000100000000)
  region size 1024K, 142 young (145408K), 3 survivors (3072K)
 Metaspace       used 120686K, committed 121536K, reserved 1179648K
  class space    used 16245K, committed 16640K, reserved 1048576K
}
Event: 337.282 GC heap after
{Heap after GC invocations=51 (full 0):
 garbage-first heap   total 402432K, used 175754K [0x0000000080000000, 0x0000000100000000)
  region size 1024K, 18 young (18432K), 18 survivors (18432K)
 Metaspace       used 120686K, committed 121536K, reserved 1179648K
  class space    used 16245K, committed 16640K, reserved 1048576K
}
Event: 337.286 GC heap before
{Heap before GC invocations=51 (full 0):
 garbage-first heap   total 402432K, used 176778K [0x0000000080000000, 0x0000000100000000)
  region size 1024K, 19 young (19456K), 18 survivors (18432K)
 Metaspace       used 120686K, committed 121536K, reserved 1179648K
  class space    used 16245K, committed 16640K, reserved 1048576K
}
Event: 337.293 GC heap after
{Heap after GC invocations=52 (full 0):
 garbage-first heap   total 402432K, used 175537K [0x0000000080000000, 0x0000000100000000)
  region size 1024K, 3 young (3072K), 3 survivors (3072K)
 Metaspace       used 120686K, committed 121536K, reserved 1179648K
  class space    used 16245K, committed 16640K, reserved 1048576K
}
Event: 337.711 GC heap before
{Heap before GC invocations=52 (full 0):
 garbage-first heap   total 402432K, used 270769K [0x0000000080000000, 0x0000000100000000)
  region size 1024K, 96 young (98304K), 3 survivors (3072K)
 Metaspace       used 122854K, committed 123648K, reserved 1179648K
  class space    used 16523K, committed 16896K, reserved 1048576K
}
Event: 337.731 GC heap after
{Heap after GC invocations=53 (full 0):
 garbage-first heap   total 402432K, used 231424K [0x0000000080000000, 0x0000000100000000)
  region size 1024K, 12 young (12288K), 12 survivors (12288K)
 Metaspace       used 122854K, committed 123648K, reserved 1179648K
  class space    used 16523K, committed 16896K, reserved 1048576K
}
Event: 338.358 GC heap before
{Heap before GC invocations=54 (full 0):
 garbage-first heap   total 402432K, used 242688K [0x0000000080000000, 0x0000000100000000)
  region size 1024K, 67 young (68608K), 12 survivors (12288K)
 Metaspace       used 126994K, committed 127872K, reserved 1179648K
  class space    used 17198K, committed 17600K, reserved 1048576K
}
Event: 338.366 GC heap after
{Heap after GC invocations=55 (full 0):
 garbage-first heap   total 402432K, used 191814K [0x0000000080000000, 0x0000000100000000)
  region size 1024K, 5 young (5120K), 5 survivors (5120K)
 Metaspace       used 126994K, committed 127872K, reserved 1179648K
  class space    used 17198K, committed 17600K, reserved 1048576K
}
Event: 338.513 GC heap before
{Heap before GC invocations=55 (full 0):
 garbage-first heap   total 402432K, used 205126K [0x0000000080000000, 0x0000000100000000)
  region size 1024K, 19 young (19456K), 5 survivors (5120K)
 Metaspace       used 128400K, committed 129216K, reserved 1179648K
  class space    used 17419K, committed 17792K, reserved 1048576K
}
Event: 338.518 GC heap after
{Heap after GC invocations=56 (full 0):
 garbage-first heap   total 402432K, used 183555K [0x0000000080000000, 0x0000000100000000)
  region size 1024K, 3 young (3072K), 3 survivors (3072K)
 Metaspace       used 128400K, committed 129216K, reserved 1179648K
  class space    used 17419K, committed 17792K, reserved 1048576K
}
Event: 339.279 GC heap before
{Heap before GC invocations=56 (full 0):
 garbage-first heap   total 402432K, used 269571K [0x0000000080000000, 0x0000000100000000)
  region size 1024K, 88 young (90112K), 3 survivors (3072K)
 Metaspace       used 137292K, committed 138176K, reserved 1179648K
  class space    used 19168K, committed 19584K, reserved 1048576K
}
Event: 339.285 GC heap after
{Heap after GC invocations=57 (full 0):
 garbage-first heap   total 402432K, used 191892K [0x0000000080000000, 0x0000000100000000)
  region size 1024K, 11 young (11264K), 11 survivors (11264K)
 Metaspace       used 137292K, committed 138176K, reserved 1179648K
  class space    used 19168K, committed 19584K, reserved 1048576K
}
Event: 339.804 GC heap before
{Heap before GC invocations=58 (full 0):
 garbage-first heap   total 402432K, used 233876K [0x0000000080000000, 0x0000000100000000)
  region size 1024K, 99 young (101376K), 11 survivors (11264K)
 Metaspace       used 138068K, committed 139008K, reserved 1179648K
  class space    used 19741K, committed 20224K, reserved 1048576K
}
Event: 339.808 GC heap after
{Heap after GC invocations=59 (full 0):
 garbage-first heap   total 402432K, used 141538K [0x0000000080000000, 0x0000000100000000)
  region size 1024K, 2 young (2048K), 2 survivors (2048K)
 Metaspace       used 138068K, committed 139008K, reserved 1179648K
  class space    used 19741K, committed 20224K, reserved 1048576K
}
Event: 339.922 GC heap before
{Heap before GC invocations=59 (full 0):
 garbage-first heap   total 402432K, used 157922K [0x0000000080000000, 0x0000000100000000)
  region size 1024K, 19 young (19456K), 2 survivors (2048K)
 Metaspace       used 139060K, committed 140096K, reserved 1179648K
  class space    used 19932K, committed 20416K, reserved 1048576K
}
Event: 339.927 GC heap after
{Heap after GC invocations=60 (full 0):
 garbage-first heap   total 402432K, used 127361K [0x0000000080000000, 0x0000000100000000)
  region size 1024K, 3 young (3072K), 3 survivors (3072K)
 Metaspace       used 139060K, committed 140096K, reserved 1179648K
  class space    used 19932K, committed 20416K, reserved 1048576K
}
Event: 340.101 GC heap before
{Heap before GC invocations=60 (full 0):
 garbage-first heap   total 402432K, used 150913K [0x0000000080000000, 0x0000000100000000)
  region size 1024K, 28 young (28672K), 3 survivors (3072K)
 Metaspace       used 139811K, committed 140800K, reserved 1179648K
  class space    used 20106K, committed 20608K, reserved 1048576K
}

