# JRE version: OpenJDK Runtime Environment (17.0.10) (build 17.0.10+0--11572160)
# Java VM: OpenJDK 64-Bit Server VM (17.0.10+0--11572160, mixed mode, tiered, compressed oops, compressed class ptrs, g1 gc, windows-amd64)
GC Precious Log:
 CPUs: 16 total, 16 available
 Memory: 14188M
 Large Page Support: Disabled
 NUMA Support: Disabled
 Compressed Oops: Enabled (32-bit)
 Heap Region Size: 1M
 Heap Min Capacity: 8M
 Heap Initial Capacity: 222M
 Heap Max Capacity: 2G
 Pre-touch: Disabled
 Parallel Workers: 13
 Concurrent Workers: 3
 Concurrent Refinement Workers: 13
 Periodic GC: Disabled
Heap:
 garbage-first heap   total 303104K, used 247415K [0x0000000080000000, 0x0000000100000000)
  region size 1024K, 20 young (20480K), 1 survivors (1024K)
 Metaspace       used 162384K, committed 163264K, reserved 1245184K
  class space    used 21362K, committed 21760K, reserved 1048576K
GC Heap History (20 events):
Event: 26.129 GC heap before
{Heap before GC invocations=42 (full 0):
 garbage-first heap   total 303104K, used 242915K [0x0000000080000000, 0x0000000100000000)
  region size 1024K, 118 young (120832K), 2 survivors (2048K)
 Metaspace       used 138366K, committed 139008K, reserved 1179648K
  class space    used 17837K, committed 18176K, reserved 1048576K
}
Event: 26.139 GC heap after
{Heap after GC invocations=43 (full 0):
 garbage-first heap   total 303104K, used 132611K [0x0000000080000000, 0x0000000100000000)
  region size 1024K, 11 young (11264K), 11 survivors (11264K)
 Metaspace       used 138366K, committed 139008K, reserved 1179648K
  class space    used 17837K, committed 18176K, reserved 1048576K
}
Event: 28.077 GC heap before
{Heap before GC invocations=43 (full 0):
 garbage-first heap   total 303104K, used 242179K [0x0000000080000000, 0x0000000100000000)
  region size 1024K, 118 young (120832K), 11 survivors (11264K)
 Metaspace       used 146397K, committed 147136K, reserved 1179648K
  class space    used 19166K, committed 19520K, reserved 1048576K
}
Event: 28.089 GC heap after
{Heap after GC invocations=44 (full 0):
 garbage-first heap   total 303104K, used 129944K [0x0000000080000000, 0x0000000100000000)
  region size 1024K, 6 young (6144K), 6 survivors (6144K)
 Metaspace       used 146397K, committed 147136K, reserved 1179648K
  class space    used 19166K, committed 19520K, reserved 1048576K
}
Event: 30.124 GC heap before
{Heap before GC invocations=44 (full 0):
 garbage-first heap   total 303104K, used 243608K [0x0000000080000000, 0x0000000100000000)
  region size 1024K, 118 young (120832K), 6 survivors (6144K)
 Metaspace       used 154580K, committed 155392K, reserved 1245184K
  class space    used 20358K, committed 20736K, reserved 1048576K
}
Event: 30.138 GC heap after
{Heap after GC invocations=45 (full 0):
 garbage-first heap   total 303104K, used 138535K [0x0000000080000000, 0x0000000100000000)
  region size 1024K, 14 young (14336K), 14 survivors (14336K)
 Metaspace       used 154580K, committed 155392K, reserved 1245184K
  class space    used 20358K, committed 20736K, reserved 1048576K
}
Event: 30.802 GC heap before
{Heap before GC invocations=45 (full 0):
 garbage-first heap   total 303104K, used 245031K [0x0000000080000000, 0x0000000100000000)
  region size 1024K, 119 young (121856K), 14 survivors (14336K)
 Metaspace       used 155348K, committed 156160K, reserved 1245184K
  class space    used 20479K, committed 20864K, reserved 1048576K
}
Event: 30.812 GC heap after
{Heap after GC invocations=46 (full 0):
 garbage-first heap   total 303104K, used 143933K [0x0000000080000000, 0x0000000100000000)
  region size 1024K, 7 young (7168K), 7 survivors (7168K)
 Metaspace       used 155348K, committed 156160K, reserved 1245184K
  class space    used 20479K, committed 20864K, reserved 1048576K
}
Event: 31.391 GC heap before
{Heap before GC invocations=46 (full 0):
 garbage-first heap   total 303104K, used 247357K [0x0000000080000000, 0x0000000100000000)
  region size 1024K, 109 young (111616K), 7 survivors (7168K)
 Metaspace       used 155744K, committed 156608K, reserved 1245184K
  class space    used 20523K, committed 20928K, reserved 1048576K
}
Event: 31.397 GC heap after
{Heap after GC invocations=47 (full 0):
 garbage-first heap   total 303104K, used 146933K [0x0000000080000000, 0x0000000100000000)
  region size 1024K, 10 young (10240K), 10 survivors (10240K)
 Metaspace       used 155744K, committed 156608K, reserved 1245184K
  class space    used 20523K, committed 20928K, reserved 1048576K
}
Event: 31.835 GC heap before
{Heap before GC invocations=47 (full 0):
 garbage-first heap   total 303104K, used 253429K [0x0000000080000000, 0x0000000100000000)
  region size 1024K, 110 young (112640K), 10 survivors (10240K)
 Metaspace       used 157423K, committed 158272K, reserved 1245184K
  class space    used 20674K, committed 21056K, reserved 1048576K
}
Event: 31.843 GC heap after
{Heap after GC invocations=48 (full 0):
 garbage-first heap   total 303104K, used 150723K [0x0000000080000000, 0x0000000100000000)
  region size 1024K, 10 young (10240K), 10 survivors (10240K)
 Metaspace       used 157423K, committed 158272K, reserved 1245184K
  class space    used 20674K, committed 21056K, reserved 1048576K
}
Event: 32.251 GC heap before
{Heap before GC invocations=48 (full 0):
 garbage-first heap   total 303104K, used 267459K [0x0000000080000000, 0x0000000100000000)
  region size 1024K, 108 young (110592K), 10 survivors (10240K)
 Metaspace       used 158655K, committed 159488K, reserved 1245184K
  class space    used 20825K, committed 21248K, reserved 1048576K
}
Event: 32.260 GC heap after
{Heap after GC invocations=49 (full 0):
 garbage-first heap   total 303104K, used 181212K [0x0000000080000000, 0x0000000100000000)
  region size 1024K, 14 young (14336K), 14 survivors (14336K)
 Metaspace       used 158655K, committed 159488K, reserved 1245184K
  class space    used 20825K, committed 21248K, reserved 1048576K
}
Event: 32.811 GC heap before
{Heap before GC invocations=49 (full 0):
 garbage-first heap   total 303104K, used 247772K [0x0000000080000000, 0x0000000100000000)
  region size 1024K, 80 young (81920K), 14 survivors (14336K)
 Metaspace       used 162103K, committed 163008K, reserved 1245184K
  class space    used 21322K, committed 21760K, reserved 1048576K
}
Event: 32.819 GC heap after
{Heap after GC invocations=50 (full 0):
 garbage-first heap   total 303104K, used 188492K [0x0000000080000000, 0x0000000100000000)
  region size 1024K, 7 young (7168K), 7 survivors (7168K)
 Metaspace       used 162103K, committed 163008K, reserved 1245184K
  class space    used 21322K, committed 21760K, reserved 1048576K
}
Event: 32.840 GC heap before
{Heap before GC invocations=50 (full 0):
 garbage-first heap   total 303104K, used 242764K [0x0000000080000000, 0x0000000100000000)
  region size 1024K, 35 young (35840K), 7 survivors (7168K)
 Metaspace       used 162196K, committed 163072K, reserved 1245184K
  class space    used 21334K, committed 21760K, reserved 1048576K
}
Event: 32.845 GC heap after
{Heap after GC invocations=51 (full 0):
 garbage-first heap   total 303104K, used 212648K [0x0000000080000000, 0x0000000100000000)
  region size 1024K, 9 young (9216K), 9 survivors (9216K)
 Metaspace       used 162196K, committed 163072K, reserved 1245184K
  class space    used 21334K, committed 21760K, reserved 1048576K
}
Event: 32.847 GC heap before
{Heap before GC invocations=51 (full 0):
 garbage-first heap   total 303104K, used 214696K [0x0000000080000000, 0x0000000100000000)
  region size 1024K, 10 young (10240K), 9 survivors (9216K)
 Metaspace       used 162196K, committed 163072K, reserved 1245184K
  class space    used 21334K, committed 21760K, reserved 1048576K
}
Event: 32.850 GC heap after
{Heap after GC invocations=52 (full 0):
 garbage-first heap   total 303104K, used 214647K [0x0000000080000000, 0x0000000100000000)
  region size 1024K, 1 young (1024K), 1 survivors (1024K)
 Metaspace       used 162196K, committed 163072K, reserved 1245184K
  class space    used 21334K, committed 21760K, reserved 1048576K
}

