# JRE version: OpenJDK Runtime Environment (17.0.10) (build 17.0.10+0--11572160)
# Java VM: OpenJDK 64-Bit Server VM (17.0.10+0--11572160, mixed mode, tiered, compressed oops, compressed class ptrs, g1 gc, windows-amd64)
GC Precious Log:
 CPUs: 16 total, 16 available
 Memory: 14188M
 Large Page Support: Disabled
 NUMA Support: Disabled
 Compressed Oops: Enabled (32-bit)
 Heap Region Size: 1M
 Heap Min Capacity: 8M
 Heap Initial Capacity: 222M
 Heap Max Capacity: 2G
 Pre-touch: Disabled
 Parallel Workers: 13
 Concurrent Workers: 3
 Concurrent Refinement Workers: 13
 Periodic GC: Disabled
Heap:
 garbage-first heap   total 119808K, used 76652K [0x0000000080000000, 0x0000000100000000)
  region size 1024K, 13 young (13312K), 4 survivors (4096K)
 Metaspace       used 61699K, committed 62400K, reserved 1114112K
  class space    used 8454K, committed 8768K, reserved 1048576K
GC Heap History (20 events):
Event: 4.252 GC heap before
{Heap before GC invocations=15 (full 0):
 garbage-first heap   total 89088K, used 48723K [0x0000000080000000, 0x0000000100000000)
  region size 1024K, 8 young (8192K), 2 survivors (2048K)
 Metaspace       used 44292K, committed 44736K, reserved 1114112K
  class space    used 5945K, committed 6144K, reserved 1048576K
}
Event: 4.253 GC heap after
{Heap after GC invocations=16 (full 0):
 garbage-first heap   total 89088K, used 45801K [0x0000000080000000, 0x0000000100000000)
  region size 1024K, 3 young (3072K), 3 survivors (3072K)
 Metaspace       used 44292K, committed 44736K, reserved 1114112K
  class space    used 5945K, committed 6144K, reserved 1048576K
}
Event: 4.645 GC heap before
{Heap before GC invocations=17 (full 0):
 garbage-first heap   total 89088K, used 73449K [0x0000000080000000, 0x0000000100000000)
  region size 1024K, 26 young (26624K), 3 survivors (3072K)
 Metaspace       used 48033K, committed 48448K, reserved 1114112K
  class space    used 6405K, committed 6592K, reserved 1048576K
}
Event: 4.647 GC heap after
{Heap after GC invocations=18 (full 0):
 garbage-first heap   total 89088K, used 47053K [0x0000000080000000, 0x0000000100000000)
  region size 1024K, 3 young (3072K), 3 survivors (3072K)
 Metaspace       used 48033K, committed 48448K, reserved 1114112K
  class space    used 6405K, committed 6592K, reserved 1048576K
}
Event: 4.892 GC heap before
{Heap before GC invocations=18 (full 0):
 garbage-first heap   total 89088K, used 68557K [0x0000000080000000, 0x0000000100000000)
  region size 1024K, 25 young (25600K), 3 survivors (3072K)
 Metaspace       used 50388K, committed 50816K, reserved 1114112K
  class space    used 6795K, committed 6976K, reserved 1048576K
}
Event: 4.894 GC heap after
{Heap after GC invocations=19 (full 0):
 garbage-first heap   total 89088K, used 49198K [0x0000000080000000, 0x0000000100000000)
  region size 1024K, 4 young (4096K), 4 survivors (4096K)
 Metaspace       used 50388K, committed 50816K, reserved 1114112K
  class space    used 6795K, committed 6976K, reserved 1048576K
}
Event: 4.919 GC heap before
{Heap before GC invocations=20 (full 0):
 garbage-first heap   total 89088K, used 53294K [0x0000000080000000, 0x0000000100000000)
  region size 1024K, 7 young (7168K), 4 survivors (4096K)
 Metaspace       used 50427K, committed 50880K, reserved 1114112K
  class space    used 6797K, committed 6976K, reserved 1048576K
}
Event: 4.921 GC heap after
{Heap after GC invocations=21 (full 0):
 garbage-first heap   total 89088K, used 53434K [0x0000000080000000, 0x0000000100000000)
  region size 1024K, 4 young (4096K), 4 survivors (4096K)
 Metaspace       used 50427K, committed 50880K, reserved 1114112K
  class space    used 6797K, committed 6976K, reserved 1048576K
}
Event: 5.019 GC heap before
{Heap before GC invocations=22 (full 0):
 garbage-first heap   total 99328K, used 64698K [0x0000000080000000, 0x0000000100000000)
  region size 1024K, 13 young (13312K), 4 survivors (4096K)
 Metaspace       used 50802K, committed 51328K, reserved 1114112K
  class space    used 6854K, committed 7040K, reserved 1048576K
}
Event: 5.021 GC heap after
{Heap after GC invocations=23 (full 0):
 garbage-first heap   total 119808K, used 58158K [0x0000000080000000, 0x0000000100000000)
  region size 1024K, 3 young (3072K), 3 survivors (3072K)
 Metaspace       used 50802K, committed 51328K, reserved 1114112K
  class space    used 6854K, committed 7040K, reserved 1048576K
}
Event: 5.078 GC heap before
{Heap before GC invocations=24 (full 0):
 garbage-first heap   total 119808K, used 64302K [0x0000000080000000, 0x0000000100000000)
  region size 1024K, 8 young (8192K), 3 survivors (3072K)
 Metaspace       used 51154K, committed 51712K, reserved 1114112K
  class space    used 6879K, committed 7104K, reserved 1048576K
}
Event: 5.079 GC heap after
{Heap after GC invocations=25 (full 0):
 garbage-first heap   total 119808K, used 62697K [0x0000000080000000, 0x0000000100000000)
  region size 1024K, 3 young (3072K), 3 survivors (3072K)
 Metaspace       used 51154K, committed 51712K, reserved 1114112K
  class space    used 6879K, committed 7104K, reserved 1048576K
}
Event: 5.316 GC heap before
{Heap before GC invocations=26 (full 0):
 garbage-first heap   total 119808K, used 90345K [0x0000000080000000, 0x0000000100000000)
  region size 1024K, 28 young (28672K), 3 survivors (3072K)
 Metaspace       used 53358K, committed 53952K, reserved 1114112K
  class space    used 7109K, committed 7424K, reserved 1048576K
}
Event: 5.318 GC heap after
{Heap after GC invocations=27 (full 0):
 garbage-first heap   total 119808K, used 63149K [0x0000000080000000, 0x0000000100000000)
  region size 1024K, 2 young (2048K), 2 survivors (2048K)
 Metaspace       used 53358K, committed 53952K, reserved 1114112K
  class space    used 7109K, committed 7424K, reserved 1048576K
}
Event: 5.663 GC heap before
{Heap before GC invocations=27 (full 0):
 garbage-first heap   total 119808K, used 89773K [0x0000000080000000, 0x0000000100000000)
  region size 1024K, 28 young (28672K), 2 survivors (2048K)
 Metaspace       used 56554K, committed 57152K, reserved 1114112K
  class space    used 7648K, committed 7936K, reserved 1048576K
}
Event: 5.665 GC heap after
{Heap after GC invocations=28 (full 0):
 garbage-first heap   total 119808K, used 64862K [0x0000000080000000, 0x0000000100000000)
  region size 1024K, 4 young (4096K), 4 survivors (4096K)
 Metaspace       used 56554K, committed 57152K, reserved 1114112K
  class space    used 7648K, committed 7936K, reserved 1048576K
}
Event: 6.025 GC heap before
{Heap before GC invocations=29 (full 0):
 garbage-first heap   total 119808K, used 92510K [0x0000000080000000, 0x0000000100000000)
  region size 1024K, 31 young (31744K), 4 survivors (4096K)
 Metaspace       used 59316K, committed 59904K, reserved 1114112K
  class space    used 8123K, committed 8384K, reserved 1048576K
}
Event: 6.028 GC heap after
{Heap after GC invocations=30 (full 0):
 garbage-first heap   total 119808K, used 66810K [0x0000000080000000, 0x0000000100000000)
  region size 1024K, 4 young (4096K), 4 survivors (4096K)
 Metaspace       used 59316K, committed 59904K, reserved 1114112K
  class space    used 8123K, committed 8384K, reserved 1048576K
}
Event: 6.410 GC heap before
{Heap before GC invocations=30 (full 0):
 garbage-first heap   total 119808K, used 92410K [0x0000000080000000, 0x0000000100000000)
  region size 1024K, 30 young (30720K), 4 survivors (4096K)
 Metaspace       used 61589K, committed 62272K, reserved 1114112K
  class space    used 8427K, committed 8704K, reserved 1048576K
}
Event: 6.413 GC heap after
{Heap after GC invocations=31 (full 0):
 garbage-first heap   total 119808K, used 69484K [0x0000000080000000, 0x0000000100000000)
  region size 1024K, 4 young (4096K), 4 survivors (4096K)
 Metaspace       used 61589K, committed 62272K, reserved 1114112K
  class space    used 8427K, committed 8704K, reserved 1048576K
}

