# JRE version: OpenJDK Runtime Environment (17.0.10) (build 17.0.10+0--11572160)
# Java VM: OpenJDK 64-Bit Server VM (17.0.10+0--11572160, mixed mode, tiered, compressed oops, compressed class ptrs, g1 gc, windows-amd64)
GC Precious Log:
 CPUs: 16 total, 16 available
 Memory: 14188M
 Large Page Support: Disabled
 NUMA Support: Disabled
 Compressed Oops: Enabled (32-bit)
 Heap Region Size: 1M
 Heap Min Capacity: 8M
 Heap Initial Capacity: 222M
 Heap Max Capacity: 2G
 Pre-touch: Disabled
 Parallel Workers: 13
 Concurrent Workers: 3
 Concurrent Refinement Workers: 13
 Periodic GC: Disabled
Heap:
 garbage-first heap   total 312320K, used 196728K [0x0000000080000000, 0x0000000100000000)
  region size 1024K, 32 young (32768K), 3 survivors (3072K)
 Metaspace       used 166448K, committed 167424K, reserved 1245184K
  class space    used 21865K, committed 22336K, reserved 1048576K
GC Heap History (20 events):
Event: 15.035 GC heap before
{Heap before GC invocations=54 (full 0):
 garbage-first heap   total 246784K, used 204249K [0x0000000080000000, 0x0000000100000000)
  region size 1024K, 54 young (55296K), 6 survivors (6144K)
 Metaspace       used 138158K, committed 139008K, reserved 1179648K
  class space    used 17772K, committed 18176K, reserved 1048576K
}
Event: 15.041 GC heap after
{Heap after GC invocations=55 (full 0):
 garbage-first heap   total 246784K, used 162135K [0x0000000080000000, 0x0000000100000000)
  region size 1024K, 7 young (7168K), 7 survivors (7168K)
 Metaspace       used 138158K, committed 139008K, reserved 1179648K
  class space    used 17772K, committed 18176K, reserved 1048576K
}
Event: 15.448 GC heap before
{Heap before GC invocations=55 (full 0):
 garbage-first heap   total 246784K, used 205143K [0x0000000080000000, 0x0000000100000000)
  region size 1024K, 49 young (50176K), 7 survivors (7168K)
 Metaspace       used 141507K, committed 142400K, reserved 1179648K
  class space    used 18180K, committed 18560K, reserved 1048576K
}
Event: 15.452 GC heap after
{Heap after GC invocations=56 (full 0):
 garbage-first heap   total 246784K, used 164934K [0x0000000080000000, 0x0000000100000000)
  region size 1024K, 4 young (4096K), 4 survivors (4096K)
 Metaspace       used 141507K, committed 142400K, reserved 1179648K
  class space    used 18180K, committed 18560K, reserved 1048576K
}
Event: 15.867 GC heap before
{Heap before GC invocations=56 (full 0):
 garbage-first heap   total 246784K, used 206918K [0x0000000080000000, 0x0000000100000000)
  region size 1024K, 45 young (46080K), 4 survivors (4096K)
 Metaspace       used 144437K, committed 145280K, reserved 1179648K
  class space    used 18778K, committed 19136K, reserved 1048576K
}
Event: 15.869 GC heap after
{Heap after GC invocations=57 (full 0):
 garbage-first heap   total 246784K, used 164710K [0x0000000080000000, 0x0000000100000000)
  region size 1024K, 3 young (3072K), 3 survivors (3072K)
 Metaspace       used 144437K, committed 145280K, reserved 1179648K
  class space    used 18778K, committed 19136K, reserved 1048576K
}
Event: 16.327 GC heap before
{Heap before GC invocations=57 (full 0):
 garbage-first heap   total 246784K, used 215910K [0x0000000080000000, 0x0000000100000000)
  region size 1024K, 46 young (47104K), 3 survivors (3072K)
 Metaspace       used 148015K, committed 148928K, reserved 1179648K
  class space    used 19256K, committed 19648K, reserved 1048576K
}
Event: 16.330 GC heap after
{Heap after GC invocations=58 (full 0):
 garbage-first heap   total 246784K, used 168812K [0x0000000080000000, 0x0000000100000000)
  region size 1024K, 6 young (6144K), 6 survivors (6144K)
 Metaspace       used 148015K, committed 148928K, reserved 1179648K
  class space    used 19256K, committed 19648K, reserved 1048576K
}
Event: 16.728 GC heap before
{Heap before GC invocations=58 (full 0):
 garbage-first heap   total 246784K, used 211820K [0x0000000080000000, 0x0000000100000000)
  region size 1024K, 46 young (47104K), 6 survivors (6144K)
 Metaspace       used 150707K, committed 151616K, reserved 1245184K
  class space    used 19690K, committed 20096K, reserved 1048576K
}
Event: 16.733 GC heap after
{Heap after GC invocations=59 (full 0):
 garbage-first heap   total 246784K, used 177113K [0x0000000080000000, 0x0000000100000000)
  region size 1024K, 6 young (6144K), 6 survivors (6144K)
 Metaspace       used 150707K, committed 151616K, reserved 1245184K
  class space    used 19690K, committed 20096K, reserved 1048576K
}
Event: 17.028 GC heap before
{Heap before GC invocations=59 (full 0):
 garbage-first heap   total 246784K, used 209881K [0x0000000080000000, 0x0000000100000000)
  region size 1024K, 39 young (39936K), 6 survivors (6144K)
 Metaspace       used 154082K, committed 155008K, reserved 1245184K
  class space    used 20119K, committed 20544K, reserved 1048576K
}
Event: 17.031 GC heap after
{Heap after GC invocations=60 (full 0):
 garbage-first heap   total 246784K, used 180237K [0x0000000080000000, 0x0000000100000000)
  region size 1024K, 3 young (3072K), 3 survivors (3072K)
 Metaspace       used 154082K, committed 155008K, reserved 1245184K
  class space    used 20119K, committed 20544K, reserved 1048576K
}
Event: 17.325 GC heap before
{Heap before GC invocations=60 (full 0):
 garbage-first heap   total 246784K, used 208909K [0x0000000080000000, 0x0000000100000000)
  region size 1024K, 31 young (31744K), 3 survivors (3072K)
 Metaspace       used 157771K, committed 158656K, reserved 1245184K
  class space    used 20555K, committed 20992K, reserved 1048576K
}
Event: 17.328 GC heap after
{Heap after GC invocations=61 (full 0):
 garbage-first heap   total 246784K, used 181004K [0x0000000080000000, 0x0000000100000000)
  region size 1024K, 4 young (4096K), 4 survivors (4096K)
 Metaspace       used 157771K, committed 158656K, reserved 1245184K
  class space    used 20555K, committed 20992K, reserved 1048576K
}
Event: 17.643 GC heap before
{Heap before GC invocations=62 (full 0):
 garbage-first heap   total 312320K, used 206604K [0x0000000080000000, 0x0000000100000000)
  region size 1024K, 31 young (31744K), 4 survivors (4096K)
 Metaspace       used 160612K, committed 161600K, reserved 1245184K
  class space    used 20988K, committed 21440K, reserved 1048576K
}
Event: 17.647 GC heap after
{Heap after GC invocations=63 (full 0):
 garbage-first heap   total 312320K, used 180069K [0x0000000080000000, 0x0000000100000000)
  region size 1024K, 3 young (3072K), 3 survivors (3072K)
 Metaspace       used 160612K, committed 161600K, reserved 1245184K
  class space    used 20988K, committed 21440K, reserved 1048576K
}
Event: 17.774 GC heap before
{Heap before GC invocations=63 (full 0):
 garbage-first heap   total 312320K, used 191333K [0x0000000080000000, 0x0000000100000000)
  region size 1024K, 15 young (15360K), 3 survivors (3072K)
 Metaspace       used 161537K, committed 162496K, reserved 1245184K
  class space    used 21118K, committed 21568K, reserved 1048576K
}
Event: 17.777 GC heap after
{Heap after GC invocations=64 (full 0):
 garbage-first heap   total 312320K, used 164564K [0x0000000080000000, 0x0000000100000000)
  region size 1024K, 1 young (1024K), 1 survivors (1024K)
 Metaspace       used 161537K, committed 162496K, reserved 1245184K
  class space    used 21118K, committed 21568K, reserved 1048576K
}
Event: 18.551 GC heap before
{Heap before GC invocations=64 (full 0):
 garbage-first heap   total 312320K, used 249556K [0x0000000080000000, 0x0000000100000000)
  region size 1024K, 82 young (83968K), 1 survivors (1024K)
 Metaspace       used 166448K, committed 167424K, reserved 1245184K
  class space    used 21865K, committed 22336K, reserved 1048576K
}
Event: 18.553 GC heap after
{Heap after GC invocations=65 (full 0):
 garbage-first heap   total 312320K, used 168056K [0x0000000080000000, 0x0000000100000000)
  region size 1024K, 3 young (3072K), 3 survivors (3072K)
 Metaspace       used 166448K, committed 167424K, reserved 1245184K
  class space    used 21865K, committed 22336K, reserved 1048576K
}

